2017-08-09 11:23:49,873 [21464] DEBUG SyncService-54267293 - SyncService Setup
2017-08-09 11:23:49,930 [21464] DEBUG SyncService-54267293 - Listener (0.0.0.0:2012) was started
2017-08-09 11:23:49,935 [21464] DEBUG SyncService-54267293 - SyncService OnStarted
2017-08-09 11:23:50,012 [22708] DEBUG SyncService-54267293 - SyncService RegisterSession
2017-08-09 11:23:50,018 [22708] DEBUG SyncService-54267293 - SyncService OnNewSessionConnected
2017-08-09 11:23:50,041 [22728] DEBUG SyncService-54267293 - OnSessionStarted 
2017-08-09 11:23:50,993 [22712] DEBUG SyncService-54267293 - GetCustomTypeByte m_syncentitymsg_c
2017-08-09 11:23:50,996 [22712] DEBUG SyncService-54267293 - GetCustomTypeByte tableInfo.Count 2
2017-08-09 11:23:50,998 [22712] DEBUG SyncService-54267293 - GetCustomTypeByte componentinfo
2017-08-09 11:23:50,998 [22712] DEBUG SyncService-54267293 - GetCustomTypeByte tableInfo.Count 2
2017-08-09 11:23:50,999 [22712] DEBUG SyncService-54267293 - GetCustomTypeByte componentinfo
2017-08-09 11:23:50,999 [22712] DEBUG SyncService-54267293 - GetCustomTypeByte tableInfo.Count 2
2017-08-09 11:23:50,999 [22712] DEBUG SyncService-54267293 - GetCustomTypeByte componentinfo
2017-08-09 11:23:50,999 [22712] DEBUG SyncService-54267293 - GetCustomTypeByte tableInfo.Count 2
2017-08-09 11:23:50,999 [22712] DEBUG SyncService-54267293 - GetCustomTypeByte componentinfo
2017-08-09 11:23:50,999 [22712] DEBUG SyncService-54267293 - GetCustomTypeByte tableInfo.Count 2
2017-08-09 11:23:50,999 [22712] DEBUG SyncService-54267293 - GetCustomTypeByte componentinfo
2017-08-09 11:23:50,999 [22712] DEBUG SyncService-54267293 - GetCustomTypeByte tableInfo.Count 2
2017-08-09 11:23:50,999 [22712] DEBUG SyncService-54267293 - GetCustomTypeByte componentinfo
2017-08-09 11:23:50,999 [22712] DEBUG SyncService-54267293 - GetCustomTypeByte tableInfo.Count 2
2017-08-09 11:23:50,999 [22712] DEBUG SyncService-54267293 - Count--> 3 GetCustomListLength: 92
2017-08-09 11:23:51,000 [22712] DEBUG SyncService-54267293 - GetCustomTypeByte componentinfo
2017-08-09 11:23:51,000 [22712] DEBUG SyncService-54267293 - GetCustomTypeByte tableInfo.Count 2
2017-08-09 11:23:51,000 [22712] DEBUG SyncService-54267293 - GetCustomTypeByte componentinfo
2017-08-09 11:23:51,000 [22712] DEBUG SyncService-54267293 - GetCustomTypeByte tableInfo.Count 2
2017-08-09 11:23:51,000 [22712] DEBUG SyncService-54267293 - GetCustomTypeByte componentinfo
2017-08-09 11:23:51,000 [22712] DEBUG SyncService-54267293 - GetCustomTypeByte tableInfo.Count 2
2017-08-09 11:23:51,000 [22712] DEBUG SyncService-54267293 - tempb.Count 21
2017-08-09 11:23:51,001 [22712] DEBUG SyncService-54267293 - tempb.Count 19
2017-08-09 11:23:51,001 [22712] DEBUG SyncService-54267293 - tempb.Count 40
2017-08-09 11:24:12,997 [22728] DEBUG SyncService-54267293 - SyncService OnSessionClosed
2017-08-09 11:34:28,031 [21688] DEBUG SyncService-54267293 - SyncService Setup
2017-08-09 11:34:28,085 [21688] DEBUG SyncService-54267293 - Listener (0.0.0.0:2012) was started
2017-08-09 11:34:28,090 [21688] DEBUG SyncService-54267293 - SyncService OnStarted
2017-08-09 11:34:38,553 [21924] DEBUG SyncService-54267293 - SyncService RegisterSession
2017-08-09 11:34:38,559 [21924] DEBUG SyncService-54267293 - SyncService OnNewSessionConnected
2017-08-09 11:34:38,581 [17732] DEBUG SyncService-54267293 - OnSessionStarted 
2017-08-09 11:34:39,130 [21796] DEBUG SyncService-54267293 - GetCustomTypeByte m_syncentitymsg_c
2017-08-09 11:34:39,130 [21796] DEBUG SyncService-54267293 - GetCustomTypeByte tableInfo.Count 2
2017-08-09 11:34:39,131 [21796] DEBUG SyncService-54267293 - GetCustomTypeByte componentinfo
2017-08-09 11:34:39,132 [21796] DEBUG SyncService-54267293 - GetCustomTypeByte tableInfo.Count 2
2017-08-09 11:34:39,132 [21796] DEBUG SyncService-54267293 - GetCustomTypeByte componentinfo
2017-08-09 11:34:39,132 [21796] DEBUG SyncService-54267293 - GetCustomTypeByte tableInfo.Count 2
2017-08-09 11:34:39,132 [21796] DEBUG SyncService-54267293 - GetCustomTypeByte componentinfo
2017-08-09 11:34:39,132 [21796] DEBUG SyncService-54267293 - GetCustomTypeByte tableInfo.Count 2
2017-08-09 11:34:39,132 [21796] DEBUG SyncService-54267293 - GetCustomTypeByte componentinfo
2017-08-09 11:34:39,132 [21796] DEBUG SyncService-54267293 - GetCustomTypeByte tableInfo.Count 2
2017-08-09 11:34:39,132 [21796] DEBUG SyncService-54267293 - GetCustomTypeByte componentinfo
2017-08-09 11:34:39,133 [21796] DEBUG SyncService-54267293 - GetCustomTypeByte tableInfo.Count 2
2017-08-09 11:34:39,133 [21796] DEBUG SyncService-54267293 - GetCustomTypeByte componentinfo
2017-08-09 11:34:39,133 [21796] DEBUG SyncService-54267293 - GetCustomTypeByte tableInfo.Count 2
2017-08-09 11:34:39,133 [21796] DEBUG SyncService-54267293 - Count--> 3 GetCustomListLength: 92
2017-08-09 11:34:39,133 [21796] DEBUG SyncService-54267293 - GetCustomTypeByte componentinfo
2017-08-09 11:34:39,133 [21796] DEBUG SyncService-54267293 - GetCustomTypeByte tableInfo.Count 2
2017-08-09 11:34:39,133 [21796] DEBUG SyncService-54267293 - GetCustomTypeByte componentinfo
2017-08-09 11:34:39,133 [21796] DEBUG SyncService-54267293 - GetCustomTypeByte tableInfo.Count 2
2017-08-09 11:34:39,133 [21796] DEBUG SyncService-54267293 - GetCustomTypeByte componentinfo
2017-08-09 11:34:39,133 [21796] DEBUG SyncService-54267293 - GetCustomTypeByte tableInfo.Count 2
2017-08-09 11:34:39,134 [21796] DEBUG SyncService-54267293 - tempb.Count 21
2017-08-09 11:34:39,134 [21796] DEBUG SyncService-54267293 - tempb.Count 19
2017-08-09 11:34:39,134 [21796] DEBUG SyncService-54267293 - tempb.Count 40
2017-08-09 11:34:56,720 [17732] DEBUG SyncService-54267293 - SyncService OnSessionClosed
2017-08-09 11:35:46,913 [25820] DEBUG SyncService-54267293 - SyncService Setup
2017-08-09 11:35:46,971 [25820] DEBUG SyncService-54267293 - Listener (0.0.0.0:2012) was started
2017-08-09 11:35:46,976 [25820] DEBUG SyncService-54267293 - SyncService OnStarted
2017-08-09 11:35:51,057 [26124] DEBUG SyncService-54267293 - SyncService RegisterSession
2017-08-09 11:35:51,062 [26124] DEBUG SyncService-54267293 - SyncService OnNewSessionConnected
2017-08-09 11:35:51,086 [25636] DEBUG SyncService-54267293 - OnSessionStarted 
2017-08-09 11:35:52,028 [26136] DEBUG SyncService-54267293 - GetCustomTypeByte m_syncentitymsg_c
2017-08-09 11:35:52,029 [26136] DEBUG SyncService-54267293 - GetCustomTypeByte tableInfo.Count 2
2017-08-09 11:35:52,030 [26136] DEBUG SyncService-54267293 - GetCustomTypeByte componentinfo
2017-08-09 11:35:52,030 [26136] DEBUG SyncService-54267293 - GetCustomTypeByte tableInfo.Count 2
2017-08-09 11:35:52,031 [26136] DEBUG SyncService-54267293 - GetCustomTypeByte componentinfo
2017-08-09 11:35:52,031 [26136] DEBUG SyncService-54267293 - GetCustomTypeByte tableInfo.Count 2
2017-08-09 11:35:52,031 [26136] DEBUG SyncService-54267293 - GetCustomTypeByte componentinfo
2017-08-09 11:35:52,031 [26136] DEBUG SyncService-54267293 - GetCustomTypeByte tableInfo.Count 2
2017-08-09 11:35:52,031 [26136] DEBUG SyncService-54267293 - GetCustomTypeByte componentinfo
2017-08-09 11:35:52,031 [26136] DEBUG SyncService-54267293 - GetCustomTypeByte tableInfo.Count 2
2017-08-09 11:35:52,031 [26136] DEBUG SyncService-54267293 - GetCustomTypeByte componentinfo
2017-08-09 11:35:52,031 [26136] DEBUG SyncService-54267293 - GetCustomTypeByte tableInfo.Count 2
2017-08-09 11:35:52,031 [26136] DEBUG SyncService-54267293 - GetCustomTypeByte componentinfo
2017-08-09 11:35:52,031 [26136] DEBUG SyncService-54267293 - GetCustomTypeByte tableInfo.Count 2
2017-08-09 11:35:52,031 [26136] DEBUG SyncService-54267293 - Count--> 3 GetCustomListLength: 92
2017-08-09 11:35:52,031 [26136] DEBUG SyncService-54267293 - GetCustomTypeByte componentinfo
2017-08-09 11:35:52,031 [26136] DEBUG SyncService-54267293 - GetCustomTypeByte tableInfo.Count 2
2017-08-09 11:35:52,031 [26136] DEBUG SyncService-54267293 - GetCustomTypeByte componentinfo
2017-08-09 11:35:52,031 [26136] DEBUG SyncService-54267293 - GetCustomTypeByte tableInfo.Count 2
2017-08-09 11:35:52,031 [26136] DEBUG SyncService-54267293 - GetCustomTypeByte componentinfo
2017-08-09 11:35:52,031 [26136] DEBUG SyncService-54267293 - GetCustomTypeByte tableInfo.Count 2
2017-08-09 11:35:52,031 [26136] DEBUG SyncService-54267293 - tempb.Count 21
2017-08-09 11:35:52,034 [26136] DEBUG SyncService-54267293 - tempb.Count 19
2017-08-09 11:35:52,035 [26136] DEBUG SyncService-54267293 - tempb.Count 40
2017-08-09 11:36:02,308 [25636] DEBUG SyncService-54267293 - SyncService OnSessionClosed
2017-08-09 11:37:00,399 [25992] DEBUG SyncService-54267293 - SyncService Setup
2017-08-09 11:37:00,454 [25992] DEBUG SyncService-54267293 - Listener (0.0.0.0:2012) was started
2017-08-09 11:37:00,459 [25992] DEBUG SyncService-54267293 - SyncService OnStarted
2017-08-09 11:44:35,802 [25180] DEBUG SyncService-54267293 - SyncService Setup
2017-08-09 11:44:35,858 [25180] DEBUG SyncService-54267293 - Listener (0.0.0.0:2012) was started
2017-08-09 11:44:35,863 [25180] DEBUG SyncService-54267293 - SyncService OnStarted
2017-08-09 11:44:43,622 [20864] DEBUG SyncService-54267293 - SyncService RegisterSession
2017-08-09 11:44:43,628 [20864] DEBUG SyncService-54267293 - SyncService OnNewSessionConnected
2017-08-09 11:44:43,648 [28260] DEBUG SyncService-54267293 - OnSessionStarted 
2017-08-09 11:44:43,913 [26356] DEBUG SyncService-54267293 - GetCustomTypeByte m_syncentitymsg_c
2017-08-09 11:44:43,914 [26356] DEBUG SyncService-54267293 - GetCustomTypeByte tableInfo.Count 2
2017-08-09 11:44:43,915 [26356] DEBUG SyncService-54267293 - GetCustomTypeByte componentinfo
2017-08-09 11:44:43,915 [26356] DEBUG SyncService-54267293 - GetCustomTypeByte tableInfo.Count 2
2017-08-09 11:44:43,916 [26356] DEBUG SyncService-54267293 - GetCustomTypeByte componentinfo
2017-08-09 11:44:43,916 [26356] DEBUG SyncService-54267293 - GetCustomTypeByte tableInfo.Count 2
2017-08-09 11:44:43,916 [26356] DEBUG SyncService-54267293 - GetCustomTypeByte componentinfo
2017-08-09 11:44:43,916 [26356] DEBUG SyncService-54267293 - GetCustomTypeByte tableInfo.Count 2
2017-08-09 11:44:43,916 [26356] DEBUG SyncService-54267293 - GetCustomTypeByte componentinfo
2017-08-09 11:44:43,916 [26356] DEBUG SyncService-54267293 - GetCustomTypeByte tableInfo.Count 2
2017-08-09 11:44:43,916 [26356] DEBUG SyncService-54267293 - GetCustomTypeByte componentinfo
2017-08-09 11:44:43,916 [26356] DEBUG SyncService-54267293 - GetCustomTypeByte tableInfo.Count 2
2017-08-09 11:44:43,916 [26356] DEBUG SyncService-54267293 - GetCustomTypeByte componentinfo
2017-08-09 11:44:43,916 [26356] DEBUG SyncService-54267293 - GetCustomTypeByte tableInfo.Count 2
2017-08-09 11:44:43,916 [26356] DEBUG SyncService-54267293 - GetCustomTypeByte componentinfo
2017-08-09 11:44:43,916 [26356] DEBUG SyncService-54267293 - GetCustomTypeByte tableInfo.Count 2
2017-08-09 11:44:43,916 [26356] DEBUG SyncService-54267293 - GetCustomTypeByte componentinfo
2017-08-09 11:44:43,916 [26356] DEBUG SyncService-54267293 - GetCustomTypeByte tableInfo.Count 2
2017-08-09 11:44:43,916 [26356] DEBUG SyncService-54267293 - GetCustomTypeByte componentinfo
2017-08-09 11:44:43,916 [26356] DEBUG SyncService-54267293 - GetCustomTypeByte tableInfo.Count 2
2017-08-09 11:44:43,916 [26356] DEBUG SyncService-54267293 - GetCustomTypeByte componentinfo
2017-08-09 11:44:43,916 [26356] DEBUG SyncService-54267293 - GetCustomTypeByte tableInfo.Count 2
2017-08-09 11:44:43,917 [26356] DEBUG SyncService-54267293 - Count--> 5 GetCustomListLength: 219
2017-08-09 11:44:43,917 [26356] DEBUG SyncService-54267293 - GetCustomTypeByte componentinfo
2017-08-09 11:44:43,918 [26356] DEBUG SyncService-54267293 - GetCustomTypeByte tableInfo.Count 2
2017-08-09 11:44:43,918 [26356] DEBUG SyncService-54267293 - GetCustomTypeByte componentinfo
2017-08-09 11:44:43,918 [26356] DEBUG SyncService-54267293 - GetCustomTypeByte tableInfo.Count 2
2017-08-09 11:44:43,919 [26356] DEBUG SyncService-54267293 - GetCustomTypeByte componentinfo
2017-08-09 11:44:43,919 [26356] DEBUG SyncService-54267293 - GetCustomTypeByte tableInfo.Count 2
2017-08-09 11:44:43,919 [26356] DEBUG SyncService-54267293 - GetCustomTypeByte componentinfo
2017-08-09 11:44:43,920 [26356] DEBUG SyncService-54267293 - GetCustomTypeByte tableInfo.Count 2
2017-08-09 11:44:43,920 [26356] DEBUG SyncService-54267293 - GetCustomTypeByte componentinfo
2017-08-09 11:44:43,922 [26356] DEBUG SyncService-54267293 - GetCustomTypeByte tableInfo.Count 2
2017-08-09 11:44:43,923 [26356] DEBUG SyncService-54267293 - tempb.Count 21
2017-08-09 11:44:43,924 [26356] DEBUG SyncService-54267293 - tempb.Count 19
2017-08-09 11:44:43,924 [26356] DEBUG SyncService-54267293 - tempb.Count 40
2017-08-09 11:44:43,924 [26356] DEBUG SyncService-54267293 - tempb.Count 100
2017-08-09 11:44:43,925 [26356] DEBUG SyncService-54267293 - tempb.Count 19
2017-08-09 11:45:16,726 [28260] DEBUG SyncService-54267293 - SyncService OnSessionClosed
2017-08-09 11:45:33,006 [19624] DEBUG SyncService-54267293 - SyncService RegisterSession
2017-08-09 11:45:33,008 [19624] DEBUG SyncService-54267293 - SyncService OnNewSessionConnected
2017-08-09 11:46:38,636 [25260] DEBUG SyncService-54267293 - SyncService Setup
2017-08-09 11:46:38,694 [25260] DEBUG SyncService-54267293 - Listener (0.0.0.0:2012) was started
2017-08-09 11:46:38,699 [25260] DEBUG SyncService-54267293 - SyncService OnStarted
2017-08-09 11:46:44,211 [27656] DEBUG SyncService-54267293 - SyncService RegisterSession
2017-08-09 11:46:44,217 [27656] DEBUG SyncService-54267293 - SyncService OnNewSessionConnected
2017-08-09 11:46:44,246 [25180] DEBUG SyncService-54267293 - OnSessionStarted 
2017-08-09 11:46:44,740 [27660] DEBUG SyncService-54267293 - GetCustomTypeByte m_syncentitymsg_c
2017-08-09 11:46:44,740 [27660] DEBUG SyncService-54267293 - GetCustomTypeByte tableInfo.Count 2
2017-08-09 11:46:44,742 [27660] DEBUG SyncService-54267293 - GetCustomTypeByte componentinfo
2017-08-09 11:46:44,742 [27660] DEBUG SyncService-54267293 - GetCustomTypeByte tableInfo.Count 2
2017-08-09 11:46:44,742 [27660] DEBUG SyncService-54267293 - GetCustomTypeByte componentinfo
2017-08-09 11:46:44,742 [27660] DEBUG SyncService-54267293 - GetCustomTypeByte tableInfo.Count 2
2017-08-09 11:46:44,743 [27660] DEBUG SyncService-54267293 - GetCustomTypeByte componentinfo
2017-08-09 11:46:44,743 [27660] DEBUG SyncService-54267293 - GetCustomTypeByte tableInfo.Count 2
2017-08-09 11:46:44,743 [27660] DEBUG SyncService-54267293 - GetCustomTypeByte componentinfo
2017-08-09 11:46:44,743 [27660] DEBUG SyncService-54267293 - GetCustomTypeByte tableInfo.Count 2
2017-08-09 11:46:44,743 [27660] DEBUG SyncService-54267293 - GetCustomTypeByte componentinfo
2017-08-09 11:46:44,743 [27660] DEBUG SyncService-54267293 - GetCustomTypeByte tableInfo.Count 2
2017-08-09 11:46:44,743 [27660] DEBUG SyncService-54267293 - GetCustomTypeByte componentinfo
2017-08-09 11:46:44,743 [27660] DEBUG SyncService-54267293 - GetCustomTypeByte tableInfo.Count 2
2017-08-09 11:46:44,743 [27660] DEBUG SyncService-54267293 - GetCustomTypeByte componentinfo
2017-08-09 11:46:44,743 [27660] DEBUG SyncService-54267293 - GetCustomTypeByte tableInfo.Count 2
2017-08-09 11:46:44,743 [27660] DEBUG SyncService-54267293 - GetCustomTypeByte componentinfo
2017-08-09 11:46:44,743 [27660] DEBUG SyncService-54267293 - GetCustomTypeByte tableInfo.Count 2
2017-08-09 11:46:44,743 [27660] DEBUG SyncService-54267293 - GetCustomTypeByte componentinfo
2017-08-09 11:46:44,743 [27660] DEBUG SyncService-54267293 - GetCustomTypeByte tableInfo.Count 2
2017-08-09 11:46:44,743 [27660] DEBUG SyncService-54267293 - GetCustomTypeByte componentinfo
2017-08-09 11:46:44,743 [27660] DEBUG SyncService-54267293 - GetCustomTypeByte tableInfo.Count 2
2017-08-09 11:46:44,744 [27660] DEBUG SyncService-54267293 - Count--> 5 GetCustomListLength: 219
2017-08-09 11:46:44,744 [27660] DEBUG SyncService-54267293 - GetCustomTypeByte componentinfo
2017-08-09 11:46:44,745 [27660] DEBUG SyncService-54267293 - GetCustomTypeByte tableInfo.Count 2
2017-08-09 11:46:44,745 [27660] DEBUG SyncService-54267293 - GetCustomTypeByte componentinfo
2017-08-09 11:46:44,745 [27660] DEBUG SyncService-54267293 - GetCustomTypeByte tableInfo.Count 2
2017-08-09 11:46:44,745 [27660] DEBUG SyncService-54267293 - GetCustomTypeByte componentinfo
2017-08-09 11:46:44,746 [27660] DEBUG SyncService-54267293 - GetCustomTypeByte tableInfo.Count 2
2017-08-09 11:46:44,746 [27660] DEBUG SyncService-54267293 - GetCustomTypeByte componentinfo
2017-08-09 11:46:44,746 [27660] DEBUG SyncService-54267293 - GetCustomTypeByte tableInfo.Count 2
2017-08-09 11:46:44,747 [27660] DEBUG SyncService-54267293 - GetCustomTypeByte componentinfo
2017-08-09 11:46:44,747 [27660] DEBUG SyncService-54267293 - GetCustomTypeByte tableInfo.Count 2
2017-08-09 11:46:44,748 [27660] DEBUG SyncService-54267293 - tempb.Count 21
2017-08-09 11:46:44,749 [27660] DEBUG SyncService-54267293 - tempb.Count 19
2017-08-09 11:46:44,750 [27660] DEBUG SyncService-54267293 - tempb.Count 40
2017-08-09 11:46:44,750 [27660] DEBUG SyncService-54267293 - tempb.Count 100
2017-08-09 11:46:44,750 [27660] DEBUG SyncService-54267293 - tempb.Count 19
2017-08-09 11:46:55,211 [25180] DEBUG SyncService-54267293 - SyncService OnSessionClosed
2017-08-09 11:47:46,873 [28416] DEBUG SyncService-54267293 - SyncService RegisterSession
2017-08-09 11:47:46,875 [28416] DEBUG SyncService-54267293 - SyncService OnNewSessionConnected
2017-08-09 11:47:46,875 [25180] DEBUG SyncService-54267293 - OnSessionStarted 
2017-08-09 11:47:47,742 [27660] DEBUG SyncService-54267293 - GetCustomTypeByte m_syncentitymsg_c
2017-08-09 11:47:47,744 [27660] DEBUG SyncService-54267293 - GetCustomTypeByte tableInfo.Count 2
2017-08-09 11:47:47,748 [27660] DEBUG SyncService-54267293 - GetCustomTypeByte componentinfo
2017-08-09 11:47:47,748 [27660] DEBUG SyncService-54267293 - GetCustomTypeByte tableInfo.Count 2
2017-08-09 11:47:47,749 [27660] DEBUG SyncService-54267293 - GetCustomTypeByte componentinfo
2017-08-09 11:47:47,749 [27660] DEBUG SyncService-54267293 - GetCustomTypeByte tableInfo.Count 2
2017-08-09 11:47:47,750 [27660] DEBUG SyncService-54267293 - GetCustomTypeByte componentinfo
2017-08-09 11:47:47,752 [27660] DEBUG SyncService-54267293 - GetCustomTypeByte tableInfo.Count 2
2017-08-09 11:47:47,754 [27660] DEBUG SyncService-54267293 - GetCustomTypeByte componentinfo
2017-08-09 11:47:47,755 [27660] DEBUG SyncService-54267293 - GetCustomTypeByte tableInfo.Count 2
2017-08-09 11:47:47,756 [27660] DEBUG SyncService-54267293 - GetCustomTypeByte componentinfo
2017-08-09 11:47:47,757 [27660] DEBUG SyncService-54267293 - GetCustomTypeByte tableInfo.Count 2
2017-08-09 11:47:47,760 [27660] DEBUG SyncService-54267293 - GetCustomTypeByte componentinfo
2017-08-09 11:47:47,761 [27660] DEBUG SyncService-54267293 - GetCustomTypeByte tableInfo.Count 2
2017-08-09 11:47:47,761 [27660] DEBUG SyncService-54267293 - GetCustomTypeByte componentinfo
2017-08-09 11:47:47,762 [27660] DEBUG SyncService-54267293 - GetCustomTypeByte tableInfo.Count 2
2017-08-09 11:47:47,763 [27660] DEBUG SyncService-54267293 - GetCustomTypeByte componentinfo
2017-08-09 11:47:47,765 [27660] DEBUG SyncService-54267293 - GetCustomTypeByte tableInfo.Count 2
2017-08-09 11:47:47,765 [27660] DEBUG SyncService-54267293 - GetCustomTypeByte componentinfo
2017-08-09 11:47:47,766 [27660] DEBUG SyncService-54267293 - GetCustomTypeByte tableInfo.Count 2
2017-08-09 11:47:47,766 [27660] DEBUG SyncService-54267293 - GetCustomTypeByte componentinfo
2017-08-09 11:47:47,767 [27660] DEBUG SyncService-54267293 - GetCustomTypeByte tableInfo.Count 2
2017-08-09 11:47:47,769 [27660] DEBUG SyncService-54267293 - Count--> 5 GetCustomListLength: 219
2017-08-09 11:47:47,771 [27660] DEBUG SyncService-54267293 - GetCustomTypeByte componentinfo
2017-08-09 11:47:47,771 [27660] DEBUG SyncService-54267293 - GetCustomTypeByte tableInfo.Count 2
2017-08-09 11:47:47,774 [27660] DEBUG SyncService-54267293 - GetCustomTypeByte componentinfo
2017-08-09 11:47:47,774 [27660] DEBUG SyncService-54267293 - GetCustomTypeByte tableInfo.Count 2
2017-08-09 11:47:47,774 [27660] DEBUG SyncService-54267293 - GetCustomTypeByte componentinfo
2017-08-09 11:47:47,775 [27660] DEBUG SyncService-54267293 - GetCustomTypeByte tableInfo.Count 2
2017-08-09 11:47:47,775 [27660] DEBUG SyncService-54267293 - GetCustomTypeByte componentinfo
2017-08-09 11:47:47,775 [27660] DEBUG SyncService-54267293 - GetCustomTypeByte tableInfo.Count 2
2017-08-09 11:47:47,776 [27660] DEBUG SyncService-54267293 - GetCustomTypeByte componentinfo
2017-08-09 11:47:47,776 [27660] DEBUG SyncService-54267293 - GetCustomTypeByte tableInfo.Count 2
2017-08-09 11:47:47,776 [27660] DEBUG SyncService-54267293 - tempb.Count 21
2017-08-09 11:47:47,777 [27660] DEBUG SyncService-54267293 - tempb.Count 19
2017-08-09 11:47:47,777 [27660] DEBUG SyncService-54267293 - tempb.Count 40
2017-08-09 11:47:47,777 [27660] DEBUG SyncService-54267293 - tempb.Count 100
2017-08-09 11:47:47,777 [27660] DEBUG SyncService-54267293 - tempb.Count 19
2017-08-09 11:47:47,778 [27660] DEBUG SyncService-54267293 - GetCustomTypeByte m_syncentitymsg_c
2017-08-09 11:47:47,778 [27660] DEBUG SyncService-54267293 - GetCustomTypeByte tableInfo.Count 2
2017-08-09 11:47:47,778 [27660] DEBUG SyncService-54267293 - GetCustomTypeByte componentinfo
2017-08-09 11:47:47,779 [27660] DEBUG SyncService-54267293 - GetCustomTypeByte tableInfo.Count 2
2017-08-09 11:47:47,779 [27660] DEBUG SyncService-54267293 - GetCustomTypeByte componentinfo
2017-08-09 11:47:47,779 [27660] DEBUG SyncService-54267293 - GetCustomTypeByte tableInfo.Count 2
2017-08-09 11:47:47,780 [27660] DEBUG SyncService-54267293 - GetCustomTypeByte componentinfo
2017-08-09 11:47:47,780 [27660] DEBUG SyncService-54267293 - GetCustomTypeByte tableInfo.Count 2
2017-08-09 11:47:47,780 [27660] DEBUG SyncService-54267293 - GetCustomTypeByte componentinfo
2017-08-09 11:47:47,781 [27660] DEBUG SyncService-54267293 - GetCustomTypeByte tableInfo.Count 2
2017-08-09 11:47:47,781 [27660] DEBUG SyncService-54267293 - GetCustomTypeByte componentinfo
2017-08-09 11:47:47,781 [27660] DEBUG SyncService-54267293 - GetCustomTypeByte tableInfo.Count 2
2017-08-09 11:47:47,782 [27660] DEBUG SyncService-54267293 - GetCustomTypeByte componentinfo
2017-08-09 11:47:47,782 [27660] DEBUG SyncService-54267293 - GetCustomTypeByte tableInfo.Count 2
2017-08-09 11:47:47,782 [27660] DEBUG SyncService-54267293 - GetCustomTypeByte componentinfo
2017-08-09 11:47:47,784 [27660] DEBUG SyncService-54267293 - GetCustomTypeByte tableInfo.Count 2
2017-08-09 11:47:47,784 [27660] DEBUG SyncService-54267293 - GetCustomTypeByte componentinfo
2017-08-09 11:47:47,786 [27660] DEBUG SyncService-54267293 - GetCustomTypeByte tableInfo.Count 2
2017-08-09 11:47:47,786 [27660] DEBUG SyncService-54267293 - GetCustomTypeByte componentinfo
2017-08-09 11:47:47,787 [27660] DEBUG SyncService-54267293 - GetCustomTypeByte tableInfo.Count 2
2017-08-09 11:47:47,787 [27660] DEBUG SyncService-54267293 - GetCustomTypeByte componentinfo
2017-08-09 11:47:47,788 [27660] DEBUG SyncService-54267293 - GetCustomTypeByte tableInfo.Count 2
2017-08-09 11:47:47,788 [27660] DEBUG SyncService-54267293 - Count--> 5 GetCustomListLength: 219
2017-08-09 11:47:47,789 [27660] DEBUG SyncService-54267293 - GetCustomTypeByte componentinfo
2017-08-09 11:47:47,790 [27660] DEBUG SyncService-54267293 - GetCustomTypeByte tableInfo.Count 2
2017-08-09 11:47:47,790 [27660] DEBUG SyncService-54267293 - GetCustomTypeByte componentinfo
2017-08-09 11:47:47,791 [27660] DEBUG SyncService-54267293 - GetCustomTypeByte tableInfo.Count 2
2017-08-09 11:47:47,791 [27660] DEBUG SyncService-54267293 - GetCustomTypeByte componentinfo
2017-08-09 11:47:47,791 [27660] DEBUG SyncService-54267293 - GetCustomTypeByte tableInfo.Count 2
2017-08-09 11:47:47,792 [27660] DEBUG SyncService-54267293 - GetCustomTypeByte componentinfo
2017-08-09 11:47:47,792 [27660] DEBUG SyncService-54267293 - GetCustomTypeByte tableInfo.Count 2
2017-08-09 11:47:47,794 [27660] DEBUG SyncService-54267293 - GetCustomTypeByte componentinfo
2017-08-09 11:47:47,794 [27660] DEBUG SyncService-54267293 - GetCustomTypeByte tableInfo.Count 2
2017-08-09 11:47:47,794 [27660] DEBUG SyncService-54267293 - tempb.Count 21
2017-08-09 11:47:47,795 [27660] DEBUG SyncService-54267293 - tempb.Count 19
2017-08-09 11:47:47,795 [27660] DEBUG SyncService-54267293 - tempb.Count 40
2017-08-09 11:47:47,795 [27660] DEBUG SyncService-54267293 - tempb.Count 100
2017-08-09 11:47:47,796 [27660] DEBUG SyncService-54267293 - tempb.Count 19
2017-08-09 11:47:50,702 [25180] DEBUG SyncService-54267293 - SyncService OnSessionClosed
2017-08-09 11:49:10,908 [1300] DEBUG SyncService-54267293 - SyncService Setup
2017-08-09 11:49:10,962 [1300] DEBUG SyncService-54267293 - Listener (0.0.0.0:2012) was started
2017-08-09 11:49:10,967 [1300] DEBUG SyncService-54267293 - SyncService OnStarted
2017-08-09 11:49:14,840 [25748] DEBUG SyncService-54267293 - SyncService RegisterSession
2017-08-09 11:49:14,846 [25748] DEBUG SyncService-54267293 - SyncService OnNewSessionConnected
2017-08-09 11:49:14,886 [30264] DEBUG SyncService-54267293 - OnSessionStarted 
2017-08-09 11:49:15,004 [25648] DEBUG SyncService-54267293 - GetCustomTypeByte m_syncentitymsg_c
2017-08-09 11:49:15,005 [25648] DEBUG SyncService-54267293 - GetCustomTypeByte tableInfo.Count 2
2017-08-09 11:49:15,007 [25648] DEBUG SyncService-54267293 - GetCustomTypeByte componentinfo
2017-08-09 11:49:15,007 [25648] DEBUG SyncService-54267293 - GetCustomTypeByte tableInfo.Count 2
2017-08-09 11:49:15,008 [25648] DEBUG SyncService-54267293 - GetCustomTypeByte componentinfo
2017-08-09 11:49:15,008 [25648] DEBUG SyncService-54267293 - GetCustomTypeByte tableInfo.Count 2
2017-08-09 11:49:15,008 [25648] DEBUG SyncService-54267293 - GetCustomTypeByte componentinfo
2017-08-09 11:49:15,008 [25648] DEBUG SyncService-54267293 - GetCustomTypeByte tableInfo.Count 2
2017-08-09 11:49:15,008 [25648] DEBUG SyncService-54267293 - GetCustomTypeByte componentinfo
2017-08-09 11:49:15,008 [25648] DEBUG SyncService-54267293 - GetCustomTypeByte tableInfo.Count 2
2017-08-09 11:49:15,008 [25648] DEBUG SyncService-54267293 - GetCustomTypeByte componentinfo
2017-08-09 11:49:15,008 [25648] DEBUG SyncService-54267293 - GetCustomTypeByte tableInfo.Count 2
2017-08-09 11:49:15,008 [25648] DEBUG SyncService-54267293 - GetCustomTypeByte componentinfo
2017-08-09 11:49:15,008 [25648] DEBUG SyncService-54267293 - GetCustomTypeByte tableInfo.Count 2
2017-08-09 11:49:15,008 [25648] DEBUG SyncService-54267293 - GetCustomTypeByte componentinfo
2017-08-09 11:49:15,008 [25648] DEBUG SyncService-54267293 - GetCustomTypeByte tableInfo.Count 2
2017-08-09 11:49:15,008 [25648] DEBUG SyncService-54267293 - GetCustomTypeByte componentinfo
2017-08-09 11:49:15,009 [25648] DEBUG SyncService-54267293 - GetCustomTypeByte tableInfo.Count 2
2017-08-09 11:49:15,009 [25648] DEBUG SyncService-54267293 - GetCustomTypeByte componentinfo
2017-08-09 11:49:15,009 [25648] DEBUG SyncService-54267293 - GetCustomTypeByte tableInfo.Count 2
2017-08-09 11:49:15,009 [25648] DEBUG SyncService-54267293 - GetCustomTypeByte componentinfo
2017-08-09 11:49:15,009 [25648] DEBUG SyncService-54267293 - GetCustomTypeByte tableInfo.Count 2
2017-08-09 11:49:15,009 [25648] DEBUG SyncService-54267293 - Count--> 5 GetCustomListLength: 219
2017-08-09 11:49:15,010 [25648] DEBUG SyncService-54267293 - GetCustomTypeByte componentinfo
2017-08-09 11:49:15,010 [25648] DEBUG SyncService-54267293 - GetCustomTypeByte tableInfo.Count 2
2017-08-09 11:49:15,010 [25648] DEBUG SyncService-54267293 - GetCustomTypeByte componentinfo
2017-08-09 11:49:15,010 [25648] DEBUG SyncService-54267293 - GetCustomTypeByte tableInfo.Count 2
2017-08-09 11:49:15,010 [25648] DEBUG SyncService-54267293 - GetCustomTypeByte componentinfo
2017-08-09 11:49:15,011 [25648] DEBUG SyncService-54267293 - GetCustomTypeByte tableInfo.Count 2
2017-08-09 11:49:15,011 [25648] DEBUG SyncService-54267293 - GetCustomTypeByte componentinfo
2017-08-09 11:49:15,011 [25648] DEBUG SyncService-54267293 - GetCustomTypeByte tableInfo.Count 2
2017-08-09 11:49:15,026 [25648] DEBUG SyncService-54267293 - GetCustomTypeByte componentinfo
2017-08-09 11:49:15,028 [25648] DEBUG SyncService-54267293 - GetCustomTypeByte tableInfo.Count 2
2017-08-09 11:49:15,028 [25648] DEBUG SyncService-54267293 - tempb.Count 21
2017-08-09 11:49:15,029 [25648] DEBUG SyncService-54267293 - tempb.Count 19
2017-08-09 11:49:15,029 [25648] DEBUG SyncService-54267293 - tempb.Count 40
2017-08-09 11:49:15,029 [25648] DEBUG SyncService-54267293 - tempb.Count 100
2017-08-09 11:49:15,029 [25648] DEBUG SyncService-54267293 - tempb.Count 19
2017-08-09 11:49:26,029 [30264] DEBUG SyncService-54267293 - SyncService OnSessionClosed
2017-08-09 11:50:38,342 [30260] DEBUG SyncService-54267293 - SyncService RegisterSession
2017-08-09 11:50:38,343 [30260] DEBUG SyncService-54267293 - SyncService OnNewSessionConnected
2017-08-09 11:50:38,343 [30264] DEBUG SyncService-54267293 - OnSessionStarted 
2017-08-09 11:50:39,029 [25648] DEBUG SyncService-54267293 - GetCustomTypeByte m_syncentitymsg_c
2017-08-09 11:50:39,030 [25648] DEBUG SyncService-54267293 - GetCustomTypeByte tableInfo.Count 2
2017-08-09 11:50:39,031 [25648] DEBUG SyncService-54267293 - GetCustomTypeByte componentinfo
2017-08-09 11:50:39,032 [25648] DEBUG SyncService-54267293 - GetCustomTypeByte tableInfo.Count 2
2017-08-09 11:50:39,032 [25648] DEBUG SyncService-54267293 - GetCustomTypeByte componentinfo
2017-08-09 11:50:39,033 [25648] DEBUG SyncService-54267293 - GetCustomTypeByte tableInfo.Count 2
2017-08-09 11:50:39,033 [25648] DEBUG SyncService-54267293 - GetCustomTypeByte componentinfo
2017-08-09 11:50:39,033 [25648] DEBUG SyncService-54267293 - GetCustomTypeByte tableInfo.Count 2
2017-08-09 11:50:39,034 [25648] DEBUG SyncService-54267293 - GetCustomTypeByte componentinfo
2017-08-09 11:50:39,034 [25648] DEBUG SyncService-54267293 - GetCustomTypeByte tableInfo.Count 2
2017-08-09 11:50:39,034 [25648] DEBUG SyncService-54267293 - GetCustomTypeByte componentinfo
2017-08-09 11:50:39,035 [25648] DEBUG SyncService-54267293 - GetCustomTypeByte tableInfo.Count 2
2017-08-09 11:50:39,035 [25648] DEBUG SyncService-54267293 - GetCustomTypeByte componentinfo
2017-08-09 11:50:39,035 [25648] DEBUG SyncService-54267293 - GetCustomTypeByte tableInfo.Count 2
2017-08-09 11:50:39,035 [25648] DEBUG SyncService-54267293 - GetCustomTypeByte componentinfo
2017-08-09 11:50:39,036 [25648] DEBUG SyncService-54267293 - GetCustomTypeByte tableInfo.Count 2
2017-08-09 11:50:39,036 [25648] DEBUG SyncService-54267293 - GetCustomTypeByte componentinfo
2017-08-09 11:50:39,036 [25648] DEBUG SyncService-54267293 - GetCustomTypeByte tableInfo.Count 2
2017-08-09 11:50:39,036 [25648] DEBUG SyncService-54267293 - GetCustomTypeByte componentinfo
2017-08-09 11:50:39,037 [25648] DEBUG SyncService-54267293 - GetCustomTypeByte tableInfo.Count 2
2017-08-09 11:50:39,037 [25648] DEBUG SyncService-54267293 - GetCustomTypeByte componentinfo
2017-08-09 11:50:39,037 [25648] DEBUG SyncService-54267293 - GetCustomTypeByte tableInfo.Count 2
2017-08-09 11:50:39,038 [25648] DEBUG SyncService-54267293 - Count--> 5 GetCustomListLength: 219
2017-08-09 11:50:39,040 [25648] DEBUG SyncService-54267293 - GetCustomTypeByte componentinfo
2017-08-09 11:50:39,041 [25648] DEBUG SyncService-54267293 - GetCustomTypeByte tableInfo.Count 2
2017-08-09 11:50:39,041 [25648] DEBUG SyncService-54267293 - GetCustomTypeByte componentinfo
2017-08-09 11:50:39,041 [25648] DEBUG SyncService-54267293 - GetCustomTypeByte tableInfo.Count 2
2017-08-09 11:50:39,041 [25648] DEBUG SyncService-54267293 - GetCustomTypeByte componentinfo
2017-08-09 11:50:39,041 [25648] DEBUG SyncService-54267293 - GetCustomTypeByte tableInfo.Count 2
2017-08-09 11:50:39,042 [25648] DEBUG SyncService-54267293 - GetCustomTypeByte componentinfo
2017-08-09 11:50:39,042 [25648] DEBUG SyncService-54267293 - GetCustomTypeByte tableInfo.Count 2
2017-08-09 11:50:39,042 [25648] DEBUG SyncService-54267293 - GetCustomTypeByte componentinfo
2017-08-09 11:50:39,042 [25648] DEBUG SyncService-54267293 - GetCustomTypeByte tableInfo.Count 2
2017-08-09 11:50:39,043 [25648] DEBUG SyncService-54267293 - tempb.Count 21
2017-08-09 11:50:39,043 [25648] DEBUG SyncService-54267293 - tempb.Count 19
2017-08-09 11:50:39,043 [25648] DEBUG SyncService-54267293 - tempb.Count 40
2017-08-09 11:50:39,043 [25648] DEBUG SyncService-54267293 - tempb.Count 100
2017-08-09 11:50:39,043 [25648] DEBUG SyncService-54267293 - tempb.Count 19
2017-08-09 11:50:39,044 [25648] DEBUG SyncService-54267293 - GetCustomTypeByte m_syncentitymsg_c
2017-08-09 11:50:39,044 [25648] DEBUG SyncService-54267293 - GetCustomTypeByte tableInfo.Count 2
2017-08-09 11:50:39,044 [25648] DEBUG SyncService-54267293 - GetCustomTypeByte componentinfo
2017-08-09 11:50:39,044 [25648] DEBUG SyncService-54267293 - GetCustomTypeByte tableInfo.Count 2
2017-08-09 11:50:39,044 [25648] DEBUG SyncService-54267293 - GetCustomTypeByte componentinfo
2017-08-09 11:50:39,045 [25648] DEBUG SyncService-54267293 - GetCustomTypeByte tableInfo.Count 2
2017-08-09 11:50:39,045 [25648] DEBUG SyncService-54267293 - GetCustomTypeByte componentinfo
2017-08-09 11:50:39,046 [25648] DEBUG SyncService-54267293 - GetCustomTypeByte tableInfo.Count 2
2017-08-09 11:50:39,046 [25648] DEBUG SyncService-54267293 - GetCustomTypeByte componentinfo
2017-08-09 11:50:39,046 [25648] DEBUG SyncService-54267293 - GetCustomTypeByte tableInfo.Count 2
2017-08-09 11:50:39,046 [25648] DEBUG SyncService-54267293 - GetCustomTypeByte componentinfo
2017-08-09 11:50:39,047 [25648] DEBUG SyncService-54267293 - GetCustomTypeByte tableInfo.Count 2
2017-08-09 11:50:39,047 [25648] DEBUG SyncService-54267293 - GetCustomTypeByte componentinfo
2017-08-09 11:50:39,047 [25648] DEBUG SyncService-54267293 - GetCustomTypeByte tableInfo.Count 2
2017-08-09 11:50:39,047 [25648] DEBUG SyncService-54267293 - GetCustomTypeByte componentinfo
2017-08-09 11:50:39,048 [25648] DEBUG SyncService-54267293 - GetCustomTypeByte tableInfo.Count 2
2017-08-09 11:50:39,048 [25648] DEBUG SyncService-54267293 - GetCustomTypeByte componentinfo
2017-08-09 11:50:39,048 [25648] DEBUG SyncService-54267293 - GetCustomTypeByte tableInfo.Count 2
2017-08-09 11:50:39,048 [25648] DEBUG SyncService-54267293 - GetCustomTypeByte componentinfo
2017-08-09 11:50:39,049 [25648] DEBUG SyncService-54267293 - GetCustomTypeByte tableInfo.Count 2
2017-08-09 11:50:39,049 [25648] DEBUG SyncService-54267293 - GetCustomTypeByte componentinfo
2017-08-09 11:50:39,049 [25648] DEBUG SyncService-54267293 - GetCustomTypeByte tableInfo.Count 2
2017-08-09 11:50:39,049 [25648] DEBUG SyncService-54267293 - Count--> 5 GetCustomListLength: 219
2017-08-09 11:50:39,049 [25648] DEBUG SyncService-54267293 - GetCustomTypeByte componentinfo
2017-08-09 11:50:39,050 [25648] DEBUG SyncService-54267293 - GetCustomTypeByte tableInfo.Count 2
2017-08-09 11:50:39,051 [25648] DEBUG SyncService-54267293 - GetCustomTypeByte componentinfo
2017-08-09 11:50:39,051 [25648] DEBUG SyncService-54267293 - GetCustomTypeByte tableInfo.Count 2
2017-08-09 11:50:39,051 [25648] DEBUG SyncService-54267293 - GetCustomTypeByte componentinfo
2017-08-09 11:50:39,051 [25648] DEBUG SyncService-54267293 - GetCustomTypeByte tableInfo.Count 2
2017-08-09 11:50:39,052 [25648] DEBUG SyncService-54267293 - GetCustomTypeByte componentinfo
2017-08-09 11:50:39,052 [25648] DEBUG SyncService-54267293 - GetCustomTypeByte tableInfo.Count 2
2017-08-09 11:50:39,052 [25648] DEBUG SyncService-54267293 - GetCustomTypeByte componentinfo
2017-08-09 11:50:39,052 [25648] DEBUG SyncService-54267293 - GetCustomTypeByte tableInfo.Count 2
2017-08-09 11:50:39,053 [25648] DEBUG SyncService-54267293 - tempb.Count 21
2017-08-09 11:50:39,053 [25648] DEBUG SyncService-54267293 - tempb.Count 19
2017-08-09 11:50:39,053 [25648] DEBUG SyncService-54267293 - tempb.Count 40
2017-08-09 11:50:39,053 [25648] DEBUG SyncService-54267293 - tempb.Count 100
2017-08-09 11:50:39,053 [25648] DEBUG SyncService-54267293 - tempb.Count 19
2017-08-09 11:51:08,405 [30264] DEBUG SyncService-54267293 - SyncService OnSessionClosed
2017-08-09 11:51:11,905 [30260] DEBUG SyncService-54267293 - SyncService RegisterSession
2017-08-09 11:51:11,905 [30260] DEBUG SyncService-54267293 - SyncService OnNewSessionConnected
2017-08-09 11:51:11,906 [30264] DEBUG SyncService-54267293 - OnSessionStarted 
2017-08-09 11:51:12,043 [25648] DEBUG SyncService-54267293 - GetCustomTypeByte m_syncentitymsg_c
2017-08-09 11:51:12,044 [25648] DEBUG SyncService-54267293 - GetCustomTypeByte tableInfo.Count 2
2017-08-09 11:51:12,044 [25648] DEBUG SyncService-54267293 - GetCustomTypeByte componentinfo
2017-08-09 11:51:12,046 [25648] DEBUG SyncService-54267293 - GetCustomTypeByte tableInfo.Count 2
2017-08-09 11:51:12,053 [25648] DEBUG SyncService-54267293 - GetCustomTypeByte componentinfo
2017-08-09 11:51:12,054 [25648] DEBUG SyncService-54267293 - GetCustomTypeByte tableInfo.Count 2
2017-08-09 11:51:12,055 [25648] DEBUG SyncService-54267293 - GetCustomTypeByte componentinfo
2017-08-09 11:51:12,055 [25648] DEBUG SyncService-54267293 - GetCustomTypeByte tableInfo.Count 2
2017-08-09 11:51:12,056 [25648] DEBUG SyncService-54267293 - GetCustomTypeByte componentinfo
2017-08-09 11:51:12,056 [25648] DEBUG SyncService-54267293 - GetCustomTypeByte tableInfo.Count 2
2017-08-09 11:51:12,058 [25648] DEBUG SyncService-54267293 - GetCustomTypeByte componentinfo
2017-08-09 11:51:12,058 [25648] DEBUG SyncService-54267293 - GetCustomTypeByte tableInfo.Count 2
2017-08-09 11:51:12,059 [25648] DEBUG SyncService-54267293 - GetCustomTypeByte componentinfo
2017-08-09 11:51:12,059 [25648] DEBUG SyncService-54267293 - GetCustomTypeByte tableInfo.Count 2
2017-08-09 11:51:12,059 [25648] DEBUG SyncService-54267293 - GetCustomTypeByte componentinfo
2017-08-09 11:51:12,059 [25648] DEBUG SyncService-54267293 - GetCustomTypeByte tableInfo.Count 2
2017-08-09 11:51:12,060 [25648] DEBUG SyncService-54267293 - GetCustomTypeByte componentinfo
2017-08-09 11:51:12,060 [25648] DEBUG SyncService-54267293 - GetCustomTypeByte tableInfo.Count 2
2017-08-09 11:51:12,060 [25648] DEBUG SyncService-54267293 - GetCustomTypeByte componentinfo
2017-08-09 11:51:12,060 [25648] DEBUG SyncService-54267293 - GetCustomTypeByte tableInfo.Count 2
2017-08-09 11:51:12,061 [25648] DEBUG SyncService-54267293 - GetCustomTypeByte componentinfo
2017-08-09 11:51:12,061 [25648] DEBUG SyncService-54267293 - GetCustomTypeByte tableInfo.Count 2
2017-08-09 11:51:12,063 [25648] DEBUG SyncService-54267293 - Count--> 5 GetCustomListLength: 219
2017-08-09 11:51:12,063 [25648] DEBUG SyncService-54267293 - GetCustomTypeByte componentinfo
2017-08-09 11:51:12,064 [25648] DEBUG SyncService-54267293 - GetCustomTypeByte tableInfo.Count 2
2017-08-09 11:51:12,064 [25648] DEBUG SyncService-54267293 - GetCustomTypeByte componentinfo
2017-08-09 11:51:12,064 [25648] DEBUG SyncService-54267293 - GetCustomTypeByte tableInfo.Count 2
2017-08-09 11:51:12,064 [25648] DEBUG SyncService-54267293 - GetCustomTypeByte componentinfo
2017-08-09 11:51:12,065 [25648] DEBUG SyncService-54267293 - GetCustomTypeByte tableInfo.Count 2
2017-08-09 11:51:12,065 [25648] DEBUG SyncService-54267293 - GetCustomTypeByte componentinfo
2017-08-09 11:51:12,065 [25648] DEBUG SyncService-54267293 - GetCustomTypeByte tableInfo.Count 2
2017-08-09 11:51:12,065 [25648] DEBUG SyncService-54267293 - GetCustomTypeByte componentinfo
2017-08-09 11:51:12,066 [25648] DEBUG SyncService-54267293 - GetCustomTypeByte tableInfo.Count 2
2017-08-09 11:51:12,066 [25648] DEBUG SyncService-54267293 - tempb.Count 21
2017-08-09 11:51:12,066 [25648] DEBUG SyncService-54267293 - tempb.Count 19
2017-08-09 11:51:12,067 [25648] DEBUG SyncService-54267293 - tempb.Count 40
2017-08-09 11:51:12,067 [25648] DEBUG SyncService-54267293 - tempb.Count 100
2017-08-09 11:51:12,069 [25648] DEBUG SyncService-54267293 - tempb.Count 19
2017-08-09 11:51:12,069 [25648] DEBUG SyncService-54267293 - GetCustomTypeByte m_syncentitymsg_c
2017-08-09 11:51:12,070 [25648] DEBUG SyncService-54267293 - GetCustomTypeByte tableInfo.Count 2
2017-08-09 11:51:12,070 [25648] DEBUG SyncService-54267293 - GetCustomTypeByte componentinfo
2017-08-09 11:51:12,071 [25648] DEBUG SyncService-54267293 - GetCustomTypeByte tableInfo.Count 2
2017-08-09 11:51:12,071 [25648] DEBUG SyncService-54267293 - GetCustomTypeByte componentinfo
2017-08-09 11:51:12,071 [25648] DEBUG SyncService-54267293 - GetCustomTypeByte tableInfo.Count 2
2017-08-09 11:51:12,072 [25648] DEBUG SyncService-54267293 - GetCustomTypeByte componentinfo
2017-08-09 11:51:12,072 [25648] DEBUG SyncService-54267293 - GetCustomTypeByte tableInfo.Count 2
2017-08-09 11:51:12,072 [25648] DEBUG SyncService-54267293 - GetCustomTypeByte componentinfo
2017-08-09 11:51:12,072 [25648] DEBUG SyncService-54267293 - GetCustomTypeByte tableInfo.Count 2
2017-08-09 11:51:12,073 [25648] DEBUG SyncService-54267293 - GetCustomTypeByte componentinfo
2017-08-09 11:51:12,074 [25648] DEBUG SyncService-54267293 - GetCustomTypeByte tableInfo.Count 2
2017-08-09 11:51:12,074 [25648] DEBUG SyncService-54267293 - GetCustomTypeByte componentinfo
2017-08-09 11:51:12,074 [25648] DEBUG SyncService-54267293 - GetCustomTypeByte tableInfo.Count 2
2017-08-09 11:51:12,075 [25648] DEBUG SyncService-54267293 - GetCustomTypeByte componentinfo
2017-08-09 11:51:12,075 [25648] DEBUG SyncService-54267293 - GetCustomTypeByte tableInfo.Count 2
2017-08-09 11:51:12,075 [25648] DEBUG SyncService-54267293 - GetCustomTypeByte componentinfo
2017-08-09 11:51:12,075 [25648] DEBUG SyncService-54267293 - GetCustomTypeByte tableInfo.Count 2
2017-08-09 11:51:12,076 [25648] DEBUG SyncService-54267293 - GetCustomTypeByte componentinfo
2017-08-09 11:51:12,076 [25648] DEBUG SyncService-54267293 - GetCustomTypeByte tableInfo.Count 2
2017-08-09 11:51:12,076 [25648] DEBUG SyncService-54267293 - GetCustomTypeByte componentinfo
2017-08-09 11:51:12,076 [25648] DEBUG SyncService-54267293 - GetCustomTypeByte tableInfo.Count 2
2017-08-09 11:51:12,076 [25648] DEBUG SyncService-54267293 - Count--> 5 GetCustomListLength: 219
2017-08-09 11:51:12,077 [25648] DEBUG SyncService-54267293 - GetCustomTypeByte componentinfo
2017-08-09 11:51:12,077 [25648] DEBUG SyncService-54267293 - GetCustomTypeByte tableInfo.Count 2
2017-08-09 11:51:12,078 [25648] DEBUG SyncService-54267293 - GetCustomTypeByte componentinfo
2017-08-09 11:51:12,078 [25648] DEBUG SyncService-54267293 - GetCustomTypeByte tableInfo.Count 2
2017-08-09 11:51:12,079 [25648] DEBUG SyncService-54267293 - GetCustomTypeByte componentinfo
2017-08-09 11:51:12,081 [25648] DEBUG SyncService-54267293 - GetCustomTypeByte tableInfo.Count 2
2017-08-09 11:51:12,081 [25648] DEBUG SyncService-54267293 - GetCustomTypeByte componentinfo
2017-08-09 11:51:12,082 [25648] DEBUG SyncService-54267293 - GetCustomTypeByte tableInfo.Count 2
2017-08-09 11:51:12,082 [25648] DEBUG SyncService-54267293 - GetCustomTypeByte componentinfo
2017-08-09 11:51:12,082 [25648] DEBUG SyncService-54267293 - GetCustomTypeByte tableInfo.Count 2
2017-08-09 11:51:12,082 [25648] DEBUG SyncService-54267293 - tempb.Count 21
2017-08-09 11:51:12,083 [25648] DEBUG SyncService-54267293 - tempb.Count 19
2017-08-09 11:51:12,083 [25648] DEBUG SyncService-54267293 - tempb.Count 40
2017-08-09 11:51:12,084 [25648] DEBUG SyncService-54267293 - tempb.Count 100
2017-08-09 11:51:12,085 [25648] DEBUG SyncService-54267293 - tempb.Count 19
2017-08-09 11:51:12,085 [25648] DEBUG SyncService-54267293 - GetCustomTypeByte m_syncentitymsg_c
2017-08-09 11:51:12,086 [25648] DEBUG SyncService-54267293 - GetCustomTypeByte tableInfo.Count 2
2017-08-09 11:51:12,086 [25648] DEBUG SyncService-54267293 - GetCustomTypeByte componentinfo
2017-08-09 11:51:12,086 [25648] DEBUG SyncService-54267293 - GetCustomTypeByte tableInfo.Count 2
2017-08-09 11:51:12,087 [25648] DEBUG SyncService-54267293 - GetCustomTypeByte componentinfo
2017-08-09 11:51:12,087 [25648] DEBUG SyncService-54267293 - GetCustomTypeByte tableInfo.Count 2
2017-08-09 11:51:12,088 [25648] DEBUG SyncService-54267293 - GetCustomTypeByte componentinfo
2017-08-09 11:51:12,088 [25648] DEBUG SyncService-54267293 - GetCustomTypeByte tableInfo.Count 2
2017-08-09 11:51:12,088 [25648] DEBUG SyncService-54267293 - GetCustomTypeByte componentinfo
2017-08-09 11:51:12,089 [25648] DEBUG SyncService-54267293 - GetCustomTypeByte tableInfo.Count 2
2017-08-09 11:51:12,089 [25648] DEBUG SyncService-54267293 - GetCustomTypeByte componentinfo
2017-08-09 11:51:12,090 [25648] DEBUG SyncService-54267293 - GetCustomTypeByte tableInfo.Count 2
2017-08-09 11:51:12,090 [25648] DEBUG SyncService-54267293 - GetCustomTypeByte componentinfo
2017-08-09 11:51:12,090 [25648] DEBUG SyncService-54267293 - GetCustomTypeByte tableInfo.Count 2
2017-08-09 11:51:12,090 [25648] DEBUG SyncService-54267293 - GetCustomTypeByte componentinfo
2017-08-09 11:51:12,091 [25648] DEBUG SyncService-54267293 - GetCustomTypeByte tableInfo.Count 2
2017-08-09 11:51:12,091 [25648] DEBUG SyncService-54267293 - GetCustomTypeByte componentinfo
2017-08-09 11:51:12,091 [25648] DEBUG SyncService-54267293 - GetCustomTypeByte tableInfo.Count 2
2017-08-09 11:51:12,092 [25648] DEBUG SyncService-54267293 - GetCustomTypeByte componentinfo
2017-08-09 11:51:12,092 [25648] DEBUG SyncService-54267293 - GetCustomTypeByte tableInfo.Count 2
2017-08-09 11:51:12,092 [25648] DEBUG SyncService-54267293 - GetCustomTypeByte componentinfo
2017-08-09 11:51:12,092 [25648] DEBUG SyncService-54267293 - GetCustomTypeByte tableInfo.Count 2
2017-08-09 11:51:12,093 [25648] DEBUG SyncService-54267293 - Count--> 5 GetCustomListLength: 219
2017-08-09 11:51:12,093 [25648] DEBUG SyncService-54267293 - GetCustomTypeByte componentinfo
2017-08-09 11:51:12,094 [25648] DEBUG SyncService-54267293 - GetCustomTypeByte tableInfo.Count 2
2017-08-09 11:51:12,100 [25648] DEBUG SyncService-54267293 - GetCustomTypeByte componentinfo
2017-08-09 11:51:12,100 [25648] DEBUG SyncService-54267293 - GetCustomTypeByte tableInfo.Count 2
2017-08-09 11:51:12,100 [25648] DEBUG SyncService-54267293 - GetCustomTypeByte componentinfo
2017-08-09 11:51:12,101 [25648] DEBUG SyncService-54267293 - GetCustomTypeByte tableInfo.Count 2
2017-08-09 11:51:12,101 [25648] DEBUG SyncService-54267293 - GetCustomTypeByte componentinfo
2017-08-09 11:51:12,102 [25648] DEBUG SyncService-54267293 - GetCustomTypeByte tableInfo.Count 2
2017-08-09 11:51:12,102 [25648] DEBUG SyncService-54267293 - GetCustomTypeByte componentinfo
2017-08-09 11:51:12,103 [25648] DEBUG SyncService-54267293 - GetCustomTypeByte tableInfo.Count 2
2017-08-09 11:51:12,103 [25648] DEBUG SyncService-54267293 - tempb.Count 21
2017-08-09 11:51:12,103 [25648] DEBUG SyncService-54267293 - tempb.Count 19
2017-08-09 11:51:12,103 [25648] DEBUG SyncService-54267293 - tempb.Count 40
2017-08-09 11:51:12,104 [25648] DEBUG SyncService-54267293 - tempb.Count 100
2017-08-09 11:51:12,104 [25648] DEBUG SyncService-54267293 - tempb.Count 19
2017-08-09 11:51:16,202 [30264] DEBUG SyncService-54267293 - SyncService OnSessionClosed
2017-08-09 11:54:44,486 [27704] DEBUG SyncService-54267293 - SyncService Setup
2017-08-09 11:54:44,542 [27704] DEBUG SyncService-54267293 - Listener (0.0.0.0:2012) was started
2017-08-09 11:54:44,547 [27704] DEBUG SyncService-54267293 - SyncService OnStarted
2017-08-09 11:54:51,226 [29964] DEBUG SyncService-54267293 - SyncService RegisterSession
2017-08-09 11:54:51,232 [29964] DEBUG SyncService-54267293 - SyncService OnNewSessionConnected
2017-08-09 11:54:51,262 [29440] DEBUG SyncService-54267293 - OnSessionStarted 
2017-08-09 11:54:51,588 [31480] DEBUG SyncService-54267293 - GetCustomTypeByte m_syncentitymsg_c
2017-08-09 11:54:51,589 [31480] DEBUG SyncService-54267293 - GetCustomTypeByte tableInfo.Count 2
2017-08-09 11:54:51,590 [31480] DEBUG SyncService-54267293 - GetCustomTypeByte componentinfo
2017-08-09 11:54:51,590 [31480] DEBUG SyncService-54267293 - GetCustomTypeByte tableInfo.Count 2
2017-08-09 11:54:51,590 [31480] DEBUG SyncService-54267293 - GetCustomTypeByte componentinfo
2017-08-09 11:54:51,591 [31480] DEBUG SyncService-54267293 - GetCustomTypeByte tableInfo.Count 2
2017-08-09 11:54:51,591 [31480] DEBUG SyncService-54267293 - GetCustomTypeByte componentinfo
2017-08-09 11:54:51,591 [31480] DEBUG SyncService-54267293 - GetCustomTypeByte tableInfo.Count 2
2017-08-09 11:54:51,591 [31480] DEBUG SyncService-54267293 - GetCustomTypeByte componentinfo
2017-08-09 11:54:51,591 [31480] DEBUG SyncService-54267293 - GetCustomTypeByte tableInfo.Count 2
2017-08-09 11:54:51,591 [31480] DEBUG SyncService-54267293 - GetCustomTypeByte componentinfo
2017-08-09 11:54:51,591 [31480] DEBUG SyncService-54267293 - GetCustomTypeByte tableInfo.Count 2
2017-08-09 11:54:51,591 [31480] DEBUG SyncService-54267293 - GetCustomTypeByte componentinfo
2017-08-09 11:54:51,591 [31480] DEBUG SyncService-54267293 - GetCustomTypeByte tableInfo.Count 2
2017-08-09 11:54:51,591 [31480] DEBUG SyncService-54267293 - GetCustomTypeByte componentinfo
2017-08-09 11:54:51,591 [31480] DEBUG SyncService-54267293 - GetCustomTypeByte tableInfo.Count 2
2017-08-09 11:54:51,591 [31480] DEBUG SyncService-54267293 - GetCustomTypeByte componentinfo
2017-08-09 11:54:51,592 [31480] DEBUG SyncService-54267293 - GetCustomTypeByte tableInfo.Count 2
2017-08-09 11:54:51,592 [31480] DEBUG SyncService-54267293 - GetCustomTypeByte componentinfo
2017-08-09 11:54:51,592 [31480] DEBUG SyncService-54267293 - GetCustomTypeByte tableInfo.Count 2
2017-08-09 11:54:51,592 [31480] DEBUG SyncService-54267293 - GetCustomTypeByte componentinfo
2017-08-09 11:54:51,592 [31480] DEBUG SyncService-54267293 - GetCustomTypeByte tableInfo.Count 2
2017-08-09 11:54:51,592 [31480] DEBUG SyncService-54267293 - Count--> 5 GetCustomListLength: 219
2017-08-09 11:54:51,592 [31480] DEBUG SyncService-54267293 - GetCustomTypeByte componentinfo
2017-08-09 11:54:51,593 [31480] DEBUG SyncService-54267293 - GetCustomTypeByte tableInfo.Count 2
2017-08-09 11:54:51,593 [31480] DEBUG SyncService-54267293 - GetCustomTypeByte componentinfo
2017-08-09 11:54:51,593 [31480] DEBUG SyncService-54267293 - GetCustomTypeByte tableInfo.Count 2
2017-08-09 11:54:51,593 [31480] DEBUG SyncService-54267293 - GetCustomTypeByte componentinfo
2017-08-09 11:54:51,594 [31480] DEBUG SyncService-54267293 - GetCustomTypeByte tableInfo.Count 2
2017-08-09 11:54:51,594 [31480] DEBUG SyncService-54267293 - GetCustomTypeByte componentinfo
2017-08-09 11:54:51,594 [31480] DEBUG SyncService-54267293 - GetCustomTypeByte tableInfo.Count 2
2017-08-09 11:54:51,594 [31480] DEBUG SyncService-54267293 - GetCustomTypeByte componentinfo
2017-08-09 11:54:51,594 [31480] DEBUG SyncService-54267293 - GetCustomTypeByte tableInfo.Count 2
2017-08-09 11:54:51,596 [31480] DEBUG SyncService-54267293 - tempb.Count 21
2017-08-09 11:54:51,597 [31480] DEBUG SyncService-54267293 - tempb.Count 19
2017-08-09 11:54:51,597 [31480] DEBUG SyncService-54267293 - tempb.Count 40
2017-08-09 11:54:51,598 [31480] DEBUG SyncService-54267293 - tempb.Count 100
2017-08-09 11:54:51,598 [31480] DEBUG SyncService-54267293 - tempb.Count 19
