2017-08-04 18:12:57,125 [56308] DEBUG SyncService-54267293 - SyncService Setup
2017-08-04 18:12:57,178 [56308] DEBUG SyncService-54267293 - Listener (0.0.0.0:2012) was started
2017-08-04 18:12:57,183 [56308] DEBUG SyncService-54267293 - SyncService OnStarted
2017-08-04 18:13:01,724 [73528] DEBUG SyncService-54267293 - SyncService RegisterSession
2017-08-04 18:13:01,729 [73528] DEBUG SyncService-54267293 - SyncService OnNewSessionConnected
2017-08-04 18:13:01,885 [71904] DEBUG SyncService-54267293 - OnSessionStarted 
2017-08-04 18:13:17,637 [71904] DEBUG SyncService-54267293 - SyncService OnSessionClosed
2017-08-04 18:14:32,531 [73528] DEBUG SyncService-54267293 - SyncService RegisterSession
2017-08-04 18:14:32,532 [73528] DEBUG SyncService-54267293 - SyncService OnNewSessionConnected
2017-08-04 18:16:28,432 [72976] DEBUG SyncService-54267293 - SyncService Setup
2017-08-04 18:16:28,498 [72976] DEBUG SyncService-54267293 - Listener (0.0.0.0:2012) was started
2017-08-04 18:16:28,508 [72976] DEBUG SyncService-54267293 - SyncService OnStarted
2017-08-04 18:16:32,142 [73416] DEBUG SyncService-54267293 - SyncService RegisterSession
2017-08-04 18:16:32,150 [73416] DEBUG SyncService-54267293 - SyncService OnNewSessionConnected
2017-08-04 18:16:32,199 [71252] DEBUG SyncService-54267293 - OnSessionStarted 
2017-08-04 18:16:37,353 [71252] DEBUG SyncService-54267293 - SyncService OnSessionClosed
2017-08-04 18:17:45,981 [74664] DEBUG SyncService-54267293 - SyncService Setup
2017-08-04 18:17:46,037 [74664] DEBUG SyncService-54267293 - Listener (0.0.0.0:2012) was started
2017-08-04 18:17:46,043 [74664] DEBUG SyncService-54267293 - SyncService OnStarted
2017-08-04 18:19:45,397 [74992] DEBUG SyncService-54267293 - SyncService Setup
2017-08-04 18:19:45,456 [74992] DEBUG SyncService-54267293 - Listener (0.0.0.0:2012) was started
2017-08-04 18:19:45,463 [74992] DEBUG SyncService-54267293 - SyncService OnStarted
2017-08-04 18:19:45,502 [75400] DEBUG SyncService-54267293 - LateFixedUpdate >0
2017-08-04 18:19:46,492 [75400] DEBUG SyncService-54267293 - LateFixedUpdate >0
2017-08-04 18:19:47,493 [75400] DEBUG SyncService-54267293 - LateFixedUpdate >0
2017-08-04 18:19:48,493 [75400] DEBUG SyncService-54267293 - LateFixedUpdate >0
2017-08-04 18:19:49,494 [75400] DEBUG SyncService-54267293 - LateFixedUpdate >0
2017-08-04 18:19:50,495 [75400] DEBUG SyncService-54267293 - LateFixedUpdate >0
2017-08-04 18:19:50,530 [75392] DEBUG SyncService-54267293 - SyncService RegisterSession
2017-08-04 18:19:50,535 [75392] DEBUG SyncService-54267293 - SyncService OnNewSessionConnected
2017-08-04 18:19:50,561 [74800] DEBUG SyncService-54267293 - OnSessionStarted 
2017-08-04 18:19:51,496 [75400] DEBUG SyncService-54267293 - LateFixedUpdate >1
2017-08-04 18:19:51,505 [75400] DEBUG SyncService-54267293 - PUSH Data 1
2017-08-04 18:19:51,505 [75400] DEBUG SyncService-54267293 - PUSH Data 2
2017-08-04 18:19:52,496 [75400] DEBUG SyncService-54267293 - LateFixedUpdate >2
2017-08-04 18:19:53,496 [75400] DEBUG SyncService-54267293 - LateFixedUpdate >2
2017-08-04 18:19:54,495 [75400] DEBUG SyncService-54267293 - LateFixedUpdate >2
2017-08-04 18:19:55,496 [75400] DEBUG SyncService-54267293 - LateFixedUpdate >2
2017-08-04 18:19:56,496 [75400] DEBUG SyncService-54267293 - LateFixedUpdate >2
2017-08-04 18:19:57,496 [75400] DEBUG SyncService-54267293 - LateFixedUpdate >2
2017-08-04 19:10:09,463 [82828] DEBUG SyncService-54267293 - SyncService Setup
2017-08-04 19:10:09,519 [82828] DEBUG SyncService-54267293 - Listener (0.0.0.0:2012) was started
2017-08-04 19:10:09,523 [82828] DEBUG SyncService-54267293 - SyncService OnStarted
2017-08-04 19:10:09,553 [82344] DEBUG SyncService-54267293 - LateFixedUpdate >0
2017-08-04 19:10:10,537 [82344] DEBUG SyncService-54267293 - LateFixedUpdate >0
2017-08-04 19:10:11,538 [82344] DEBUG SyncService-54267293 - LateFixedUpdate >0
2017-08-04 19:10:12,539 [82344] DEBUG SyncService-54267293 - LateFixedUpdate >0
2017-08-04 19:10:13,539 [82344] DEBUG SyncService-54267293 - LateFixedUpdate >0
2017-08-04 19:10:14,540 [82344] DEBUG SyncService-54267293 - LateFixedUpdate >0
2017-08-04 19:10:15,541 [82344] DEBUG SyncService-54267293 - LateFixedUpdate >0
2017-08-04 19:10:16,542 [82344] DEBUG SyncService-54267293 - LateFixedUpdate >0
2017-08-04 19:10:17,542 [82344] DEBUG SyncService-54267293 - LateFixedUpdate >0
2017-08-04 19:10:18,544 [82344] DEBUG SyncService-54267293 - LateFixedUpdate >0
2017-08-04 19:10:19,543 [82344] DEBUG SyncService-54267293 - LateFixedUpdate >0
2017-08-04 19:10:20,545 [82344] DEBUG SyncService-54267293 - LateFixedUpdate >0
2017-08-04 19:10:21,544 [82344] DEBUG SyncService-54267293 - LateFixedUpdate >0
2017-08-04 19:10:22,546 [82344] DEBUG SyncService-54267293 - LateFixedUpdate >0
2017-08-04 19:10:23,544 [82344] DEBUG SyncService-54267293 - LateFixedUpdate >0
2017-08-04 19:10:24,546 [82344] DEBUG SyncService-54267293 - LateFixedUpdate >0
2017-08-04 19:10:25,548 [82344] DEBUG SyncService-54267293 - LateFixedUpdate >0
2017-08-04 19:10:26,547 [82344] DEBUG SyncService-54267293 - LateFixedUpdate >0
2017-08-04 19:10:27,546 [82344] DEBUG SyncService-54267293 - LateFixedUpdate >0
2017-08-04 19:10:28,547 [82344] DEBUG SyncService-54267293 - LateFixedUpdate >0
2017-08-04 19:10:29,547 [82344] DEBUG SyncService-54267293 - LateFixedUpdate >0
2017-08-04 19:10:30,548 [82344] DEBUG SyncService-54267293 - LateFixedUpdate >0
2017-08-04 19:10:31,549 [82344] DEBUG SyncService-54267293 - LateFixedUpdate >0
2017-08-04 19:10:32,556 [82344] DEBUG SyncService-54267293 - LateFixedUpdate >0
2017-08-04 19:10:33,551 [82344] DEBUG SyncService-54267293 - LateFixedUpdate >0
2017-08-04 19:10:34,552 [82344] DEBUG SyncService-54267293 - LateFixedUpdate >0
2017-08-04 19:10:35,552 [82344] DEBUG SyncService-54267293 - LateFixedUpdate >0
2017-08-04 19:10:36,553 [82344] DEBUG SyncService-54267293 - LateFixedUpdate >0
2017-08-04 19:10:37,553 [82344] DEBUG SyncService-54267293 - LateFixedUpdate >0
2017-08-04 19:10:38,554 [82344] DEBUG SyncService-54267293 - LateFixedUpdate >0
2017-08-04 19:10:39,554 [82344] DEBUG SyncService-54267293 - LateFixedUpdate >0
2017-08-04 19:10:40,554 [82344] DEBUG SyncService-54267293 - LateFixedUpdate >0
2017-08-04 19:10:41,555 [82344] DEBUG SyncService-54267293 - LateFixedUpdate >0
2017-08-04 19:10:42,556 [82344] DEBUG SyncService-54267293 - LateFixedUpdate >0
2017-08-04 19:10:43,556 [82344] DEBUG SyncService-54267293 - LateFixedUpdate >0
2017-08-04 19:10:44,557 [82344] DEBUG SyncService-54267293 - LateFixedUpdate >0
2017-08-04 19:10:45,557 [82344] DEBUG SyncService-54267293 - LateFixedUpdate >0
2017-08-04 19:10:46,559 [82344] DEBUG SyncService-54267293 - LateFixedUpdate >0
2017-08-04 19:10:47,558 [82344] DEBUG SyncService-54267293 - LateFixedUpdate >0
2017-08-04 19:10:48,559 [82344] DEBUG SyncService-54267293 - LateFixedUpdate >0
2017-08-04 19:10:49,559 [82344] DEBUG SyncService-54267293 - LateFixedUpdate >0
2017-08-04 19:10:50,560 [82344] DEBUG SyncService-54267293 - LateFixedUpdate >0
2017-08-04 19:10:51,560 [82344] DEBUG SyncService-54267293 - LateFixedUpdate >0
2017-08-04 19:10:52,561 [82344] DEBUG SyncService-54267293 - LateFixedUpdate >0
2017-08-04 19:10:53,561 [82344] DEBUG SyncService-54267293 - LateFixedUpdate >0
2017-08-04 19:10:54,563 [82344] DEBUG SyncService-54267293 - LateFixedUpdate >0
2017-08-04 19:10:55,562 [82344] DEBUG SyncService-54267293 - LateFixedUpdate >0
2017-08-04 19:10:56,561 [82344] DEBUG SyncService-54267293 - LateFixedUpdate >0
2017-08-04 19:10:57,563 [82344] DEBUG SyncService-54267293 - LateFixedUpdate >0
2017-08-04 19:10:58,562 [82344] DEBUG SyncService-54267293 - LateFixedUpdate >0
2017-08-04 19:10:59,562 [82344] DEBUG SyncService-54267293 - LateFixedUpdate >0
2017-08-04 19:11:00,563 [82344] DEBUG SyncService-54267293 - LateFixedUpdate >0
2017-08-04 19:11:01,564 [82344] DEBUG SyncService-54267293 - LateFixedUpdate >0
2017-08-04 19:11:02,564 [82344] DEBUG SyncService-54267293 - LateFixedUpdate >0
2017-08-04 19:11:03,565 [82344] DEBUG SyncService-54267293 - LateFixedUpdate >0
2017-08-04 19:11:04,565 [82344] DEBUG SyncService-54267293 - LateFixedUpdate >0
2017-08-04 19:11:05,566 [82344] DEBUG SyncService-54267293 - LateFixedUpdate >0
2017-08-04 19:11:06,566 [82344] DEBUG SyncService-54267293 - LateFixedUpdate >0
2017-08-04 19:11:07,567 [82344] DEBUG SyncService-54267293 - LateFixedUpdate >0
2017-08-04 19:11:08,567 [82344] DEBUG SyncService-54267293 - LateFixedUpdate >0
2017-08-04 19:11:09,568 [82344] DEBUG SyncService-54267293 - LateFixedUpdate >0
2017-08-04 19:11:10,568 [82344] DEBUG SyncService-54267293 - LateFixedUpdate >0
2017-08-04 19:11:11,569 [82344] DEBUG SyncService-54267293 - LateFixedUpdate >0
2017-08-04 19:11:12,569 [82344] DEBUG SyncService-54267293 - LateFixedUpdate >0
2017-08-04 19:11:13,570 [82344] DEBUG SyncService-54267293 - LateFixedUpdate >0
2017-08-04 19:11:14,571 [82344] DEBUG SyncService-54267293 - LateFixedUpdate >0
2017-08-04 19:11:15,572 [82344] DEBUG SyncService-54267293 - LateFixedUpdate >0
2017-08-04 19:11:16,572 [82344] DEBUG SyncService-54267293 - LateFixedUpdate >0
2017-08-04 19:11:17,574 [82344] DEBUG SyncService-54267293 - LateFixedUpdate >0
2017-08-04 19:11:18,573 [82344] DEBUG SyncService-54267293 - LateFixedUpdate >0
2017-08-04 19:11:19,574 [82344] DEBUG SyncService-54267293 - LateFixedUpdate >0
2017-08-04 19:11:20,575 [82344] DEBUG SyncService-54267293 - LateFixedUpdate >0
2017-08-04 19:11:21,575 [82344] DEBUG SyncService-54267293 - LateFixedUpdate >0
2017-08-04 19:11:22,575 [82344] DEBUG SyncService-54267293 - LateFixedUpdate >0
2017-08-04 19:11:23,576 [82344] DEBUG SyncService-54267293 - LateFixedUpdate >0
2017-08-04 19:11:24,578 [82344] DEBUG SyncService-54267293 - LateFixedUpdate >0
2017-08-04 19:11:25,578 [82344] DEBUG SyncService-54267293 - LateFixedUpdate >0
2017-08-04 19:11:26,579 [82344] DEBUG SyncService-54267293 - LateFixedUpdate >0
2017-08-04 19:11:27,579 [82344] DEBUG SyncService-54267293 - LateFixedUpdate >0
2017-08-04 19:11:28,580 [82344] DEBUG SyncService-54267293 - LateFixedUpdate >0
2017-08-04 19:11:29,581 [82344] DEBUG SyncService-54267293 - LateFixedUpdate >0
2017-08-04 19:11:30,581 [82344] DEBUG SyncService-54267293 - LateFixedUpdate >0
2017-08-04 19:11:31,582 [82344] DEBUG SyncService-54267293 - LateFixedUpdate >0
2017-08-04 19:11:32,582 [82344] DEBUG SyncService-54267293 - LateFixedUpdate >0
2017-08-04 19:11:33,583 [82344] DEBUG SyncService-54267293 - LateFixedUpdate >0
2017-08-04 19:11:34,584 [82344] DEBUG SyncService-54267293 - LateFixedUpdate >0
2017-08-04 19:11:35,584 [82344] DEBUG SyncService-54267293 - LateFixedUpdate >0
2017-08-04 19:11:36,585 [82344] DEBUG SyncService-54267293 - LateFixedUpdate >0
2017-08-04 19:11:37,586 [82344] DEBUG SyncService-54267293 - LateFixedUpdate >0
2017-08-04 19:11:38,586 [82344] DEBUG SyncService-54267293 - LateFixedUpdate >0
2017-08-04 19:11:39,587 [82344] DEBUG SyncService-54267293 - LateFixedUpdate >0
2017-08-04 19:11:40,588 [82344] DEBUG SyncService-54267293 - LateFixedUpdate >0
2017-08-04 19:11:41,588 [82344] DEBUG SyncService-54267293 - LateFixedUpdate >0
2017-08-04 19:11:42,589 [82344] DEBUG SyncService-54267293 - LateFixedUpdate >0
2017-08-04 19:11:43,589 [82344] DEBUG SyncService-54267293 - LateFixedUpdate >0
2017-08-04 19:11:44,590 [82344] DEBUG SyncService-54267293 - LateFixedUpdate >0
2017-08-04 19:11:45,591 [82344] DEBUG SyncService-54267293 - LateFixedUpdate >0
2017-08-04 19:11:46,590 [82344] DEBUG SyncService-54267293 - LateFixedUpdate >0
2017-08-04 19:11:47,593 [82344] DEBUG SyncService-54267293 - LateFixedUpdate >0
2017-08-04 19:11:48,593 [82344] DEBUG SyncService-54267293 - LateFixedUpdate >0
2017-08-04 19:11:49,591 [82344] DEBUG SyncService-54267293 - LateFixedUpdate >0
2017-08-04 19:11:50,591 [82344] DEBUG SyncService-54267293 - LateFixedUpdate >0
2017-08-04 19:11:51,592 [82344] DEBUG SyncService-54267293 - LateFixedUpdate >0
2017-08-04 19:11:52,594 [82344] DEBUG SyncService-54267293 - LateFixedUpdate >0
2017-08-04 19:11:53,594 [82344] DEBUG SyncService-54267293 - LateFixedUpdate >0
2017-08-04 19:11:54,593 [82344] DEBUG SyncService-54267293 - LateFixedUpdate >0
2017-08-04 19:11:55,594 [82344] DEBUG SyncService-54267293 - LateFixedUpdate >0
2017-08-04 19:11:56,594 [82344] DEBUG SyncService-54267293 - LateFixedUpdate >0
2017-08-04 19:11:57,604 [82344] DEBUG SyncService-54267293 - LateFixedUpdate >0
2017-08-04 19:11:58,359 [71448] DEBUG SyncService-54267293 - SyncService RegisterSession
2017-08-04 19:11:58,368 [71448] DEBUG SyncService-54267293 - SyncService OnNewSessionConnected
2017-08-04 19:11:58,510 [82364] DEBUG SyncService-54267293 - OnSessionStarted 
2017-08-04 19:11:58,597 [82344] DEBUG SyncService-54267293 - LateFixedUpdate >1
2017-08-04 19:11:58,600 [82344] DEBUG SyncService-54267293 - PUSH Data 1
2017-08-04 19:11:58,600 [82344] DEBUG SyncService-54267293 - PUSH Data 2
2017-08-04 19:11:58,636 [82344] DEBUG SyncService-54267293 - PUSH Data content: {}
2017-08-04 19:11:58,640 [82344] DEBUG SyncService-54267293 - PUSH Data 2
2017-08-04 19:11:58,641 [82344] DEBUG SyncService-54267293 - PUSH Data content: {}
2017-08-04 19:11:59,599 [82344] DEBUG SyncService-54267293 - LateFixedUpdate >2
2017-08-04 19:12:00,598 [82344] DEBUG SyncService-54267293 - LateFixedUpdate >2
2017-08-04 19:12:00,644 [82364] DEBUG SyncService-54267293 - SyncService OnSessionClosed
2017-08-04 19:12:01,599 [82344] DEBUG SyncService-54267293 - LateFixedUpdate >2
2017-08-04 19:12:02,599 [82344] DEBUG SyncService-54267293 - LateFixedUpdate >2
2017-08-04 19:12:03,599 [82344] DEBUG SyncService-54267293 - LateFixedUpdate >2
2017-08-04 19:12:04,598 [82344] DEBUG SyncService-54267293 - LateFixedUpdate >2
2017-08-04 19:12:05,598 [82344] DEBUG SyncService-54267293 - LateFixedUpdate >2
2017-08-04 19:12:06,599 [82344] DEBUG SyncService-54267293 - LateFixedUpdate >2
2017-08-04 19:12:07,599 [82344] DEBUG SyncService-54267293 - LateFixedUpdate >2
