2017-09-27 17:25:53,226 [61220] ERROR DefaultBootstrap - Failed to create server instance LockStepDemo!
System.IO.FileNotFoundException: 未能加载文件或程序集“SuperSocket.QuickStart.TelnetServer_StartByConfig”或它的某一个依赖项。系统找不到指定的文件。
文件名:“SuperSocket.QuickStart.TelnetServer_StartByConfig”
   在 System.RuntimeTypeHandle.GetTypeByName(String name, Boolean throwOnError, Boolean ignoreCase, Boolean reflectionOnly, StackCrawlMarkHandle stackMark, IntPtr pPrivHostBinder, Boolean loadTypeFromPartialName, ObjectHandleOnStack type)
   在 System.RuntimeTypeHandle.GetTypeByName(String name, Boolean throwOnError, Boolean ignoreCase, Boolean reflectionOnly, StackCrawlMark& stackMark, IntPtr pPrivHostBinder, Boolean loadTypeFromPartialName)
   在 System.RuntimeType.GetType(String typeName, Boolean throwOnError, Boolean ignoreCase, Boolean reflectionOnly, StackCrawlMark& stackMark)
   在 System.Type.GetType(String typeName, Boolean throwOnError)
   在 SuperSocket.SocketEngine.DefaultBootstrap.CreateWorkItemInstance(String serviceTypeName, StatusInfoAttribute[] serverStatusMetadata)
   在 SuperSocket.SocketEngine.DefaultBootstrap.InitializeAndSetupWorkItem(WorkItemFactoryInfo factoryInfo)

=== 预绑定状态信息 ===
日志: DisplayName = SuperSocket.QuickStart.TelnetServer_StartByConfig
 (Partial)
警告: 为程序集提供了部分绑定信息:
警告: 程序集名称: SuperSocket.QuickStart.TelnetServer_StartByConfig | 域 ID: 1
警告: 当仅提供程序集显示名称的一部分时，将发生部分绑定。
警告: 这可能导致联编程序加载错误的程序集。
警告: 建议为程序集提供完全指定的文字标识，
警告: 并由简单名称、版本、区域性和公钥标记组成。
警告: 有关此问题的详细信息和常见解决方案，请参见白皮书 http://go.microsoft.com/fwlink/?LinkId=109270。
日志: Appbase = file:///F:/workTable/UnityProject/LockStepDemo/LockStepDemo/Server/LockStepDemo/bin/Debug/
日志: 初始 PrivatePath = NULL
调用程序集: SuperSocket.SocketEngine, Version=1.6.6.0, Culture=neutral, PublicKeyToken=6c80000676988ebb。
===
日志: 此绑定从 default 加载上下文开始。
日志: 正在使用应用程序配置文件: F:\workTable\UnityProject\LockStepDemo\LockStepDemo\Server\LockStepDemo\bin\Debug\LockStepDemo.exe.Config
日志: 使用主机配置文件: 
日志: 使用 C:\Windows\Microsoft.NET\Framework64\v4.0.30319\config\machine.config 的计算机配置文件。
日志: 此时没有为引用应用策略(私有、自定义、分部或基于位置的程序集绑定)。
日志: 尝试下载新的 URL file:///F:/workTable/UnityProject/LockStepDemo/LockStepDemo/Server/LockStepDemo/bin/Debug/SuperSocket.QuickStart.TelnetServer_StartByConfig.DLL。
日志: 尝试下载新的 URL file:///F:/workTable/UnityProject/LockStepDemo/LockStepDemo/Server/LockStepDemo/bin/Debug/SuperSocket.QuickStart.TelnetServer_StartByConfig/SuperSocket.QuickStart.TelnetServer_StartByConfig.DLL。
日志: 尝试下载新的 URL file:///F:/workTable/UnityProject/LockStepDemo/LockStepDemo/Server/LockStepDemo/bin/Debug/SuperSocket.QuickStart.TelnetServer_StartByConfig.EXE。
日志: 尝试下载新的 URL file:///F:/workTable/UnityProject/LockStepDemo/LockStepDemo/Server/LockStepDemo/bin/Debug/SuperSocket.QuickStart.TelnetServer_StartByConfig/SuperSocket.QuickStart.TelnetServer_StartByConfig.EXE。

2017-09-27 17:27:23,078 [50728] ERROR DefaultBootstrap - Failed to create server instance LockStepDemo!
System.TypeLoadException: 未能从程序集“SuperSocket.SocketEngine, Version=1.6.6.0, Culture=neutral, PublicKeyToken=6c80000676988ebb”中加载类型“SyncService”。
   在 System.RuntimeTypeHandle.GetTypeByName(String name, Boolean throwOnError, Boolean ignoreCase, Boolean reflectionOnly, StackCrawlMarkHandle stackMark, IntPtr pPrivHostBinder, Boolean loadTypeFromPartialName, ObjectHandleOnStack type)
   在 System.RuntimeTypeHandle.GetTypeByName(String name, Boolean throwOnError, Boolean ignoreCase, Boolean reflectionOnly, StackCrawlMark& stackMark, IntPtr pPrivHostBinder, Boolean loadTypeFromPartialName)
   在 System.RuntimeType.GetType(String typeName, Boolean throwOnError, Boolean ignoreCase, Boolean reflectionOnly, StackCrawlMark& stackMark)
   在 System.Type.GetType(String typeName, Boolean throwOnError)
   在 SuperSocket.SocketEngine.DefaultBootstrap.CreateWorkItemInstance(String serviceTypeName, StatusInfoAttribute[] serverStatusMetadata)
   在 SuperSocket.SocketEngine.DefaultBootstrap.InitializeAndSetupWorkItem(WorkItemFactoryInfo factoryInfo)
2017-09-27 17:28:35,308 [56612] ERROR DefaultBootstrap - Failed to create server instance LockStepDemo!
System.TypeLoadException: 未能从程序集“SuperSocket.SocketEngine, Version=1.6.6.0, Culture=neutral, PublicKeyToken=6c80000676988ebb”中加载类型“LockStepDemo.SyncService”。
   在 System.RuntimeTypeHandle.GetTypeByName(String name, Boolean throwOnError, Boolean ignoreCase, Boolean reflectionOnly, StackCrawlMarkHandle stackMark, IntPtr pPrivHostBinder, Boolean loadTypeFromPartialName, ObjectHandleOnStack type)
   在 System.RuntimeTypeHandle.GetTypeByName(String name, Boolean throwOnError, Boolean ignoreCase, Boolean reflectionOnly, StackCrawlMark& stackMark, IntPtr pPrivHostBinder, Boolean loadTypeFromPartialName)
   在 System.RuntimeType.GetType(String typeName, Boolean throwOnError, Boolean ignoreCase, Boolean reflectionOnly, StackCrawlMark& stackMark)
   在 System.Type.GetType(String typeName, Boolean throwOnError)
   在 SuperSocket.SocketEngine.DefaultBootstrap.CreateWorkItemInstance(String serviceTypeName, StatusInfoAttribute[] serverStatusMetadata)
   在 SuperSocket.SocketEngine.DefaultBootstrap.InitializeAndSetupWorkItem(WorkItemFactoryInfo factoryInfo)
2017-09-27 17:32:26,275 [62592] ERROR DefaultBootstrap - Failed to create server instance LockStepDemo!
System.IO.FileNotFoundException: 未能加载文件或程序集“LockStepDemo.SyncService”或它的某一个依赖项。系统找不到指定的文件。
文件名:“LockStepDemo.SyncService”
   在 System.RuntimeTypeHandle.GetTypeByName(String name, Boolean throwOnError, Boolean ignoreCase, Boolean reflectionOnly, StackCrawlMarkHandle stackMark, IntPtr pPrivHostBinder, Boolean loadTypeFromPartialName, ObjectHandleOnStack type)
   在 System.RuntimeTypeHandle.GetTypeByName(String name, Boolean throwOnError, Boolean ignoreCase, Boolean reflectionOnly, StackCrawlMark& stackMark, IntPtr pPrivHostBinder, Boolean loadTypeFromPartialName)
   在 System.RuntimeType.GetType(String typeName, Boolean throwOnError, Boolean ignoreCase, Boolean reflectionOnly, StackCrawlMark& stackMark)
   在 System.Type.GetType(String typeName, Boolean throwOnError)
   在 SuperSocket.SocketEngine.DefaultBootstrap.CreateWorkItemInstance(String serviceTypeName, StatusInfoAttribute[] serverStatusMetadata)
   在 SuperSocket.SocketEngine.DefaultBootstrap.InitializeAndSetupWorkItem(WorkItemFactoryInfo factoryInfo)

=== 预绑定状态信息 ===
日志: DisplayName = LockStepDemo.SyncService
 (Partial)
警告: 为程序集提供了部分绑定信息:
警告: 程序集名称: LockStepDemo.SyncService | 域 ID: 1
警告: 当仅提供程序集显示名称的一部分时，将发生部分绑定。
警告: 这可能导致联编程序加载错误的程序集。
警告: 建议为程序集提供完全指定的文字标识，
警告: 并由简单名称、版本、区域性和公钥标记组成。
警告: 有关此问题的详细信息和常见解决方案，请参见白皮书 http://go.microsoft.com/fwlink/?LinkId=109270。
日志: Appbase = file:///F:/workTable/UnityProject/LockStepDemo/LockStepDemo/Server/LockStepDemo/bin/Debug/
日志: 初始 PrivatePath = NULL
调用程序集: SuperSocket.SocketEngine, Version=1.6.6.0, Culture=neutral, PublicKeyToken=6c80000676988ebb。
===
日志: 此绑定从 default 加载上下文开始。
日志: 正在使用应用程序配置文件: F:\workTable\UnityProject\LockStepDemo\LockStepDemo\Server\LockStepDemo\bin\Debug\LockStepDemo.exe.Config
日志: 使用主机配置文件: 
日志: 使用 C:\Windows\Microsoft.NET\Framework64\v4.0.30319\config\machine.config 的计算机配置文件。
日志: 此时没有为引用应用策略(私有、自定义、分部或基于位置的程序集绑定)。
日志: 尝试下载新的 URL file:///F:/workTable/UnityProject/LockStepDemo/LockStepDemo/Server/LockStepDemo/bin/Debug/LockStepDemo.SyncService.DLL。
日志: 尝试下载新的 URL file:///F:/workTable/UnityProject/LockStepDemo/LockStepDemo/Server/LockStepDemo/bin/Debug/LockStepDemo.SyncService/LockStepDemo.SyncService.DLL。
日志: 尝试下载新的 URL file:///F:/workTable/UnityProject/LockStepDemo/LockStepDemo/Server/LockStepDemo/bin/Debug/LockStepDemo.SyncService.EXE。
日志: 尝试下载新的 URL file:///F:/workTable/UnityProject/LockStepDemo/LockStepDemo/Server/LockStepDemo/bin/Debug/LockStepDemo.SyncService/LockStepDemo.SyncService.EXE。

2017-09-27 17:32:49,843 [50552] ERROR DefaultBootstrap - Failed to create server instance LockStepDemo!
System.TypeLoadException: 未能从程序集“LockStepDemo”中加载类型“LockStepDemo.SyncService”。
   在 System.RuntimeTypeHandle.GetTypeByName(String name, Boolean throwOnError, Boolean ignoreCase, Boolean reflectionOnly, StackCrawlMarkHandle stackMark, IntPtr pPrivHostBinder, Boolean loadTypeFromPartialName, ObjectHandleOnStack type)
   在 System.RuntimeTypeHandle.GetTypeByName(String name, Boolean throwOnError, Boolean ignoreCase, Boolean reflectionOnly, StackCrawlMark& stackMark, IntPtr pPrivHostBinder, Boolean loadTypeFromPartialName)
   在 System.RuntimeType.GetType(String typeName, Boolean throwOnError, Boolean ignoreCase, Boolean reflectionOnly, StackCrawlMark& stackMark)
   在 System.Type.GetType(String typeName, Boolean throwOnError)
   在 SuperSocket.SocketEngine.DefaultBootstrap.CreateWorkItemInstance(String serviceTypeName, StatusInfoAttribute[] serverStatusMetadata)
   在 SuperSocket.SocketEngine.DefaultBootstrap.InitializeAndSetupWorkItem(WorkItemFactoryInfo factoryInfo)
