2017-08-17 18:08:35,428 [87156] ERROR SyncService-54267293 - UpdateWorld Exception：System.NullReferenceException: 未将对象引用设置到对象的实例。
   在 LockStepDemo.ServiceLogic.ConnectionComponent.GetForecast(Int32 frame) 位置 F:\workTable\UnityProject\LockStepDemo\LockStepDemo\Server\LockStepDemo\Service\ServiceLogic\Component\ConnectionComponent.cs:行号 46
   在 LockStepDemo.ServiceLogic.ConnectionComponent.GetCommand(Int32 frame) 位置 F:\workTable\UnityProject\LockStepDemo\LockStepDemo\Server\LockStepDemo\Service\ServiceLogic\Component\ConnectionComponent.cs:行号 38
   在 LockStepDemo.Service.ServiceLogic.System.PlayerInputSystem`1.NoRecalcBeforeFixedUpdate(Int32 deltaTime) 位置 F:\workTable\UnityProject\LockStepDemo\LockStepDemo\Server\LockStepDemo\Service\ServiceLogic\System\PlayerInputSystem.cs:行号 28
   在 WorldBase.NoRecalcBeforeFixedUpdate(Int32 deltaTime) 位置 F:\workTable\UnityProject\LockStepDemo\LockStepDemo\Server\LockStepDemo\ECS\WorldBase.cs:行号 168
   在 WorldBase.FixedLoop(Int32 deltaTime) 位置 F:\workTable\UnityProject\LockStepDemo\LockStepDemo\Server\LockStepDemo\ECS\WorldBase.cs:行号 125
   在 LockStepDemo.Service.UpdateEngine.UpdateWorld(Int32 deltaTime) 位置 F:\workTable\UnityProject\LockStepDemo\LockStepDemo\Server\LockStepDemo\Service\Game\UpdateEngine.cs:行号 66
2017-08-17 18:08:35,432 [87156] ERROR SyncService-54267293 - UpdateWorld Exception：System.NullReferenceException: 未将对象引用设置到对象的实例。
   在 LockStepDemo.ServiceLogic.ConnectionComponent.GetForecast(Int32 frame) 位置 F:\workTable\UnityProject\LockStepDemo\LockStepDemo\Server\LockStepDemo\Service\ServiceLogic\Component\ConnectionComponent.cs:行号 46
   在 LockStepDemo.ServiceLogic.ConnectionComponent.GetCommand(Int32 frame) 位置 F:\workTable\UnityProject\LockStepDemo\LockStepDemo\Server\LockStepDemo\Service\ServiceLogic\Component\ConnectionComponent.cs:行号 38
   在 LockStepDemo.Service.ServiceLogic.System.PlayerInputSystem`1.NoRecalcBeforeFixedUpdate(Int32 deltaTime) 位置 F:\workTable\UnityProject\LockStepDemo\LockStepDemo\Server\LockStepDemo\Service\ServiceLogic\System\PlayerInputSystem.cs:行号 28
   在 WorldBase.NoRecalcBeforeFixedUpdate(Int32 deltaTime) 位置 F:\workTable\UnityProject\LockStepDemo\LockStepDemo\Server\LockStepDemo\ECS\WorldBase.cs:行号 168
   在 WorldBase.FixedLoop(Int32 deltaTime) 位置 F:\workTable\UnityProject\LockStepDemo\LockStepDemo\Server\LockStepDemo\ECS\WorldBase.cs:行号 125
   在 LockStepDemo.Service.UpdateEngine.UpdateWorld(Int32 deltaTime) 位置 F:\workTable\UnityProject\LockStepDemo\LockStepDemo\Server\LockStepDemo\Service\Game\UpdateEngine.cs:行号 66
2017-08-17 18:15:49,464 [87156] ERROR SyncService-54267293 - UpdateWorld Exception：System.NullReferenceException: 未将对象引用设置到对象的实例。
   在 LockStepDemo.ServiceLogic.ConnectionComponent.GetForecast(Int32 frame) 位置 F:\workTable\UnityProject\LockStepDemo\LockStepDemo\Server\LockStepDemo\Service\ServiceLogic\Component\ConnectionComponent.cs:行号 46
   在 LockStepDemo.ServiceLogic.ConnectionComponent.GetCommand(Int32 frame) 位置 F:\workTable\UnityProject\LockStepDemo\LockStepDemo\Server\LockStepDemo\Service\ServiceLogic\Component\ConnectionComponent.cs:行号 38
   在 LockStepDemo.Service.ServiceLogic.System.PlayerInputSystem`1.NoRecalcBeforeFixedUpdate(Int32 deltaTime) 位置 F:\workTable\UnityProject\LockStepDemo\LockStepDemo\Server\LockStepDemo\Service\ServiceLogic\System\PlayerInputSystem.cs:行号 28
   在 WorldBase.NoRecalcBeforeFixedUpdate(Int32 deltaTime) 位置 F:\workTable\UnityProject\LockStepDemo\LockStepDemo\Server\LockStepDemo\ECS\WorldBase.cs:行号 168
   在 WorldBase.FixedLoop(Int32 deltaTime) 位置 F:\workTable\UnityProject\LockStepDemo\LockStepDemo\Server\LockStepDemo\ECS\WorldBase.cs:行号 125
   在 LockStepDemo.Service.UpdateEngine.UpdateWorld(Int32 deltaTime) 位置 F:\workTable\UnityProject\LockStepDemo\LockStepDemo\Server\LockStepDemo\Service\Game\UpdateEngine.cs:行号 66
2017-08-17 18:31:56,199 [87156] ERROR SyncService-54267293 - UpdateWorld Exception：System.NullReferenceException: 未将对象引用设置到对象的实例。
   在 LockStepDemo.ServiceLogic.ConnectionComponent.GetForecast(Int32 frame) 位置 F:\workTable\UnityProject\LockStepDemo\LockStepDemo\Server\LockStepDemo\Service\ServiceLogic\Component\ConnectionComponent.cs:行号 46
   在 LockStepDemo.ServiceLogic.ConnectionComponent.GetCommand(Int32 frame) 位置 F:\workTable\UnityProject\LockStepDemo\LockStepDemo\Server\LockStepDemo\Service\ServiceLogic\Component\ConnectionComponent.cs:行号 38
   在 LockStepDemo.Service.ServiceLogic.System.PlayerInputSystem`1.NoRecalcBeforeFixedUpdate(Int32 deltaTime) 位置 F:\workTable\UnityProject\LockStepDemo\LockStepDemo\Server\LockStepDemo\Service\ServiceLogic\System\PlayerInputSystem.cs:行号 28
   在 WorldBase.NoRecalcBeforeFixedUpdate(Int32 deltaTime) 位置 F:\workTable\UnityProject\LockStepDemo\LockStepDemo\Server\LockStepDemo\ECS\WorldBase.cs:行号 168
   在 WorldBase.FixedLoop(Int32 deltaTime) 位置 F:\workTable\UnityProject\LockStepDemo\LockStepDemo\Server\LockStepDemo\ECS\WorldBase.cs:行号 125
   在 LockStepDemo.Service.UpdateEngine.UpdateWorld(Int32 deltaTime) 位置 F:\workTable\UnityProject\LockStepDemo\LockStepDemo\Server\LockStepDemo\Service\Game\UpdateEngine.cs:行号 66
2017-08-17 18:35:48,354 [92820] ERROR SyncService-54267293 - UpdateWorld Exception：System.NullReferenceException: 未将对象引用设置到对象的实例。
   在 LockStepDemo.ServiceLogic.ConnectionComponent.GetForecast(Int32 frame) 位置 F:\workTable\UnityProject\LockStepDemo\LockStepDemo\Server\LockStepDemo\Service\ServiceLogic\Component\ConnectionComponent.cs:行号 46
   在 LockStepDemo.ServiceLogic.ConnectionComponent.GetCommand(Int32 frame) 位置 F:\workTable\UnityProject\LockStepDemo\LockStepDemo\Server\LockStepDemo\Service\ServiceLogic\Component\ConnectionComponent.cs:行号 38
   在 LockStepDemo.Service.ServiceLogic.System.PlayerInputSystem`1.NoRecalcBeforeFixedUpdate(Int32 deltaTime) 位置 F:\workTable\UnityProject\LockStepDemo\LockStepDemo\Server\LockStepDemo\Service\ServiceLogic\System\PlayerInputSystem.cs:行号 28
   在 WorldBase.NoRecalcBeforeFixedUpdate(Int32 deltaTime) 位置 F:\workTable\UnityProject\LockStepDemo\LockStepDemo\Server\LockStepDemo\ECS\WorldBase.cs:行号 168
   在 WorldBase.FixedLoop(Int32 deltaTime) 位置 F:\workTable\UnityProject\LockStepDemo\LockStepDemo\Server\LockStepDemo\ECS\WorldBase.cs:行号 125
   在 LockStepDemo.Service.UpdateEngine.UpdateWorld(Int32 deltaTime) 位置 F:\workTable\UnityProject\LockStepDemo\LockStepDemo\Server\LockStepDemo\Service\Game\UpdateEngine.cs:行号 66
