2017-09-29 16:01:52,705 [21800] ERROR LockStepDemo - 168 error: System.IndexOutOfRangeException: 索引超出了数组界限。
   在 System.Collections.Generic.List`1.RemoveAt(Int32 index)
   在 System.Collections.Generic.List`1.Remove(T item)
   在 CommandMessageService`1.ReceviceAffirmMsg(SyncSession session, AffirmMsg msg) 位置 F:\workTable\UnityProject\LockStepDemo\LockStepDemo\Server\LockStepDemo\Service\Game\CommandMessageService.cs:行号 78
2017-09-29 17:12:05,743 [13244] ERROR LockStepDemo - Send Messge Exception System.TimeoutException: The sending attempt timed out
   在 SuperSocket.SocketBase.AppSession`2.InternalSend(ArraySegment`1 segment)
   在 SuperSocket.SocketBase.AppSession`2.Send(Byte[] data, Int32 offset, Int32 length)
   在 LockStepDemo.SessionSendExpand.SendMsg(SyncSession session, String key, Dictionary`2 data) 位置 F:\workTable\UnityProject\LockStepDemo\LockStepDemo\Server\LockStepDemo\Protocol\ProtocolSendExpand.cs:行号 66
2017-09-29 17:12:31,817 [13244] ERROR LockStepDemo - Send Messge Exception System.TimeoutException: The sending attempt timed out
   在 SuperSocket.SocketBase.AppSession`2.InternalSend(ArraySegment`1 segment)
   在 SuperSocket.SocketBase.AppSession`2.Send(Byte[] data, Int32 offset, Int32 length)
   在 LockStepDemo.SessionSendExpand.SendMsg(SyncSession session, String key, Dictionary`2 data) 位置 F:\workTable\UnityProject\LockStepDemo\LockStepDemo\Server\LockStepDemo\Protocol\ProtocolSendExpand.cs:行号 66
2017-09-29 17:14:32,043 [10020] ERROR LockStepDemo - Session: 192.168.89.146:59785/192.168.89.146:59785
The session is refused because the it's ID already exists!
2017-09-29 17:32:41,285 [26296] ERROR LockStepDemo - 4 error: System.IndexOutOfRangeException: 索引超出了数组界限。
   在 System.Collections.Generic.List`1.RemoveAt(Int32 index)
   在 System.Collections.Generic.List`1.Remove(T item)
   在 CommandMessageService`1.ReceviceAffirmMsg(SyncSession session, AffirmMsg msg) 位置 F:\workTable\UnityProject\LockStepDemo\LockStepDemo\Server\LockStepDemo\Service\Game\CommandMessageService.cs:行号 78
2017-09-29 17:55:35,737 [24968] ERROR LockStepDemo - Send Messge Exception System.TimeoutException: The sending attempt timed out
   在 SuperSocket.SocketBase.AppSession`2.InternalSend(ArraySegment`1 segment)
   在 SuperSocket.SocketBase.AppSession`2.Send(Byte[] data, Int32 offset, Int32 length)
   在 LockStepDemo.SessionSendExpand.SendMsg(SyncSession session, String key, Dictionary`2 data) 位置 F:\workTable\UnityProject\LockStepDemo\LockStepDemo\Server\LockStepDemo\Protocol\ProtocolSendExpand.cs:行号 66
2017-09-29 17:55:35,775 [21392] ERROR LockStepDemo - Send Messge Exception System.TimeoutException: The sending attempt timed out
   在 SuperSocket.SocketBase.AppSession`2.InternalSend(ArraySegment`1 segment)
   在 SuperSocket.SocketBase.AppSession`2.Send(Byte[] data, Int32 offset, Int32 length)
   在 LockStepDemo.SessionSendExpand.SendMsg(SyncSession session, String key, Dictionary`2 data) 位置 F:\workTable\UnityProject\LockStepDemo\LockStepDemo\Server\LockStepDemo\Protocol\ProtocolSendExpand.cs:行号 66
2017-09-29 17:55:35,776 [17996] ERROR LockStepDemo - Send Messge Exception System.TimeoutException: The sending attempt timed out
   在 SuperSocket.SocketBase.AppSession`2.InternalSend(ArraySegment`1 segment)
   在 SuperSocket.SocketBase.AppSession`2.Send(Byte[] data, Int32 offset, Int32 length)
   在 LockStepDemo.SessionSendExpand.SendMsg(SyncSession session, String key, Dictionary`2 data) 位置 F:\workTable\UnityProject\LockStepDemo\LockStepDemo\Server\LockStepDemo\Protocol\ProtocolSendExpand.cs:行号 66
2017-09-29 17:55:42,034 [19844] ERROR LockStepDemo - Send Messge Exception System.TimeoutException: The sending attempt timed out
   在 SuperSocket.SocketBase.AppSession`2.InternalSend(ArraySegment`1 segment)
   在 SuperSocket.SocketBase.AppSession`2.Send(Byte[] data, Int32 offset, Int32 length)
   在 LockStepDemo.SessionSendExpand.SendMsg(SyncSession session, String key, Dictionary`2 data) 位置 F:\workTable\UnityProject\LockStepDemo\LockStepDemo\Server\LockStepDemo\Protocol\ProtocolSendExpand.cs:行号 66
2017-09-29 17:55:42,092 [26296] ERROR LockStepDemo - Send Messge Exception System.TimeoutException: The sending attempt timed out
   在 SuperSocket.SocketBase.AppSession`2.InternalSend(ArraySegment`1 segment)
   在 SuperSocket.SocketBase.AppSession`2.Send(Byte[] data, Int32 offset, Int32 length)
   在 LockStepDemo.SessionSendExpand.SendMsg(SyncSession session, String key, Dictionary`2 data) 位置 F:\workTable\UnityProject\LockStepDemo\LockStepDemo\Server\LockStepDemo\Protocol\ProtocolSendExpand.cs:行号 66
2017-09-29 17:55:42,097 [14476] ERROR LockStepDemo - Send Messge Exception System.TimeoutException: The sending attempt timed out
   在 SuperSocket.SocketBase.AppSession`2.InternalSend(ArraySegment`1 segment)
   在 SuperSocket.SocketBase.AppSession`2.Send(Byte[] data, Int32 offset, Int32 length)
   在 LockStepDemo.SessionSendExpand.SendMsg(SyncSession session, String key, Dictionary`2 data) 位置 F:\workTable\UnityProject\LockStepDemo\LockStepDemo\Server\LockStepDemo\Protocol\ProtocolSendExpand.cs:行号 66
2017-09-29 17:55:42,127 [26532] ERROR LockStepDemo - Send Messge Exception System.TimeoutException: The sending attempt timed out
   在 SuperSocket.SocketBase.AppSession`2.InternalSend(ArraySegment`1 segment)
   在 SuperSocket.SocketBase.AppSession`2.Send(Byte[] data, Int32 offset, Int32 length)
   在 LockStepDemo.SessionSendExpand.SendMsg(SyncSession session, String key, Dictionary`2 data) 位置 F:\workTable\UnityProject\LockStepDemo\LockStepDemo\Server\LockStepDemo\Protocol\ProtocolSendExpand.cs:行号 66
2017-09-29 17:55:42,143 [14988] ERROR LockStepDemo - Send Messge Exception System.TimeoutException: The sending attempt timed out
   在 SuperSocket.SocketBase.AppSession`2.InternalSend(ArraySegment`1 segment)
   在 SuperSocket.SocketBase.AppSession`2.Send(Byte[] data, Int32 offset, Int32 length)
   在 LockStepDemo.SessionSendExpand.SendMsg(SyncSession session, String key, Dictionary`2 data) 位置 F:\workTable\UnityProject\LockStepDemo\LockStepDemo\Server\LockStepDemo\Protocol\ProtocolSendExpand.cs:行号 66
2017-09-29 17:55:42,157 [17996] ERROR LockStepDemo - Send Messge Exception System.TimeoutException: The sending attempt timed out
   在 SuperSocket.SocketBase.AppSession`2.InternalSend(ArraySegment`1 segment)
   在 SuperSocket.SocketBase.AppSession`2.Send(Byte[] data, Int32 offset, Int32 length)
   在 LockStepDemo.SessionSendExpand.SendMsg(SyncSession session, String key, Dictionary`2 data) 位置 F:\workTable\UnityProject\LockStepDemo\LockStepDemo\Server\LockStepDemo\Protocol\ProtocolSendExpand.cs:行号 66
2017-09-29 17:55:48,742 [26600] ERROR LockStepDemo - Send Messge Exception System.TimeoutException: The sending attempt timed out
   在 SuperSocket.SocketBase.AppSession`2.InternalSend(ArraySegment`1 segment)
   在 SuperSocket.SocketBase.AppSession`2.Send(Byte[] data, Int32 offset, Int32 length)
   在 LockStepDemo.SessionSendExpand.SendMsg(SyncSession session, String key, Dictionary`2 data) 位置 F:\workTable\UnityProject\LockStepDemo\LockStepDemo\Server\LockStepDemo\Protocol\ProtocolSendExpand.cs:行号 66
2017-09-29 17:55:48,751 [26296] ERROR LockStepDemo - Send Messge Exception System.TimeoutException: The sending attempt timed out
   在 SuperSocket.SocketBase.AppSession`2.InternalSend(ArraySegment`1 segment)
   在 SuperSocket.SocketBase.AppSession`2.Send(Byte[] data, Int32 offset, Int32 length)
   在 LockStepDemo.SessionSendExpand.SendMsg(SyncSession session, String key, Dictionary`2 data) 位置 F:\workTable\UnityProject\LockStepDemo\LockStepDemo\Server\LockStepDemo\Protocol\ProtocolSendExpand.cs:行号 66
2017-09-29 17:55:58,251 [24968] ERROR LockStepDemo - Send Messge Exception System.TimeoutException: The sending attempt timed out
   在 SuperSocket.SocketBase.AppSession`2.InternalSend(ArraySegment`1 segment)
   在 SuperSocket.SocketBase.AppSession`2.Send(Byte[] data, Int32 offset, Int32 length)
   在 LockStepDemo.SessionSendExpand.SendMsg(SyncSession session, String key, Dictionary`2 data) 位置 F:\workTable\UnityProject\LockStepDemo\LockStepDemo\Server\LockStepDemo\Protocol\ProtocolSendExpand.cs:行号 66
2017-09-29 17:55:58,254 [308] ERROR LockStepDemo - Send Messge Exception System.TimeoutException: The sending attempt timed out
   在 SuperSocket.SocketBase.AppSession`2.InternalSend(ArraySegment`1 segment)
   在 SuperSocket.SocketBase.AppSession`2.Send(Byte[] data, Int32 offset, Int32 length)
   在 LockStepDemo.SessionSendExpand.SendMsg(SyncSession session, String key, Dictionary`2 data) 位置 F:\workTable\UnityProject\LockStepDemo\LockStepDemo\Server\LockStepDemo\Protocol\ProtocolSendExpand.cs:行号 66
2017-09-29 18:49:14,497 [25176] ERROR LockStepDemo - 15 error: System.IndexOutOfRangeException: 索引超出了数组界限。
   在 System.Collections.Generic.List`1.RemoveAt(Int32 index)
   在 System.Collections.Generic.List`1.Remove(T item)
   在 CommandMessageService`1.ReceviceAffirmMsg(SyncSession session, AffirmMsg msg) 位置 F:\workTable\UnityProject\LockStepDemo\LockStepDemo\Server\LockStepDemo\Service\Game\CommandMessageService.cs:行号 78
2017-09-29 19:03:06,095 [26872] ERROR LockStepDemo - 9 error: System.IndexOutOfRangeException: 索引超出了数组界限。
   在 System.Collections.Generic.List`1.RemoveAt(Int32 index)
   在 System.Collections.Generic.List`1.Remove(T item)
   在 CommandMessageService`1.ReceviceAffirmMsg(SyncSession session, AffirmMsg msg) 位置 F:\workTable\UnityProject\LockStepDemo\LockStepDemo\Server\LockStepDemo\Service\Game\CommandMessageService.cs:行号 78
2017-09-29 19:03:09,144 [20428] ERROR LockStepDemo - 15 error: System.ArgumentOutOfRangeException: 索引超出范围。必须为非负值并小于集合大小。
参数名: index
   在 System.ThrowHelper.ThrowArgumentOutOfRangeException(ExceptionArgument argument, ExceptionResource resource)
   在 System.Collections.Generic.List`1.RemoveAt(Int32 index)
   在 System.Collections.Generic.List`1.Remove(T item)
   在 CommandMessageService`1.ReceviceAffirmMsg(SyncSession session, AffirmMsg msg) 位置 F:\workTable\UnityProject\LockStepDemo\LockStepDemo\Server\LockStepDemo\Service\Game\CommandMessageService.cs:行号 78
2017-09-29 19:05:06,051 [7028] ERROR LockStepDemo - Send Messge Exception System.TimeoutException: The sending attempt timed out
   在 SuperSocket.SocketBase.AppSession`2.InternalSend(ArraySegment`1 segment)
   在 SuperSocket.SocketBase.AppSession`2.Send(Byte[] data, Int32 offset, Int32 length)
   在 LockStepDemo.SessionSendExpand.SendMsg(SyncSession session, String key, Dictionary`2 data) 位置 F:\workTable\UnityProject\LockStepDemo\LockStepDemo\Server\LockStepDemo\Protocol\ProtocolSendExpand.cs:行号 66
2017-09-29 19:05:06,085 [27092] ERROR LockStepDemo - Send Messge Exception System.TimeoutException: The sending attempt timed out
   在 SuperSocket.SocketBase.AppSession`2.InternalSend(ArraySegment`1 segment)
   在 SuperSocket.SocketBase.AppSession`2.Send(Byte[] data, Int32 offset, Int32 length)
   在 LockStepDemo.SessionSendExpand.SendMsg(SyncSession session, String key, Dictionary`2 data) 位置 F:\workTable\UnityProject\LockStepDemo\LockStepDemo\Server\LockStepDemo\Protocol\ProtocolSendExpand.cs:行号 66
2017-09-29 19:05:28,269 [20452] ERROR LockStepDemo - Send Messge Exception System.TimeoutException: The sending attempt timed out
   在 SuperSocket.SocketBase.AppSession`2.InternalSend(ArraySegment`1 segment)
   在 SuperSocket.SocketBase.AppSession`2.Send(Byte[] data, Int32 offset, Int32 length)
   在 LockStepDemo.SessionSendExpand.SendMsg(SyncSession session, String key, Dictionary`2 data) 位置 F:\workTable\UnityProject\LockStepDemo\LockStepDemo\Server\LockStepDemo\Protocol\ProtocolSendExpand.cs:行号 66
2017-09-29 19:05:28,276 [24772] ERROR LockStepDemo - Send Messge Exception System.TimeoutException: The sending attempt timed out
   在 SuperSocket.SocketBase.AppSession`2.InternalSend(ArraySegment`1 segment)
   在 SuperSocket.SocketBase.AppSession`2.Send(Byte[] data, Int32 offset, Int32 length)
   在 LockStepDemo.SessionSendExpand.SendMsg(SyncSession session, String key, Dictionary`2 data) 位置 F:\workTable\UnityProject\LockStepDemo\LockStepDemo\Server\LockStepDemo\Protocol\ProtocolSendExpand.cs:行号 66
2017-09-29 19:05:28,278 [13164] ERROR LockStepDemo - Send Messge Exception System.TimeoutException: The sending attempt timed out
   在 SuperSocket.SocketBase.AppSession`2.InternalSend(ArraySegment`1 segment)
   在 SuperSocket.SocketBase.AppSession`2.Send(Byte[] data, Int32 offset, Int32 length)
   在 LockStepDemo.SessionSendExpand.SendMsg(SyncSession session, String key, Dictionary`2 data) 位置 F:\workTable\UnityProject\LockStepDemo\LockStepDemo\Server\LockStepDemo\Protocol\ProtocolSendExpand.cs:行号 66
2017-09-29 19:05:28,279 [16564] ERROR LockStepDemo - Send Messge Exception System.TimeoutException: The sending attempt timed out
   在 SuperSocket.SocketBase.AppSession`2.InternalSend(ArraySegment`1 segment)
   在 SuperSocket.SocketBase.AppSession`2.Send(Byte[] data, Int32 offset, Int32 length)
   在 LockStepDemo.SessionSendExpand.SendMsg(SyncSession session, String key, Dictionary`2 data) 位置 F:\workTable\UnityProject\LockStepDemo\LockStepDemo\Server\LockStepDemo\Protocol\ProtocolSendExpand.cs:行号 66
2017-09-29 19:05:28,280 [26872] ERROR LockStepDemo - Send Messge Exception System.TimeoutException: The sending attempt timed out
   在 SuperSocket.SocketBase.AppSession`2.InternalSend(ArraySegment`1 segment)
   在 SuperSocket.SocketBase.AppSession`2.Send(Byte[] data, Int32 offset, Int32 length)
   在 LockStepDemo.SessionSendExpand.SendMsg(SyncSession session, String key, Dictionary`2 data) 位置 F:\workTable\UnityProject\LockStepDemo\LockStepDemo\Server\LockStepDemo\Protocol\ProtocolSendExpand.cs:行号 66
2017-09-29 19:05:28,282 [27044] ERROR LockStepDemo - Send Messge Exception System.TimeoutException: The sending attempt timed out
   在 SuperSocket.SocketBase.AppSession`2.InternalSend(ArraySegment`1 segment)
   在 SuperSocket.SocketBase.AppSession`2.Send(Byte[] data, Int32 offset, Int32 length)
   在 LockStepDemo.SessionSendExpand.SendMsg(SyncSession session, String key, Dictionary`2 data) 位置 F:\workTable\UnityProject\LockStepDemo\LockStepDemo\Server\LockStepDemo\Protocol\ProtocolSendExpand.cs:行号 66
2017-09-29 19:05:28,284 [27092] ERROR LockStepDemo - Send Messge Exception System.TimeoutException: The sending attempt timed out
   在 SuperSocket.SocketBase.AppSession`2.InternalSend(ArraySegment`1 segment)
   在 SuperSocket.SocketBase.AppSession`2.Send(Byte[] data, Int32 offset, Int32 length)
   在 LockStepDemo.SessionSendExpand.SendMsg(SyncSession session, String key, Dictionary`2 data) 位置 F:\workTable\UnityProject\LockStepDemo\LockStepDemo\Server\LockStepDemo\Protocol\ProtocolSendExpand.cs:行号 66
2017-09-29 19:05:28,285 [7028] ERROR LockStepDemo - Send Messge Exception System.TimeoutException: The sending attempt timed out
   在 SuperSocket.SocketBase.AppSession`2.InternalSend(ArraySegment`1 segment)
   在 SuperSocket.SocketBase.AppSession`2.Send(Byte[] data, Int32 offset, Int32 length)
   在 LockStepDemo.SessionSendExpand.SendMsg(SyncSession session, String key, Dictionary`2 data) 位置 F:\workTable\UnityProject\LockStepDemo\LockStepDemo\Server\LockStepDemo\Protocol\ProtocolSendExpand.cs:行号 66
2017-09-29 19:05:28,286 [26028] ERROR LockStepDemo - Send Messge Exception System.TimeoutException: The sending attempt timed out
   在 SuperSocket.SocketBase.AppSession`2.InternalSend(ArraySegment`1 segment)
   在 SuperSocket.SocketBase.AppSession`2.Send(Byte[] data, Int32 offset, Int32 length)
   在 LockStepDemo.SessionSendExpand.SendMsg(SyncSession session, String key, Dictionary`2 data) 位置 F:\workTable\UnityProject\LockStepDemo\LockStepDemo\Server\LockStepDemo\Protocol\ProtocolSendExpand.cs:行号 66
2017-09-29 19:06:08,349 [13164] ERROR LockStepDemo - Send Messge Exception System.TimeoutException: The sending attempt timed out
   在 SuperSocket.SocketBase.AppSession`2.InternalSend(ArraySegment`1 segment)
   在 SuperSocket.SocketBase.AppSession`2.Send(Byte[] data, Int32 offset, Int32 length)
   在 LockStepDemo.SessionSendExpand.SendMsg(SyncSession session, String key, Dictionary`2 data) 位置 F:\workTable\UnityProject\LockStepDemo\LockStepDemo\Server\LockStepDemo\Protocol\ProtocolSendExpand.cs:行号 66
2017-09-29 19:06:16,827 [26872] ERROR LockStepDemo - Send Messge Exception System.TimeoutException: The sending attempt timed out
   在 SuperSocket.SocketBase.AppSession`2.InternalSend(ArraySegment`1 segment)
   在 SuperSocket.SocketBase.AppSession`2.Send(Byte[] data, Int32 offset, Int32 length)
   在 LockStepDemo.SessionSendExpand.SendMsg(SyncSession session, String key, Dictionary`2 data) 位置 F:\workTable\UnityProject\LockStepDemo\LockStepDemo\Server\LockStepDemo\Protocol\ProtocolSendExpand.cs:行号 66
2017-09-29 19:06:16,831 [27044] ERROR LockStepDemo - Send Messge Exception System.TimeoutException: The sending attempt timed out
   在 SuperSocket.SocketBase.AppSession`2.InternalSend(ArraySegment`1 segment)
   在 SuperSocket.SocketBase.AppSession`2.Send(Byte[] data, Int32 offset, Int32 length)
   在 LockStepDemo.SessionSendExpand.SendMsg(SyncSession session, String key, Dictionary`2 data) 位置 F:\workTable\UnityProject\LockStepDemo\LockStepDemo\Server\LockStepDemo\Protocol\ProtocolSendExpand.cs:行号 66
2017-09-29 19:06:54,396 [20452] ERROR LockStepDemo - Send Messge Exception System.TimeoutException: The sending attempt timed out
   在 SuperSocket.SocketBase.AppSession`2.InternalSend(ArraySegment`1 segment)
   在 SuperSocket.SocketBase.AppSession`2.Send(Byte[] data, Int32 offset, Int32 length)
   在 LockStepDemo.SessionSendExpand.SendMsg(SyncSession session, String key, Dictionary`2 data) 位置 F:\workTable\UnityProject\LockStepDemo\LockStepDemo\Server\LockStepDemo\Protocol\ProtocolSendExpand.cs:行号 66
2017-09-29 19:07:01,310 [16564] ERROR LockStepDemo - Send Messge Exception System.TimeoutException: The sending attempt timed out
   在 SuperSocket.SocketBase.AppSession`2.InternalSend(ArraySegment`1 segment)
   在 SuperSocket.SocketBase.AppSession`2.Send(Byte[] data, Int32 offset, Int32 length)
   在 LockStepDemo.SessionSendExpand.SendMsg(SyncSession session, String key, Dictionary`2 data) 位置 F:\workTable\UnityProject\LockStepDemo\LockStepDemo\Server\LockStepDemo\Protocol\ProtocolSendExpand.cs:行号 66
2017-09-29 19:07:01,325 [27044] ERROR LockStepDemo - Send Messge Exception System.TimeoutException: The sending attempt timed out
   在 SuperSocket.SocketBase.AppSession`2.InternalSend(ArraySegment`1 segment)
   在 SuperSocket.SocketBase.AppSession`2.Send(Byte[] data, Int32 offset, Int32 length)
   在 LockStepDemo.SessionSendExpand.SendMsg(SyncSession session, String key, Dictionary`2 data) 位置 F:\workTable\UnityProject\LockStepDemo\LockStepDemo\Server\LockStepDemo\Protocol\ProtocolSendExpand.cs:行号 66
2017-09-29 19:07:01,327 [21624] ERROR LockStepDemo - Send Messge Exception System.TimeoutException: The sending attempt timed out
   在 SuperSocket.SocketBase.AppSession`2.InternalSend(ArraySegment`1 segment)
   在 SuperSocket.SocketBase.AppSession`2.Send(Byte[] data, Int32 offset, Int32 length)
   在 LockStepDemo.SessionSendExpand.SendMsg(SyncSession session, String key, Dictionary`2 data) 位置 F:\workTable\UnityProject\LockStepDemo\LockStepDemo\Server\LockStepDemo\Protocol\ProtocolSendExpand.cs:行号 66
2017-09-29 19:07:01,331 [1128] ERROR LockStepDemo - Send Messge Exception System.TimeoutException: The sending attempt timed out
   在 SuperSocket.SocketBase.AppSession`2.InternalSend(ArraySegment`1 segment)
   在 SuperSocket.SocketBase.AppSession`2.Send(Byte[] data, Int32 offset, Int32 length)
   在 LockStepDemo.SessionSendExpand.SendMsg(SyncSession session, String key, Dictionary`2 data) 位置 F:\workTable\UnityProject\LockStepDemo\LockStepDemo\Server\LockStepDemo\Protocol\ProtocolSendExpand.cs:行号 66
2017-09-29 19:07:01,335 [7028] ERROR LockStepDemo - Send Messge Exception System.TimeoutException: The sending attempt timed out
   在 SuperSocket.SocketBase.AppSession`2.InternalSend(ArraySegment`1 segment)
   在 SuperSocket.SocketBase.AppSession`2.Send(Byte[] data, Int32 offset, Int32 length)
   在 LockStepDemo.SessionSendExpand.SendMsg(SyncSession session, String key, Dictionary`2 data) 位置 F:\workTable\UnityProject\LockStepDemo\LockStepDemo\Server\LockStepDemo\Protocol\ProtocolSendExpand.cs:行号 66
2017-09-29 19:07:01,341 [26872] ERROR LockStepDemo - Send Messge Exception System.TimeoutException: The sending attempt timed out
   在 SuperSocket.SocketBase.AppSession`2.InternalSend(ArraySegment`1 segment)
   在 SuperSocket.SocketBase.AppSession`2.Send(Byte[] data, Int32 offset, Int32 length)
   在 LockStepDemo.SessionSendExpand.SendMsg(SyncSession session, String key, Dictionary`2 data) 位置 F:\workTable\UnityProject\LockStepDemo\LockStepDemo\Server\LockStepDemo\Protocol\ProtocolSendExpand.cs:行号 66
2017-09-29 19:07:01,342 [16664] ERROR LockStepDemo - Send Messge Exception System.TimeoutException: The sending attempt timed out
   在 SuperSocket.SocketBase.AppSession`2.InternalSend(ArraySegment`1 segment)
   在 SuperSocket.SocketBase.AppSession`2.Send(Byte[] data, Int32 offset, Int32 length)
   在 LockStepDemo.SessionSendExpand.SendMsg(SyncSession session, String key, Dictionary`2 data) 位置 F:\workTable\UnityProject\LockStepDemo\LockStepDemo\Server\LockStepDemo\Protocol\ProtocolSendExpand.cs:行号 66
2017-09-29 19:07:10,294 [7028] ERROR LockStepDemo - Send Messge Exception System.TimeoutException: The sending attempt timed out
   在 SuperSocket.SocketBase.AppSession`2.InternalSend(ArraySegment`1 segment)
   在 SuperSocket.SocketBase.AppSession`2.Send(Byte[] data, Int32 offset, Int32 length)
   在 LockStepDemo.SessionSendExpand.SendMsg(SyncSession session, String key, Dictionary`2 data) 位置 F:\workTable\UnityProject\LockStepDemo\LockStepDemo\Server\LockStepDemo\Protocol\ProtocolSendExpand.cs:行号 66
2017-09-29 19:07:10,312 [26872] ERROR LockStepDemo - Send Messge Exception System.TimeoutException: The sending attempt timed out
   在 SuperSocket.SocketBase.AppSession`2.InternalSend(ArraySegment`1 segment)
   在 SuperSocket.SocketBase.AppSession`2.Send(Byte[] data, Int32 offset, Int32 length)
   在 LockStepDemo.SessionSendExpand.SendMsg(SyncSession session, String key, Dictionary`2 data) 位置 F:\workTable\UnityProject\LockStepDemo\LockStepDemo\Server\LockStepDemo\Protocol\ProtocolSendExpand.cs:行号 66
2017-09-29 19:07:10,320 [16564] ERROR LockStepDemo - Send Messge Exception System.TimeoutException: The sending attempt timed out
   在 SuperSocket.SocketBase.AppSession`2.InternalSend(ArraySegment`1 segment)
   在 SuperSocket.SocketBase.AppSession`2.Send(Byte[] data, Int32 offset, Int32 length)
   在 LockStepDemo.SessionSendExpand.SendMsg(SyncSession session, String key, Dictionary`2 data) 位置 F:\workTable\UnityProject\LockStepDemo\LockStepDemo\Server\LockStepDemo\Protocol\ProtocolSendExpand.cs:行号 66
2017-09-29 19:07:10,356 [21624] ERROR LockStepDemo - Send Messge Exception System.TimeoutException: The sending attempt timed out
   在 SuperSocket.SocketBase.AppSession`2.InternalSend(ArraySegment`1 segment)
   在 SuperSocket.SocketBase.AppSession`2.Send(Byte[] data, Int32 offset, Int32 length)
   在 LockStepDemo.SessionSendExpand.SendMsg(SyncSession session, String key, Dictionary`2 data) 位置 F:\workTable\UnityProject\LockStepDemo\LockStepDemo\Server\LockStepDemo\Protocol\ProtocolSendExpand.cs:行号 66
2017-09-29 19:07:10,357 [27044] ERROR LockStepDemo - Send Messge Exception System.TimeoutException: The sending attempt timed out
   在 SuperSocket.SocketBase.AppSession`2.InternalSend(ArraySegment`1 segment)
   在 SuperSocket.SocketBase.AppSession`2.Send(Byte[] data, Int32 offset, Int32 length)
   在 LockStepDemo.SessionSendExpand.SendMsg(SyncSession session, String key, Dictionary`2 data) 位置 F:\workTable\UnityProject\LockStepDemo\LockStepDemo\Server\LockStepDemo\Protocol\ProtocolSendExpand.cs:行号 66
2017-09-29 19:08:18,139 [27044] ERROR LockStepDemo - Send Messge Exception System.TimeoutException: The sending attempt timed out
   在 SuperSocket.SocketBase.AppSession`2.InternalSend(ArraySegment`1 segment)
   在 SuperSocket.SocketBase.AppSession`2.Send(Byte[] data, Int32 offset, Int32 length)
   在 LockStepDemo.SessionSendExpand.SendMsg(SyncSession session, String key, Dictionary`2 data) 位置 F:\workTable\UnityProject\LockStepDemo\LockStepDemo\Server\LockStepDemo\Protocol\ProtocolSendExpand.cs:行号 66
2017-09-29 19:08:27,561 [21624] ERROR LockStepDemo - Send Messge Exception System.TimeoutException: The sending attempt timed out
   在 SuperSocket.SocketBase.AppSession`2.InternalSend(ArraySegment`1 segment)
   在 SuperSocket.SocketBase.AppSession`2.Send(Byte[] data, Int32 offset, Int32 length)
   在 LockStepDemo.SessionSendExpand.SendMsg(SyncSession session, String key, Dictionary`2 data) 位置 F:\workTable\UnityProject\LockStepDemo\LockStepDemo\Server\LockStepDemo\Protocol\ProtocolSendExpand.cs:行号 66
2017-09-29 19:08:18,188 [16564] ERROR LockStepDemo - Send Messge Exception System.TimeoutException: The sending attempt timed out
   在 SuperSocket.SocketBase.AppSession`2.InternalSend(ArraySegment`1 segment)
   在 SuperSocket.SocketBase.AppSession`2.Send(Byte[] data, Int32 offset, Int32 length)
   在 LockStepDemo.SessionSendExpand.SendMsg(SyncSession session, String key, Dictionary`2 data) 位置 F:\workTable\UnityProject\LockStepDemo\LockStepDemo\Server\LockStepDemo\Protocol\ProtocolSendExpand.cs:行号 66
2017-09-29 19:08:27,572 [26872] ERROR LockStepDemo - Send Messge Exception System.TimeoutException: The sending attempt timed out
   在 SuperSocket.SocketBase.AppSession`2.InternalSend(ArraySegment`1 segment)
   在 SuperSocket.SocketBase.AppSession`2.Send(Byte[] data, Int32 offset, Int32 length)
   在 LockStepDemo.SessionSendExpand.SendMsg(SyncSession session, String key, Dictionary`2 data) 位置 F:\workTable\UnityProject\LockStepDemo\LockStepDemo\Server\LockStepDemo\Protocol\ProtocolSendExpand.cs:行号 66
2017-09-29 19:08:27,578 [26028] ERROR LockStepDemo - Send Messge Exception System.TimeoutException: The sending attempt timed out
   在 SuperSocket.SocketBase.AppSession`2.InternalSend(ArraySegment`1 segment)
   在 SuperSocket.SocketBase.AppSession`2.Send(Byte[] data, Int32 offset, Int32 length)
   在 LockStepDemo.SessionSendExpand.SendMsg(SyncSession session, String key, Dictionary`2 data) 位置 F:\workTable\UnityProject\LockStepDemo\LockStepDemo\Server\LockStepDemo\Protocol\ProtocolSendExpand.cs:行号 66
2017-09-29 19:08:27,594 [16664] ERROR LockStepDemo - Send Messge Exception System.TimeoutException: The sending attempt timed out
   在 SuperSocket.SocketBase.AppSession`2.InternalSend(ArraySegment`1 segment)
   在 SuperSocket.SocketBase.AppSession`2.Send(Byte[] data, Int32 offset, Int32 length)
   在 LockStepDemo.SessionSendExpand.SendMsg(SyncSession session, String key, Dictionary`2 data) 位置 F:\workTable\UnityProject\LockStepDemo\LockStepDemo\Server\LockStepDemo\Protocol\ProtocolSendExpand.cs:行号 66
2017-09-29 19:08:37,504 [22728] ERROR LockStepDemo - Send Messge Exception System.TimeoutException: The sending attempt timed out
   在 SuperSocket.SocketBase.AppSession`2.InternalSend(ArraySegment`1 segment)
   在 SuperSocket.SocketBase.AppSession`2.Send(Byte[] data, Int32 offset, Int32 length)
   在 LockStepDemo.SessionSendExpand.SendMsg(SyncSession session, String key, Dictionary`2 data) 位置 F:\workTable\UnityProject\LockStepDemo\LockStepDemo\Server\LockStepDemo\Protocol\ProtocolSendExpand.cs:行号 66
2017-09-29 19:08:37,519 [1128] ERROR LockStepDemo - Send Messge Exception System.TimeoutException: The sending attempt timed out
   在 SuperSocket.SocketBase.AppSession`2.InternalSend(ArraySegment`1 segment)
   在 SuperSocket.SocketBase.AppSession`2.Send(Byte[] data, Int32 offset, Int32 length)
   在 LockStepDemo.SessionSendExpand.SendMsg(SyncSession session, String key, Dictionary`2 data) 位置 F:\workTable\UnityProject\LockStepDemo\LockStepDemo\Server\LockStepDemo\Protocol\ProtocolSendExpand.cs:行号 66
2017-09-29 19:08:44,184 [13164] ERROR LockStepDemo - Send Messge Exception System.TimeoutException: The sending attempt timed out
   在 SuperSocket.SocketBase.AppSession`2.InternalSend(ArraySegment`1 segment)
   在 SuperSocket.SocketBase.AppSession`2.Send(Byte[] data, Int32 offset, Int32 length)
   在 LockStepDemo.SessionSendExpand.SendMsg(SyncSession session, String key, Dictionary`2 data) 位置 F:\workTable\UnityProject\LockStepDemo\LockStepDemo\Server\LockStepDemo\Protocol\ProtocolSendExpand.cs:行号 66
2017-09-29 19:08:44,270 [7028] ERROR LockStepDemo - Send Messge Exception System.TimeoutException: The sending attempt timed out
   在 SuperSocket.SocketBase.AppSession`2.InternalSend(ArraySegment`1 segment)
   在 SuperSocket.SocketBase.AppSession`2.Send(Byte[] data, Int32 offset, Int32 length)
   在 LockStepDemo.SessionSendExpand.SendMsg(SyncSession session, String key, Dictionary`2 data) 位置 F:\workTable\UnityProject\LockStepDemo\LockStepDemo\Server\LockStepDemo\Protocol\ProtocolSendExpand.cs:行号 66
2017-09-29 19:08:51,097 [16564] ERROR LockStepDemo - Send Messge Exception System.TimeoutException: The sending attempt timed out
   在 SuperSocket.SocketBase.AppSession`2.InternalSend(ArraySegment`1 segment)
   在 SuperSocket.SocketBase.AppSession`2.Send(Byte[] data, Int32 offset, Int32 length)
   在 LockStepDemo.SessionSendExpand.SendMsg(SyncSession session, String key, Dictionary`2 data) 位置 F:\workTable\UnityProject\LockStepDemo\LockStepDemo\Server\LockStepDemo\Protocol\ProtocolSendExpand.cs:行号 66
2017-09-29 19:08:51,100 [26872] ERROR LockStepDemo - Send Messge Exception System.TimeoutException: The sending attempt timed out
   在 SuperSocket.SocketBase.AppSession`2.InternalSend(ArraySegment`1 segment)
   在 SuperSocket.SocketBase.AppSession`2.Send(Byte[] data, Int32 offset, Int32 length)
   在 LockStepDemo.SessionSendExpand.SendMsg(SyncSession session, String key, Dictionary`2 data) 位置 F:\workTable\UnityProject\LockStepDemo\LockStepDemo\Server\LockStepDemo\Protocol\ProtocolSendExpand.cs:行号 66
2017-09-29 19:08:51,104 [20452] ERROR LockStepDemo - Send Messge Exception System.TimeoutException: The sending attempt timed out
   在 SuperSocket.SocketBase.AppSession`2.InternalSend(ArraySegment`1 segment)
   在 SuperSocket.SocketBase.AppSession`2.Send(Byte[] data, Int32 offset, Int32 length)
   在 LockStepDemo.SessionSendExpand.SendMsg(SyncSession session, String key, Dictionary`2 data) 位置 F:\workTable\UnityProject\LockStepDemo\LockStepDemo\Server\LockStepDemo\Protocol\ProtocolSendExpand.cs:行号 66
2017-09-29 19:08:51,158 [4472] ERROR LockStepDemo - Send Messge Exception System.TimeoutException: The sending attempt timed out
   在 SuperSocket.SocketBase.AppSession`2.InternalSend(ArraySegment`1 segment)
   在 SuperSocket.SocketBase.AppSession`2.Send(Byte[] data, Int32 offset, Int32 length)
   在 LockStepDemo.SessionSendExpand.SendMsg(SyncSession session, String key, Dictionary`2 data) 位置 F:\workTable\UnityProject\LockStepDemo\LockStepDemo\Server\LockStepDemo\Protocol\ProtocolSendExpand.cs:行号 66
2017-09-29 19:08:57,959 [13164] ERROR LockStepDemo - Send Messge Exception System.TimeoutException: The sending attempt timed out
   在 SuperSocket.SocketBase.AppSession`2.InternalSend(ArraySegment`1 segment)
   在 SuperSocket.SocketBase.AppSession`2.Send(Byte[] data, Int32 offset, Int32 length)
   在 LockStepDemo.SessionSendExpand.SendMsg(SyncSession session, String key, Dictionary`2 data) 位置 F:\workTable\UnityProject\LockStepDemo\LockStepDemo\Server\LockStepDemo\Protocol\ProtocolSendExpand.cs:行号 66
2017-09-29 19:08:57,964 [22728] ERROR LockStepDemo - Send Messge Exception System.TimeoutException: The sending attempt timed out
   在 SuperSocket.SocketBase.AppSession`2.InternalSend(ArraySegment`1 segment)
   在 SuperSocket.SocketBase.AppSession`2.Send(Byte[] data, Int32 offset, Int32 length)
   在 LockStepDemo.SessionSendExpand.SendMsg(SyncSession session, String key, Dictionary`2 data) 位置 F:\workTable\UnityProject\LockStepDemo\LockStepDemo\Server\LockStepDemo\Protocol\ProtocolSendExpand.cs:行号 66
2017-09-29 19:08:57,968 [1128] ERROR LockStepDemo - Send Messge Exception System.TimeoutException: The sending attempt timed out
   在 SuperSocket.SocketBase.AppSession`2.InternalSend(ArraySegment`1 segment)
   在 SuperSocket.SocketBase.AppSession`2.Send(Byte[] data, Int32 offset, Int32 length)
   在 LockStepDemo.SessionSendExpand.SendMsg(SyncSession session, String key, Dictionary`2 data) 位置 F:\workTable\UnityProject\LockStepDemo\LockStepDemo\Server\LockStepDemo\Protocol\ProtocolSendExpand.cs:行号 66
2017-09-29 19:09:04,878 [13164] ERROR LockStepDemo - Send Messge Exception System.TimeoutException: The sending attempt timed out
   在 SuperSocket.SocketBase.AppSession`2.InternalSend(ArraySegment`1 segment)
   在 SuperSocket.SocketBase.AppSession`2.Send(Byte[] data, Int32 offset, Int32 length)
   在 LockStepDemo.SessionSendExpand.SendMsg(SyncSession session, String key, Dictionary`2 data) 位置 F:\workTable\UnityProject\LockStepDemo\LockStepDemo\Server\LockStepDemo\Protocol\ProtocolSendExpand.cs:行号 66
2017-09-29 19:12:59,254 [25696] ERROR LockStepDemo - Send Messge Exception System.TimeoutException: The sending attempt timed out
   在 SuperSocket.SocketBase.AppSession`2.InternalSend(ArraySegment`1 segment)
   在 SuperSocket.SocketBase.AppSession`2.Send(Byte[] data, Int32 offset, Int32 length)
   在 LockStepDemo.SessionSendExpand.SendMsg(SyncSession session, String key, Dictionary`2 data) 位置 F:\workTable\UnityProject\LockStepDemo\LockStepDemo\Server\LockStepDemo\Protocol\ProtocolSendExpand.cs:行号 66
2017-09-29 19:13:18,418 [21844] ERROR LockStepDemo - Send Messge Exception System.TimeoutException: The sending attempt timed out
   在 SuperSocket.SocketBase.AppSession`2.InternalSend(ArraySegment`1 segment)
   在 SuperSocket.SocketBase.AppSession`2.Send(Byte[] data, Int32 offset, Int32 length)
   在 LockStepDemo.SessionSendExpand.SendMsg(SyncSession session, String key, Dictionary`2 data) 位置 F:\workTable\UnityProject\LockStepDemo\LockStepDemo\Server\LockStepDemo\Protocol\ProtocolSendExpand.cs:行号 66
2017-09-29 19:15:19,805 [824] ERROR LockStepDemo - Send Messge Exception System.TimeoutException: The sending attempt timed out
   在 SuperSocket.SocketBase.AppSession`2.InternalSend(ArraySegment`1 segment)
   在 SuperSocket.SocketBase.AppSession`2.Send(Byte[] data, Int32 offset, Int32 length)
   在 LockStepDemo.SessionSendExpand.SendMsg(SyncSession session, String key, Dictionary`2 data) 位置 F:\workTable\UnityProject\LockStepDemo\LockStepDemo\Server\LockStepDemo\Protocol\ProtocolSendExpand.cs:行号 66
2017-09-29 19:15:37,532 [10204] ERROR LockStepDemo - Send Messge Exception System.TimeoutException: The sending attempt timed out
   在 SuperSocket.SocketBase.AppSession`2.InternalSend(ArraySegment`1 segment)
   在 SuperSocket.SocketBase.AppSession`2.Send(Byte[] data, Int32 offset, Int32 length)
   在 LockStepDemo.SessionSendExpand.SendMsg(SyncSession session, String key, Dictionary`2 data) 位置 F:\workTable\UnityProject\LockStepDemo\LockStepDemo\Server\LockStepDemo\Protocol\ProtocolSendExpand.cs:行号 66
2017-09-29 19:15:37,571 [20452] ERROR LockStepDemo - Send Messge Exception System.TimeoutException: The sending attempt timed out
   在 SuperSocket.SocketBase.AppSession`2.InternalSend(ArraySegment`1 segment)
   在 SuperSocket.SocketBase.AppSession`2.Send(Byte[] data, Int32 offset, Int32 length)
   在 LockStepDemo.SessionSendExpand.SendMsg(SyncSession session, String key, Dictionary`2 data) 位置 F:\workTable\UnityProject\LockStepDemo\LockStepDemo\Server\LockStepDemo\Protocol\ProtocolSendExpand.cs:行号 66
2017-09-29 19:16:03,291 [10524] ERROR LockStepDemo - Send Messge Exception System.TimeoutException: The sending attempt timed out
   在 SuperSocket.SocketBase.AppSession`2.InternalSend(ArraySegment`1 segment)
   在 SuperSocket.SocketBase.AppSession`2.Send(Byte[] data, Int32 offset, Int32 length)
   在 LockStepDemo.SessionSendExpand.SendMsg(SyncSession session, String key, Dictionary`2 data) 位置 F:\workTable\UnityProject\LockStepDemo\LockStepDemo\Server\LockStepDemo\Protocol\ProtocolSendExpand.cs:行号 66
2017-09-29 19:16:03,306 [1128] ERROR LockStepDemo - Send Messge Exception System.TimeoutException: The sending attempt timed out
   在 SuperSocket.SocketBase.AppSession`2.InternalSend(ArraySegment`1 segment)
   在 SuperSocket.SocketBase.AppSession`2.Send(Byte[] data, Int32 offset, Int32 length)
   在 LockStepDemo.SessionSendExpand.SendMsg(SyncSession session, String key, Dictionary`2 data) 位置 F:\workTable\UnityProject\LockStepDemo\LockStepDemo\Server\LockStepDemo\Protocol\ProtocolSendExpand.cs:行号 66
2017-09-29 19:16:23,110 [19756] ERROR LockStepDemo - Send Messge Exception System.TimeoutException: The sending attempt timed out
   在 SuperSocket.SocketBase.AppSession`2.InternalSend(ArraySegment`1 segment)
   在 SuperSocket.SocketBase.AppSession`2.Send(Byte[] data, Int32 offset, Int32 length)
   在 LockStepDemo.SessionSendExpand.SendMsg(SyncSession session, String key, Dictionary`2 data) 位置 F:\workTable\UnityProject\LockStepDemo\LockStepDemo\Server\LockStepDemo\Protocol\ProtocolSendExpand.cs:行号 66
2017-09-29 19:18:06,025 [23156] ERROR LockStepDemo - Send Messge Exception System.TimeoutException: The sending attempt timed out
   在 SuperSocket.SocketBase.AppSession`2.InternalSend(ArraySegment`1 segment)
   在 SuperSocket.SocketBase.AppSession`2.Send(Byte[] data, Int32 offset, Int32 length)
   在 LockStepDemo.SessionSendExpand.SendMsg(SyncSession session, String key, Dictionary`2 data) 位置 F:\workTable\UnityProject\LockStepDemo\LockStepDemo\Server\LockStepDemo\Protocol\ProtocolSendExpand.cs:行号 66
2017-09-29 19:18:06,074 [8932] ERROR LockStepDemo - Send Messge Exception System.TimeoutException: The sending attempt timed out
   在 SuperSocket.SocketBase.AppSession`2.InternalSend(ArraySegment`1 segment)
   在 SuperSocket.SocketBase.AppSession`2.Send(Byte[] data, Int32 offset, Int32 length)
   在 LockStepDemo.SessionSendExpand.SendMsg(SyncSession session, String key, Dictionary`2 data) 位置 F:\workTable\UnityProject\LockStepDemo\LockStepDemo\Server\LockStepDemo\Protocol\ProtocolSendExpand.cs:行号 66
2017-09-29 19:18:06,081 [25696] ERROR LockStepDemo - Send Messge Exception System.TimeoutException: The sending attempt timed out
   在 SuperSocket.SocketBase.AppSession`2.InternalSend(ArraySegment`1 segment)
   在 SuperSocket.SocketBase.AppSession`2.Send(Byte[] data, Int32 offset, Int32 length)
   在 LockStepDemo.SessionSendExpand.SendMsg(SyncSession session, String key, Dictionary`2 data) 位置 F:\workTable\UnityProject\LockStepDemo\LockStepDemo\Server\LockStepDemo\Protocol\ProtocolSendExpand.cs:行号 66
2017-09-29 19:18:59,504 [4472] ERROR LockStepDemo - Send Messge Exception System.TimeoutException: The sending attempt timed out
   在 SuperSocket.SocketBase.AppSession`2.InternalSend(ArraySegment`1 segment)
   在 SuperSocket.SocketBase.AppSession`2.Send(Byte[] data, Int32 offset, Int32 length)
   在 LockStepDemo.SessionSendExpand.SendMsg(SyncSession session, String key, Dictionary`2 data) 位置 F:\workTable\UnityProject\LockStepDemo\LockStepDemo\Server\LockStepDemo\Protocol\ProtocolSendExpand.cs:行号 66
2017-09-29 19:19:49,508 [26028] ERROR LockStepDemo - Send Messge Exception System.TimeoutException: The sending attempt timed out
   在 SuperSocket.SocketBase.AppSession`2.InternalSend(ArraySegment`1 segment)
   在 SuperSocket.SocketBase.AppSession`2.Send(Byte[] data, Int32 offset, Int32 length)
   在 LockStepDemo.SessionSendExpand.SendMsg(SyncSession session, String key, Dictionary`2 data) 位置 F:\workTable\UnityProject\LockStepDemo\LockStepDemo\Server\LockStepDemo\Protocol\ProtocolSendExpand.cs:行号 66
2017-09-29 19:19:49,522 [25528] ERROR LockStepDemo - Send Messge Exception System.TimeoutException: The sending attempt timed out
   在 SuperSocket.SocketBase.AppSession`2.InternalSend(ArraySegment`1 segment)
   在 SuperSocket.SocketBase.AppSession`2.Send(Byte[] data, Int32 offset, Int32 length)
   在 LockStepDemo.SessionSendExpand.SendMsg(SyncSession session, String key, Dictionary`2 data) 位置 F:\workTable\UnityProject\LockStepDemo\LockStepDemo\Server\LockStepDemo\Protocol\ProtocolSendExpand.cs:行号 66
2017-09-29 19:19:49,529 [15756] ERROR LockStepDemo - Send Messge Exception System.TimeoutException: The sending attempt timed out
   在 SuperSocket.SocketBase.AppSession`2.InternalSend(ArraySegment`1 segment)
   在 SuperSocket.SocketBase.AppSession`2.Send(Byte[] data, Int32 offset, Int32 length)
   在 LockStepDemo.SessionSendExpand.SendMsg(SyncSession session, String key, Dictionary`2 data) 位置 F:\workTable\UnityProject\LockStepDemo\LockStepDemo\Server\LockStepDemo\Protocol\ProtocolSendExpand.cs:行号 66
2017-09-29 19:19:49,696 [8932] ERROR LockStepDemo - Send Messge Exception System.TimeoutException: The sending attempt timed out
   在 SuperSocket.SocketBase.AppSession`2.InternalSend(ArraySegment`1 segment)
   在 SuperSocket.SocketBase.AppSession`2.Send(Byte[] data, Int32 offset, Int32 length)
   在 LockStepDemo.SessionSendExpand.SendMsg(SyncSession session, String key, Dictionary`2 data) 位置 F:\workTable\UnityProject\LockStepDemo\LockStepDemo\Server\LockStepDemo\Protocol\ProtocolSendExpand.cs:行号 66
2017-09-29 19:19:49,713 [25696] ERROR LockStepDemo - Send Messge Exception System.TimeoutException: The sending attempt timed out
   在 SuperSocket.SocketBase.AppSession`2.InternalSend(ArraySegment`1 segment)
   在 SuperSocket.SocketBase.AppSession`2.Send(Byte[] data, Int32 offset, Int32 length)
   在 LockStepDemo.SessionSendExpand.SendMsg(SyncSession session, String key, Dictionary`2 data) 位置 F:\workTable\UnityProject\LockStepDemo\LockStepDemo\Server\LockStepDemo\Protocol\ProtocolSendExpand.cs:行号 66
2017-09-29 19:19:49,721 [11000] ERROR LockStepDemo - Send Messge Exception System.TimeoutException: The sending attempt timed out
   在 SuperSocket.SocketBase.AppSession`2.InternalSend(ArraySegment`1 segment)
   在 SuperSocket.SocketBase.AppSession`2.Send(Byte[] data, Int32 offset, Int32 length)
   在 LockStepDemo.SessionSendExpand.SendMsg(SyncSession session, String key, Dictionary`2 data) 位置 F:\workTable\UnityProject\LockStepDemo\LockStepDemo\Server\LockStepDemo\Protocol\ProtocolSendExpand.cs:行号 66
2017-09-29 19:19:49,729 [21844] ERROR LockStepDemo - Send Messge Exception System.TimeoutException: The sending attempt timed out
   在 SuperSocket.SocketBase.AppSession`2.InternalSend(ArraySegment`1 segment)
   在 SuperSocket.SocketBase.AppSession`2.Send(Byte[] data, Int32 offset, Int32 length)
   在 LockStepDemo.SessionSendExpand.SendMsg(SyncSession session, String key, Dictionary`2 data) 位置 F:\workTable\UnityProject\LockStepDemo\LockStepDemo\Server\LockStepDemo\Protocol\ProtocolSendExpand.cs:行号 66
2017-09-29 19:19:49,871 [10204] ERROR LockStepDemo - Send Messge Exception System.TimeoutException: The sending attempt timed out
   在 SuperSocket.SocketBase.AppSession`2.InternalSend(ArraySegment`1 segment)
   在 SuperSocket.SocketBase.AppSession`2.Send(Byte[] data, Int32 offset, Int32 length)
   在 LockStepDemo.SessionSendExpand.SendMsg(SyncSession session, String key, Dictionary`2 data) 位置 F:\workTable\UnityProject\LockStepDemo\LockStepDemo\Server\LockStepDemo\Protocol\ProtocolSendExpand.cs:行号 66
2017-09-29 19:19:49,888 [13012] ERROR LockStepDemo - Send Messge Exception System.TimeoutException: The sending attempt timed out
   在 SuperSocket.SocketBase.AppSession`2.InternalSend(ArraySegment`1 segment)
   在 SuperSocket.SocketBase.AppSession`2.Send(Byte[] data, Int32 offset, Int32 length)
   在 LockStepDemo.SessionSendExpand.SendMsg(SyncSession session, String key, Dictionary`2 data) 位置 F:\workTable\UnityProject\LockStepDemo\LockStepDemo\Server\LockStepDemo\Protocol\ProtocolSendExpand.cs:行号 66
2017-09-29 19:19:49,908 [20452] ERROR LockStepDemo - Send Messge Exception System.TimeoutException: The sending attempt timed out
   在 SuperSocket.SocketBase.AppSession`2.InternalSend(ArraySegment`1 segment)
   在 SuperSocket.SocketBase.AppSession`2.Send(Byte[] data, Int32 offset, Int32 length)
   在 LockStepDemo.SessionSendExpand.SendMsg(SyncSession session, String key, Dictionary`2 data) 位置 F:\workTable\UnityProject\LockStepDemo\LockStepDemo\Server\LockStepDemo\Protocol\ProtocolSendExpand.cs:行号 66
2017-09-29 19:19:49,917 [13496] ERROR LockStepDemo - Send Messge Exception System.TimeoutException: The sending attempt timed out
   在 SuperSocket.SocketBase.AppSession`2.InternalSend(ArraySegment`1 segment)
   在 SuperSocket.SocketBase.AppSession`2.Send(Byte[] data, Int32 offset, Int32 length)
   在 LockStepDemo.SessionSendExpand.SendMsg(SyncSession session, String key, Dictionary`2 data) 位置 F:\workTable\UnityProject\LockStepDemo\LockStepDemo\Server\LockStepDemo\Protocol\ProtocolSendExpand.cs:行号 66
2017-09-29 19:19:49,924 [10524] ERROR LockStepDemo - Send Messge Exception System.TimeoutException: The sending attempt timed out
   在 SuperSocket.SocketBase.AppSession`2.InternalSend(ArraySegment`1 segment)
   在 SuperSocket.SocketBase.AppSession`2.Send(Byte[] data, Int32 offset, Int32 length)
   在 LockStepDemo.SessionSendExpand.SendMsg(SyncSession session, String key, Dictionary`2 data) 位置 F:\workTable\UnityProject\LockStepDemo\LockStepDemo\Server\LockStepDemo\Protocol\ProtocolSendExpand.cs:行号 66
2017-09-29 19:19:49,937 [24268] ERROR LockStepDemo - Send Messge Exception System.TimeoutException: The sending attempt timed out
   在 SuperSocket.SocketBase.AppSession`2.InternalSend(ArraySegment`1 segment)
   在 SuperSocket.SocketBase.AppSession`2.Send(Byte[] data, Int32 offset, Int32 length)
   在 LockStepDemo.SessionSendExpand.SendMsg(SyncSession session, String key, Dictionary`2 data) 位置 F:\workTable\UnityProject\LockStepDemo\LockStepDemo\Server\LockStepDemo\Protocol\ProtocolSendExpand.cs:行号 66
2017-09-29 19:19:50,000 [17664] ERROR LockStepDemo - Send Messge Exception System.TimeoutException: The sending attempt timed out
   在 SuperSocket.SocketBase.AppSession`2.InternalSend(ArraySegment`1 segment)
   在 SuperSocket.SocketBase.AppSession`2.Send(Byte[] data, Int32 offset, Int32 length)
   在 LockStepDemo.SessionSendExpand.SendMsg(SyncSession session, String key, Dictionary`2 data) 位置 F:\workTable\UnityProject\LockStepDemo\LockStepDemo\Server\LockStepDemo\Protocol\ProtocolSendExpand.cs:行号 66
2017-09-29 19:19:50,031 [14988] ERROR LockStepDemo - Send Messge Exception System.TimeoutException: The sending attempt timed out
   在 SuperSocket.SocketBase.AppSession`2.InternalSend(ArraySegment`1 segment)
   在 SuperSocket.SocketBase.AppSession`2.Send(Byte[] data, Int32 offset, Int32 length)
   在 LockStepDemo.SessionSendExpand.SendMsg(SyncSession session, String key, Dictionary`2 data) 位置 F:\workTable\UnityProject\LockStepDemo\LockStepDemo\Server\LockStepDemo\Protocol\ProtocolSendExpand.cs:行号 66
2017-09-29 19:19:50,049 [24744] ERROR LockStepDemo - Send Messge Exception System.TimeoutException: The sending attempt timed out
   在 SuperSocket.SocketBase.AppSession`2.InternalSend(ArraySegment`1 segment)
   在 SuperSocket.SocketBase.AppSession`2.Send(Byte[] data, Int32 offset, Int32 length)
   在 LockStepDemo.SessionSendExpand.SendMsg(SyncSession session, String key, Dictionary`2 data) 位置 F:\workTable\UnityProject\LockStepDemo\LockStepDemo\Server\LockStepDemo\Protocol\ProtocolSendExpand.cs:行号 66
2017-09-29 19:19:50,056 [24436] ERROR LockStepDemo - Send Messge Exception System.TimeoutException: The sending attempt timed out
   在 SuperSocket.SocketBase.AppSession`2.InternalSend(ArraySegment`1 segment)
   在 SuperSocket.SocketBase.AppSession`2.Send(Byte[] data, Int32 offset, Int32 length)
   在 LockStepDemo.SessionSendExpand.SendMsg(SyncSession session, String key, Dictionary`2 data) 位置 F:\workTable\UnityProject\LockStepDemo\LockStepDemo\Server\LockStepDemo\Protocol\ProtocolSendExpand.cs:行号 66
2017-09-29 19:19:56,703 [1128] ERROR LockStepDemo - Send Messge Exception System.TimeoutException: The sending attempt timed out
   在 SuperSocket.SocketBase.AppSession`2.InternalSend(ArraySegment`1 segment)
   在 SuperSocket.SocketBase.AppSession`2.Send(Byte[] data, Int32 offset, Int32 length)
   在 LockStepDemo.SessionSendExpand.SendMsg(SyncSession session, String key, Dictionary`2 data) 位置 F:\workTable\UnityProject\LockStepDemo\LockStepDemo\Server\LockStepDemo\Protocol\ProtocolSendExpand.cs:行号 66
2017-09-29 19:19:56,711 [9148] ERROR LockStepDemo - Send Messge Exception System.TimeoutException: The sending attempt timed out
   在 SuperSocket.SocketBase.AppSession`2.InternalSend(ArraySegment`1 segment)
   在 SuperSocket.SocketBase.AppSession`2.Send(Byte[] data, Int32 offset, Int32 length)
   在 LockStepDemo.SessionSendExpand.SendMsg(SyncSession session, String key, Dictionary`2 data) 位置 F:\workTable\UnityProject\LockStepDemo\LockStepDemo\Server\LockStepDemo\Protocol\ProtocolSendExpand.cs:行号 66
2017-09-29 19:19:56,719 [824] ERROR LockStepDemo - Send Messge Exception System.TimeoutException: The sending attempt timed out
   在 SuperSocket.SocketBase.AppSession`2.InternalSend(ArraySegment`1 segment)
   在 SuperSocket.SocketBase.AppSession`2.Send(Byte[] data, Int32 offset, Int32 length)
   在 LockStepDemo.SessionSendExpand.SendMsg(SyncSession session, String key, Dictionary`2 data) 位置 F:\workTable\UnityProject\LockStepDemo\LockStepDemo\Server\LockStepDemo\Protocol\ProtocolSendExpand.cs:行号 66
2017-09-29 19:19:56,856 [19500] ERROR LockStepDemo - Send Messge Exception System.TimeoutException: The sending attempt timed out
   在 SuperSocket.SocketBase.AppSession`2.InternalSend(ArraySegment`1 segment)
   在 SuperSocket.SocketBase.AppSession`2.Send(Byte[] data, Int32 offset, Int32 length)
   在 LockStepDemo.SessionSendExpand.SendMsg(SyncSession session, String key, Dictionary`2 data) 位置 F:\workTable\UnityProject\LockStepDemo\LockStepDemo\Server\LockStepDemo\Protocol\ProtocolSendExpand.cs:行号 66
2017-09-29 19:19:57,078 [13712] ERROR LockStepDemo - Send Messge Exception System.TimeoutException: The sending attempt timed out
   在 SuperSocket.SocketBase.AppSession`2.InternalSend(ArraySegment`1 segment)
   在 SuperSocket.SocketBase.AppSession`2.Send(Byte[] data, Int32 offset, Int32 length)
   在 LockStepDemo.SessionSendExpand.SendMsg(SyncSession session, String key, Dictionary`2 data) 位置 F:\workTable\UnityProject\LockStepDemo\LockStepDemo\Server\LockStepDemo\Protocol\ProtocolSendExpand.cs:行号 66
2017-09-29 19:22:09,174 [9148] ERROR LockStepDemo - Send Messge Exception System.TimeoutException: The sending attempt timed out
   在 SuperSocket.SocketBase.AppSession`2.InternalSend(ArraySegment`1 segment)
   在 SuperSocket.SocketBase.AppSession`2.Send(Byte[] data, Int32 offset, Int32 length)
   在 LockStepDemo.SessionSendExpand.SendMsg(SyncSession session, String key, Dictionary`2 data) 位置 F:\workTable\UnityProject\LockStepDemo\LockStepDemo\Server\LockStepDemo\Protocol\ProtocolSendExpand.cs:行号 66
2017-09-29 19:22:09,294 [16676] ERROR LockStepDemo - Send Messge Exception System.TimeoutException: The sending attempt timed out
   在 SuperSocket.SocketBase.AppSession`2.InternalSend(ArraySegment`1 segment)
   在 SuperSocket.SocketBase.AppSession`2.Send(Byte[] data, Int32 offset, Int32 length)
   在 LockStepDemo.SessionSendExpand.SendMsg(SyncSession session, String key, Dictionary`2 data) 位置 F:\workTable\UnityProject\LockStepDemo\LockStepDemo\Server\LockStepDemo\Protocol\ProtocolSendExpand.cs:行号 66
2017-09-29 19:22:09,302 [23124] ERROR LockStepDemo - Send Messge Exception System.TimeoutException: The sending attempt timed out
   在 SuperSocket.SocketBase.AppSession`2.InternalSend(ArraySegment`1 segment)
   在 SuperSocket.SocketBase.AppSession`2.Send(Byte[] data, Int32 offset, Int32 length)
   在 LockStepDemo.SessionSendExpand.SendMsg(SyncSession session, String key, Dictionary`2 data) 位置 F:\workTable\UnityProject\LockStepDemo\LockStepDemo\Server\LockStepDemo\Protocol\ProtocolSendExpand.cs:行号 66
2017-09-29 19:22:09,321 [25116] ERROR LockStepDemo - Send Messge Exception System.TimeoutException: The sending attempt timed out
   在 SuperSocket.SocketBase.AppSession`2.InternalSend(ArraySegment`1 segment)
   在 SuperSocket.SocketBase.AppSession`2.Send(Byte[] data, Int32 offset, Int32 length)
   在 LockStepDemo.SessionSendExpand.SendMsg(SyncSession session, String key, Dictionary`2 data) 位置 F:\workTable\UnityProject\LockStepDemo\LockStepDemo\Server\LockStepDemo\Protocol\ProtocolSendExpand.cs:行号 66
2017-09-29 19:22:51,910 [26028] ERROR LockStepDemo - Send Messge Exception System.TimeoutException: The sending attempt timed out
   在 SuperSocket.SocketBase.AppSession`2.InternalSend(ArraySegment`1 segment)
   在 SuperSocket.SocketBase.AppSession`2.Send(Byte[] data, Int32 offset, Int32 length)
   在 LockStepDemo.SessionSendExpand.SendMsg(SyncSession session, String key, Dictionary`2 data) 位置 F:\workTable\UnityProject\LockStepDemo\LockStepDemo\Server\LockStepDemo\Protocol\ProtocolSendExpand.cs:行号 66
2017-09-29 19:23:12,340 [23156] ERROR LockStepDemo - Send Messge Exception System.TimeoutException: The sending attempt timed out
   在 SuperSocket.SocketBase.AppSession`2.InternalSend(ArraySegment`1 segment)
   在 SuperSocket.SocketBase.AppSession`2.Send(Byte[] data, Int32 offset, Int32 length)
   在 LockStepDemo.SessionSendExpand.SendMsg(SyncSession session, String key, Dictionary`2 data) 位置 F:\workTable\UnityProject\LockStepDemo\LockStepDemo\Server\LockStepDemo\Protocol\ProtocolSendExpand.cs:行号 66
2017-09-29 19:23:12,546 [10204] ERROR LockStepDemo - Send Messge Exception System.TimeoutException: The sending attempt timed out
   在 SuperSocket.SocketBase.AppSession`2.InternalSend(ArraySegment`1 segment)
   在 SuperSocket.SocketBase.AppSession`2.Send(Byte[] data, Int32 offset, Int32 length)
   在 LockStepDemo.SessionSendExpand.SendMsg(SyncSession session, String key, Dictionary`2 data) 位置 F:\workTable\UnityProject\LockStepDemo\LockStepDemo\Server\LockStepDemo\Protocol\ProtocolSendExpand.cs:行号 66
2017-09-29 19:23:12,574 [7796] ERROR LockStepDemo - Send Messge Exception System.TimeoutException: The sending attempt timed out
   在 SuperSocket.SocketBase.AppSession`2.InternalSend(ArraySegment`1 segment)
   在 SuperSocket.SocketBase.AppSession`2.Send(Byte[] data, Int32 offset, Int32 length)
   在 LockStepDemo.SessionSendExpand.SendMsg(SyncSession session, String key, Dictionary`2 data) 位置 F:\workTable\UnityProject\LockStepDemo\LockStepDemo\Server\LockStepDemo\Protocol\ProtocolSendExpand.cs:行号 66
2017-09-29 19:23:32,701 [20116] ERROR LockStepDemo - Send Messge Exception System.TimeoutException: The sending attempt timed out
   在 SuperSocket.SocketBase.AppSession`2.InternalSend(ArraySegment`1 segment)
   在 SuperSocket.SocketBase.AppSession`2.Send(Byte[] data, Int32 offset, Int32 length)
   在 LockStepDemo.SessionSendExpand.SendMsg(SyncSession session, String key, Dictionary`2 data) 位置 F:\workTable\UnityProject\LockStepDemo\LockStepDemo\Server\LockStepDemo\Protocol\ProtocolSendExpand.cs:行号 66
2017-09-29 19:23:32,709 [13012] ERROR LockStepDemo - Send Messge Exception System.TimeoutException: The sending attempt timed out
   在 SuperSocket.SocketBase.AppSession`2.InternalSend(ArraySegment`1 segment)
   在 SuperSocket.SocketBase.AppSession`2.Send(Byte[] data, Int32 offset, Int32 length)
   在 LockStepDemo.SessionSendExpand.SendMsg(SyncSession session, String key, Dictionary`2 data) 位置 F:\workTable\UnityProject\LockStepDemo\LockStepDemo\Server\LockStepDemo\Protocol\ProtocolSendExpand.cs:行号 66
2017-09-29 19:23:41,274 [25092] ERROR LockStepDemo - Send Messge Exception System.TimeoutException: The sending attempt timed out
   在 SuperSocket.SocketBase.AppSession`2.InternalSend(ArraySegment`1 segment)
   在 SuperSocket.SocketBase.AppSession`2.Send(Byte[] data, Int32 offset, Int32 length)
   在 LockStepDemo.SessionSendExpand.SendMsg(SyncSession session, String key, Dictionary`2 data) 位置 F:\workTable\UnityProject\LockStepDemo\LockStepDemo\Server\LockStepDemo\Protocol\ProtocolSendExpand.cs:行号 66
2017-09-29 19:23:41,606 [24744] ERROR LockStepDemo - Send Messge Exception System.TimeoutException: The sending attempt timed out
   在 SuperSocket.SocketBase.AppSession`2.InternalSend(ArraySegment`1 segment)
   在 SuperSocket.SocketBase.AppSession`2.Send(Byte[] data, Int32 offset, Int32 length)
   在 LockStepDemo.SessionSendExpand.SendMsg(SyncSession session, String key, Dictionary`2 data) 位置 F:\workTable\UnityProject\LockStepDemo\LockStepDemo\Server\LockStepDemo\Protocol\ProtocolSendExpand.cs:行号 66
2017-09-29 19:23:49,814 [27604] ERROR LockStepDemo - Send Messge Exception System.TimeoutException: The sending attempt timed out
   在 SuperSocket.SocketBase.AppSession`2.InternalSend(ArraySegment`1 segment)
   在 SuperSocket.SocketBase.AppSession`2.Send(Byte[] data, Int32 offset, Int32 length)
   在 LockStepDemo.SessionSendExpand.SendMsg(SyncSession session, String key, Dictionary`2 data) 位置 F:\workTable\UnityProject\LockStepDemo\LockStepDemo\Server\LockStepDemo\Protocol\ProtocolSendExpand.cs:行号 66
2017-09-29 19:23:56,920 [19524] ERROR LockStepDemo - Send Messge Exception System.TimeoutException: The sending attempt timed out
   在 SuperSocket.SocketBase.AppSession`2.InternalSend(ArraySegment`1 segment)
   在 SuperSocket.SocketBase.AppSession`2.Send(Byte[] data, Int32 offset, Int32 length)
   在 LockStepDemo.SessionSendExpand.SendMsg(SyncSession session, String key, Dictionary`2 data) 位置 F:\workTable\UnityProject\LockStepDemo\LockStepDemo\Server\LockStepDemo\Protocol\ProtocolSendExpand.cs:行号 66
2017-09-29 19:24:05,534 [4472] ERROR LockStepDemo - Send Messge Exception System.TimeoutException: The sending attempt timed out
   在 SuperSocket.SocketBase.AppSession`2.InternalSend(ArraySegment`1 segment)
   在 SuperSocket.SocketBase.AppSession`2.Send(Byte[] data, Int32 offset, Int32 length)
   在 LockStepDemo.SessionSendExpand.SendMsg(SyncSession session, String key, Dictionary`2 data) 位置 F:\workTable\UnityProject\LockStepDemo\LockStepDemo\Server\LockStepDemo\Protocol\ProtocolSendExpand.cs:行号 66
2017-09-29 19:24:05,551 [24436] ERROR LockStepDemo - Send Messge Exception System.TimeoutException: The sending attempt timed out
   在 SuperSocket.SocketBase.AppSession`2.InternalSend(ArraySegment`1 segment)
   在 SuperSocket.SocketBase.AppSession`2.Send(Byte[] data, Int32 offset, Int32 length)
   在 LockStepDemo.SessionSendExpand.SendMsg(SyncSession session, String key, Dictionary`2 data) 位置 F:\workTable\UnityProject\LockStepDemo\LockStepDemo\Server\LockStepDemo\Protocol\ProtocolSendExpand.cs:行号 66
2017-09-29 19:24:31,113 [13712] ERROR LockStepDemo - Send Messge Exception System.TimeoutException: The sending attempt timed out
   在 SuperSocket.SocketBase.AppSession`2.InternalSend(ArraySegment`1 segment)
   在 SuperSocket.SocketBase.AppSession`2.Send(Byte[] data, Int32 offset, Int32 length)
   在 LockStepDemo.SessionSendExpand.SendMsg(SyncSession session, String key, Dictionary`2 data) 位置 F:\workTable\UnityProject\LockStepDemo\LockStepDemo\Server\LockStepDemo\Protocol\ProtocolSendExpand.cs:行号 66
2017-09-29 19:24:31,141 [12252] ERROR LockStepDemo - Send Messge Exception System.TimeoutException: The sending attempt timed out
   在 SuperSocket.SocketBase.AppSession`2.InternalSend(ArraySegment`1 segment)
   在 SuperSocket.SocketBase.AppSession`2.Send(Byte[] data, Int32 offset, Int32 length)
   在 LockStepDemo.SessionSendExpand.SendMsg(SyncSession session, String key, Dictionary`2 data) 位置 F:\workTable\UnityProject\LockStepDemo\LockStepDemo\Server\LockStepDemo\Protocol\ProtocolSendExpand.cs:行号 66
2017-09-29 19:24:31,270 [11000] ERROR LockStepDemo - Send Messge Exception System.TimeoutException: The sending attempt timed out
   在 SuperSocket.SocketBase.AppSession`2.InternalSend(ArraySegment`1 segment)
   在 SuperSocket.SocketBase.AppSession`2.Send(Byte[] data, Int32 offset, Int32 length)
   在 LockStepDemo.SessionSendExpand.SendMsg(SyncSession session, String key, Dictionary`2 data) 位置 F:\workTable\UnityProject\LockStepDemo\LockStepDemo\Server\LockStepDemo\Protocol\ProtocolSendExpand.cs:行号 66
2017-09-29 19:24:31,281 [13496] ERROR LockStepDemo - Send Messge Exception System.TimeoutException: The sending attempt timed out
   在 SuperSocket.SocketBase.AppSession`2.InternalSend(ArraySegment`1 segment)
   在 SuperSocket.SocketBase.AppSession`2.Send(Byte[] data, Int32 offset, Int32 length)
   在 LockStepDemo.SessionSendExpand.SendMsg(SyncSession session, String key, Dictionary`2 data) 位置 F:\workTable\UnityProject\LockStepDemo\LockStepDemo\Server\LockStepDemo\Protocol\ProtocolSendExpand.cs:行号 66
2017-09-29 19:24:40,023 [10196] ERROR LockStepDemo - Send Messge Exception System.TimeoutException: The sending attempt timed out
   在 SuperSocket.SocketBase.AppSession`2.InternalSend(ArraySegment`1 segment)
   在 SuperSocket.SocketBase.AppSession`2.Send(Byte[] data, Int32 offset, Int32 length)
   在 LockStepDemo.SessionSendExpand.SendMsg(SyncSession session, String key, Dictionary`2 data) 位置 F:\workTable\UnityProject\LockStepDemo\LockStepDemo\Server\LockStepDemo\Protocol\ProtocolSendExpand.cs:行号 66
2017-09-29 19:24:40,047 [26024] ERROR LockStepDemo - Send Messge Exception System.TimeoutException: The sending attempt timed out
   在 SuperSocket.SocketBase.AppSession`2.InternalSend(ArraySegment`1 segment)
   在 SuperSocket.SocketBase.AppSession`2.Send(Byte[] data, Int32 offset, Int32 length)
   在 LockStepDemo.SessionSendExpand.SendMsg(SyncSession session, String key, Dictionary`2 data) 位置 F:\workTable\UnityProject\LockStepDemo\LockStepDemo\Server\LockStepDemo\Protocol\ProtocolSendExpand.cs:行号 66
2017-09-29 19:24:48,627 [26028] ERROR LockStepDemo - Send Messge Exception System.TimeoutException: The sending attempt timed out
   在 SuperSocket.SocketBase.AppSession`2.InternalSend(ArraySegment`1 segment)
   在 SuperSocket.SocketBase.AppSession`2.Send(Byte[] data, Int32 offset, Int32 length)
   在 LockStepDemo.SessionSendExpand.SendMsg(SyncSession session, String key, Dictionary`2 data) 位置 F:\workTable\UnityProject\LockStepDemo\LockStepDemo\Server\LockStepDemo\Protocol\ProtocolSendExpand.cs:行号 66
2017-09-29 19:25:09,108 [19756] ERROR LockStepDemo - Send Messge Exception System.TimeoutException: The sending attempt timed out
   在 SuperSocket.SocketBase.AppSession`2.InternalSend(ArraySegment`1 segment)
   在 SuperSocket.SocketBase.AppSession`2.Send(Byte[] data, Int32 offset, Int32 length)
   在 LockStepDemo.SessionSendExpand.SendMsg(SyncSession session, String key, Dictionary`2 data) 位置 F:\workTable\UnityProject\LockStepDemo\LockStepDemo\Server\LockStepDemo\Protocol\ProtocolSendExpand.cs:行号 66
2017-09-29 19:25:09,173 [25092] ERROR LockStepDemo - Send Messge Exception System.TimeoutException: The sending attempt timed out
   在 SuperSocket.SocketBase.AppSession`2.InternalSend(ArraySegment`1 segment)
   在 SuperSocket.SocketBase.AppSession`2.Send(Byte[] data, Int32 offset, Int32 length)
   在 LockStepDemo.SessionSendExpand.SendMsg(SyncSession session, String key, Dictionary`2 data) 位置 F:\workTable\UnityProject\LockStepDemo\LockStepDemo\Server\LockStepDemo\Protocol\ProtocolSendExpand.cs:行号 66
2017-09-29 19:25:09,180 [7796] ERROR LockStepDemo - Send Messge Exception System.TimeoutException: The sending attempt timed out
   在 SuperSocket.SocketBase.AppSession`2.InternalSend(ArraySegment`1 segment)
   在 SuperSocket.SocketBase.AppSession`2.Send(Byte[] data, Int32 offset, Int32 length)
   在 LockStepDemo.SessionSendExpand.SendMsg(SyncSession session, String key, Dictionary`2 data) 位置 F:\workTable\UnityProject\LockStepDemo\LockStepDemo\Server\LockStepDemo\Protocol\ProtocolSendExpand.cs:行号 66
2017-09-29 19:25:09,377 [16564] ERROR LockStepDemo - Send Messge Exception System.TimeoutException: The sending attempt timed out
   在 SuperSocket.SocketBase.AppSession`2.InternalSend(ArraySegment`1 segment)
   在 SuperSocket.SocketBase.AppSession`2.Send(Byte[] data, Int32 offset, Int32 length)
   在 LockStepDemo.SessionSendExpand.SendMsg(SyncSession session, String key, Dictionary`2 data) 位置 F:\workTable\UnityProject\LockStepDemo\LockStepDemo\Server\LockStepDemo\Protocol\ProtocolSendExpand.cs:行号 66
2017-09-29 19:25:09,383 [24268] ERROR LockStepDemo - Send Messge Exception System.TimeoutException: The sending attempt timed out
   在 SuperSocket.SocketBase.AppSession`2.InternalSend(ArraySegment`1 segment)
   在 SuperSocket.SocketBase.AppSession`2.Send(Byte[] data, Int32 offset, Int32 length)
   在 LockStepDemo.SessionSendExpand.SendMsg(SyncSession session, String key, Dictionary`2 data) 位置 F:\workTable\UnityProject\LockStepDemo\LockStepDemo\Server\LockStepDemo\Protocol\ProtocolSendExpand.cs:行号 66
2017-09-29 19:25:09,391 [27604] ERROR LockStepDemo - Send Messge Exception System.TimeoutException: The sending attempt timed out
   在 SuperSocket.SocketBase.AppSession`2.InternalSend(ArraySegment`1 segment)
   在 SuperSocket.SocketBase.AppSession`2.Send(Byte[] data, Int32 offset, Int32 length)
   在 LockStepDemo.SessionSendExpand.SendMsg(SyncSession session, String key, Dictionary`2 data) 位置 F:\workTable\UnityProject\LockStepDemo\LockStepDemo\Server\LockStepDemo\Protocol\ProtocolSendExpand.cs:行号 66
2017-09-29 19:25:09,398 [10204] ERROR LockStepDemo - Send Messge Exception System.TimeoutException: The sending attempt timed out
   在 SuperSocket.SocketBase.AppSession`2.InternalSend(ArraySegment`1 segment)
   在 SuperSocket.SocketBase.AppSession`2.Send(Byte[] data, Int32 offset, Int32 length)
   在 LockStepDemo.SessionSendExpand.SendMsg(SyncSession session, String key, Dictionary`2 data) 位置 F:\workTable\UnityProject\LockStepDemo\LockStepDemo\Server\LockStepDemo\Protocol\ProtocolSendExpand.cs:行号 66
2017-09-29 19:25:46,227 [26024] ERROR LockStepDemo - Send Messge Exception System.TimeoutException: The sending attempt timed out
   在 SuperSocket.SocketBase.AppSession`2.InternalSend(ArraySegment`1 segment)
   在 SuperSocket.SocketBase.AppSession`2.Send(Byte[] data, Int32 offset, Int32 length)
   在 LockStepDemo.SessionSendExpand.SendMsg(SyncSession session, String key, Dictionary`2 data) 位置 F:\workTable\UnityProject\LockStepDemo\LockStepDemo\Server\LockStepDemo\Protocol\ProtocolSendExpand.cs:行号 66
2017-09-29 19:26:26,270 [23824] ERROR LockStepDemo - Send Messge Exception System.TimeoutException: The sending attempt timed out
   在 SuperSocket.SocketBase.AppSession`2.InternalSend(ArraySegment`1 segment)
   在 SuperSocket.SocketBase.AppSession`2.Send(Byte[] data, Int32 offset, Int32 length)
   在 LockStepDemo.SessionSendExpand.SendMsg(SyncSession session, String key, Dictionary`2 data) 位置 F:\workTable\UnityProject\LockStepDemo\LockStepDemo\Server\LockStepDemo\Protocol\ProtocolSendExpand.cs:行号 66
2017-09-29 19:26:26,278 [19524] ERROR LockStepDemo - Send Messge Exception System.TimeoutException: The sending attempt timed out
   在 SuperSocket.SocketBase.AppSession`2.InternalSend(ArraySegment`1 segment)
   在 SuperSocket.SocketBase.AppSession`2.Send(Byte[] data, Int32 offset, Int32 length)
   在 LockStepDemo.SessionSendExpand.SendMsg(SyncSession session, String key, Dictionary`2 data) 位置 F:\workTable\UnityProject\LockStepDemo\LockStepDemo\Server\LockStepDemo\Protocol\ProtocolSendExpand.cs:行号 66
2017-09-29 19:26:26,292 [23124] ERROR LockStepDemo - Send Messge Exception System.TimeoutException: The sending attempt timed out
   在 SuperSocket.SocketBase.AppSession`2.InternalSend(ArraySegment`1 segment)
   在 SuperSocket.SocketBase.AppSession`2.Send(Byte[] data, Int32 offset, Int32 length)
   在 LockStepDemo.SessionSendExpand.SendMsg(SyncSession session, String key, Dictionary`2 data) 位置 F:\workTable\UnityProject\LockStepDemo\LockStepDemo\Server\LockStepDemo\Protocol\ProtocolSendExpand.cs:行号 66
2017-09-29 19:26:26,366 [22780] ERROR LockStepDemo - Send Messge Exception System.TimeoutException: The sending attempt timed out
   在 SuperSocket.SocketBase.AppSession`2.InternalSend(ArraySegment`1 segment)
   在 SuperSocket.SocketBase.AppSession`2.Send(Byte[] data, Int32 offset, Int32 length)
   在 LockStepDemo.SessionSendExpand.SendMsg(SyncSession session, String key, Dictionary`2 data) 位置 F:\workTable\UnityProject\LockStepDemo\LockStepDemo\Server\LockStepDemo\Protocol\ProtocolSendExpand.cs:行号 66
2017-09-29 19:26:44,673 [17664] ERROR LockStepDemo - Send Messge Exception System.TimeoutException: The sending attempt timed out
   在 SuperSocket.SocketBase.AppSession`2.InternalSend(ArraySegment`1 segment)
   在 SuperSocket.SocketBase.AppSession`2.Send(Byte[] data, Int32 offset, Int32 length)
   在 LockStepDemo.SessionSendExpand.SendMsg(SyncSession session, String key, Dictionary`2 data) 位置 F:\workTable\UnityProject\LockStepDemo\LockStepDemo\Server\LockStepDemo\Protocol\ProtocolSendExpand.cs:行号 66
2017-09-29 19:27:02,102 [25696] ERROR LockStepDemo - Send Messge Exception System.TimeoutException: The sending attempt timed out
   在 SuperSocket.SocketBase.AppSession`2.InternalSend(ArraySegment`1 segment)
   在 SuperSocket.SocketBase.AppSession`2.Send(Byte[] data, Int32 offset, Int32 length)
   在 LockStepDemo.SessionSendExpand.SendMsg(SyncSession session, String key, Dictionary`2 data) 位置 F:\workTable\UnityProject\LockStepDemo\LockStepDemo\Server\LockStepDemo\Protocol\ProtocolSendExpand.cs:行号 66
2017-09-29 19:27:02,173 [22520] ERROR LockStepDemo - Send Messge Exception System.TimeoutException: The sending attempt timed out
   在 SuperSocket.SocketBase.AppSession`2.InternalSend(ArraySegment`1 segment)
   在 SuperSocket.SocketBase.AppSession`2.Send(Byte[] data, Int32 offset, Int32 length)
   在 LockStepDemo.SessionSendExpand.SendMsg(SyncSession session, String key, Dictionary`2 data) 位置 F:\workTable\UnityProject\LockStepDemo\LockStepDemo\Server\LockStepDemo\Protocol\ProtocolSendExpand.cs:行号 66
2017-09-29 19:28:15,778 [17664] ERROR LockStepDemo - Send Messge Exception System.TimeoutException: The sending attempt timed out
   在 SuperSocket.SocketBase.AppSession`2.InternalSend(ArraySegment`1 segment)
   在 SuperSocket.SocketBase.AppSession`2.Send(Byte[] data, Int32 offset, Int32 length)
   在 LockStepDemo.SessionSendExpand.SendMsg(SyncSession session, String key, Dictionary`2 data) 位置 F:\workTable\UnityProject\LockStepDemo\LockStepDemo\Server\LockStepDemo\Protocol\ProtocolSendExpand.cs:行号 66
2017-09-29 19:28:42,649 [14988] ERROR LockStepDemo - Send Messge Exception System.TimeoutException: The sending attempt timed out
   在 SuperSocket.SocketBase.AppSession`2.InternalSend(ArraySegment`1 segment)
   在 SuperSocket.SocketBase.AppSession`2.Send(Byte[] data, Int32 offset, Int32 length)
   在 LockStepDemo.SessionSendExpand.SendMsg(SyncSession session, String key, Dictionary`2 data) 位置 F:\workTable\UnityProject\LockStepDemo\LockStepDemo\Server\LockStepDemo\Protocol\ProtocolSendExpand.cs:行号 66
2017-09-29 19:28:51,104 [26256] ERROR LockStepDemo - Send Messge Exception System.TimeoutException: The sending attempt timed out
   在 SuperSocket.SocketBase.AppSession`2.InternalSend(ArraySegment`1 segment)
   在 SuperSocket.SocketBase.AppSession`2.Send(Byte[] data, Int32 offset, Int32 length)
   在 LockStepDemo.SessionSendExpand.SendMsg(SyncSession session, String key, Dictionary`2 data) 位置 F:\workTable\UnityProject\LockStepDemo\LockStepDemo\Server\LockStepDemo\Protocol\ProtocolSendExpand.cs:行号 66
2017-09-29 19:28:51,122 [26028] ERROR LockStepDemo - Send Messge Exception System.TimeoutException: The sending attempt timed out
   在 SuperSocket.SocketBase.AppSession`2.InternalSend(ArraySegment`1 segment)
   在 SuperSocket.SocketBase.AppSession`2.Send(Byte[] data, Int32 offset, Int32 length)
   在 LockStepDemo.SessionSendExpand.SendMsg(SyncSession session, String key, Dictionary`2 data) 位置 F:\workTable\UnityProject\LockStepDemo\LockStepDemo\Server\LockStepDemo\Protocol\ProtocolSendExpand.cs:行号 66
2017-09-29 19:28:51,131 [13496] ERROR LockStepDemo - Send Messge Exception System.TimeoutException: The sending attempt timed out
   在 SuperSocket.SocketBase.AppSession`2.InternalSend(ArraySegment`1 segment)
   在 SuperSocket.SocketBase.AppSession`2.Send(Byte[] data, Int32 offset, Int32 length)
   在 LockStepDemo.SessionSendExpand.SendMsg(SyncSession session, String key, Dictionary`2 data) 位置 F:\workTable\UnityProject\LockStepDemo\LockStepDemo\Server\LockStepDemo\Protocol\ProtocolSendExpand.cs:行号 66
2017-09-29 19:29:07,684 [20116] ERROR LockStepDemo - Send Messge Exception System.TimeoutException: The sending attempt timed out
   在 SuperSocket.SocketBase.AppSession`2.InternalSend(ArraySegment`1 segment)
   在 SuperSocket.SocketBase.AppSession`2.Send(Byte[] data, Int32 offset, Int32 length)
   在 LockStepDemo.SessionSendExpand.SendMsg(SyncSession session, String key, Dictionary`2 data) 位置 F:\workTable\UnityProject\LockStepDemo\LockStepDemo\Server\LockStepDemo\Protocol\ProtocolSendExpand.cs:行号 66
2017-09-29 19:29:07,691 [19756] ERROR LockStepDemo - Send Messge Exception System.TimeoutException: The sending attempt timed out
   在 SuperSocket.SocketBase.AppSession`2.InternalSend(ArraySegment`1 segment)
   在 SuperSocket.SocketBase.AppSession`2.Send(Byte[] data, Int32 offset, Int32 length)
   在 LockStepDemo.SessionSendExpand.SendMsg(SyncSession session, String key, Dictionary`2 data) 位置 F:\workTable\UnityProject\LockStepDemo\LockStepDemo\Server\LockStepDemo\Protocol\ProtocolSendExpand.cs:行号 66
2017-09-29 19:29:24,966 [26028] ERROR LockStepDemo - Send Messge Exception System.TimeoutException: The sending attempt timed out
   在 SuperSocket.SocketBase.AppSession`2.InternalSend(ArraySegment`1 segment)
   在 SuperSocket.SocketBase.AppSession`2.Send(Byte[] data, Int32 offset, Int32 length)
   在 LockStepDemo.SessionSendExpand.SendMsg(SyncSession session, String key, Dictionary`2 data) 位置 F:\workTable\UnityProject\LockStepDemo\LockStepDemo\Server\LockStepDemo\Protocol\ProtocolSendExpand.cs:行号 66
2017-09-29 19:30:14,922 [26028] ERROR LockStepDemo - Send Messge Exception System.TimeoutException: The sending attempt timed out
   在 SuperSocket.SocketBase.AppSession`2.InternalSend(ArraySegment`1 segment)
   在 SuperSocket.SocketBase.AppSession`2.Send(Byte[] data, Int32 offset, Int32 length)
   在 LockStepDemo.SessionSendExpand.SendMsg(SyncSession session, String key, Dictionary`2 data) 位置 F:\workTable\UnityProject\LockStepDemo\LockStepDemo\Server\LockStepDemo\Protocol\ProtocolSendExpand.cs:行号 66
2017-09-29 19:32:53,085 [26256] ERROR LockStepDemo - Send Messge Exception System.TimeoutException: The sending attempt timed out
   在 SuperSocket.SocketBase.AppSession`2.InternalSend(ArraySegment`1 segment)
   在 SuperSocket.SocketBase.AppSession`2.Send(Byte[] data, Int32 offset, Int32 length)
   在 LockStepDemo.SessionSendExpand.SendMsg(SyncSession session, String key, Dictionary`2 data) 位置 F:\workTable\UnityProject\LockStepDemo\LockStepDemo\Server\LockStepDemo\Protocol\ProtocolSendExpand.cs:行号 66
2017-09-29 19:32:53,229 [27496] ERROR LockStepDemo - Send Messge Exception System.TimeoutException: The sending attempt timed out
   在 SuperSocket.SocketBase.AppSession`2.InternalSend(ArraySegment`1 segment)
   在 SuperSocket.SocketBase.AppSession`2.Send(Byte[] data, Int32 offset, Int32 length)
   在 LockStepDemo.SessionSendExpand.SendMsg(SyncSession session, String key, Dictionary`2 data) 位置 F:\workTable\UnityProject\LockStepDemo\LockStepDemo\Server\LockStepDemo\Protocol\ProtocolSendExpand.cs:行号 66
2017-09-29 19:33:02,370 [21024] ERROR LockStepDemo - Send Messge Exception System.TimeoutException: The sending attempt timed out
   在 SuperSocket.SocketBase.AppSession`2.InternalSend(ArraySegment`1 segment)
   在 SuperSocket.SocketBase.AppSession`2.Send(Byte[] data, Int32 offset, Int32 length)
   在 LockStepDemo.SessionSendExpand.SendMsg(SyncSession session, String key, Dictionary`2 data) 位置 F:\workTable\UnityProject\LockStepDemo\LockStepDemo\Server\LockStepDemo\Protocol\ProtocolSendExpand.cs:行号 66
