2017-09-26 10:22:31,895 [15976] ERROR SyncService-46104728 - UpdateWorld Exception：System.NullReferenceException: 未将对象引用设置到对象的实例。
   在 ConnectionComponent.GetForecast(Int32 frame) 位置 F:\workTable\UnityProject\LockStepDemo\LockStepDemo\Server\LockStepDemo\Service\ServiceLogic\Component\ConnectionComponent.cs:行号 62
   在 ConnectionComponent.GetCommand(Int32 frame) 位置 F:\workTable\UnityProject\LockStepDemo\LockStepDemo\Server\LockStepDemo\Service\ServiceLogic\Component\ConnectionComponent.cs:行号 32
   在 PlayerInputSystem.NoRecalcBeforeFixedUpdate(Int32 deltaTime) 位置 F:\workTable\UnityProject\LockStepDemo\LockStepDemo\Server\LockStepDemo\Service\ServiceLogic\System\PlayerInputSystem.cs:行号 28
   在 WorldBase.NoRecalcBeforeFixedUpdate(Int32 deltaTime) 位置 F:\workTable\UnityProject\LockStepDemo\LockStepDemo\Server\LockStepDemo\ECS\WorldBase.cs:行号 293
   在 WorldBase.FixedLoop(Int32 deltaTime) 位置 F:\workTable\UnityProject\LockStepDemo\LockStepDemo\Server\LockStepDemo\ECS\WorldBase.cs:行号 236
   在 UpdateEngine.UpdateWorld(Int32 deltaTime) 位置 F:\workTable\UnityProject\LockStepDemo\LockStepDemo\Server\LockStepDemo\Service\Game\UpdateEngine.cs:行号 66
2017-09-26 10:37:36,386 [18696] ERROR SyncService-46104728 - UpdateWorld Exception：System.TimeoutException: The sending attempt timed out
   在 SuperSocket.SocketBase.AppSession`2.InternalSend(ArraySegment`1 segment)
   在 SuperSocket.SocketBase.AppSession`2.Send(Byte[] data, Int32 offset, Int32 length)
   在 LockStepDemo.SessionSendExpand.SendMsg(SyncSession session, String key, Dictionary`2 data) 位置 F:\workTable\UnityProject\LockStepDemo\LockStepDemo\Server\LockStepDemo\Protocol\ProtocolSendExpand.cs:行号 63
   在 ProtocolAnalysisService.SendDebugMsg(SyncSession session, DebugMsg msg) 位置 F:\workTable\UnityProject\LockStepDemo\LockStepDemo\Server\LockStepDemo\Generate\Protocol\ProtocolAnalysisService.cs:行号 129
   在 ProtocolAnalysisService.SendMsg(SyncSession session, IProtocolMessageInterface msg) 位置 F:\workTable\UnityProject\LockStepDemo\LockStepDemo\Server\LockStepDemo\Generate\Protocol\ProtocolAnalysisService.cs:行号 22
   在 SyncDebugSystem.NoRecalcLateFixedUpdate(Int32 deltaTime) 位置 F:\workTable\UnityProject\LockStepDemo\LockStepDemo\Server\LockStepDemo\Service\ServiceLogic\System\SyncDebugSystem.cs:行号 67
   在 WorldBase.NoRecalcLateFixedUpdate(Int32 deltaTime) 位置 F:\workTable\UnityProject\LockStepDemo\LockStepDemo\Server\LockStepDemo\ECS\WorldBase.cs:行号 334
   在 WorldBase.FixedLoop(Int32 deltaTime) 位置 F:\workTable\UnityProject\LockStepDemo\LockStepDemo\Server\LockStepDemo\ECS\WorldBase.cs:行号 242
   在 UpdateEngine.UpdateWorld(Int32 deltaTime) 位置 F:\workTable\UnityProject\LockStepDemo\LockStepDemo\Server\LockStepDemo\Service\Game\UpdateEngine.cs:行号 66
2017-09-26 10:46:21,547 [18696] ERROR SyncService-46104728 - UpdateWorld Exception：System.TimeoutException: The sending attempt timed out
   在 SuperSocket.SocketBase.AppSession`2.InternalSend(ArraySegment`1 segment)
   在 SuperSocket.SocketBase.AppSession`2.Send(Byte[] data, Int32 offset, Int32 length)
   在 LockStepDemo.SessionSendExpand.SendMsg(SyncSession session, String key, Dictionary`2 data) 位置 F:\workTable\UnityProject\LockStepDemo\LockStepDemo\Server\LockStepDemo\Protocol\ProtocolSendExpand.cs:行号 63
   在 ProtocolAnalysisService.SendCommandComponent(SyncSession session, CommandComponent msg) 位置 F:\workTable\UnityProject\LockStepDemo\LockStepDemo\Server\LockStepDemo\Generate\Protocol\ProtocolAnalysisService.cs:行号 216
   在 ProtocolAnalysisService.SendMsg(SyncSession session, IProtocolMessageInterface msg) 位置 F:\workTable\UnityProject\LockStepDemo\LockStepDemo\Server\LockStepDemo\Generate\Protocol\ProtocolAnalysisService.cs:行号 27
   在 PlayerInputSystem.NoRecalcBeforeFixedUpdate(Int32 deltaTime) 位置 F:\workTable\UnityProject\LockStepDemo\LockStepDemo\Server\LockStepDemo\Service\ServiceLogic\System\PlayerInputSystem.cs:行号 43
   在 WorldBase.NoRecalcBeforeFixedUpdate(Int32 deltaTime) 位置 F:\workTable\UnityProject\LockStepDemo\LockStepDemo\Server\LockStepDemo\ECS\WorldBase.cs:行号 293
   在 WorldBase.FixedLoop(Int32 deltaTime) 位置 F:\workTable\UnityProject\LockStepDemo\LockStepDemo\Server\LockStepDemo\ECS\WorldBase.cs:行号 236
   在 UpdateEngine.UpdateWorld(Int32 deltaTime) 位置 F:\workTable\UnityProject\LockStepDemo\LockStepDemo\Server\LockStepDemo\Service\Game\UpdateEngine.cs:行号 66
2017-09-26 10:46:26,557 [18696] ERROR SyncService-46104728 - UpdateWorld Exception：System.TimeoutException: The sending attempt timed out
   在 SuperSocket.SocketBase.AppSession`2.InternalSend(ArraySegment`1 segment)
   在 SuperSocket.SocketBase.AppSession`2.Send(Byte[] data, Int32 offset, Int32 length)
   在 LockStepDemo.SessionSendExpand.SendMsg(SyncSession session, String key, Dictionary`2 data) 位置 F:\workTable\UnityProject\LockStepDemo\LockStepDemo\Server\LockStepDemo\Protocol\ProtocolSendExpand.cs:行号 63
   在 ProtocolAnalysisService.SendCommandComponent(SyncSession session, CommandComponent msg) 位置 F:\workTable\UnityProject\LockStepDemo\LockStepDemo\Server\LockStepDemo\Generate\Protocol\ProtocolAnalysisService.cs:行号 216
   在 ProtocolAnalysisService.SendMsg(SyncSession session, IProtocolMessageInterface msg) 位置 F:\workTable\UnityProject\LockStepDemo\LockStepDemo\Server\LockStepDemo\Generate\Protocol\ProtocolAnalysisService.cs:行号 27
   在 PlayerInputSystem.NoRecalcBeforeFixedUpdate(Int32 deltaTime) 位置 F:\workTable\UnityProject\LockStepDemo\LockStepDemo\Server\LockStepDemo\Service\ServiceLogic\System\PlayerInputSystem.cs:行号 43
   在 WorldBase.NoRecalcBeforeFixedUpdate(Int32 deltaTime) 位置 F:\workTable\UnityProject\LockStepDemo\LockStepDemo\Server\LockStepDemo\ECS\WorldBase.cs:行号 293
   在 WorldBase.FixedLoop(Int32 deltaTime) 位置 F:\workTable\UnityProject\LockStepDemo\LockStepDemo\Server\LockStepDemo\ECS\WorldBase.cs:行号 236
   在 UpdateEngine.UpdateWorld(Int32 deltaTime) 位置 F:\workTable\UnityProject\LockStepDemo\LockStepDemo\Server\LockStepDemo\Service\Game\UpdateEngine.cs:行号 66
2017-09-26 10:46:31,575 [18696] ERROR SyncService-46104728 - UpdateWorld Exception：System.TimeoutException: The sending attempt timed out
   在 SuperSocket.SocketBase.AppSession`2.InternalSend(ArraySegment`1 segment)
   在 SuperSocket.SocketBase.AppSession`2.Send(Byte[] data, Int32 offset, Int32 length)
   在 LockStepDemo.SessionSendExpand.SendMsg(SyncSession session, String key, Dictionary`2 data) 位置 F:\workTable\UnityProject\LockStepDemo\LockStepDemo\Server\LockStepDemo\Protocol\ProtocolSendExpand.cs:行号 63
   在 ProtocolAnalysisService.SendCommandComponent(SyncSession session, CommandComponent msg) 位置 F:\workTable\UnityProject\LockStepDemo\LockStepDemo\Server\LockStepDemo\Generate\Protocol\ProtocolAnalysisService.cs:行号 216
   在 ProtocolAnalysisService.SendMsg(SyncSession session, IProtocolMessageInterface msg) 位置 F:\workTable\UnityProject\LockStepDemo\LockStepDemo\Server\LockStepDemo\Generate\Protocol\ProtocolAnalysisService.cs:行号 27
   在 PlayerInputSystem.NoRecalcBeforeFixedUpdate(Int32 deltaTime) 位置 F:\workTable\UnityProject\LockStepDemo\LockStepDemo\Server\LockStepDemo\Service\ServiceLogic\System\PlayerInputSystem.cs:行号 43
   在 WorldBase.NoRecalcBeforeFixedUpdate(Int32 deltaTime) 位置 F:\workTable\UnityProject\LockStepDemo\LockStepDemo\Server\LockStepDemo\ECS\WorldBase.cs:行号 293
   在 WorldBase.FixedLoop(Int32 deltaTime) 位置 F:\workTable\UnityProject\LockStepDemo\LockStepDemo\Server\LockStepDemo\ECS\WorldBase.cs:行号 236
   在 UpdateEngine.UpdateWorld(Int32 deltaTime) 位置 F:\workTable\UnityProject\LockStepDemo\LockStepDemo\Server\LockStepDemo\Service\Game\UpdateEngine.cs:行号 66
2017-09-26 10:52:53,665 [14904] ERROR SyncService-46104728 - UpdateWorld Exception：System.TimeoutException: The sending attempt timed out
   在 SuperSocket.SocketBase.AppSession`2.InternalSend(ArraySegment`1 segment)
   在 SuperSocket.SocketBase.AppSession`2.Send(Byte[] data, Int32 offset, Int32 length)
   在 LockStepDemo.SessionSendExpand.SendMsg(SyncSession session, String key, Dictionary`2 data) 位置 F:\workTable\UnityProject\LockStepDemo\LockStepDemo\Server\LockStepDemo\Protocol\ProtocolSendExpand.cs:行号 63
   在 ProtocolAnalysisService.SendCommandComponent(SyncSession session, CommandComponent msg) 位置 F:\workTable\UnityProject\LockStepDemo\LockStepDemo\Server\LockStepDemo\Generate\Protocol\ProtocolAnalysisService.cs:行号 216
   在 ProtocolAnalysisService.SendMsg(SyncSession session, IProtocolMessageInterface msg) 位置 F:\workTable\UnityProject\LockStepDemo\LockStepDemo\Server\LockStepDemo\Generate\Protocol\ProtocolAnalysisService.cs:行号 27
   在 PlayerInputSystem.NoRecalcBeforeFixedUpdate(Int32 deltaTime) 位置 F:\workTable\UnityProject\LockStepDemo\LockStepDemo\Server\LockStepDemo\Service\ServiceLogic\System\PlayerInputSystem.cs:行号 43
   在 WorldBase.NoRecalcBeforeFixedUpdate(Int32 deltaTime) 位置 F:\workTable\UnityProject\LockStepDemo\LockStepDemo\Server\LockStepDemo\ECS\WorldBase.cs:行号 293
   在 WorldBase.FixedLoop(Int32 deltaTime) 位置 F:\workTable\UnityProject\LockStepDemo\LockStepDemo\Server\LockStepDemo\ECS\WorldBase.cs:行号 236
   在 UpdateEngine.UpdateWorld(Int32 deltaTime) 位置 F:\workTable\UnityProject\LockStepDemo\LockStepDemo\Server\LockStepDemo\Service\Game\UpdateEngine.cs:行号 66
2017-09-26 14:56:37,130 [18668] ERROR SyncService-46104728 - Send Messge Exception System.TimeoutException: The sending attempt timed out
   在 SuperSocket.SocketBase.AppSession`2.InternalSend(ArraySegment`1 segment)
   在 SuperSocket.SocketBase.AppSession`2.Send(Byte[] data, Int32 offset, Int32 length)
   在 LockStepDemo.SessionSendExpand.SendMsg(SyncSession session, String key, Dictionary`2 data) 位置 F:\workTable\UnityProject\LockStepDemo\LockStepDemo\Server\LockStepDemo\Protocol\ProtocolSendExpand.cs:行号 66
2017-09-26 14:56:37,133 [416] ERROR SyncService-46104728 - Send Messge Exception System.TimeoutException: The sending attempt timed out
   在 SuperSocket.SocketBase.AppSession`2.InternalSend(ArraySegment`1 segment)
   在 SuperSocket.SocketBase.AppSession`2.Send(Byte[] data, Int32 offset, Int32 length)
   在 LockStepDemo.SessionSendExpand.SendMsg(SyncSession session, String key, Dictionary`2 data) 位置 F:\workTable\UnityProject\LockStepDemo\LockStepDemo\Server\LockStepDemo\Protocol\ProtocolSendExpand.cs:行号 66
2017-09-26 14:56:42,133 [18668] ERROR SyncService-46104728 - Send Messge Exception System.TimeoutException: The sending attempt timed out
   在 SuperSocket.SocketBase.AppSession`2.InternalSend(ArraySegment`1 segment)
   在 SuperSocket.SocketBase.AppSession`2.Send(Byte[] data, Int32 offset, Int32 length)
   在 LockStepDemo.SessionSendExpand.SendMsg(SyncSession session, String key, Dictionary`2 data) 位置 F:\workTable\UnityProject\LockStepDemo\LockStepDemo\Server\LockStepDemo\Protocol\ProtocolSendExpand.cs:行号 66
2017-09-26 14:56:42,135 [17644] ERROR SyncService-46104728 - Send Messge Exception System.TimeoutException: The sending attempt timed out
   在 SuperSocket.SocketBase.AppSession`2.InternalSend(ArraySegment`1 segment)
   在 SuperSocket.SocketBase.AppSession`2.Send(Byte[] data, Int32 offset, Int32 length)
   在 LockStepDemo.SessionSendExpand.SendMsg(SyncSession session, String key, Dictionary`2 data) 位置 F:\workTable\UnityProject\LockStepDemo\LockStepDemo\Server\LockStepDemo\Protocol\ProtocolSendExpand.cs:行号 66
2017-09-26 14:56:50,505 [416] ERROR SyncService-46104728 - Send Messge Exception System.TimeoutException: The sending attempt timed out
   在 SuperSocket.SocketBase.AppSession`2.InternalSend(ArraySegment`1 segment)
   在 SuperSocket.SocketBase.AppSession`2.Send(Byte[] data, Int32 offset, Int32 length)
   在 LockStepDemo.SessionSendExpand.SendMsg(SyncSession session, String key, Dictionary`2 data) 位置 F:\workTable\UnityProject\LockStepDemo\LockStepDemo\Server\LockStepDemo\Protocol\ProtocolSendExpand.cs:行号 66
2017-09-26 14:56:50,581 [18668] ERROR SyncService-46104728 - Send Messge Exception System.TimeoutException: The sending attempt timed out
   在 SuperSocket.SocketBase.AppSession`2.InternalSend(ArraySegment`1 segment)
   在 SuperSocket.SocketBase.AppSession`2.Send(Byte[] data, Int32 offset, Int32 length)
   在 LockStepDemo.SessionSendExpand.SendMsg(SyncSession session, String key, Dictionary`2 data) 位置 F:\workTable\UnityProject\LockStepDemo\LockStepDemo\Server\LockStepDemo\Protocol\ProtocolSendExpand.cs:行号 66
2017-09-26 14:56:55,510 [416] ERROR SyncService-46104728 - Send Messge Exception System.TimeoutException: The sending attempt timed out
   在 SuperSocket.SocketBase.AppSession`2.InternalSend(ArraySegment`1 segment)
   在 SuperSocket.SocketBase.AppSession`2.Send(Byte[] data, Int32 offset, Int32 length)
   在 LockStepDemo.SessionSendExpand.SendMsg(SyncSession session, String key, Dictionary`2 data) 位置 F:\workTable\UnityProject\LockStepDemo\LockStepDemo\Server\LockStepDemo\Protocol\ProtocolSendExpand.cs:行号 66
2017-09-26 14:56:55,584 [18668] ERROR SyncService-46104728 - Send Messge Exception System.TimeoutException: The sending attempt timed out
   在 SuperSocket.SocketBase.AppSession`2.InternalSend(ArraySegment`1 segment)
   在 SuperSocket.SocketBase.AppSession`2.Send(Byte[] data, Int32 offset, Int32 length)
   在 LockStepDemo.SessionSendExpand.SendMsg(SyncSession session, String key, Dictionary`2 data) 位置 F:\workTable\UnityProject\LockStepDemo\LockStepDemo\Server\LockStepDemo\Protocol\ProtocolSendExpand.cs:行号 66
2017-09-26 14:57:00,513 [416] ERROR SyncService-46104728 - Send Messge Exception System.TimeoutException: The sending attempt timed out
   在 SuperSocket.SocketBase.AppSession`2.InternalSend(ArraySegment`1 segment)
   在 SuperSocket.SocketBase.AppSession`2.Send(Byte[] data, Int32 offset, Int32 length)
   在 LockStepDemo.SessionSendExpand.SendMsg(SyncSession session, String key, Dictionary`2 data) 位置 F:\workTable\UnityProject\LockStepDemo\LockStepDemo\Server\LockStepDemo\Protocol\ProtocolSendExpand.cs:行号 66
2017-09-26 14:57:00,588 [18668] ERROR SyncService-46104728 - Send Messge Exception System.TimeoutException: The sending attempt timed out
   在 SuperSocket.SocketBase.AppSession`2.InternalSend(ArraySegment`1 segment)
   在 SuperSocket.SocketBase.AppSession`2.Send(Byte[] data, Int32 offset, Int32 length)
   在 LockStepDemo.SessionSendExpand.SendMsg(SyncSession session, String key, Dictionary`2 data) 位置 F:\workTable\UnityProject\LockStepDemo\LockStepDemo\Server\LockStepDemo\Protocol\ProtocolSendExpand.cs:行号 66
2017-09-26 14:57:05,518 [416] ERROR SyncService-46104728 - Send Messge Exception System.TimeoutException: The sending attempt timed out
   在 SuperSocket.SocketBase.AppSession`2.InternalSend(ArraySegment`1 segment)
   在 SuperSocket.SocketBase.AppSession`2.Send(Byte[] data, Int32 offset, Int32 length)
   在 LockStepDemo.SessionSendExpand.SendMsg(SyncSession session, String key, Dictionary`2 data) 位置 F:\workTable\UnityProject\LockStepDemo\LockStepDemo\Server\LockStepDemo\Protocol\ProtocolSendExpand.cs:行号 66
2017-09-26 14:57:05,595 [18668] ERROR SyncService-46104728 - Send Messge Exception System.TimeoutException: The sending attempt timed out
   在 SuperSocket.SocketBase.AppSession`2.InternalSend(ArraySegment`1 segment)
   在 SuperSocket.SocketBase.AppSession`2.Send(Byte[] data, Int32 offset, Int32 length)
   在 LockStepDemo.SessionSendExpand.SendMsg(SyncSession session, String key, Dictionary`2 data) 位置 F:\workTable\UnityProject\LockStepDemo\LockStepDemo\Server\LockStepDemo\Protocol\ProtocolSendExpand.cs:行号 66
2017-09-26 14:57:10,524 [416] ERROR SyncService-46104728 - Send Messge Exception System.TimeoutException: The sending attempt timed out
   在 SuperSocket.SocketBase.AppSession`2.InternalSend(ArraySegment`1 segment)
   在 SuperSocket.SocketBase.AppSession`2.Send(Byte[] data, Int32 offset, Int32 length)
   在 LockStepDemo.SessionSendExpand.SendMsg(SyncSession session, String key, Dictionary`2 data) 位置 F:\workTable\UnityProject\LockStepDemo\LockStepDemo\Server\LockStepDemo\Protocol\ProtocolSendExpand.cs:行号 66
2017-09-26 14:57:10,598 [18668] ERROR SyncService-46104728 - Send Messge Exception System.TimeoutException: The sending attempt timed out
   在 SuperSocket.SocketBase.AppSession`2.InternalSend(ArraySegment`1 segment)
   在 SuperSocket.SocketBase.AppSession`2.Send(Byte[] data, Int32 offset, Int32 length)
   在 LockStepDemo.SessionSendExpand.SendMsg(SyncSession session, String key, Dictionary`2 data) 位置 F:\workTable\UnityProject\LockStepDemo\LockStepDemo\Server\LockStepDemo\Protocol\ProtocolSendExpand.cs:行号 66
2017-09-26 15:12:22,424 [21888] ERROR SyncService-46104728 - Session: fef0b3c5-ae06-4b5b-a627-d6a34becd0f1/192.168.89.249:53198
Protocol error
System.ArgumentOutOfRangeException: 索引超出范围。必须为非负值并小于集合大小。
参数名: index
   在 System.ThrowHelper.ThrowArgumentOutOfRangeException(ExceptionArgument argument, ExceptionResource resource)
   在 System.Collections.Generic.List`1.get_Item(Int32 index)
   在 Protocol.ByteArray.ReadByte() 位置 F:\workTable\UnityProject\LockStepDemo\LockStepDemo\Server\LockStepDemo\Protocol\ByteArray.cs:行号 58
   在 Protocol.ProtocolReceiveFilter.Analysis(ByteArray bytes) 位置 F:\workTable\UnityProject\LockStepDemo\LockStepDemo\Server\LockStepDemo\Protocol\ProtocolReceiveFilter.cs:行号 289
   在 Protocol.ProtocolReceiveFilter.SuperSocket.SocketBase.Protocol.IReceiveFilter<Protocol.ProtocolRequestBase>.Filter(Byte[] readBuffer, Int32 offset, Int32 length, Boolean toBeCopied, Int32& rest) 位置 F:\workTable\UnityProject\LockStepDemo\LockStepDemo\Server\LockStepDemo\Protocol\ProtocolReceiveFilter.cs:行号 109
   在 SuperSocket.SocketBase.AppSession`2.FilterRequest(Byte[] readBuffer, Int32 offset, Int32 length, Boolean toBeCopied, Int32& rest, Int32& offsetDelta)
   在 SuperSocket.SocketBase.AppSession`2.SuperSocket.SocketBase.IAppSession.ProcessRequest(Byte[] readBuffer, Int32 offset, Int32 length, Boolean toBeCopied)
   在 SuperSocket.SocketEngine.AsyncSocketSession.ProcessReceive(SocketAsyncEventArgs e)
2017-09-26 16:16:24,910 [22364] ERROR SyncService-46104728 - UpdateWorld Exception：System.NullReferenceException: 未将对象引用设置到对象的实例。
   在 ConnectionComponent.GetForecast(Int32 frame) 位置 F:\workTable\UnityProject\LockStepDemo\LockStepDemo\Server\LockStepDemo\Service\ServiceLogic\Component\ConnectionComponent.cs:行号 62
   在 ConnectionComponent.GetCommand(Int32 frame) 位置 F:\workTable\UnityProject\LockStepDemo\LockStepDemo\Server\LockStepDemo\Service\ServiceLogic\Component\ConnectionComponent.cs:行号 32
   在 PlayerInputSystem.NoRecalcBeforeFixedUpdate(Int32 deltaTime) 位置 F:\workTable\UnityProject\LockStepDemo\LockStepDemo\Server\LockStepDemo\Service\ServiceLogic\System\PlayerInputSystem.cs:行号 28
   在 WorldBase.NoRecalcBeforeFixedUpdate(Int32 deltaTime) 位置 F:\workTable\UnityProject\LockStepDemo\LockStepDemo\Server\LockStepDemo\ECS\WorldBase.cs:行号 293
   在 WorldBase.FixedLoop(Int32 deltaTime) 位置 F:\workTable\UnityProject\LockStepDemo\LockStepDemo\Server\LockStepDemo\ECS\WorldBase.cs:行号 236
   在 UpdateEngine.UpdateWorld(Int32 deltaTime) 位置 F:\workTable\UnityProject\LockStepDemo\LockStepDemo\Server\LockStepDemo\Service\Game\UpdateEngine.cs:行号 66
2017-09-26 17:37:52,126 [36768] ERROR SyncService-46104728 - UpdateWorld Exception：System.NullReferenceException: 未将对象引用设置到对象的实例。
   在 ConnectionComponent.GetForecast(Int32 frame) 位置 F:\workTable\UnityProject\LockStepDemo\LockStepDemo\Server\LockStepDemo\Service\ServiceLogic\Component\ConnectionComponent.cs:行号 62
   在 ConnectionComponent.GetCommand(Int32 frame) 位置 F:\workTable\UnityProject\LockStepDemo\LockStepDemo\Server\LockStepDemo\Service\ServiceLogic\Component\ConnectionComponent.cs:行号 32
   在 PlayerInputSystem.NoRecalcBeforeFixedUpdate(Int32 deltaTime) 位置 F:\workTable\UnityProject\LockStepDemo\LockStepDemo\Server\LockStepDemo\Service\ServiceLogic\System\PlayerInputSystem.cs:行号 23
   在 WorldBase.NoRecalcBeforeFixedUpdate(Int32 deltaTime) 位置 F:\workTable\UnityProject\LockStepDemo\LockStepDemo\Server\LockStepDemo\ECS\WorldBase.cs:行号 293
   在 WorldBase.FixedLoop(Int32 deltaTime) 位置 F:\workTable\UnityProject\LockStepDemo\LockStepDemo\Server\LockStepDemo\ECS\WorldBase.cs:行号 236
   在 UpdateEngine.UpdateWorld(Int32 deltaTime) 位置 F:\workTable\UnityProject\LockStepDemo\LockStepDemo\Server\LockStepDemo\Service\Game\UpdateEngine.cs:行号 66
2017-09-26 17:38:56,896 [35508] ERROR SyncService-46104728 - UpdateWorld Exception：System.NullReferenceException: 未将对象引用设置到对象的实例。
   在 ConnectionComponent.GetForecast(Int32 frame) 位置 F:\workTable\UnityProject\LockStepDemo\LockStepDemo\Server\LockStepDemo\Service\ServiceLogic\Component\ConnectionComponent.cs:行号 62
   在 ConnectionComponent.GetCommand(Int32 frame) 位置 F:\workTable\UnityProject\LockStepDemo\LockStepDemo\Server\LockStepDemo\Service\ServiceLogic\Component\ConnectionComponent.cs:行号 32
   在 PlayerInputSystem.NoRecalcBeforeFixedUpdate(Int32 deltaTime) 位置 F:\workTable\UnityProject\LockStepDemo\LockStepDemo\Server\LockStepDemo\Service\ServiceLogic\System\PlayerInputSystem.cs:行号 23
   在 WorldBase.NoRecalcBeforeFixedUpdate(Int32 deltaTime) 位置 F:\workTable\UnityProject\LockStepDemo\LockStepDemo\Server\LockStepDemo\ECS\WorldBase.cs:行号 293
   在 WorldBase.FixedLoop(Int32 deltaTime) 位置 F:\workTable\UnityProject\LockStepDemo\LockStepDemo\Server\LockStepDemo\ECS\WorldBase.cs:行号 236
   在 UpdateEngine.UpdateWorld(Int32 deltaTime) 位置 F:\workTable\UnityProject\LockStepDemo\LockStepDemo\Server\LockStepDemo\Service\Game\UpdateEngine.cs:行号 66
2017-09-26 17:56:16,413 [39728] ERROR SyncService-46104728 - Send Messge Exception System.TimeoutException: The sending attempt timed out
   在 SuperSocket.SocketBase.AppSession`2.InternalSend(ArraySegment`1 segment)
   在 SuperSocket.SocketBase.AppSession`2.Send(Byte[] data, Int32 offset, Int32 length)
   在 LockStepDemo.SessionSendExpand.SendMsg(SyncSession session, String key, Dictionary`2 data) 位置 F:\workTable\UnityProject\LockStepDemo\LockStepDemo\Server\LockStepDemo\Protocol\ProtocolSendExpand.cs:行号 66
2017-09-26 17:56:16,635 [39720] ERROR SyncService-46104728 - Send Messge Exception System.TimeoutException: The sending attempt timed out
   在 SuperSocket.SocketBase.AppSession`2.InternalSend(ArraySegment`1 segment)
   在 SuperSocket.SocketBase.AppSession`2.Send(Byte[] data, Int32 offset, Int32 length)
   在 LockStepDemo.SessionSendExpand.SendMsg(SyncSession session, String key, Dictionary`2 data) 位置 F:\workTable\UnityProject\LockStepDemo\LockStepDemo\Server\LockStepDemo\Protocol\ProtocolSendExpand.cs:行号 66
2017-09-26 17:56:21,427 [39728] ERROR SyncService-46104728 - Send Messge Exception System.TimeoutException: The sending attempt timed out
   在 SuperSocket.SocketBase.AppSession`2.InternalSend(ArraySegment`1 segment)
   在 SuperSocket.SocketBase.AppSession`2.Send(Byte[] data, Int32 offset, Int32 length)
   在 LockStepDemo.SessionSendExpand.SendMsg(SyncSession session, String key, Dictionary`2 data) 位置 F:\workTable\UnityProject\LockStepDemo\LockStepDemo\Server\LockStepDemo\Protocol\ProtocolSendExpand.cs:行号 66
2017-09-26 17:56:21,656 [36148] ERROR SyncService-46104728 - Send Messge Exception System.TimeoutException: The sending attempt timed out
   在 SuperSocket.SocketBase.AppSession`2.InternalSend(ArraySegment`1 segment)
   在 SuperSocket.SocketBase.AppSession`2.Send(Byte[] data, Int32 offset, Int32 length)
   在 LockStepDemo.SessionSendExpand.SendMsg(SyncSession session, String key, Dictionary`2 data) 位置 F:\workTable\UnityProject\LockStepDemo\LockStepDemo\Server\LockStepDemo\Protocol\ProtocolSendExpand.cs:行号 66
2017-09-26 17:56:26,440 [39728] ERROR SyncService-46104728 - Send Messge Exception System.TimeoutException: The sending attempt timed out
   在 SuperSocket.SocketBase.AppSession`2.InternalSend(ArraySegment`1 segment)
   在 SuperSocket.SocketBase.AppSession`2.Send(Byte[] data, Int32 offset, Int32 length)
   在 LockStepDemo.SessionSendExpand.SendMsg(SyncSession session, String key, Dictionary`2 data) 位置 F:\workTable\UnityProject\LockStepDemo\LockStepDemo\Server\LockStepDemo\Protocol\ProtocolSendExpand.cs:行号 66
2017-09-26 17:56:26,672 [36148] ERROR SyncService-46104728 - Send Messge Exception System.TimeoutException: The sending attempt timed out
   在 SuperSocket.SocketBase.AppSession`2.InternalSend(ArraySegment`1 segment)
   在 SuperSocket.SocketBase.AppSession`2.Send(Byte[] data, Int32 offset, Int32 length)
   在 LockStepDemo.SessionSendExpand.SendMsg(SyncSession session, String key, Dictionary`2 data) 位置 F:\workTable\UnityProject\LockStepDemo\LockStepDemo\Server\LockStepDemo\Protocol\ProtocolSendExpand.cs:行号 66
