2017-08-24 17:35:02,491 [44500] ERROR SyncService-54267293 - UpdateWorld Exception：System.NullReferenceException: 未将对象引用设置到对象的实例。
   在 OperationSystem.BeforeFixedUpdate(Int32 deltaTime) 位置 F:\workTable\UnityProject\LockStepDemo\LockStepDemo\Server\LockStepDemo\GameLogic\System\OperationSystem.cs:行号 26
   在 WorldBase.BeforeFixedUpdate(Int32 deltaTime) 位置 F:\workTable\UnityProject\LockStepDemo\LockStepDemo\Server\LockStepDemo\ECS\WorldBase.cs:行号 201
   在 WorldBase.FixedLoop(Int32 deltaTime) 位置 F:\workTable\UnityProject\LockStepDemo\LockStepDemo\Server\LockStepDemo\ECS\WorldBase.cs:行号 168
   在 LockStepDemo.Service.UpdateEngine.UpdateWorld(Int32 deltaTime) 位置 F:\workTable\UnityProject\LockStepDemo\LockStepDemo\Server\LockStepDemo\Service\Game\UpdateEngine.cs:行号 66
2017-08-24 17:35:03,489 [44500] ERROR SyncService-54267293 - UpdateWorld Exception：System.NullReferenceException: 未将对象引用设置到对象的实例。
   在 OperationSystem.BeforeFixedUpdate(Int32 deltaTime) 位置 F:\workTable\UnityProject\LockStepDemo\LockStepDemo\Server\LockStepDemo\GameLogic\System\OperationSystem.cs:行号 26
   在 WorldBase.BeforeFixedUpdate(Int32 deltaTime) 位置 F:\workTable\UnityProject\LockStepDemo\LockStepDemo\Server\LockStepDemo\ECS\WorldBase.cs:行号 201
   在 WorldBase.FixedLoop(Int32 deltaTime) 位置 F:\workTable\UnityProject\LockStepDemo\LockStepDemo\Server\LockStepDemo\ECS\WorldBase.cs:行号 168
   在 LockStepDemo.Service.UpdateEngine.UpdateWorld(Int32 deltaTime) 位置 F:\workTable\UnityProject\LockStepDemo\LockStepDemo\Server\LockStepDemo\Service\Game\UpdateEngine.cs:行号 66
2017-08-24 17:36:00,492 [34284] ERROR SyncService-54267293 - UpdateWorld Exception：System.NullReferenceException: 未将对象引用设置到对象的实例。
   在 MoveSystem.UpdateMove(MoveComponent comp, Int32 deltaTime) 位置 F:\workTable\UnityProject\LockStepDemo\LockStepDemo\Server\LockStepDemo\GameLogic\System\MoveSystem.cs:行号 19
   在 MoveSystem.FixedUpdate(Int32 deltaTime) 位置 F:\workTable\UnityProject\LockStepDemo\LockStepDemo\Server\LockStepDemo\GameLogic\System\MoveSystem.cs:行号 13
   在 WorldBase.FixedUpdate(Int32 deltaTime) 位置 F:\workTable\UnityProject\LockStepDemo\LockStepDemo\Server\LockStepDemo\ECS\WorldBase.cs:行号 234
   在 WorldBase.FixedLoop(Int32 deltaTime) 位置 F:\workTable\UnityProject\LockStepDemo\LockStepDemo\Server\LockStepDemo\ECS\WorldBase.cs:行号 169
   在 LockStepDemo.Service.UpdateEngine.UpdateWorld(Int32 deltaTime) 位置 F:\workTable\UnityProject\LockStepDemo\LockStepDemo\Server\LockStepDemo\Service\Game\UpdateEngine.cs:行号 66
2017-08-24 17:36:01,445 [34284] ERROR SyncService-54267293 - UpdateWorld Exception：System.NullReferenceException: 未将对象引用设置到对象的实例。
   在 MoveSystem.UpdateMove(MoveComponent comp, Int32 deltaTime) 位置 F:\workTable\UnityProject\LockStepDemo\LockStepDemo\Server\LockStepDemo\GameLogic\System\MoveSystem.cs:行号 19
   在 MoveSystem.FixedUpdate(Int32 deltaTime) 位置 F:\workTable\UnityProject\LockStepDemo\LockStepDemo\Server\LockStepDemo\GameLogic\System\MoveSystem.cs:行号 13
   在 WorldBase.FixedUpdate(Int32 deltaTime) 位置 F:\workTable\UnityProject\LockStepDemo\LockStepDemo\Server\LockStepDemo\ECS\WorldBase.cs:行号 234
   在 WorldBase.FixedLoop(Int32 deltaTime) 位置 F:\workTable\UnityProject\LockStepDemo\LockStepDemo\Server\LockStepDemo\ECS\WorldBase.cs:行号 169
   在 LockStepDemo.Service.UpdateEngine.UpdateWorld(Int32 deltaTime) 位置 F:\workTable\UnityProject\LockStepDemo\LockStepDemo\Server\LockStepDemo\Service\Game\UpdateEngine.cs:行号 66
2017-08-24 17:36:02,437 [34284] ERROR SyncService-54267293 - UpdateWorld Exception：System.NullReferenceException: 未将对象引用设置到对象的实例。
   在 MoveSystem.UpdateMove(MoveComponent comp, Int32 deltaTime) 位置 F:\workTable\UnityProject\LockStepDemo\LockStepDemo\Server\LockStepDemo\GameLogic\System\MoveSystem.cs:行号 19
   在 MoveSystem.FixedUpdate(Int32 deltaTime) 位置 F:\workTable\UnityProject\LockStepDemo\LockStepDemo\Server\LockStepDemo\GameLogic\System\MoveSystem.cs:行号 13
   在 WorldBase.FixedUpdate(Int32 deltaTime) 位置 F:\workTable\UnityProject\LockStepDemo\LockStepDemo\Server\LockStepDemo\ECS\WorldBase.cs:行号 234
   在 WorldBase.FixedLoop(Int32 deltaTime) 位置 F:\workTable\UnityProject\LockStepDemo\LockStepDemo\Server\LockStepDemo\ECS\WorldBase.cs:行号 169
   在 LockStepDemo.Service.UpdateEngine.UpdateWorld(Int32 deltaTime) 位置 F:\workTable\UnityProject\LockStepDemo\LockStepDemo\Server\LockStepDemo\Service\Game\UpdateEngine.cs:行号 66
2017-08-24 17:36:03,440 [34284] ERROR SyncService-54267293 - UpdateWorld Exception：System.NullReferenceException: 未将对象引用设置到对象的实例。
   在 MoveSystem.UpdateMove(MoveComponent comp, Int32 deltaTime) 位置 F:\workTable\UnityProject\LockStepDemo\LockStepDemo\Server\LockStepDemo\GameLogic\System\MoveSystem.cs:行号 19
   在 MoveSystem.FixedUpdate(Int32 deltaTime) 位置 F:\workTable\UnityProject\LockStepDemo\LockStepDemo\Server\LockStepDemo\GameLogic\System\MoveSystem.cs:行号 13
   在 WorldBase.FixedUpdate(Int32 deltaTime) 位置 F:\workTable\UnityProject\LockStepDemo\LockStepDemo\Server\LockStepDemo\ECS\WorldBase.cs:行号 234
   在 WorldBase.FixedLoop(Int32 deltaTime) 位置 F:\workTable\UnityProject\LockStepDemo\LockStepDemo\Server\LockStepDemo\ECS\WorldBase.cs:行号 169
   在 LockStepDemo.Service.UpdateEngine.UpdateWorld(Int32 deltaTime) 位置 F:\workTable\UnityProject\LockStepDemo\LockStepDemo\Server\LockStepDemo\Service\Game\UpdateEngine.cs:行号 66
2017-08-24 17:36:04,445 [34284] ERROR SyncService-54267293 - UpdateWorld Exception：System.NullReferenceException: 未将对象引用设置到对象的实例。
   在 MoveSystem.UpdateMove(MoveComponent comp, Int32 deltaTime) 位置 F:\workTable\UnityProject\LockStepDemo\LockStepDemo\Server\LockStepDemo\GameLogic\System\MoveSystem.cs:行号 19
   在 MoveSystem.FixedUpdate(Int32 deltaTime) 位置 F:\workTable\UnityProject\LockStepDemo\LockStepDemo\Server\LockStepDemo\GameLogic\System\MoveSystem.cs:行号 13
   在 WorldBase.FixedUpdate(Int32 deltaTime) 位置 F:\workTable\UnityProject\LockStepDemo\LockStepDemo\Server\LockStepDemo\ECS\WorldBase.cs:行号 234
   在 WorldBase.FixedLoop(Int32 deltaTime) 位置 F:\workTable\UnityProject\LockStepDemo\LockStepDemo\Server\LockStepDemo\ECS\WorldBase.cs:行号 169
   在 LockStepDemo.Service.UpdateEngine.UpdateWorld(Int32 deltaTime) 位置 F:\workTable\UnityProject\LockStepDemo\LockStepDemo\Server\LockStepDemo\Service\Game\UpdateEngine.cs:行号 66
2017-08-24 17:36:05,449 [34284] ERROR SyncService-54267293 - UpdateWorld Exception：System.NullReferenceException: 未将对象引用设置到对象的实例。
   在 MoveSystem.UpdateMove(MoveComponent comp, Int32 deltaTime) 位置 F:\workTable\UnityProject\LockStepDemo\LockStepDemo\Server\LockStepDemo\GameLogic\System\MoveSystem.cs:行号 19
   在 MoveSystem.FixedUpdate(Int32 deltaTime) 位置 F:\workTable\UnityProject\LockStepDemo\LockStepDemo\Server\LockStepDemo\GameLogic\System\MoveSystem.cs:行号 13
   在 WorldBase.FixedUpdate(Int32 deltaTime) 位置 F:\workTable\UnityProject\LockStepDemo\LockStepDemo\Server\LockStepDemo\ECS\WorldBase.cs:行号 234
   在 WorldBase.FixedLoop(Int32 deltaTime) 位置 F:\workTable\UnityProject\LockStepDemo\LockStepDemo\Server\LockStepDemo\ECS\WorldBase.cs:行号 169
   在 LockStepDemo.Service.UpdateEngine.UpdateWorld(Int32 deltaTime) 位置 F:\workTable\UnityProject\LockStepDemo\LockStepDemo\Server\LockStepDemo\Service\Game\UpdateEngine.cs:行号 66
2017-08-24 17:36:06,442 [34284] ERROR SyncService-54267293 - UpdateWorld Exception：System.NullReferenceException: 未将对象引用设置到对象的实例。
   在 MoveSystem.UpdateMove(MoveComponent comp, Int32 deltaTime) 位置 F:\workTable\UnityProject\LockStepDemo\LockStepDemo\Server\LockStepDemo\GameLogic\System\MoveSystem.cs:行号 19
   在 MoveSystem.FixedUpdate(Int32 deltaTime) 位置 F:\workTable\UnityProject\LockStepDemo\LockStepDemo\Server\LockStepDemo\GameLogic\System\MoveSystem.cs:行号 13
   在 WorldBase.FixedUpdate(Int32 deltaTime) 位置 F:\workTable\UnityProject\LockStepDemo\LockStepDemo\Server\LockStepDemo\ECS\WorldBase.cs:行号 234
   在 WorldBase.FixedLoop(Int32 deltaTime) 位置 F:\workTable\UnityProject\LockStepDemo\LockStepDemo\Server\LockStepDemo\ECS\WorldBase.cs:行号 169
   在 LockStepDemo.Service.UpdateEngine.UpdateWorld(Int32 deltaTime) 位置 F:\workTable\UnityProject\LockStepDemo\LockStepDemo\Server\LockStepDemo\Service\Game\UpdateEngine.cs:行号 66
2017-08-24 17:36:07,447 [34284] ERROR SyncService-54267293 - UpdateWorld Exception：System.NullReferenceException: 未将对象引用设置到对象的实例。
   在 MoveSystem.UpdateMove(MoveComponent comp, Int32 deltaTime) 位置 F:\workTable\UnityProject\LockStepDemo\LockStepDemo\Server\LockStepDemo\GameLogic\System\MoveSystem.cs:行号 19
   在 MoveSystem.FixedUpdate(Int32 deltaTime) 位置 F:\workTable\UnityProject\LockStepDemo\LockStepDemo\Server\LockStepDemo\GameLogic\System\MoveSystem.cs:行号 13
   在 WorldBase.FixedUpdate(Int32 deltaTime) 位置 F:\workTable\UnityProject\LockStepDemo\LockStepDemo\Server\LockStepDemo\ECS\WorldBase.cs:行号 234
   在 WorldBase.FixedLoop(Int32 deltaTime) 位置 F:\workTable\UnityProject\LockStepDemo\LockStepDemo\Server\LockStepDemo\ECS\WorldBase.cs:行号 169
   在 LockStepDemo.Service.UpdateEngine.UpdateWorld(Int32 deltaTime) 位置 F:\workTable\UnityProject\LockStepDemo\LockStepDemo\Server\LockStepDemo\Service\Game\UpdateEngine.cs:行号 66
2017-08-24 17:36:08,442 [34284] ERROR SyncService-54267293 - UpdateWorld Exception：System.NullReferenceException: 未将对象引用设置到对象的实例。
   在 MoveSystem.UpdateMove(MoveComponent comp, Int32 deltaTime) 位置 F:\workTable\UnityProject\LockStepDemo\LockStepDemo\Server\LockStepDemo\GameLogic\System\MoveSystem.cs:行号 19
   在 MoveSystem.FixedUpdate(Int32 deltaTime) 位置 F:\workTable\UnityProject\LockStepDemo\LockStepDemo\Server\LockStepDemo\GameLogic\System\MoveSystem.cs:行号 13
   在 WorldBase.FixedUpdate(Int32 deltaTime) 位置 F:\workTable\UnityProject\LockStepDemo\LockStepDemo\Server\LockStepDemo\ECS\WorldBase.cs:行号 234
   在 WorldBase.FixedLoop(Int32 deltaTime) 位置 F:\workTable\UnityProject\LockStepDemo\LockStepDemo\Server\LockStepDemo\ECS\WorldBase.cs:行号 169
   在 LockStepDemo.Service.UpdateEngine.UpdateWorld(Int32 deltaTime) 位置 F:\workTable\UnityProject\LockStepDemo\LockStepDemo\Server\LockStepDemo\Service\Game\UpdateEngine.cs:行号 66
2017-08-24 17:49:35,339 [31680] ERROR SyncService-54267293 - methodIndex:4325 Ex:System.Collections.Generic.KeyNotFoundException: 给定关键字不在字典中。
   在 System.ThrowHelper.ThrowKeyNotFoundException()
   在 System.Collections.Generic.Dictionary`2.get_Item(TKey key)
   在 Protocol.ProtocolReceiveFilter.Analysis(ByteArray bytes) 位置 F:\workTable\UnityProject\LockStepDemo\LockStepDemo\Server\LockStepDemo\Protocol\ProtocolReceiveFilter.cs:行号 297
2017-08-24 17:49:35,380 [31680] ERROR SyncService-54267293 - LockStepDemo.Service.SyncSession
System.ArgumentNullException: 值不能为空。
参数名: key
   在 System.ThrowHelper.ThrowArgumentNullException(ExceptionArgument argument)
   在 System.Collections.Generic.Dictionary`2.FindEntry(TKey key)
   在 System.Collections.Generic.Dictionary`2.TryGetValue(TKey key, TValue& value)
   在 SuperSocket.SocketBase.AppServerBase`2.GetCommandByName(String commandName)
   在 SuperSocket.SocketBase.AppServerBase`2.ExecuteCommand(TAppSession session, TRequestInfo requestInfo)
   在 SuperSocket.SocketBase.AppServerBase`2.ExecuteCommand(IAppSession session, TRequestInfo requestInfo)
   在 SuperSocket.SocketBase.AppSession`2.SuperSocket.SocketBase.IAppSession.ProcessRequest(Byte[] readBuffer, Int32 offset, Int32 length, Boolean toBeCopied)
2017-08-24 17:51:05,494 [50300] ERROR SyncService-54267293 - methodIndex:301 Ex:System.Exception: AnalysisData Excepiton Data is ->commandcomponent<-
FieldName:->skilldir<-
FieldType:->TYPE_custom<-
RepeatType:->RT_equired<-
CustomType:->syncvector3<-
System.Exception: ReadDictionary Excepiton DictName is ->syncvector3<-
FieldName:->x<-
FieldType:->TYPE_int32<-
RepeatType:->RT_equired<-
CustomType:-><-
System.ArgumentOutOfRangeException: 索引超出范围。必须为非负值并小于集合大小。
参数名: index
   在 System.ThrowHelper.ThrowArgumentOutOfRangeException()
   在 System.Collections.Generic.List`1.get_Item(Int32 index)
   在 Protocol.ByteArray.ReadInt32() 位置 F:\workTable\UnityProject\LockStepDemo\LockStepDemo\Server\LockStepDemo\Protocol\ByteArray.cs:行号 110
   在 Protocol.ProtocolReceiveFilter.ReadInt32(ByteArray ba) 位置 F:\workTable\UnityProject\LockStepDemo\LockStepDemo\Server\LockStepDemo\Protocol\ProtocolReceiveFilter.cs:行号 477
   在 Protocol.ProtocolReceiveFilter.ReadDictionary(String dictName, ByteArray ba) 位置 F:\workTable\UnityProject\LockStepDemo\LockStepDemo\Server\LockStepDemo\Protocol\ProtocolReceiveFilter.cs:行号 622
   在 Protocol.ProtocolReceiveFilter.ReadDictionary(String dictName, ByteArray ba) 位置 F:\workTable\UnityProject\LockStepDemo\LockStepDemo\Server\LockStepDemo\Protocol\ProtocolReceiveFilter.cs:行号 673
   在 Protocol.ProtocolReceiveFilter.AnalysisData(String MessageType, Byte[] bytes) 位置 F:\workTable\UnityProject\LockStepDemo\LockStepDemo\Server\LockStepDemo\Protocol\ProtocolReceiveFilter.cs:行号 415
   在 Protocol.ProtocolReceiveFilter.AnalysisData(String MessageType, Byte[] bytes) 位置 F:\workTable\UnityProject\LockStepDemo\LockStepDemo\Server\LockStepDemo\Protocol\ProtocolReceiveFilter.cs:行号 431
   在 Protocol.ProtocolReceiveFilter.Analysis(ByteArray bytes) 位置 F:\workTable\UnityProject\LockStepDemo\LockStepDemo\Server\LockStepDemo\Protocol\ProtocolReceiveFilter.cs:行号 299
2017-08-24 17:52:46,228 [47780] ERROR SyncService-54267293 - methodIndex:301 Ex:System.Exception: AnalysisData Excepiton Data is ->commandcomponent<-
FieldName:->skilldir<-
FieldType:->TYPE_custom<-
RepeatType:->RT_equired<-
CustomType:->syncvector3<-
System.Exception: ReadDictionary Excepiton DictName is ->syncvector3<-
FieldName:->x<-
FieldType:->TYPE_int32<-
RepeatType:->RT_equired<-
CustomType:-><-
System.ArgumentOutOfRangeException: 索引超出范围。必须为非负值并小于集合大小。
参数名: index
   在 System.ThrowHelper.ThrowArgumentOutOfRangeException()
   在 System.Collections.Generic.List`1.get_Item(Int32 index)
   在 Protocol.ByteArray.ReadInt32() 位置 F:\workTable\UnityProject\LockStepDemo\LockStepDemo\Server\LockStepDemo\Protocol\ByteArray.cs:行号 110
   在 Protocol.ProtocolReceiveFilter.ReadInt32(ByteArray ba) 位置 F:\workTable\UnityProject\LockStepDemo\LockStepDemo\Server\LockStepDemo\Protocol\ProtocolReceiveFilter.cs:行号 477
   在 Protocol.ProtocolReceiveFilter.ReadDictionary(String dictName, ByteArray ba) 位置 F:\workTable\UnityProject\LockStepDemo\LockStepDemo\Server\LockStepDemo\Protocol\ProtocolReceiveFilter.cs:行号 622
   在 Protocol.ProtocolReceiveFilter.ReadDictionary(String dictName, ByteArray ba) 位置 F:\workTable\UnityProject\LockStepDemo\LockStepDemo\Server\LockStepDemo\Protocol\ProtocolReceiveFilter.cs:行号 673
   在 Protocol.ProtocolReceiveFilter.AnalysisData(String MessageType, Byte[] bytes) 位置 F:\workTable\UnityProject\LockStepDemo\LockStepDemo\Server\LockStepDemo\Protocol\ProtocolReceiveFilter.cs:行号 415
   在 Protocol.ProtocolReceiveFilter.AnalysisData(String MessageType, Byte[] bytes) 位置 F:\workTable\UnityProject\LockStepDemo\LockStepDemo\Server\LockStepDemo\Protocol\ProtocolReceiveFilter.cs:行号 431
   在 Protocol.ProtocolReceiveFilter.Analysis(ByteArray bytes) 位置 F:\workTable\UnityProject\LockStepDemo\LockStepDemo\Server\LockStepDemo\Protocol\ProtocolReceiveFilter.cs:行号 299
