2017-09-14 11:04:16,012 [20788] ERROR SyncService-46104728 - methodIndex:4326 Ex:System.Collections.Generic.KeyNotFoundException: 给定关键字不在字典中。
   在 System.ThrowHelper.ThrowKeyNotFoundException()
   在 System.Collections.Generic.Dictionary`2.get_Item(TKey key)
   在 Protocol.ProtocolReceiveFilter.Analysis(ByteArray bytes) 位置 F:\workTable\UnityProject\LockStepDemo\LockStepDemo\Server\LockStepDemo\Protocol\ProtocolReceiveFilter.cs:行号 297
2017-09-14 11:04:16,015 [20788] ERROR SyncService-46104728 - SyncSession
System.ArgumentNullException: 值不能为 null。
参数名: key
   在 System.ThrowHelper.ThrowArgumentNullException(ExceptionArgument argument)
   在 System.Collections.Generic.Dictionary`2.FindEntry(TKey key)
   在 System.Collections.Generic.Dictionary`2.TryGetValue(TKey key, TValue& value)
   在 SuperSocket.SocketBase.AppServerBase`2.GetCommandByName(String commandName)
   在 SuperSocket.SocketBase.AppServerBase`2.ExecuteCommand(TAppSession session, TRequestInfo requestInfo)
   在 SuperSocket.SocketBase.AppServerBase`2.ExecuteCommand(IAppSession session, TRequestInfo requestInfo)
   在 SuperSocket.SocketBase.AppSession`2.SuperSocket.SocketBase.IAppSession.ProcessRequest(Byte[] readBuffer, Int32 offset, Int32 length, Boolean toBeCopied)
2017-09-14 11:04:53,454 [20676] ERROR SyncService-46104728 - UpdateWorld Exception：System.NullReferenceException: 未将对象引用设置到对象的实例。
   在 ConnectionComponent.GetForecast(Int32 frame) 位置 F:\workTable\UnityProject\LockStepDemo\LockStepDemo\Server\LockStepDemo\Service\ServiceLogic\Component\ConnectionComponent.cs:行号 61
   在 ConnectionComponent.GetCommand(Int32 frame) 位置 F:\workTable\UnityProject\LockStepDemo\LockStepDemo\Server\LockStepDemo\Service\ServiceLogic\Component\ConnectionComponent.cs:行号 31
   在 PlayerInputSystem.NoRecalcBeforeFixedUpdate(Int32 deltaTime) 位置 F:\workTable\UnityProject\LockStepDemo\LockStepDemo\Server\LockStepDemo\Service\ServiceLogic\System\PlayerInputSystem.cs:行号 28
   在 WorldBase.NoRecalcBeforeFixedUpdate(Int32 deltaTime) 位置 F:\workTable\UnityProject\LockStepDemo\LockStepDemo\Server\LockStepDemo\ECS\WorldBase.cs:行号 287
   在 WorldBase.FixedLoop(Int32 deltaTime) 位置 F:\workTable\UnityProject\LockStepDemo\LockStepDemo\Server\LockStepDemo\ECS\WorldBase.cs:行号 232
   在 UpdateEngine.UpdateWorld(Int32 deltaTime) 位置 F:\workTable\UnityProject\LockStepDemo\LockStepDemo\Server\LockStepDemo\Service\Game\UpdateEngine.cs:行号 66
2017-09-14 14:59:13,603 [65072] ERROR SyncService-46104728 - UpdateWorld Exception：System.NullReferenceException: 未将对象引用设置到对象的实例。
   在 ConnectionComponent.GetForecast(Int32 frame) 位置 F:\workTable\UnityProject\LockStepDemo\LockStepDemo\Server\LockStepDemo\Service\ServiceLogic\Component\ConnectionComponent.cs:行号 61
   在 ConnectionComponent.GetCommand(Int32 frame) 位置 F:\workTable\UnityProject\LockStepDemo\LockStepDemo\Server\LockStepDemo\Service\ServiceLogic\Component\ConnectionComponent.cs:行号 31
   在 PlayerInputSystem.NoRecalcBeforeFixedUpdate(Int32 deltaTime) 位置 F:\workTable\UnityProject\LockStepDemo\LockStepDemo\Server\LockStepDemo\Service\ServiceLogic\System\PlayerInputSystem.cs:行号 28
   在 WorldBase.NoRecalcBeforeFixedUpdate(Int32 deltaTime) 位置 F:\workTable\UnityProject\LockStepDemo\LockStepDemo\Server\LockStepDemo\ECS\WorldBase.cs:行号 287
   在 WorldBase.FixedLoop(Int32 deltaTime) 位置 F:\workTable\UnityProject\LockStepDemo\LockStepDemo\Server\LockStepDemo\ECS\WorldBase.cs:行号 232
   在 UpdateEngine.UpdateWorld(Int32 deltaTime) 位置 F:\workTable\UnityProject\LockStepDemo\LockStepDemo\Server\LockStepDemo\Service\Game\UpdateEngine.cs:行号 66
2017-09-14 15:13:44,531 [12188] ERROR SyncService-46104728 - UpdateWorld Exception：System.NullReferenceException: 未将对象引用设置到对象的实例。
   在 ConnectionComponent.GetForecast(Int32 frame) 位置 F:\workTable\UnityProject\LockStepDemo\LockStepDemo\Server\LockStepDemo\Service\ServiceLogic\Component\ConnectionComponent.cs:行号 61
   在 ConnectionComponent.GetCommand(Int32 frame) 位置 F:\workTable\UnityProject\LockStepDemo\LockStepDemo\Server\LockStepDemo\Service\ServiceLogic\Component\ConnectionComponent.cs:行号 31
   在 PlayerInputSystem.NoRecalcBeforeFixedUpdate(Int32 deltaTime) 位置 F:\workTable\UnityProject\LockStepDemo\LockStepDemo\Server\LockStepDemo\Service\ServiceLogic\System\PlayerInputSystem.cs:行号 28
   在 WorldBase.NoRecalcBeforeFixedUpdate(Int32 deltaTime) 位置 F:\workTable\UnityProject\LockStepDemo\LockStepDemo\Server\LockStepDemo\ECS\WorldBase.cs:行号 287
   在 WorldBase.FixedLoop(Int32 deltaTime) 位置 F:\workTable\UnityProject\LockStepDemo\LockStepDemo\Server\LockStepDemo\ECS\WorldBase.cs:行号 232
   在 UpdateEngine.UpdateWorld(Int32 deltaTime) 位置 F:\workTable\UnityProject\LockStepDemo\LockStepDemo\Server\LockStepDemo\Service\Game\UpdateEngine.cs:行号 66
2017-09-14 20:01:24,885 [88632] ERROR SyncService-46104728 - UpdateWorld Exception：System.NullReferenceException: 未将对象引用设置到对象的实例。
   在 ConnectionComponent.GetForecast(Int32 frame) 位置 F:\workTable\UnityProject\LockStepDemo\LockStepDemo\Server\LockStepDemo\Service\ServiceLogic\Component\ConnectionComponent.cs:行号 61
   在 ConnectionComponent.GetCommand(Int32 frame) 位置 F:\workTable\UnityProject\LockStepDemo\LockStepDemo\Server\LockStepDemo\Service\ServiceLogic\Component\ConnectionComponent.cs:行号 31
   在 PlayerInputSystem.NoRecalcBeforeFixedUpdate(Int32 deltaTime) 位置 F:\workTable\UnityProject\LockStepDemo\LockStepDemo\Server\LockStepDemo\Service\ServiceLogic\System\PlayerInputSystem.cs:行号 28
   在 WorldBase.NoRecalcBeforeFixedUpdate(Int32 deltaTime) 位置 F:\workTable\UnityProject\LockStepDemo\LockStepDemo\Server\LockStepDemo\ECS\WorldBase.cs:行号 287
   在 WorldBase.FixedLoop(Int32 deltaTime) 位置 F:\workTable\UnityProject\LockStepDemo\LockStepDemo\Server\LockStepDemo\ECS\WorldBase.cs:行号 232
   在 UpdateEngine.UpdateWorld(Int32 deltaTime) 位置 F:\workTable\UnityProject\LockStepDemo\LockStepDemo\Server\LockStepDemo\Service\Game\UpdateEngine.cs:行号 66
2017-09-14 21:54:23,427 [94736] ERROR SyncService-46104728 - UpdateWorld Exception：System.NullReferenceException: 未将对象引用设置到对象的实例。
   在 ConnectionComponent.GetForecast(Int32 frame) 位置 F:\workTable\UnityProject\LockStepDemo\LockStepDemo\Server\LockStepDemo\Service\ServiceLogic\Component\ConnectionComponent.cs:行号 61
   在 ConnectionComponent.GetCommand(Int32 frame) 位置 F:\workTable\UnityProject\LockStepDemo\LockStepDemo\Server\LockStepDemo\Service\ServiceLogic\Component\ConnectionComponent.cs:行号 31
   在 PlayerInputSystem.NoRecalcBeforeFixedUpdate(Int32 deltaTime) 位置 F:\workTable\UnityProject\LockStepDemo\LockStepDemo\Server\LockStepDemo\Service\ServiceLogic\System\PlayerInputSystem.cs:行号 28
   在 WorldBase.NoRecalcBeforeFixedUpdate(Int32 deltaTime) 位置 F:\workTable\UnityProject\LockStepDemo\LockStepDemo\Server\LockStepDemo\ECS\WorldBase.cs:行号 292
   在 WorldBase.FixedLoop(Int32 deltaTime) 位置 F:\workTable\UnityProject\LockStepDemo\LockStepDemo\Server\LockStepDemo\ECS\WorldBase.cs:行号 235
   在 UpdateEngine.UpdateWorld(Int32 deltaTime) 位置 F:\workTable\UnityProject\LockStepDemo\LockStepDemo\Server\LockStepDemo\Service\Game\UpdateEngine.cs:行号 66
2017-09-14 22:11:00,185 [54644] ERROR SyncService-46104728 - UpdateWorld Exception：System.NullReferenceException: 未将对象引用设置到对象的实例。
   在 ConnectionComponent.GetForecast(Int32 frame) 位置 F:\workTable\UnityProject\LockStepDemo\LockStepDemo\Server\LockStepDemo\Service\ServiceLogic\Component\ConnectionComponent.cs:行号 61
   在 ConnectionComponent.GetCommand(Int32 frame) 位置 F:\workTable\UnityProject\LockStepDemo\LockStepDemo\Server\LockStepDemo\Service\ServiceLogic\Component\ConnectionComponent.cs:行号 31
   在 PlayerInputSystem.NoRecalcBeforeFixedUpdate(Int32 deltaTime) 位置 F:\workTable\UnityProject\LockStepDemo\LockStepDemo\Server\LockStepDemo\Service\ServiceLogic\System\PlayerInputSystem.cs:行号 28
   在 WorldBase.NoRecalcBeforeFixedUpdate(Int32 deltaTime) 位置 F:\workTable\UnityProject\LockStepDemo\LockStepDemo\Server\LockStepDemo\ECS\WorldBase.cs:行号 292
   在 WorldBase.FixedLoop(Int32 deltaTime) 位置 F:\workTable\UnityProject\LockStepDemo\LockStepDemo\Server\LockStepDemo\ECS\WorldBase.cs:行号 235
   在 UpdateEngine.UpdateWorld(Int32 deltaTime) 位置 F:\workTable\UnityProject\LockStepDemo\LockStepDemo\Server\LockStepDemo\Service\Game\UpdateEngine.cs:行号 66
