2017-09-04 17:28:50,935 [19632] ERROR SyncService-54267293 - methodIndex:301 Ex:System.Exception: AnalysisData Excepiton Data is ->commandcomponent<-
FieldName:->id<-
FieldType:->TYPE_int32<-
RepeatType:->RT_equired<-
CustomType:->syncvector3<-
System.ArgumentOutOfRangeException: 索引超出范围。必须为非负值并小于集合大小。
参数名: index
   在 System.ThrowHelper.ThrowArgumentOutOfRangeException()
   在 System.Collections.Generic.List`1.get_Item(Int32 index)
   在 Protocol.ByteArray.ReadInt32() 位置 F:\workTable\UnityProject\LockStepDemo\LockStepDemo\Server\LockStepDemo\Protocol\ByteArray.cs:行号 110
   在 Protocol.ProtocolReceiveFilter.ReadInt32(ByteArray ba) 位置 F:\workTable\UnityProject\LockStepDemo\LockStepDemo\Server\LockStepDemo\Protocol\ProtocolReceiveFilter.cs:行号 477
   在 Protocol.ProtocolReceiveFilter.AnalysisData(String MessageType, Byte[] bytes) 位置 F:\workTable\UnityProject\LockStepDemo\LockStepDemo\Server\LockStepDemo\Protocol\ProtocolReceiveFilter.cs:行号 380
   在 Protocol.ProtocolReceiveFilter.AnalysisData(String MessageType, Byte[] bytes) 位置 F:\workTable\UnityProject\LockStepDemo\LockStepDemo\Server\LockStepDemo\Protocol\ProtocolReceiveFilter.cs:行号 431
   在 Protocol.ProtocolReceiveFilter.Analysis(ByteArray bytes) 位置 F:\workTable\UnityProject\LockStepDemo\LockStepDemo\Server\LockStepDemo\Protocol\ProtocolReceiveFilter.cs:行号 299
2017-09-04 21:12:42,274 [32952] ERROR SyncService-54267293 - UpdateWorld Exception：System.NullReferenceException: 未将对象引用设置到对象的实例。
   在 ServiceSyncSystem.CreateEntityInfo(EntityBase entity, SyncSession session) 位置 F:\workTable\UnityProject\LockStepDemo\LockStepDemo\Server\LockStepDemo\Service\ServiceLogic\System\ServiceSyncSystem.cs:行号 250
   在 ServiceSyncSystem.PushSyncEnity(ConnectionComponent connect, EntityBase entity) 位置 F:\workTable\UnityProject\LockStepDemo\LockStepDemo\Server\LockStepDemo\Service\ServiceLogic\System\ServiceSyncSystem.cs:行号 229
   在 ServiceSyncSystem.PushAllData() 位置 F:\workTable\UnityProject\LockStepDemo\LockStepDemo\Server\LockStepDemo\Service\ServiceLogic\System\ServiceSyncSystem.cs:行号 195
   在 ServiceSyncSystem.EndFrame(Int32 deltaTime) 位置 F:\workTable\UnityProject\LockStepDemo\LockStepDemo\Server\LockStepDemo\Service\ServiceLogic\System\ServiceSyncSystem.cs:行号 34
   在 WorldBase.EndFrame(Int32 deltaTime) 位置 F:\workTable\UnityProject\LockStepDemo\LockStepDemo\Server\LockStepDemo\ECS\WorldBase.cs:行号 304
   在 WorldBase.FixedLoop(Int32 deltaTime) 位置 F:\workTable\UnityProject\LockStepDemo\LockStepDemo\Server\LockStepDemo\ECS\WorldBase.cs:行号 212
   在 UpdateEngine.UpdateWorld(Int32 deltaTime) 位置 F:\workTable\UnityProject\LockStepDemo\LockStepDemo\Server\LockStepDemo\Service\Game\UpdateEngine.cs:行号 66
2017-09-04 21:12:42,427 [32952] ERROR SyncService-54267293 - UpdateWorld Exception：System.NullReferenceException: 未将对象引用设置到对象的实例。
   在 ServiceSyncSystem.CreateEntityInfo(EntityBase entity, SyncSession session) 位置 F:\workTable\UnityProject\LockStepDemo\LockStepDemo\Server\LockStepDemo\Service\ServiceLogic\System\ServiceSyncSystem.cs:行号 250
   在 ServiceSyncSystem.PushSyncEnity(ConnectionComponent connect, EntityBase entity) 位置 F:\workTable\UnityProject\LockStepDemo\LockStepDemo\Server\LockStepDemo\Service\ServiceLogic\System\ServiceSyncSystem.cs:行号 229
   在 ServiceSyncSystem.PushAllData() 位置 F:\workTable\UnityProject\LockStepDemo\LockStepDemo\Server\LockStepDemo\Service\ServiceLogic\System\ServiceSyncSystem.cs:行号 195
   在 ServiceSyncSystem.EndFrame(Int32 deltaTime) 位置 F:\workTable\UnityProject\LockStepDemo\LockStepDemo\Server\LockStepDemo\Service\ServiceLogic\System\ServiceSyncSystem.cs:行号 34
   在 WorldBase.EndFrame(Int32 deltaTime) 位置 F:\workTable\UnityProject\LockStepDemo\LockStepDemo\Server\LockStepDemo\ECS\WorldBase.cs:行号 304
   在 WorldBase.FixedLoop(Int32 deltaTime) 位置 F:\workTable\UnityProject\LockStepDemo\LockStepDemo\Server\LockStepDemo\ECS\WorldBase.cs:行号 212
   在 UpdateEngine.UpdateWorld(Int32 deltaTime) 位置 F:\workTable\UnityProject\LockStepDemo\LockStepDemo\Server\LockStepDemo\Service\Game\UpdateEngine.cs:行号 66
2017-09-04 21:12:42,581 [32952] ERROR SyncService-54267293 - UpdateWorld Exception：System.NullReferenceException: 未将对象引用设置到对象的实例。
   在 ServiceSyncSystem.CreateEntityInfo(EntityBase entity, SyncSession session) 位置 F:\workTable\UnityProject\LockStepDemo\LockStepDemo\Server\LockStepDemo\Service\ServiceLogic\System\ServiceSyncSystem.cs:行号 250
   在 ServiceSyncSystem.PushSyncEnity(ConnectionComponent connect, EntityBase entity) 位置 F:\workTable\UnityProject\LockStepDemo\LockStepDemo\Server\LockStepDemo\Service\ServiceLogic\System\ServiceSyncSystem.cs:行号 229
   在 ServiceSyncSystem.PushAllData() 位置 F:\workTable\UnityProject\LockStepDemo\LockStepDemo\Server\LockStepDemo\Service\ServiceLogic\System\ServiceSyncSystem.cs:行号 195
   在 ServiceSyncSystem.EndFrame(Int32 deltaTime) 位置 F:\workTable\UnityProject\LockStepDemo\LockStepDemo\Server\LockStepDemo\Service\ServiceLogic\System\ServiceSyncSystem.cs:行号 34
   在 WorldBase.EndFrame(Int32 deltaTime) 位置 F:\workTable\UnityProject\LockStepDemo\LockStepDemo\Server\LockStepDemo\ECS\WorldBase.cs:行号 304
   在 WorldBase.FixedLoop(Int32 deltaTime) 位置 F:\workTable\UnityProject\LockStepDemo\LockStepDemo\Server\LockStepDemo\ECS\WorldBase.cs:行号 212
   在 UpdateEngine.UpdateWorld(Int32 deltaTime) 位置 F:\workTable\UnityProject\LockStepDemo\LockStepDemo\Server\LockStepDemo\Service\Game\UpdateEngine.cs:行号 66
2017-09-04 21:12:42,786 [32952] ERROR SyncService-54267293 - UpdateWorld Exception：System.NullReferenceException: 未将对象引用设置到对象的实例。
   在 ServiceSyncSystem.CreateEntityInfo(EntityBase entity, SyncSession session) 位置 F:\workTable\UnityProject\LockStepDemo\LockStepDemo\Server\LockStepDemo\Service\ServiceLogic\System\ServiceSyncSystem.cs:行号 250
   在 ServiceSyncSystem.PushSyncEnity(ConnectionComponent connect, EntityBase entity) 位置 F:\workTable\UnityProject\LockStepDemo\LockStepDemo\Server\LockStepDemo\Service\ServiceLogic\System\ServiceSyncSystem.cs:行号 229
   在 ServiceSyncSystem.PushAllData() 位置 F:\workTable\UnityProject\LockStepDemo\LockStepDemo\Server\LockStepDemo\Service\ServiceLogic\System\ServiceSyncSystem.cs:行号 195
   在 ServiceSyncSystem.EndFrame(Int32 deltaTime) 位置 F:\workTable\UnityProject\LockStepDemo\LockStepDemo\Server\LockStepDemo\Service\ServiceLogic\System\ServiceSyncSystem.cs:行号 34
   在 WorldBase.EndFrame(Int32 deltaTime) 位置 F:\workTable\UnityProject\LockStepDemo\LockStepDemo\Server\LockStepDemo\ECS\WorldBase.cs:行号 304
   在 WorldBase.FixedLoop(Int32 deltaTime) 位置 F:\workTable\UnityProject\LockStepDemo\LockStepDemo\Server\LockStepDemo\ECS\WorldBase.cs:行号 212
   在 UpdateEngine.UpdateWorld(Int32 deltaTime) 位置 F:\workTable\UnityProject\LockStepDemo\LockStepDemo\Server\LockStepDemo\Service\Game\UpdateEngine.cs:行号 66
2017-09-04 21:12:42,985 [32952] ERROR SyncService-54267293 - UpdateWorld Exception：System.NullReferenceException: 未将对象引用设置到对象的实例。
   在 ServiceSyncSystem.CreateEntityInfo(EntityBase entity, SyncSession session) 位置 F:\workTable\UnityProject\LockStepDemo\LockStepDemo\Server\LockStepDemo\Service\ServiceLogic\System\ServiceSyncSystem.cs:行号 250
   在 ServiceSyncSystem.PushSyncEnity(ConnectionComponent connect, EntityBase entity) 位置 F:\workTable\UnityProject\LockStepDemo\LockStepDemo\Server\LockStepDemo\Service\ServiceLogic\System\ServiceSyncSystem.cs:行号 229
   在 ServiceSyncSystem.PushAllData() 位置 F:\workTable\UnityProject\LockStepDemo\LockStepDemo\Server\LockStepDemo\Service\ServiceLogic\System\ServiceSyncSystem.cs:行号 195
   在 ServiceSyncSystem.EndFrame(Int32 deltaTime) 位置 F:\workTable\UnityProject\LockStepDemo\LockStepDemo\Server\LockStepDemo\Service\ServiceLogic\System\ServiceSyncSystem.cs:行号 34
   在 WorldBase.EndFrame(Int32 deltaTime) 位置 F:\workTable\UnityProject\LockStepDemo\LockStepDemo\Server\LockStepDemo\ECS\WorldBase.cs:行号 304
   在 WorldBase.FixedLoop(Int32 deltaTime) 位置 F:\workTable\UnityProject\LockStepDemo\LockStepDemo\Server\LockStepDemo\ECS\WorldBase.cs:行号 212
   在 UpdateEngine.UpdateWorld(Int32 deltaTime) 位置 F:\workTable\UnityProject\LockStepDemo\LockStepDemo\Server\LockStepDemo\Service\Game\UpdateEngine.cs:行号 66
2017-09-04 21:12:43,179 [32952] ERROR SyncService-54267293 - UpdateWorld Exception：System.NullReferenceException: 未将对象引用设置到对象的实例。
   在 ServiceSyncSystem.CreateEntityInfo(EntityBase entity, SyncSession session) 位置 F:\workTable\UnityProject\LockStepDemo\LockStepDemo\Server\LockStepDemo\Service\ServiceLogic\System\ServiceSyncSystem.cs:行号 250
   在 ServiceSyncSystem.PushSyncEnity(ConnectionComponent connect, EntityBase entity) 位置 F:\workTable\UnityProject\LockStepDemo\LockStepDemo\Server\LockStepDemo\Service\ServiceLogic\System\ServiceSyncSystem.cs:行号 229
   在 ServiceSyncSystem.PushAllData() 位置 F:\workTable\UnityProject\LockStepDemo\LockStepDemo\Server\LockStepDemo\Service\ServiceLogic\System\ServiceSyncSystem.cs:行号 195
   在 ServiceSyncSystem.EndFrame(Int32 deltaTime) 位置 F:\workTable\UnityProject\LockStepDemo\LockStepDemo\Server\LockStepDemo\Service\ServiceLogic\System\ServiceSyncSystem.cs:行号 34
   在 WorldBase.EndFrame(Int32 deltaTime) 位置 F:\workTable\UnityProject\LockStepDemo\LockStepDemo\Server\LockStepDemo\ECS\WorldBase.cs:行号 304
   在 WorldBase.FixedLoop(Int32 deltaTime) 位置 F:\workTable\UnityProject\LockStepDemo\LockStepDemo\Server\LockStepDemo\ECS\WorldBase.cs:行号 212
   在 UpdateEngine.UpdateWorld(Int32 deltaTime) 位置 F:\workTable\UnityProject\LockStepDemo\LockStepDemo\Server\LockStepDemo\Service\Game\UpdateEngine.cs:行号 66
2017-09-04 21:12:43,385 [32952] ERROR SyncService-54267293 - UpdateWorld Exception：System.NullReferenceException: 未将对象引用设置到对象的实例。
   在 ServiceSyncSystem.CreateEntityInfo(EntityBase entity, SyncSession session) 位置 F:\workTable\UnityProject\LockStepDemo\LockStepDemo\Server\LockStepDemo\Service\ServiceLogic\System\ServiceSyncSystem.cs:行号 250
   在 ServiceSyncSystem.PushSyncEnity(ConnectionComponent connect, EntityBase entity) 位置 F:\workTable\UnityProject\LockStepDemo\LockStepDemo\Server\LockStepDemo\Service\ServiceLogic\System\ServiceSyncSystem.cs:行号 229
   在 ServiceSyncSystem.PushAllData() 位置 F:\workTable\UnityProject\LockStepDemo\LockStepDemo\Server\LockStepDemo\Service\ServiceLogic\System\ServiceSyncSystem.cs:行号 195
   在 ServiceSyncSystem.EndFrame(Int32 deltaTime) 位置 F:\workTable\UnityProject\LockStepDemo\LockStepDemo\Server\LockStepDemo\Service\ServiceLogic\System\ServiceSyncSystem.cs:行号 34
   在 WorldBase.EndFrame(Int32 deltaTime) 位置 F:\workTable\UnityProject\LockStepDemo\LockStepDemo\Server\LockStepDemo\ECS\WorldBase.cs:行号 304
   在 WorldBase.FixedLoop(Int32 deltaTime) 位置 F:\workTable\UnityProject\LockStepDemo\LockStepDemo\Server\LockStepDemo\ECS\WorldBase.cs:行号 212
   在 UpdateEngine.UpdateWorld(Int32 deltaTime) 位置 F:\workTable\UnityProject\LockStepDemo\LockStepDemo\Server\LockStepDemo\Service\Game\UpdateEngine.cs:行号 66
2017-09-04 21:12:43,582 [32952] ERROR SyncService-54267293 - UpdateWorld Exception：System.NullReferenceException: 未将对象引用设置到对象的实例。
   在 ServiceSyncSystem.CreateEntityInfo(EntityBase entity, SyncSession session) 位置 F:\workTable\UnityProject\LockStepDemo\LockStepDemo\Server\LockStepDemo\Service\ServiceLogic\System\ServiceSyncSystem.cs:行号 250
   在 ServiceSyncSystem.PushSyncEnity(ConnectionComponent connect, EntityBase entity) 位置 F:\workTable\UnityProject\LockStepDemo\LockStepDemo\Server\LockStepDemo\Service\ServiceLogic\System\ServiceSyncSystem.cs:行号 229
   在 ServiceSyncSystem.PushAllData() 位置 F:\workTable\UnityProject\LockStepDemo\LockStepDemo\Server\LockStepDemo\Service\ServiceLogic\System\ServiceSyncSystem.cs:行号 195
   在 ServiceSyncSystem.EndFrame(Int32 deltaTime) 位置 F:\workTable\UnityProject\LockStepDemo\LockStepDemo\Server\LockStepDemo\Service\ServiceLogic\System\ServiceSyncSystem.cs:行号 34
   在 WorldBase.EndFrame(Int32 deltaTime) 位置 F:\workTable\UnityProject\LockStepDemo\LockStepDemo\Server\LockStepDemo\ECS\WorldBase.cs:行号 304
   在 WorldBase.FixedLoop(Int32 deltaTime) 位置 F:\workTable\UnityProject\LockStepDemo\LockStepDemo\Server\LockStepDemo\ECS\WorldBase.cs:行号 212
   在 UpdateEngine.UpdateWorld(Int32 deltaTime) 位置 F:\workTable\UnityProject\LockStepDemo\LockStepDemo\Server\LockStepDemo\Service\Game\UpdateEngine.cs:行号 66
2017-09-04 21:12:43,781 [32952] ERROR SyncService-54267293 - UpdateWorld Exception：System.NullReferenceException: 未将对象引用设置到对象的实例。
   在 ServiceSyncSystem.CreateEntityInfo(EntityBase entity, SyncSession session) 位置 F:\workTable\UnityProject\LockStepDemo\LockStepDemo\Server\LockStepDemo\Service\ServiceLogic\System\ServiceSyncSystem.cs:行号 250
   在 ServiceSyncSystem.PushSyncEnity(ConnectionComponent connect, EntityBase entity) 位置 F:\workTable\UnityProject\LockStepDemo\LockStepDemo\Server\LockStepDemo\Service\ServiceLogic\System\ServiceSyncSystem.cs:行号 229
   在 ServiceSyncSystem.PushAllData() 位置 F:\workTable\UnityProject\LockStepDemo\LockStepDemo\Server\LockStepDemo\Service\ServiceLogic\System\ServiceSyncSystem.cs:行号 195
   在 ServiceSyncSystem.EndFrame(Int32 deltaTime) 位置 F:\workTable\UnityProject\LockStepDemo\LockStepDemo\Server\LockStepDemo\Service\ServiceLogic\System\ServiceSyncSystem.cs:行号 34
   在 WorldBase.EndFrame(Int32 deltaTime) 位置 F:\workTable\UnityProject\LockStepDemo\LockStepDemo\Server\LockStepDemo\ECS\WorldBase.cs:行号 304
   在 WorldBase.FixedLoop(Int32 deltaTime) 位置 F:\workTable\UnityProject\LockStepDemo\LockStepDemo\Server\LockStepDemo\ECS\WorldBase.cs:行号 212
   在 UpdateEngine.UpdateWorld(Int32 deltaTime) 位置 F:\workTable\UnityProject\LockStepDemo\LockStepDemo\Server\LockStepDemo\Service\Game\UpdateEngine.cs:行号 66
2017-09-04 21:12:43,983 [32952] ERROR SyncService-54267293 - UpdateWorld Exception：System.NullReferenceException: 未将对象引用设置到对象的实例。
   在 ServiceSyncSystem.CreateEntityInfo(EntityBase entity, SyncSession session) 位置 F:\workTable\UnityProject\LockStepDemo\LockStepDemo\Server\LockStepDemo\Service\ServiceLogic\System\ServiceSyncSystem.cs:行号 250
   在 ServiceSyncSystem.PushSyncEnity(ConnectionComponent connect, EntityBase entity) 位置 F:\workTable\UnityProject\LockStepDemo\LockStepDemo\Server\LockStepDemo\Service\ServiceLogic\System\ServiceSyncSystem.cs:行号 229
   在 ServiceSyncSystem.PushAllData() 位置 F:\workTable\UnityProject\LockStepDemo\LockStepDemo\Server\LockStepDemo\Service\ServiceLogic\System\ServiceSyncSystem.cs:行号 195
   在 ServiceSyncSystem.EndFrame(Int32 deltaTime) 位置 F:\workTable\UnityProject\LockStepDemo\LockStepDemo\Server\LockStepDemo\Service\ServiceLogic\System\ServiceSyncSystem.cs:行号 34
   在 WorldBase.EndFrame(Int32 deltaTime) 位置 F:\workTable\UnityProject\LockStepDemo\LockStepDemo\Server\LockStepDemo\ECS\WorldBase.cs:行号 304
   在 WorldBase.FixedLoop(Int32 deltaTime) 位置 F:\workTable\UnityProject\LockStepDemo\LockStepDemo\Server\LockStepDemo\ECS\WorldBase.cs:行号 212
   在 UpdateEngine.UpdateWorld(Int32 deltaTime) 位置 F:\workTable\UnityProject\LockStepDemo\LockStepDemo\Server\LockStepDemo\Service\Game\UpdateEngine.cs:行号 66
2017-09-04 21:12:44,180 [32952] ERROR SyncService-54267293 - UpdateWorld Exception：System.NullReferenceException: 未将对象引用设置到对象的实例。
   在 ServiceSyncSystem.CreateEntityInfo(EntityBase entity, SyncSession session) 位置 F:\workTable\UnityProject\LockStepDemo\LockStepDemo\Server\LockStepDemo\Service\ServiceLogic\System\ServiceSyncSystem.cs:行号 250
   在 ServiceSyncSystem.PushSyncEnity(ConnectionComponent connect, EntityBase entity) 位置 F:\workTable\UnityProject\LockStepDemo\LockStepDemo\Server\LockStepDemo\Service\ServiceLogic\System\ServiceSyncSystem.cs:行号 229
   在 ServiceSyncSystem.PushAllData() 位置 F:\workTable\UnityProject\LockStepDemo\LockStepDemo\Server\LockStepDemo\Service\ServiceLogic\System\ServiceSyncSystem.cs:行号 195
   在 ServiceSyncSystem.EndFrame(Int32 deltaTime) 位置 F:\workTable\UnityProject\LockStepDemo\LockStepDemo\Server\LockStepDemo\Service\ServiceLogic\System\ServiceSyncSystem.cs:行号 34
   在 WorldBase.EndFrame(Int32 deltaTime) 位置 F:\workTable\UnityProject\LockStepDemo\LockStepDemo\Server\LockStepDemo\ECS\WorldBase.cs:行号 304
   在 WorldBase.FixedLoop(Int32 deltaTime) 位置 F:\workTable\UnityProject\LockStepDemo\LockStepDemo\Server\LockStepDemo\ECS\WorldBase.cs:行号 212
   在 UpdateEngine.UpdateWorld(Int32 deltaTime) 位置 F:\workTable\UnityProject\LockStepDemo\LockStepDemo\Server\LockStepDemo\Service\Game\UpdateEngine.cs:行号 66
2017-09-04 21:12:44,387 [32952] ERROR SyncService-54267293 - UpdateWorld Exception：System.NullReferenceException: 未将对象引用设置到对象的实例。
   在 ServiceSyncSystem.CreateEntityInfo(EntityBase entity, SyncSession session) 位置 F:\workTable\UnityProject\LockStepDemo\LockStepDemo\Server\LockStepDemo\Service\ServiceLogic\System\ServiceSyncSystem.cs:行号 250
   在 ServiceSyncSystem.PushSyncEnity(ConnectionComponent connect, EntityBase entity) 位置 F:\workTable\UnityProject\LockStepDemo\LockStepDemo\Server\LockStepDemo\Service\ServiceLogic\System\ServiceSyncSystem.cs:行号 229
   在 ServiceSyncSystem.PushAllData() 位置 F:\workTable\UnityProject\LockStepDemo\LockStepDemo\Server\LockStepDemo\Service\ServiceLogic\System\ServiceSyncSystem.cs:行号 195
   在 ServiceSyncSystem.EndFrame(Int32 deltaTime) 位置 F:\workTable\UnityProject\LockStepDemo\LockStepDemo\Server\LockStepDemo\Service\ServiceLogic\System\ServiceSyncSystem.cs:行号 34
   在 WorldBase.EndFrame(Int32 deltaTime) 位置 F:\workTable\UnityProject\LockStepDemo\LockStepDemo\Server\LockStepDemo\ECS\WorldBase.cs:行号 304
   在 WorldBase.FixedLoop(Int32 deltaTime) 位置 F:\workTable\UnityProject\LockStepDemo\LockStepDemo\Server\LockStepDemo\ECS\WorldBase.cs:行号 212
   在 UpdateEngine.UpdateWorld(Int32 deltaTime) 位置 F:\workTable\UnityProject\LockStepDemo\LockStepDemo\Server\LockStepDemo\Service\Game\UpdateEngine.cs:行号 66
2017-09-04 21:12:44,580 [32952] ERROR SyncService-54267293 - UpdateWorld Exception：System.NullReferenceException: 未将对象引用设置到对象的实例。
   在 ServiceSyncSystem.CreateEntityInfo(EntityBase entity, SyncSession session) 位置 F:\workTable\UnityProject\LockStepDemo\LockStepDemo\Server\LockStepDemo\Service\ServiceLogic\System\ServiceSyncSystem.cs:行号 250
   在 ServiceSyncSystem.PushSyncEnity(ConnectionComponent connect, EntityBase entity) 位置 F:\workTable\UnityProject\LockStepDemo\LockStepDemo\Server\LockStepDemo\Service\ServiceLogic\System\ServiceSyncSystem.cs:行号 229
   在 ServiceSyncSystem.PushAllData() 位置 F:\workTable\UnityProject\LockStepDemo\LockStepDemo\Server\LockStepDemo\Service\ServiceLogic\System\ServiceSyncSystem.cs:行号 195
   在 ServiceSyncSystem.EndFrame(Int32 deltaTime) 位置 F:\workTable\UnityProject\LockStepDemo\LockStepDemo\Server\LockStepDemo\Service\ServiceLogic\System\ServiceSyncSystem.cs:行号 34
   在 WorldBase.EndFrame(Int32 deltaTime) 位置 F:\workTable\UnityProject\LockStepDemo\LockStepDemo\Server\LockStepDemo\ECS\WorldBase.cs:行号 304
   在 WorldBase.FixedLoop(Int32 deltaTime) 位置 F:\workTable\UnityProject\LockStepDemo\LockStepDemo\Server\LockStepDemo\ECS\WorldBase.cs:行号 212
   在 UpdateEngine.UpdateWorld(Int32 deltaTime) 位置 F:\workTable\UnityProject\LockStepDemo\LockStepDemo\Server\LockStepDemo\Service\Game\UpdateEngine.cs:行号 66
