2017-08-04 18:19:52,071 [75400] ERROR SyncService-54267293 - UpdateWorld Exception：System.Security.SecurityException: ECall 方法必须打包到系统模块中。
   在 UnityEngine.JsonUtility.ToJson(Object obj)
   在 LockStepDemo.ServiceLogic.System.ServiceSyncSystem.PushSyncEnity(SyncSession session, EntityBase entity) 位置 F:\workTable\UnityProject\LockStepDemo\LockStepDemo\Server\LockStepDemo\Service\ServiceLogic\System\ServiceSyncSystem.cs:行号 57
   在 LockStepDemo.ServiceLogic.System.ServiceSyncSystem.LateFixedUpdate(Int32 deltaTime) 位置 F:\workTable\UnityProject\LockStepDemo\LockStepDemo\Server\LockStepDemo\Service\ServiceLogic\System\ServiceSyncSystem.cs:行号 36
   在 WorldBase.LateFixedUpdate(Int32 deltaTime) 位置 F:\workTable\UnityProject\LockStepDemo\LockStepDemo\Server\LockStepDemo\ECS\WorldBase.cs:行号 138
   在 WorldBase.FixedLoop(Int32 deltaTime) 位置 F:\workTable\UnityProject\LockStepDemo\LockStepDemo\Server\LockStepDemo\ECS\WorldBase.cs:行号 106
   在 LockStepDemo.Service.UpdateEngine.UpdateWorld(Int32 deltaTime) 位置 F:\workTable\UnityProject\LockStepDemo\LockStepDemo\Server\LockStepDemo\Service\Game\UpdateEngine.cs:行号 49
失败的程序集的区域是:
MyComputer
2017-08-04 18:19:52,548 [75400] ERROR SyncService-54267293 - UpdateWorld Exception：System.Exception: RemoveComp not exist comp !WaitSyncComponent
   在 EntityBase.RemoveComp(String compName) 位置 F:\workTable\UnityProject\LockStepDemo\LockStepDemo\Server\LockStepDemo\ECS\EntityBase.cs:行号 93
   在 EntityBase.RemoveComp[T]() 位置 F:\workTable\UnityProject\LockStepDemo\LockStepDemo\Server\LockStepDemo\ECS\EntityBase.cs:行号 83
   在 LockStepDemo.ServiceLogic.System.ServiceSyncSystem.LateFixedUpdate(Int32 deltaTime) 位置 F:\workTable\UnityProject\LockStepDemo\LockStepDemo\Server\LockStepDemo\Service\ServiceLogic\System\ServiceSyncSystem.cs:行号 31
   在 WorldBase.LateFixedUpdate(Int32 deltaTime) 位置 F:\workTable\UnityProject\LockStepDemo\LockStepDemo\Server\LockStepDemo\ECS\WorldBase.cs:行号 138
   在 WorldBase.FixedLoop(Int32 deltaTime) 位置 F:\workTable\UnityProject\LockStepDemo\LockStepDemo\Server\LockStepDemo\ECS\WorldBase.cs:行号 106
   在 LockStepDemo.Service.UpdateEngine.UpdateWorld(Int32 deltaTime) 位置 F:\workTable\UnityProject\LockStepDemo\LockStepDemo\Server\LockStepDemo\Service\Game\UpdateEngine.cs:行号 49
2017-08-04 18:19:53,554 [75400] ERROR SyncService-54267293 - UpdateWorld Exception：System.Exception: RemoveComp not exist comp !WaitSyncComponent
   在 EntityBase.RemoveComp(String compName) 位置 F:\workTable\UnityProject\LockStepDemo\LockStepDemo\Server\LockStepDemo\ECS\EntityBase.cs:行号 93
   在 EntityBase.RemoveComp[T]() 位置 F:\workTable\UnityProject\LockStepDemo\LockStepDemo\Server\LockStepDemo\ECS\EntityBase.cs:行号 83
   在 LockStepDemo.ServiceLogic.System.ServiceSyncSystem.LateFixedUpdate(Int32 deltaTime) 位置 F:\workTable\UnityProject\LockStepDemo\LockStepDemo\Server\LockStepDemo\Service\ServiceLogic\System\ServiceSyncSystem.cs:行号 31
   在 WorldBase.LateFixedUpdate(Int32 deltaTime) 位置 F:\workTable\UnityProject\LockStepDemo\LockStepDemo\Server\LockStepDemo\ECS\WorldBase.cs:行号 138
   在 WorldBase.FixedLoop(Int32 deltaTime) 位置 F:\workTable\UnityProject\LockStepDemo\LockStepDemo\Server\LockStepDemo\ECS\WorldBase.cs:行号 106
   在 LockStepDemo.Service.UpdateEngine.UpdateWorld(Int32 deltaTime) 位置 F:\workTable\UnityProject\LockStepDemo\LockStepDemo\Server\LockStepDemo\Service\Game\UpdateEngine.cs:行号 49
2017-08-04 18:19:54,508 [75400] ERROR SyncService-54267293 - UpdateWorld Exception：System.Exception: RemoveComp not exist comp !WaitSyncComponent
   在 EntityBase.RemoveComp(String compName) 位置 F:\workTable\UnityProject\LockStepDemo\LockStepDemo\Server\LockStepDemo\ECS\EntityBase.cs:行号 93
   在 EntityBase.RemoveComp[T]() 位置 F:\workTable\UnityProject\LockStepDemo\LockStepDemo\Server\LockStepDemo\ECS\EntityBase.cs:行号 83
   在 LockStepDemo.ServiceLogic.System.ServiceSyncSystem.LateFixedUpdate(Int32 deltaTime) 位置 F:\workTable\UnityProject\LockStepDemo\LockStepDemo\Server\LockStepDemo\Service\ServiceLogic\System\ServiceSyncSystem.cs:行号 31
   在 WorldBase.LateFixedUpdate(Int32 deltaTime) 位置 F:\workTable\UnityProject\LockStepDemo\LockStepDemo\Server\LockStepDemo\ECS\WorldBase.cs:行号 138
   在 WorldBase.FixedLoop(Int32 deltaTime) 位置 F:\workTable\UnityProject\LockStepDemo\LockStepDemo\Server\LockStepDemo\ECS\WorldBase.cs:行号 106
   在 LockStepDemo.Service.UpdateEngine.UpdateWorld(Int32 deltaTime) 位置 F:\workTable\UnityProject\LockStepDemo\LockStepDemo\Server\LockStepDemo\Service\Game\UpdateEngine.cs:行号 49
2017-08-04 18:19:55,504 [75400] ERROR SyncService-54267293 - UpdateWorld Exception：System.Exception: RemoveComp not exist comp !WaitSyncComponent
   在 EntityBase.RemoveComp(String compName) 位置 F:\workTable\UnityProject\LockStepDemo\LockStepDemo\Server\LockStepDemo\ECS\EntityBase.cs:行号 93
   在 EntityBase.RemoveComp[T]() 位置 F:\workTable\UnityProject\LockStepDemo\LockStepDemo\Server\LockStepDemo\ECS\EntityBase.cs:行号 83
   在 LockStepDemo.ServiceLogic.System.ServiceSyncSystem.LateFixedUpdate(Int32 deltaTime) 位置 F:\workTable\UnityProject\LockStepDemo\LockStepDemo\Server\LockStepDemo\Service\ServiceLogic\System\ServiceSyncSystem.cs:行号 31
   在 WorldBase.LateFixedUpdate(Int32 deltaTime) 位置 F:\workTable\UnityProject\LockStepDemo\LockStepDemo\Server\LockStepDemo\ECS\WorldBase.cs:行号 138
   在 WorldBase.FixedLoop(Int32 deltaTime) 位置 F:\workTable\UnityProject\LockStepDemo\LockStepDemo\Server\LockStepDemo\ECS\WorldBase.cs:行号 106
   在 LockStepDemo.Service.UpdateEngine.UpdateWorld(Int32 deltaTime) 位置 F:\workTable\UnityProject\LockStepDemo\LockStepDemo\Server\LockStepDemo\Service\Game\UpdateEngine.cs:行号 49
2017-08-04 18:19:56,503 [75400] ERROR SyncService-54267293 - UpdateWorld Exception：System.Exception: RemoveComp not exist comp !WaitSyncComponent
   在 EntityBase.RemoveComp(String compName) 位置 F:\workTable\UnityProject\LockStepDemo\LockStepDemo\Server\LockStepDemo\ECS\EntityBase.cs:行号 93
   在 EntityBase.RemoveComp[T]() 位置 F:\workTable\UnityProject\LockStepDemo\LockStepDemo\Server\LockStepDemo\ECS\EntityBase.cs:行号 83
   在 LockStepDemo.ServiceLogic.System.ServiceSyncSystem.LateFixedUpdate(Int32 deltaTime) 位置 F:\workTable\UnityProject\LockStepDemo\LockStepDemo\Server\LockStepDemo\Service\ServiceLogic\System\ServiceSyncSystem.cs:行号 31
   在 WorldBase.LateFixedUpdate(Int32 deltaTime) 位置 F:\workTable\UnityProject\LockStepDemo\LockStepDemo\Server\LockStepDemo\ECS\WorldBase.cs:行号 138
   在 WorldBase.FixedLoop(Int32 deltaTime) 位置 F:\workTable\UnityProject\LockStepDemo\LockStepDemo\Server\LockStepDemo\ECS\WorldBase.cs:行号 106
   在 LockStepDemo.Service.UpdateEngine.UpdateWorld(Int32 deltaTime) 位置 F:\workTable\UnityProject\LockStepDemo\LockStepDemo\Server\LockStepDemo\Service\Game\UpdateEngine.cs:行号 49
2017-08-04 18:19:57,512 [75400] ERROR SyncService-54267293 - UpdateWorld Exception：System.Exception: RemoveComp not exist comp !WaitSyncComponent
   在 EntityBase.RemoveComp(String compName) 位置 F:\workTable\UnityProject\LockStepDemo\LockStepDemo\Server\LockStepDemo\ECS\EntityBase.cs:行号 93
   在 EntityBase.RemoveComp[T]() 位置 F:\workTable\UnityProject\LockStepDemo\LockStepDemo\Server\LockStepDemo\ECS\EntityBase.cs:行号 83
   在 LockStepDemo.ServiceLogic.System.ServiceSyncSystem.LateFixedUpdate(Int32 deltaTime) 位置 F:\workTable\UnityProject\LockStepDemo\LockStepDemo\Server\LockStepDemo\Service\ServiceLogic\System\ServiceSyncSystem.cs:行号 31
   在 WorldBase.LateFixedUpdate(Int32 deltaTime) 位置 F:\workTable\UnityProject\LockStepDemo\LockStepDemo\Server\LockStepDemo\ECS\WorldBase.cs:行号 138
   在 WorldBase.FixedLoop(Int32 deltaTime) 位置 F:\workTable\UnityProject\LockStepDemo\LockStepDemo\Server\LockStepDemo\ECS\WorldBase.cs:行号 106
   在 LockStepDemo.Service.UpdateEngine.UpdateWorld(Int32 deltaTime) 位置 F:\workTable\UnityProject\LockStepDemo\LockStepDemo\Server\LockStepDemo\Service\Game\UpdateEngine.cs:行号 49
2017-08-04 19:11:58,935 [82344] ERROR SyncService-54267293 - UpdateWorld Exception：System.Exception: ProtocolService GetSendByte Excepiton messageType is ->syncentitymsg<-
System.Exception: GetCustomTypeByte Excepiton CustomType is ->m_syncentitymsg_c<-
FieldName:->infos<-
FieldType:->TYPE_custom<-
RepeatType:->RT_repeated<-
CustomType:->m_syncentitymsg_c<-
System.InvalidCastException: 无法将类型为“System.Collections.Generic.List`1[System.Collections.Generic.Dictionary`2[System.String,System.Object]]”的对象强制转换为类型“System.Collections.Generic.List`1[System.Object]”。
   在 LockStepDemo.SessionSendExpand.GetCustomTypeByte(String customType, Dictionary`2 data) 位置 F:\workTable\UnityProject\LockStepDemo\LockStepDemo\Server\LockStepDemo\Protocol\ProtocolSendExpand.cs:行号 269
   在 LockStepDemo.SessionSendExpand.GetCustomTypeByte(String customType, Dictionary`2 data) 位置 F:\workTable\UnityProject\LockStepDemo\LockStepDemo\Server\LockStepDemo\Protocol\ProtocolSendExpand.cs:行号 296
   在 LockStepDemo.SessionSendExpand.GetSendByte(String messageType, Dictionary`2 data) 位置 F:\workTable\UnityProject\LockStepDemo\LockStepDemo\Server\LockStepDemo\Protocol\ProtocolSendExpand.cs:行号 72
   在 LockStepDemo.SessionSendExpand.GetSendByte(String messageType, Dictionary`2 data) 位置 F:\workTable\UnityProject\LockStepDemo\LockStepDemo\Server\LockStepDemo\Protocol\ProtocolSendExpand.cs:行号 79
   在 LockStepDemo.SessionSendExpand.SendMsg(SyncSession session, String key, Dictionary`2 data) 位置 F:\workTable\UnityProject\LockStepDemo\LockStepDemo\Server\LockStepDemo\Protocol\ProtocolSendExpand.cs:行号 37
   在 ProtocolAnalysisService.SendMsg(SyncSession session, SyncEntityMsg msg) 位置 F:\workTable\UnityProject\LockStepDemo\LockStepDemo\Server\LockStepDemo\Generate\Protocol\ProtocolAnalysisService.cs:行号 44
   在 LockStepDemo.ServiceLogic.System.ServiceSyncSystem.PushSyncEnity(SyncSession session, EntityBase entity) 位置 F:\workTable\UnityProject\LockStepDemo\LockStepDemo\Server\LockStepDemo\Service\ServiceLogic\System\ServiceSyncSystem.cs:行号 65
   在 LockStepDemo.ServiceLogic.System.ServiceSyncSystem.LateFixedUpdate(Int32 deltaTime) 位置 F:\workTable\UnityProject\LockStepDemo\LockStepDemo\Server\LockStepDemo\Service\ServiceLogic\System\ServiceSyncSystem.cs:行号 37
   在 WorldBase.LateFixedUpdate(Int32 deltaTime) 位置 F:\workTable\UnityProject\LockStepDemo\LockStepDemo\Server\LockStepDemo\ECS\WorldBase.cs:行号 138
   在 WorldBase.FixedLoop(Int32 deltaTime) 位置 F:\workTable\UnityProject\LockStepDemo\LockStepDemo\Server\LockStepDemo\ECS\WorldBase.cs:行号 106
   在 LockStepDemo.Service.UpdateEngine.UpdateWorld(Int32 deltaTime) 位置 F:\workTable\UnityProject\LockStepDemo\LockStepDemo\Server\LockStepDemo\Service\Game\UpdateEngine.cs:行号 49
2017-08-04 19:11:59,606 [82344] ERROR SyncService-54267293 - UpdateWorld Exception：System.Exception: RemoveComp not exist comp !WaitSyncComponent
   在 EntityBase.RemoveComp(String compName) 位置 F:\workTable\UnityProject\LockStepDemo\LockStepDemo\Server\LockStepDemo\ECS\EntityBase.cs:行号 93
   在 EntityBase.RemoveComp[T]() 位置 F:\workTable\UnityProject\LockStepDemo\LockStepDemo\Server\LockStepDemo\ECS\EntityBase.cs:行号 83
   在 LockStepDemo.ServiceLogic.System.ServiceSyncSystem.LateFixedUpdate(Int32 deltaTime) 位置 F:\workTable\UnityProject\LockStepDemo\LockStepDemo\Server\LockStepDemo\Service\ServiceLogic\System\ServiceSyncSystem.cs:行号 32
   在 WorldBase.LateFixedUpdate(Int32 deltaTime) 位置 F:\workTable\UnityProject\LockStepDemo\LockStepDemo\Server\LockStepDemo\ECS\WorldBase.cs:行号 138
   在 WorldBase.FixedLoop(Int32 deltaTime) 位置 F:\workTable\UnityProject\LockStepDemo\LockStepDemo\Server\LockStepDemo\ECS\WorldBase.cs:行号 106
   在 LockStepDemo.Service.UpdateEngine.UpdateWorld(Int32 deltaTime) 位置 F:\workTable\UnityProject\LockStepDemo\LockStepDemo\Server\LockStepDemo\Service\Game\UpdateEngine.cs:行号 49
2017-08-04 19:12:00,604 [82344] ERROR SyncService-54267293 - UpdateWorld Exception：System.Exception: RemoveComp not exist comp !WaitSyncComponent
   在 EntityBase.RemoveComp(String compName) 位置 F:\workTable\UnityProject\LockStepDemo\LockStepDemo\Server\LockStepDemo\ECS\EntityBase.cs:行号 93
   在 EntityBase.RemoveComp[T]() 位置 F:\workTable\UnityProject\LockStepDemo\LockStepDemo\Server\LockStepDemo\ECS\EntityBase.cs:行号 83
   在 LockStepDemo.ServiceLogic.System.ServiceSyncSystem.LateFixedUpdate(Int32 deltaTime) 位置 F:\workTable\UnityProject\LockStepDemo\LockStepDemo\Server\LockStepDemo\Service\ServiceLogic\System\ServiceSyncSystem.cs:行号 32
   在 WorldBase.LateFixedUpdate(Int32 deltaTime) 位置 F:\workTable\UnityProject\LockStepDemo\LockStepDemo\Server\LockStepDemo\ECS\WorldBase.cs:行号 138
   在 WorldBase.FixedLoop(Int32 deltaTime) 位置 F:\workTable\UnityProject\LockStepDemo\LockStepDemo\Server\LockStepDemo\ECS\WorldBase.cs:行号 106
   在 LockStepDemo.Service.UpdateEngine.UpdateWorld(Int32 deltaTime) 位置 F:\workTable\UnityProject\LockStepDemo\LockStepDemo\Server\LockStepDemo\Service\Game\UpdateEngine.cs:行号 49
2017-08-04 19:12:01,605 [82344] ERROR SyncService-54267293 - UpdateWorld Exception：System.Exception: RemoveComp not exist comp !WaitSyncComponent
   在 EntityBase.RemoveComp(String compName) 位置 F:\workTable\UnityProject\LockStepDemo\LockStepDemo\Server\LockStepDemo\ECS\EntityBase.cs:行号 93
   在 EntityBase.RemoveComp[T]() 位置 F:\workTable\UnityProject\LockStepDemo\LockStepDemo\Server\LockStepDemo\ECS\EntityBase.cs:行号 83
   在 LockStepDemo.ServiceLogic.System.ServiceSyncSystem.LateFixedUpdate(Int32 deltaTime) 位置 F:\workTable\UnityProject\LockStepDemo\LockStepDemo\Server\LockStepDemo\Service\ServiceLogic\System\ServiceSyncSystem.cs:行号 32
   在 WorldBase.LateFixedUpdate(Int32 deltaTime) 位置 F:\workTable\UnityProject\LockStepDemo\LockStepDemo\Server\LockStepDemo\ECS\WorldBase.cs:行号 138
   在 WorldBase.FixedLoop(Int32 deltaTime) 位置 F:\workTable\UnityProject\LockStepDemo\LockStepDemo\Server\LockStepDemo\ECS\WorldBase.cs:行号 106
   在 LockStepDemo.Service.UpdateEngine.UpdateWorld(Int32 deltaTime) 位置 F:\workTable\UnityProject\LockStepDemo\LockStepDemo\Server\LockStepDemo\Service\Game\UpdateEngine.cs:行号 49
2017-08-04 19:12:02,605 [82344] ERROR SyncService-54267293 - UpdateWorld Exception：System.Exception: RemoveComp not exist comp !WaitSyncComponent
   在 EntityBase.RemoveComp(String compName) 位置 F:\workTable\UnityProject\LockStepDemo\LockStepDemo\Server\LockStepDemo\ECS\EntityBase.cs:行号 93
   在 EntityBase.RemoveComp[T]() 位置 F:\workTable\UnityProject\LockStepDemo\LockStepDemo\Server\LockStepDemo\ECS\EntityBase.cs:行号 83
   在 LockStepDemo.ServiceLogic.System.ServiceSyncSystem.LateFixedUpdate(Int32 deltaTime) 位置 F:\workTable\UnityProject\LockStepDemo\LockStepDemo\Server\LockStepDemo\Service\ServiceLogic\System\ServiceSyncSystem.cs:行号 32
   在 WorldBase.LateFixedUpdate(Int32 deltaTime) 位置 F:\workTable\UnityProject\LockStepDemo\LockStepDemo\Server\LockStepDemo\ECS\WorldBase.cs:行号 138
   在 WorldBase.FixedLoop(Int32 deltaTime) 位置 F:\workTable\UnityProject\LockStepDemo\LockStepDemo\Server\LockStepDemo\ECS\WorldBase.cs:行号 106
   在 LockStepDemo.Service.UpdateEngine.UpdateWorld(Int32 deltaTime) 位置 F:\workTable\UnityProject\LockStepDemo\LockStepDemo\Server\LockStepDemo\Service\Game\UpdateEngine.cs:行号 49
2017-08-04 19:12:03,605 [82344] ERROR SyncService-54267293 - UpdateWorld Exception：System.Exception: RemoveComp not exist comp !WaitSyncComponent
   在 EntityBase.RemoveComp(String compName) 位置 F:\workTable\UnityProject\LockStepDemo\LockStepDemo\Server\LockStepDemo\ECS\EntityBase.cs:行号 93
   在 EntityBase.RemoveComp[T]() 位置 F:\workTable\UnityProject\LockStepDemo\LockStepDemo\Server\LockStepDemo\ECS\EntityBase.cs:行号 83
   在 LockStepDemo.ServiceLogic.System.ServiceSyncSystem.LateFixedUpdate(Int32 deltaTime) 位置 F:\workTable\UnityProject\LockStepDemo\LockStepDemo\Server\LockStepDemo\Service\ServiceLogic\System\ServiceSyncSystem.cs:行号 32
   在 WorldBase.LateFixedUpdate(Int32 deltaTime) 位置 F:\workTable\UnityProject\LockStepDemo\LockStepDemo\Server\LockStepDemo\ECS\WorldBase.cs:行号 138
   在 WorldBase.FixedLoop(Int32 deltaTime) 位置 F:\workTable\UnityProject\LockStepDemo\LockStepDemo\Server\LockStepDemo\ECS\WorldBase.cs:行号 106
   在 LockStepDemo.Service.UpdateEngine.UpdateWorld(Int32 deltaTime) 位置 F:\workTable\UnityProject\LockStepDemo\LockStepDemo\Server\LockStepDemo\Service\Game\UpdateEngine.cs:行号 49
2017-08-04 19:12:04,604 [82344] ERROR SyncService-54267293 - UpdateWorld Exception：System.Exception: RemoveComp not exist comp !WaitSyncComponent
   在 EntityBase.RemoveComp(String compName) 位置 F:\workTable\UnityProject\LockStepDemo\LockStepDemo\Server\LockStepDemo\ECS\EntityBase.cs:行号 93
   在 EntityBase.RemoveComp[T]() 位置 F:\workTable\UnityProject\LockStepDemo\LockStepDemo\Server\LockStepDemo\ECS\EntityBase.cs:行号 83
   在 LockStepDemo.ServiceLogic.System.ServiceSyncSystem.LateFixedUpdate(Int32 deltaTime) 位置 F:\workTable\UnityProject\LockStepDemo\LockStepDemo\Server\LockStepDemo\Service\ServiceLogic\System\ServiceSyncSystem.cs:行号 32
   在 WorldBase.LateFixedUpdate(Int32 deltaTime) 位置 F:\workTable\UnityProject\LockStepDemo\LockStepDemo\Server\LockStepDemo\ECS\WorldBase.cs:行号 138
   在 WorldBase.FixedLoop(Int32 deltaTime) 位置 F:\workTable\UnityProject\LockStepDemo\LockStepDemo\Server\LockStepDemo\ECS\WorldBase.cs:行号 106
   在 LockStepDemo.Service.UpdateEngine.UpdateWorld(Int32 deltaTime) 位置 F:\workTable\UnityProject\LockStepDemo\LockStepDemo\Server\LockStepDemo\Service\Game\UpdateEngine.cs:行号 49
2017-08-04 19:12:05,604 [82344] ERROR SyncService-54267293 - UpdateWorld Exception：System.Exception: RemoveComp not exist comp !WaitSyncComponent
   在 EntityBase.RemoveComp(String compName) 位置 F:\workTable\UnityProject\LockStepDemo\LockStepDemo\Server\LockStepDemo\ECS\EntityBase.cs:行号 93
   在 EntityBase.RemoveComp[T]() 位置 F:\workTable\UnityProject\LockStepDemo\LockStepDemo\Server\LockStepDemo\ECS\EntityBase.cs:行号 83
   在 LockStepDemo.ServiceLogic.System.ServiceSyncSystem.LateFixedUpdate(Int32 deltaTime) 位置 F:\workTable\UnityProject\LockStepDemo\LockStepDemo\Server\LockStepDemo\Service\ServiceLogic\System\ServiceSyncSystem.cs:行号 32
   在 WorldBase.LateFixedUpdate(Int32 deltaTime) 位置 F:\workTable\UnityProject\LockStepDemo\LockStepDemo\Server\LockStepDemo\ECS\WorldBase.cs:行号 138
   在 WorldBase.FixedLoop(Int32 deltaTime) 位置 F:\workTable\UnityProject\LockStepDemo\LockStepDemo\Server\LockStepDemo\ECS\WorldBase.cs:行号 106
   在 LockStepDemo.Service.UpdateEngine.UpdateWorld(Int32 deltaTime) 位置 F:\workTable\UnityProject\LockStepDemo\LockStepDemo\Server\LockStepDemo\Service\Game\UpdateEngine.cs:行号 49
2017-08-04 19:12:06,604 [82344] ERROR SyncService-54267293 - UpdateWorld Exception：System.Exception: RemoveComp not exist comp !WaitSyncComponent
   在 EntityBase.RemoveComp(String compName) 位置 F:\workTable\UnityProject\LockStepDemo\LockStepDemo\Server\LockStepDemo\ECS\EntityBase.cs:行号 93
   在 EntityBase.RemoveComp[T]() 位置 F:\workTable\UnityProject\LockStepDemo\LockStepDemo\Server\LockStepDemo\ECS\EntityBase.cs:行号 83
   在 LockStepDemo.ServiceLogic.System.ServiceSyncSystem.LateFixedUpdate(Int32 deltaTime) 位置 F:\workTable\UnityProject\LockStepDemo\LockStepDemo\Server\LockStepDemo\Service\ServiceLogic\System\ServiceSyncSystem.cs:行号 32
   在 WorldBase.LateFixedUpdate(Int32 deltaTime) 位置 F:\workTable\UnityProject\LockStepDemo\LockStepDemo\Server\LockStepDemo\ECS\WorldBase.cs:行号 138
   在 WorldBase.FixedLoop(Int32 deltaTime) 位置 F:\workTable\UnityProject\LockStepDemo\LockStepDemo\Server\LockStepDemo\ECS\WorldBase.cs:行号 106
   在 LockStepDemo.Service.UpdateEngine.UpdateWorld(Int32 deltaTime) 位置 F:\workTable\UnityProject\LockStepDemo\LockStepDemo\Server\LockStepDemo\Service\Game\UpdateEngine.cs:行号 49
2017-08-04 19:12:07,605 [82344] ERROR SyncService-54267293 - UpdateWorld Exception：System.Exception: RemoveComp not exist comp !WaitSyncComponent
   在 EntityBase.RemoveComp(String compName) 位置 F:\workTable\UnityProject\LockStepDemo\LockStepDemo\Server\LockStepDemo\ECS\EntityBase.cs:行号 93
   在 EntityBase.RemoveComp[T]() 位置 F:\workTable\UnityProject\LockStepDemo\LockStepDemo\Server\LockStepDemo\ECS\EntityBase.cs:行号 83
   在 LockStepDemo.ServiceLogic.System.ServiceSyncSystem.LateFixedUpdate(Int32 deltaTime) 位置 F:\workTable\UnityProject\LockStepDemo\LockStepDemo\Server\LockStepDemo\Service\ServiceLogic\System\ServiceSyncSystem.cs:行号 32
   在 WorldBase.LateFixedUpdate(Int32 deltaTime) 位置 F:\workTable\UnityProject\LockStepDemo\LockStepDemo\Server\LockStepDemo\ECS\WorldBase.cs:行号 138
   在 WorldBase.FixedLoop(Int32 deltaTime) 位置 F:\workTable\UnityProject\LockStepDemo\LockStepDemo\Server\LockStepDemo\ECS\WorldBase.cs:行号 106
   在 LockStepDemo.Service.UpdateEngine.UpdateWorld(Int32 deltaTime) 位置 F:\workTable\UnityProject\LockStepDemo\LockStepDemo\Server\LockStepDemo\Service\Game\UpdateEngine.cs:行号 49
