2017-09-22 18:53:17,463 [45392] ERROR SyncService-46104728 - MySql.Data.MySqlClient.MySqlException (0x80004005): Unable to connect to any of the specified MySQL hosts.
   在 MySql.Data.MySqlClient.NativeDriver.Open()
   在 MySql.Data.MySqlClient.Driver.Open()
   在 MySql.Data.MySqlClient.Driver.Create(MySqlConnectionStringBuilder settings)
   在 MySql.Data.MySqlClient.MySqlPool.CreateNewPooledConnection()
   在 MySql.Data.MySqlClient.MySqlPool.GetPooledConnection()
   在 MySql.Data.MySqlClient.MySqlPool.TryToGetDriver()
   在 MySql.Data.MySqlClient.MySqlPool.GetConnection()
   在 MySql.Data.MySqlClient.MySqlConnection.Open()
   在 CDatabase.ConnectionPool.CreateConnection(MySqlConnection tmp) 位置 F:\workTable\UnityProject\LockStepDemo\LockStepDemo\Server\LockStepDemo\Service\DataBase\ConnectionPool.cs:行号 110
   在 CDatabase.ConnectionPool.getConnection() 位置 F:\workTable\UnityProject\LockStepDemo\LockStepDemo\Server\LockStepDemo\Service\DataBase\ConnectionPool.cs:行号 77
2017-09-22 18:53:21,506 [45392] ERROR SyncService-46104728 - MySql.Data.MySqlClient.MySqlException (0x80004005): Unable to connect to any of the specified MySQL hosts.
   在 MySql.Data.MySqlClient.NativeDriver.Open()
   在 MySql.Data.MySqlClient.Driver.Open()
   在 MySql.Data.MySqlClient.Driver.Create(MySqlConnectionStringBuilder settings)
   在 MySql.Data.MySqlClient.MySqlPool.CreateNewPooledConnection()
   在 MySql.Data.MySqlClient.MySqlPool.GetPooledConnection()
   在 MySql.Data.MySqlClient.MySqlPool.TryToGetDriver()
   在 MySql.Data.MySqlClient.MySqlPool.GetConnection()
   在 MySql.Data.MySqlClient.MySqlConnection.Open()
   在 CDatabase.ConnectionPool.CreateConnection(MySqlConnection tmp) 位置 F:\workTable\UnityProject\LockStepDemo\LockStepDemo\Server\LockStepDemo\Service\DataBase\ConnectionPool.cs:行号 110
   在 CDatabase.ConnectionPool.getConnection() 位置 F:\workTable\UnityProject\LockStepDemo\LockStepDemo\Server\LockStepDemo\Service\DataBase\ConnectionPool.cs:行号 77
2017-09-22 18:53:25,532 [45392] ERROR SyncService-46104728 - MySql.Data.MySqlClient.MySqlException (0x80004005): Unable to connect to any of the specified MySQL hosts.
   在 MySql.Data.MySqlClient.NativeDriver.Open()
   在 MySql.Data.MySqlClient.Driver.Open()
   在 MySql.Data.MySqlClient.Driver.Create(MySqlConnectionStringBuilder settings)
   在 MySql.Data.MySqlClient.MySqlPool.CreateNewPooledConnection()
   在 MySql.Data.MySqlClient.MySqlPool.GetPooledConnection()
   在 MySql.Data.MySqlClient.MySqlPool.TryToGetDriver()
   在 MySql.Data.MySqlClient.MySqlPool.GetConnection()
   在 MySql.Data.MySqlClient.MySqlConnection.Open()
   在 CDatabase.ConnectionPool.CreateConnection(MySqlConnection tmp) 位置 F:\workTable\UnityProject\LockStepDemo\LockStepDemo\Server\LockStepDemo\Service\DataBase\ConnectionPool.cs:行号 110
   在 CDatabase.ConnectionPool.getConnection() 位置 F:\workTable\UnityProject\LockStepDemo\LockStepDemo\Server\LockStepDemo\Service\DataBase\ConnectionPool.cs:行号 77
2017-09-22 18:53:29,562 [45392] ERROR SyncService-46104728 - MySql.Data.MySqlClient.MySqlException (0x80004005): Unable to connect to any of the specified MySQL hosts.
   在 MySql.Data.MySqlClient.NativeDriver.Open()
   在 MySql.Data.MySqlClient.Driver.Open()
   在 MySql.Data.MySqlClient.Driver.Create(MySqlConnectionStringBuilder settings)
   在 MySql.Data.MySqlClient.MySqlPool.CreateNewPooledConnection()
   在 MySql.Data.MySqlClient.MySqlPool.GetPooledConnection()
   在 MySql.Data.MySqlClient.MySqlPool.TryToGetDriver()
   在 MySql.Data.MySqlClient.MySqlPool.GetConnection()
   在 MySql.Data.MySqlClient.MySqlConnection.Open()
   在 CDatabase.ConnectionPool.CreateConnection(MySqlConnection tmp) 位置 F:\workTable\UnityProject\LockStepDemo\LockStepDemo\Server\LockStepDemo\Service\DataBase\ConnectionPool.cs:行号 110
   在 CDatabase.ConnectionPool.getConnection() 位置 F:\workTable\UnityProject\LockStepDemo\LockStepDemo\Server\LockStepDemo\Service\DataBase\ConnectionPool.cs:行号 77
2017-09-22 18:54:12,024 [46212] ERROR SyncService-46104728 - MySql.Data.MySqlClient.MySqlException (0x80004005): Unable to connect to any of the specified MySQL hosts.
   在 MySql.Data.MySqlClient.NativeDriver.Open()
   在 MySql.Data.MySqlClient.Driver.Open()
   在 MySql.Data.MySqlClient.Driver.Create(MySqlConnectionStringBuilder settings)
   在 MySql.Data.MySqlClient.MySqlPool.CreateNewPooledConnection()
   在 MySql.Data.MySqlClient.MySqlPool.GetPooledConnection()
   在 MySql.Data.MySqlClient.MySqlPool.TryToGetDriver()
   在 MySql.Data.MySqlClient.MySqlPool.GetConnection()
   在 MySql.Data.MySqlClient.MySqlConnection.Open()
   在 CDatabase.ConnectionPool.CreateConnection(MySqlConnection tmp) 位置 F:\workTable\UnityProject\LockStepDemo\LockStepDemo\Server\LockStepDemo\Service\DataBase\ConnectionPool.cs:行号 110
   在 CDatabase.ConnectionPool.getConnection() 位置 F:\workTable\UnityProject\LockStepDemo\LockStepDemo\Server\LockStepDemo\Service\DataBase\ConnectionPool.cs:行号 77
2017-09-22 19:13:00,791 [46564] ERROR SyncService-46104728 - System.InvalidOperationException: The connection is not open.
   在 MySql.Data.MySqlClient.MySqlConnection.Throw(Exception ex)
   在 MySql.Data.MySqlClient.MySqlConnection.ChangeDatabase(String databaseName)
   在 CDatabase.ConnectionPool.CreateConnection(MySqlConnection tmp) 位置 F:\workTable\UnityProject\LockStepDemo\LockStepDemo\Server\LockStepDemo\Service\DataBase\ConnectionPool.cs:行号 112
   在 CDatabase.ConnectionPool.getConnection() 位置 F:\workTable\UnityProject\LockStepDemo\LockStepDemo\Server\LockStepDemo\Service\DataBase\ConnectionPool.cs:行号 79
2017-09-22 19:13:00,806 [46564] ERROR SyncService-46104728 - System.InvalidOperationException: The connection is not open.
   在 MySql.Data.MySqlClient.MySqlConnection.Throw(Exception ex)
   在 MySql.Data.MySqlClient.MySqlConnection.ChangeDatabase(String databaseName)
   在 CDatabase.ConnectionPool.CreateConnection(MySqlConnection tmp) 位置 F:\workTable\UnityProject\LockStepDemo\LockStepDemo\Server\LockStepDemo\Service\DataBase\ConnectionPool.cs:行号 112
   在 CDatabase.ConnectionPool.getConnection() 位置 F:\workTable\UnityProject\LockStepDemo\LockStepDemo\Server\LockStepDemo\Service\DataBase\ConnectionPool.cs:行号 79
2017-09-22 19:13:00,820 [46564] ERROR SyncService-46104728 - System.InvalidOperationException: The connection is not open.
   在 MySql.Data.MySqlClient.MySqlConnection.Throw(Exception ex)
   在 MySql.Data.MySqlClient.MySqlConnection.ChangeDatabase(String databaseName)
   在 CDatabase.ConnectionPool.CreateConnection(MySqlConnection tmp) 位置 F:\workTable\UnityProject\LockStepDemo\LockStepDemo\Server\LockStepDemo\Service\DataBase\ConnectionPool.cs:行号 112
   在 CDatabase.ConnectionPool.getConnection() 位置 F:\workTable\UnityProject\LockStepDemo\LockStepDemo\Server\LockStepDemo\Service\DataBase\ConnectionPool.cs:行号 79
2017-09-22 19:13:00,839 [46564] ERROR SyncService-46104728 - System.InvalidOperationException: The connection is not open.
   在 MySql.Data.MySqlClient.MySqlConnection.Throw(Exception ex)
   在 MySql.Data.MySqlClient.MySqlConnection.ChangeDatabase(String databaseName)
   在 CDatabase.ConnectionPool.CreateConnection(MySqlConnection tmp) 位置 F:\workTable\UnityProject\LockStepDemo\LockStepDemo\Server\LockStepDemo\Service\DataBase\ConnectionPool.cs:行号 112
   在 CDatabase.ConnectionPool.getConnection() 位置 F:\workTable\UnityProject\LockStepDemo\LockStepDemo\Server\LockStepDemo\Service\DataBase\ConnectionPool.cs:行号 79
2017-09-22 19:13:00,856 [46564] ERROR SyncService-46104728 - System.InvalidOperationException: The connection is not open.
   在 MySql.Data.MySqlClient.MySqlConnection.Throw(Exception ex)
   在 MySql.Data.MySqlClient.MySqlConnection.ChangeDatabase(String databaseName)
   在 CDatabase.ConnectionPool.CreateConnection(MySqlConnection tmp) 位置 F:\workTable\UnityProject\LockStepDemo\LockStepDemo\Server\LockStepDemo\Service\DataBase\ConnectionPool.cs:行号 112
   在 CDatabase.ConnectionPool.getConnection() 位置 F:\workTable\UnityProject\LockStepDemo\LockStepDemo\Server\LockStepDemo\Service\DataBase\ConnectionPool.cs:行号 79
2017-09-22 19:13:00,873 [46564] ERROR SyncService-46104728 - System.InvalidOperationException: The connection is not open.
   在 MySql.Data.MySqlClient.MySqlConnection.Throw(Exception ex)
   在 MySql.Data.MySqlClient.MySqlConnection.ChangeDatabase(String databaseName)
   在 CDatabase.ConnectionPool.CreateConnection(MySqlConnection tmp) 位置 F:\workTable\UnityProject\LockStepDemo\LockStepDemo\Server\LockStepDemo\Service\DataBase\ConnectionPool.cs:行号 112
   在 CDatabase.ConnectionPool.getConnection() 位置 F:\workTable\UnityProject\LockStepDemo\LockStepDemo\Server\LockStepDemo\Service\DataBase\ConnectionPool.cs:行号 79
2017-09-22 19:13:00,888 [46564] ERROR SyncService-46104728 - System.InvalidOperationException: The connection is not open.
   在 MySql.Data.MySqlClient.MySqlConnection.Throw(Exception ex)
   在 MySql.Data.MySqlClient.MySqlConnection.ChangeDatabase(String databaseName)
   在 CDatabase.ConnectionPool.CreateConnection(MySqlConnection tmp) 位置 F:\workTable\UnityProject\LockStepDemo\LockStepDemo\Server\LockStepDemo\Service\DataBase\ConnectionPool.cs:行号 112
   在 CDatabase.ConnectionPool.getConnection() 位置 F:\workTable\UnityProject\LockStepDemo\LockStepDemo\Server\LockStepDemo\Service\DataBase\ConnectionPool.cs:行号 79
2017-09-22 19:13:00,903 [46564] ERROR SyncService-46104728 - System.InvalidOperationException: The connection is not open.
   在 MySql.Data.MySqlClient.MySqlConnection.Throw(Exception ex)
   在 MySql.Data.MySqlClient.MySqlConnection.ChangeDatabase(String databaseName)
   在 CDatabase.ConnectionPool.CreateConnection(MySqlConnection tmp) 位置 F:\workTable\UnityProject\LockStepDemo\LockStepDemo\Server\LockStepDemo\Service\DataBase\ConnectionPool.cs:行号 112
   在 CDatabase.ConnectionPool.getConnection() 位置 F:\workTable\UnityProject\LockStepDemo\LockStepDemo\Server\LockStepDemo\Service\DataBase\ConnectionPool.cs:行号 79
2017-09-22 19:13:00,920 [46564] ERROR SyncService-46104728 - System.InvalidOperationException: The connection is not open.
   在 MySql.Data.MySqlClient.MySqlConnection.Throw(Exception ex)
   在 MySql.Data.MySqlClient.MySqlConnection.ChangeDatabase(String databaseName)
   在 CDatabase.ConnectionPool.CreateConnection(MySqlConnection tmp) 位置 F:\workTable\UnityProject\LockStepDemo\LockStepDemo\Server\LockStepDemo\Service\DataBase\ConnectionPool.cs:行号 112
   在 CDatabase.ConnectionPool.getConnection() 位置 F:\workTable\UnityProject\LockStepDemo\LockStepDemo\Server\LockStepDemo\Service\DataBase\ConnectionPool.cs:行号 79
2017-09-22 19:13:00,938 [46564] ERROR SyncService-46104728 - System.InvalidOperationException: The connection is not open.
   在 MySql.Data.MySqlClient.MySqlConnection.Throw(Exception ex)
   在 MySql.Data.MySqlClient.MySqlConnection.ChangeDatabase(String databaseName)
   在 CDatabase.ConnectionPool.CreateConnection(MySqlConnection tmp) 位置 F:\workTable\UnityProject\LockStepDemo\LockStepDemo\Server\LockStepDemo\Service\DataBase\ConnectionPool.cs:行号 112
   在 CDatabase.ConnectionPool.getConnection() 位置 F:\workTable\UnityProject\LockStepDemo\LockStepDemo\Server\LockStepDemo\Service\DataBase\ConnectionPool.cs:行号 79
2017-09-22 19:13:00,954 [46564] ERROR SyncService-46104728 - System.InvalidOperationException: The connection is not open.
   在 MySql.Data.MySqlClient.MySqlConnection.Throw(Exception ex)
   在 MySql.Data.MySqlClient.MySqlConnection.ChangeDatabase(String databaseName)
   在 CDatabase.ConnectionPool.CreateConnection(MySqlConnection tmp) 位置 F:\workTable\UnityProject\LockStepDemo\LockStepDemo\Server\LockStepDemo\Service\DataBase\ConnectionPool.cs:行号 112
   在 CDatabase.ConnectionPool.getConnection() 位置 F:\workTable\UnityProject\LockStepDemo\LockStepDemo\Server\LockStepDemo\Service\DataBase\ConnectionPool.cs:行号 79
2017-09-22 19:13:00,971 [46564] ERROR SyncService-46104728 - System.InvalidOperationException: The connection is not open.
   在 MySql.Data.MySqlClient.MySqlConnection.Throw(Exception ex)
   在 MySql.Data.MySqlClient.MySqlConnection.ChangeDatabase(String databaseName)
   在 CDatabase.ConnectionPool.CreateConnection(MySqlConnection tmp) 位置 F:\workTable\UnityProject\LockStepDemo\LockStepDemo\Server\LockStepDemo\Service\DataBase\ConnectionPool.cs:行号 112
   在 CDatabase.ConnectionPool.getConnection() 位置 F:\workTable\UnityProject\LockStepDemo\LockStepDemo\Server\LockStepDemo\Service\DataBase\ConnectionPool.cs:行号 79
2017-09-22 19:13:00,989 [46564] ERROR SyncService-46104728 - System.InvalidOperationException: The connection is not open.
   在 MySql.Data.MySqlClient.MySqlConnection.Throw(Exception ex)
   在 MySql.Data.MySqlClient.MySqlConnection.ChangeDatabase(String databaseName)
   在 CDatabase.ConnectionPool.CreateConnection(MySqlConnection tmp) 位置 F:\workTable\UnityProject\LockStepDemo\LockStepDemo\Server\LockStepDemo\Service\DataBase\ConnectionPool.cs:行号 112
   在 CDatabase.ConnectionPool.getConnection() 位置 F:\workTable\UnityProject\LockStepDemo\LockStepDemo\Server\LockStepDemo\Service\DataBase\ConnectionPool.cs:行号 79
2017-09-22 19:13:01,007 [46564] ERROR SyncService-46104728 - System.InvalidOperationException: The connection is not open.
   在 MySql.Data.MySqlClient.MySqlConnection.Throw(Exception ex)
   在 MySql.Data.MySqlClient.MySqlConnection.ChangeDatabase(String databaseName)
   在 CDatabase.ConnectionPool.CreateConnection(MySqlConnection tmp) 位置 F:\workTable\UnityProject\LockStepDemo\LockStepDemo\Server\LockStepDemo\Service\DataBase\ConnectionPool.cs:行号 112
   在 CDatabase.ConnectionPool.getConnection() 位置 F:\workTable\UnityProject\LockStepDemo\LockStepDemo\Server\LockStepDemo\Service\DataBase\ConnectionPool.cs:行号 79
2017-09-22 19:13:01,024 [46564] ERROR SyncService-46104728 - System.InvalidOperationException: The connection is not open.
   在 MySql.Data.MySqlClient.MySqlConnection.Throw(Exception ex)
   在 MySql.Data.MySqlClient.MySqlConnection.ChangeDatabase(String databaseName)
   在 CDatabase.ConnectionPool.CreateConnection(MySqlConnection tmp) 位置 F:\workTable\UnityProject\LockStepDemo\LockStepDemo\Server\LockStepDemo\Service\DataBase\ConnectionPool.cs:行号 112
   在 CDatabase.ConnectionPool.getConnection() 位置 F:\workTable\UnityProject\LockStepDemo\LockStepDemo\Server\LockStepDemo\Service\DataBase\ConnectionPool.cs:行号 79
2017-09-22 19:13:01,043 [46564] ERROR SyncService-46104728 - System.InvalidOperationException: The connection is not open.
   在 MySql.Data.MySqlClient.MySqlConnection.Throw(Exception ex)
   在 MySql.Data.MySqlClient.MySqlConnection.ChangeDatabase(String databaseName)
   在 CDatabase.ConnectionPool.CreateConnection(MySqlConnection tmp) 位置 F:\workTable\UnityProject\LockStepDemo\LockStepDemo\Server\LockStepDemo\Service\DataBase\ConnectionPool.cs:行号 112
   在 CDatabase.ConnectionPool.getConnection() 位置 F:\workTable\UnityProject\LockStepDemo\LockStepDemo\Server\LockStepDemo\Service\DataBase\ConnectionPool.cs:行号 79
2017-09-22 19:13:01,064 [46564] ERROR SyncService-46104728 - System.InvalidOperationException: The connection is not open.
   在 MySql.Data.MySqlClient.MySqlConnection.Throw(Exception ex)
   在 MySql.Data.MySqlClient.MySqlConnection.ChangeDatabase(String databaseName)
   在 CDatabase.ConnectionPool.CreateConnection(MySqlConnection tmp) 位置 F:\workTable\UnityProject\LockStepDemo\LockStepDemo\Server\LockStepDemo\Service\DataBase\ConnectionPool.cs:行号 112
   在 CDatabase.ConnectionPool.getConnection() 位置 F:\workTable\UnityProject\LockStepDemo\LockStepDemo\Server\LockStepDemo\Service\DataBase\ConnectionPool.cs:行号 79
2017-09-22 19:13:01,084 [46564] ERROR SyncService-46104728 - System.InvalidOperationException: The connection is not open.
   在 MySql.Data.MySqlClient.MySqlConnection.Throw(Exception ex)
   在 MySql.Data.MySqlClient.MySqlConnection.ChangeDatabase(String databaseName)
   在 CDatabase.ConnectionPool.CreateConnection(MySqlConnection tmp) 位置 F:\workTable\UnityProject\LockStepDemo\LockStepDemo\Server\LockStepDemo\Service\DataBase\ConnectionPool.cs:行号 112
   在 CDatabase.ConnectionPool.getConnection() 位置 F:\workTable\UnityProject\LockStepDemo\LockStepDemo\Server\LockStepDemo\Service\DataBase\ConnectionPool.cs:行号 79
2017-09-22 19:13:01,103 [46564] ERROR SyncService-46104728 - System.InvalidOperationException: The connection is not open.
   在 MySql.Data.MySqlClient.MySqlConnection.Throw(Exception ex)
   在 MySql.Data.MySqlClient.MySqlConnection.ChangeDatabase(String databaseName)
   在 CDatabase.ConnectionPool.CreateConnection(MySqlConnection tmp) 位置 F:\workTable\UnityProject\LockStepDemo\LockStepDemo\Server\LockStepDemo\Service\DataBase\ConnectionPool.cs:行号 112
   在 CDatabase.ConnectionPool.getConnection() 位置 F:\workTable\UnityProject\LockStepDemo\LockStepDemo\Server\LockStepDemo\Service\DataBase\ConnectionPool.cs:行号 79
2017-09-22 19:13:01,121 [46564] ERROR SyncService-46104728 - System.InvalidOperationException: The connection is not open.
   在 MySql.Data.MySqlClient.MySqlConnection.Throw(Exception ex)
   在 MySql.Data.MySqlClient.MySqlConnection.ChangeDatabase(String databaseName)
   在 CDatabase.ConnectionPool.CreateConnection(MySqlConnection tmp) 位置 F:\workTable\UnityProject\LockStepDemo\LockStepDemo\Server\LockStepDemo\Service\DataBase\ConnectionPool.cs:行号 112
   在 CDatabase.ConnectionPool.getConnection() 位置 F:\workTable\UnityProject\LockStepDemo\LockStepDemo\Server\LockStepDemo\Service\DataBase\ConnectionPool.cs:行号 79
2017-09-22 19:13:01,140 [46564] ERROR SyncService-46104728 - System.InvalidOperationException: The connection is not open.
   在 MySql.Data.MySqlClient.MySqlConnection.Throw(Exception ex)
   在 MySql.Data.MySqlClient.MySqlConnection.ChangeDatabase(String databaseName)
   在 CDatabase.ConnectionPool.CreateConnection(MySqlConnection tmp) 位置 F:\workTable\UnityProject\LockStepDemo\LockStepDemo\Server\LockStepDemo\Service\DataBase\ConnectionPool.cs:行号 112
   在 CDatabase.ConnectionPool.getConnection() 位置 F:\workTable\UnityProject\LockStepDemo\LockStepDemo\Server\LockStepDemo\Service\DataBase\ConnectionPool.cs:行号 79
2017-09-22 19:13:01,160 [46564] ERROR SyncService-46104728 - System.InvalidOperationException: The connection is not open.
   在 MySql.Data.MySqlClient.MySqlConnection.Throw(Exception ex)
   在 MySql.Data.MySqlClient.MySqlConnection.ChangeDatabase(String databaseName)
   在 CDatabase.ConnectionPool.CreateConnection(MySqlConnection tmp) 位置 F:\workTable\UnityProject\LockStepDemo\LockStepDemo\Server\LockStepDemo\Service\DataBase\ConnectionPool.cs:行号 112
   在 CDatabase.ConnectionPool.getConnection() 位置 F:\workTable\UnityProject\LockStepDemo\LockStepDemo\Server\LockStepDemo\Service\DataBase\ConnectionPool.cs:行号 79
2017-09-22 19:13:01,180 [46564] ERROR SyncService-46104728 - System.InvalidOperationException: The connection is not open.
   在 MySql.Data.MySqlClient.MySqlConnection.Throw(Exception ex)
   在 MySql.Data.MySqlClient.MySqlConnection.ChangeDatabase(String databaseName)
   在 CDatabase.ConnectionPool.CreateConnection(MySqlConnection tmp) 位置 F:\workTable\UnityProject\LockStepDemo\LockStepDemo\Server\LockStepDemo\Service\DataBase\ConnectionPool.cs:行号 112
   在 CDatabase.ConnectionPool.getConnection() 位置 F:\workTable\UnityProject\LockStepDemo\LockStepDemo\Server\LockStepDemo\Service\DataBase\ConnectionPool.cs:行号 79
2017-09-22 19:13:01,200 [46564] ERROR SyncService-46104728 - System.InvalidOperationException: The connection is not open.
   在 MySql.Data.MySqlClient.MySqlConnection.Throw(Exception ex)
   在 MySql.Data.MySqlClient.MySqlConnection.ChangeDatabase(String databaseName)
   在 CDatabase.ConnectionPool.CreateConnection(MySqlConnection tmp) 位置 F:\workTable\UnityProject\LockStepDemo\LockStepDemo\Server\LockStepDemo\Service\DataBase\ConnectionPool.cs:行号 112
   在 CDatabase.ConnectionPool.getConnection() 位置 F:\workTable\UnityProject\LockStepDemo\LockStepDemo\Server\LockStepDemo\Service\DataBase\ConnectionPool.cs:行号 79
2017-09-22 19:13:01,220 [46564] ERROR SyncService-46104728 - System.InvalidOperationException: The connection is not open.
   在 MySql.Data.MySqlClient.MySqlConnection.Throw(Exception ex)
   在 MySql.Data.MySqlClient.MySqlConnection.ChangeDatabase(String databaseName)
   在 CDatabase.ConnectionPool.CreateConnection(MySqlConnection tmp) 位置 F:\workTable\UnityProject\LockStepDemo\LockStepDemo\Server\LockStepDemo\Service\DataBase\ConnectionPool.cs:行号 112
   在 CDatabase.ConnectionPool.getConnection() 位置 F:\workTable\UnityProject\LockStepDemo\LockStepDemo\Server\LockStepDemo\Service\DataBase\ConnectionPool.cs:行号 79
2017-09-22 19:13:01,240 [46564] ERROR SyncService-46104728 - System.InvalidOperationException: The connection is not open.
   在 MySql.Data.MySqlClient.MySqlConnection.Throw(Exception ex)
   在 MySql.Data.MySqlClient.MySqlConnection.ChangeDatabase(String databaseName)
   在 CDatabase.ConnectionPool.CreateConnection(MySqlConnection tmp) 位置 F:\workTable\UnityProject\LockStepDemo\LockStepDemo\Server\LockStepDemo\Service\DataBase\ConnectionPool.cs:行号 112
   在 CDatabase.ConnectionPool.getConnection() 位置 F:\workTable\UnityProject\LockStepDemo\LockStepDemo\Server\LockStepDemo\Service\DataBase\ConnectionPool.cs:行号 79
2017-09-22 19:13:01,260 [46564] ERROR SyncService-46104728 - System.InvalidOperationException: The connection is not open.
   在 MySql.Data.MySqlClient.MySqlConnection.Throw(Exception ex)
   在 MySql.Data.MySqlClient.MySqlConnection.ChangeDatabase(String databaseName)
   在 CDatabase.ConnectionPool.CreateConnection(MySqlConnection tmp) 位置 F:\workTable\UnityProject\LockStepDemo\LockStepDemo\Server\LockStepDemo\Service\DataBase\ConnectionPool.cs:行号 112
   在 CDatabase.ConnectionPool.getConnection() 位置 F:\workTable\UnityProject\LockStepDemo\LockStepDemo\Server\LockStepDemo\Service\DataBase\ConnectionPool.cs:行号 79
2017-09-22 19:13:01,285 [46564] ERROR SyncService-46104728 - System.InvalidOperationException: The connection is not open.
   在 MySql.Data.MySqlClient.MySqlConnection.Throw(Exception ex)
   在 MySql.Data.MySqlClient.MySqlConnection.ChangeDatabase(String databaseName)
   在 CDatabase.ConnectionPool.CreateConnection(MySqlConnection tmp) 位置 F:\workTable\UnityProject\LockStepDemo\LockStepDemo\Server\LockStepDemo\Service\DataBase\ConnectionPool.cs:行号 112
   在 CDatabase.ConnectionPool.getConnection() 位置 F:\workTable\UnityProject\LockStepDemo\LockStepDemo\Server\LockStepDemo\Service\DataBase\ConnectionPool.cs:行号 79
2017-09-22 19:13:01,306 [46564] ERROR SyncService-46104728 - System.InvalidOperationException: The connection is not open.
   在 MySql.Data.MySqlClient.MySqlConnection.Throw(Exception ex)
   在 MySql.Data.MySqlClient.MySqlConnection.ChangeDatabase(String databaseName)
   在 CDatabase.ConnectionPool.CreateConnection(MySqlConnection tmp) 位置 F:\workTable\UnityProject\LockStepDemo\LockStepDemo\Server\LockStepDemo\Service\DataBase\ConnectionPool.cs:行号 112
   在 CDatabase.ConnectionPool.getConnection() 位置 F:\workTable\UnityProject\LockStepDemo\LockStepDemo\Server\LockStepDemo\Service\DataBase\ConnectionPool.cs:行号 79
2017-09-22 19:13:01,330 [46564] ERROR SyncService-46104728 - System.InvalidOperationException: The connection is not open.
   在 MySql.Data.MySqlClient.MySqlConnection.Throw(Exception ex)
   在 MySql.Data.MySqlClient.MySqlConnection.ChangeDatabase(String databaseName)
   在 CDatabase.ConnectionPool.CreateConnection(MySqlConnection tmp) 位置 F:\workTable\UnityProject\LockStepDemo\LockStepDemo\Server\LockStepDemo\Service\DataBase\ConnectionPool.cs:行号 112
   在 CDatabase.ConnectionPool.getConnection() 位置 F:\workTable\UnityProject\LockStepDemo\LockStepDemo\Server\LockStepDemo\Service\DataBase\ConnectionPool.cs:行号 79
2017-09-22 19:13:01,351 [46564] ERROR SyncService-46104728 - System.InvalidOperationException: The connection is not open.
   在 MySql.Data.MySqlClient.MySqlConnection.Throw(Exception ex)
   在 MySql.Data.MySqlClient.MySqlConnection.ChangeDatabase(String databaseName)
   在 CDatabase.ConnectionPool.CreateConnection(MySqlConnection tmp) 位置 F:\workTable\UnityProject\LockStepDemo\LockStepDemo\Server\LockStepDemo\Service\DataBase\ConnectionPool.cs:行号 112
   在 CDatabase.ConnectionPool.getConnection() 位置 F:\workTable\UnityProject\LockStepDemo\LockStepDemo\Server\LockStepDemo\Service\DataBase\ConnectionPool.cs:行号 79
2017-09-22 19:13:01,373 [46564] ERROR SyncService-46104728 - System.InvalidOperationException: The connection is not open.
   在 MySql.Data.MySqlClient.MySqlConnection.Throw(Exception ex)
   在 MySql.Data.MySqlClient.MySqlConnection.ChangeDatabase(String databaseName)
   在 CDatabase.ConnectionPool.CreateConnection(MySqlConnection tmp) 位置 F:\workTable\UnityProject\LockStepDemo\LockStepDemo\Server\LockStepDemo\Service\DataBase\ConnectionPool.cs:行号 112
   在 CDatabase.ConnectionPool.getConnection() 位置 F:\workTable\UnityProject\LockStepDemo\LockStepDemo\Server\LockStepDemo\Service\DataBase\ConnectionPool.cs:行号 79
2017-09-22 19:13:01,399 [46564] ERROR SyncService-46104728 - System.InvalidOperationException: The connection is not open.
   在 MySql.Data.MySqlClient.MySqlConnection.Throw(Exception ex)
   在 MySql.Data.MySqlClient.MySqlConnection.ChangeDatabase(String databaseName)
   在 CDatabase.ConnectionPool.CreateConnection(MySqlConnection tmp) 位置 F:\workTable\UnityProject\LockStepDemo\LockStepDemo\Server\LockStepDemo\Service\DataBase\ConnectionPool.cs:行号 112
   在 CDatabase.ConnectionPool.getConnection() 位置 F:\workTable\UnityProject\LockStepDemo\LockStepDemo\Server\LockStepDemo\Service\DataBase\ConnectionPool.cs:行号 79
2017-09-22 19:13:01,423 [46564] ERROR SyncService-46104728 - System.InvalidOperationException: The connection is not open.
   在 MySql.Data.MySqlClient.MySqlConnection.Throw(Exception ex)
   在 MySql.Data.MySqlClient.MySqlConnection.ChangeDatabase(String databaseName)
   在 CDatabase.ConnectionPool.CreateConnection(MySqlConnection tmp) 位置 F:\workTable\UnityProject\LockStepDemo\LockStepDemo\Server\LockStepDemo\Service\DataBase\ConnectionPool.cs:行号 112
   在 CDatabase.ConnectionPool.getConnection() 位置 F:\workTable\UnityProject\LockStepDemo\LockStepDemo\Server\LockStepDemo\Service\DataBase\ConnectionPool.cs:行号 79
2017-09-22 19:13:01,445 [46564] ERROR SyncService-46104728 - System.InvalidOperationException: The connection is not open.
   在 MySql.Data.MySqlClient.MySqlConnection.Throw(Exception ex)
   在 MySql.Data.MySqlClient.MySqlConnection.ChangeDatabase(String databaseName)
   在 CDatabase.ConnectionPool.CreateConnection(MySqlConnection tmp) 位置 F:\workTable\UnityProject\LockStepDemo\LockStepDemo\Server\LockStepDemo\Service\DataBase\ConnectionPool.cs:行号 112
   在 CDatabase.ConnectionPool.getConnection() 位置 F:\workTable\UnityProject\LockStepDemo\LockStepDemo\Server\LockStepDemo\Service\DataBase\ConnectionPool.cs:行号 79
2017-09-22 19:13:01,469 [46564] ERROR SyncService-46104728 - System.InvalidOperationException: The connection is not open.
   在 MySql.Data.MySqlClient.MySqlConnection.Throw(Exception ex)
   在 MySql.Data.MySqlClient.MySqlConnection.ChangeDatabase(String databaseName)
   在 CDatabase.ConnectionPool.CreateConnection(MySqlConnection tmp) 位置 F:\workTable\UnityProject\LockStepDemo\LockStepDemo\Server\LockStepDemo\Service\DataBase\ConnectionPool.cs:行号 112
   在 CDatabase.ConnectionPool.getConnection() 位置 F:\workTable\UnityProject\LockStepDemo\LockStepDemo\Server\LockStepDemo\Service\DataBase\ConnectionPool.cs:行号 79
2017-09-22 19:13:01,493 [46564] ERROR SyncService-46104728 - System.InvalidOperationException: The connection is not open.
   在 MySql.Data.MySqlClient.MySqlConnection.Throw(Exception ex)
   在 MySql.Data.MySqlClient.MySqlConnection.ChangeDatabase(String databaseName)
   在 CDatabase.ConnectionPool.CreateConnection(MySqlConnection tmp) 位置 F:\workTable\UnityProject\LockStepDemo\LockStepDemo\Server\LockStepDemo\Service\DataBase\ConnectionPool.cs:行号 112
   在 CDatabase.ConnectionPool.getConnection() 位置 F:\workTable\UnityProject\LockStepDemo\LockStepDemo\Server\LockStepDemo\Service\DataBase\ConnectionPool.cs:行号 79
2017-09-22 19:13:01,516 [46564] ERROR SyncService-46104728 - System.InvalidOperationException: The connection is not open.
   在 MySql.Data.MySqlClient.MySqlConnection.Throw(Exception ex)
   在 MySql.Data.MySqlClient.MySqlConnection.ChangeDatabase(String databaseName)
   在 CDatabase.ConnectionPool.CreateConnection(MySqlConnection tmp) 位置 F:\workTable\UnityProject\LockStepDemo\LockStepDemo\Server\LockStepDemo\Service\DataBase\ConnectionPool.cs:行号 112
   在 CDatabase.ConnectionPool.getConnection() 位置 F:\workTable\UnityProject\LockStepDemo\LockStepDemo\Server\LockStepDemo\Service\DataBase\ConnectionPool.cs:行号 79
2017-09-22 19:13:01,539 [46564] ERROR SyncService-46104728 - System.InvalidOperationException: The connection is not open.
   在 MySql.Data.MySqlClient.MySqlConnection.Throw(Exception ex)
   在 MySql.Data.MySqlClient.MySqlConnection.ChangeDatabase(String databaseName)
   在 CDatabase.ConnectionPool.CreateConnection(MySqlConnection tmp) 位置 F:\workTable\UnityProject\LockStepDemo\LockStepDemo\Server\LockStepDemo\Service\DataBase\ConnectionPool.cs:行号 112
   在 CDatabase.ConnectionPool.getConnection() 位置 F:\workTable\UnityProject\LockStepDemo\LockStepDemo\Server\LockStepDemo\Service\DataBase\ConnectionPool.cs:行号 79
2017-09-22 19:13:01,565 [46564] ERROR SyncService-46104728 - System.InvalidOperationException: The connection is not open.
   在 MySql.Data.MySqlClient.MySqlConnection.Throw(Exception ex)
   在 MySql.Data.MySqlClient.MySqlConnection.ChangeDatabase(String databaseName)
   在 CDatabase.ConnectionPool.CreateConnection(MySqlConnection tmp) 位置 F:\workTable\UnityProject\LockStepDemo\LockStepDemo\Server\LockStepDemo\Service\DataBase\ConnectionPool.cs:行号 112
   在 CDatabase.ConnectionPool.getConnection() 位置 F:\workTable\UnityProject\LockStepDemo\LockStepDemo\Server\LockStepDemo\Service\DataBase\ConnectionPool.cs:行号 79
2017-09-22 19:13:01,591 [46564] ERROR SyncService-46104728 - System.InvalidOperationException: The connection is not open.
   在 MySql.Data.MySqlClient.MySqlConnection.Throw(Exception ex)
   在 MySql.Data.MySqlClient.MySqlConnection.ChangeDatabase(String databaseName)
   在 CDatabase.ConnectionPool.CreateConnection(MySqlConnection tmp) 位置 F:\workTable\UnityProject\LockStepDemo\LockStepDemo\Server\LockStepDemo\Service\DataBase\ConnectionPool.cs:行号 112
   在 CDatabase.ConnectionPool.getConnection() 位置 F:\workTable\UnityProject\LockStepDemo\LockStepDemo\Server\LockStepDemo\Service\DataBase\ConnectionPool.cs:行号 79
2017-09-22 19:13:01,618 [46564] ERROR SyncService-46104728 - System.InvalidOperationException: The connection is not open.
   在 MySql.Data.MySqlClient.MySqlConnection.Throw(Exception ex)
   在 MySql.Data.MySqlClient.MySqlConnection.ChangeDatabase(String databaseName)
   在 CDatabase.ConnectionPool.CreateConnection(MySqlConnection tmp) 位置 F:\workTable\UnityProject\LockStepDemo\LockStepDemo\Server\LockStepDemo\Service\DataBase\ConnectionPool.cs:行号 112
   在 CDatabase.ConnectionPool.getConnection() 位置 F:\workTable\UnityProject\LockStepDemo\LockStepDemo\Server\LockStepDemo\Service\DataBase\ConnectionPool.cs:行号 79
2017-09-22 19:13:01,644 [46564] ERROR SyncService-46104728 - System.InvalidOperationException: The connection is not open.
   在 MySql.Data.MySqlClient.MySqlConnection.Throw(Exception ex)
   在 MySql.Data.MySqlClient.MySqlConnection.ChangeDatabase(String databaseName)
   在 CDatabase.ConnectionPool.CreateConnection(MySqlConnection tmp) 位置 F:\workTable\UnityProject\LockStepDemo\LockStepDemo\Server\LockStepDemo\Service\DataBase\ConnectionPool.cs:行号 112
   在 CDatabase.ConnectionPool.getConnection() 位置 F:\workTable\UnityProject\LockStepDemo\LockStepDemo\Server\LockStepDemo\Service\DataBase\ConnectionPool.cs:行号 79
2017-09-22 19:13:01,669 [46564] ERROR SyncService-46104728 - System.InvalidOperationException: The connection is not open.
   在 MySql.Data.MySqlClient.MySqlConnection.Throw(Exception ex)
   在 MySql.Data.MySqlClient.MySqlConnection.ChangeDatabase(String databaseName)
   在 CDatabase.ConnectionPool.CreateConnection(MySqlConnection tmp) 位置 F:\workTable\UnityProject\LockStepDemo\LockStepDemo\Server\LockStepDemo\Service\DataBase\ConnectionPool.cs:行号 112
   在 CDatabase.ConnectionPool.getConnection() 位置 F:\workTable\UnityProject\LockStepDemo\LockStepDemo\Server\LockStepDemo\Service\DataBase\ConnectionPool.cs:行号 79
2017-09-22 19:13:01,698 [46564] ERROR SyncService-46104728 - System.InvalidOperationException: The connection is not open.
   在 MySql.Data.MySqlClient.MySqlConnection.Throw(Exception ex)
   在 MySql.Data.MySqlClient.MySqlConnection.ChangeDatabase(String databaseName)
   在 CDatabase.ConnectionPool.CreateConnection(MySqlConnection tmp) 位置 F:\workTable\UnityProject\LockStepDemo\LockStepDemo\Server\LockStepDemo\Service\DataBase\ConnectionPool.cs:行号 112
   在 CDatabase.ConnectionPool.getConnection() 位置 F:\workTable\UnityProject\LockStepDemo\LockStepDemo\Server\LockStepDemo\Service\DataBase\ConnectionPool.cs:行号 79
2017-09-22 19:13:01,725 [46564] ERROR SyncService-46104728 - System.InvalidOperationException: The connection is not open.
   在 MySql.Data.MySqlClient.MySqlConnection.Throw(Exception ex)
   在 MySql.Data.MySqlClient.MySqlConnection.ChangeDatabase(String databaseName)
   在 CDatabase.ConnectionPool.CreateConnection(MySqlConnection tmp) 位置 F:\workTable\UnityProject\LockStepDemo\LockStepDemo\Server\LockStepDemo\Service\DataBase\ConnectionPool.cs:行号 112
   在 CDatabase.ConnectionPool.getConnection() 位置 F:\workTable\UnityProject\LockStepDemo\LockStepDemo\Server\LockStepDemo\Service\DataBase\ConnectionPool.cs:行号 79
2017-09-22 19:13:01,750 [46564] ERROR SyncService-46104728 - System.InvalidOperationException: The connection is not open.
   在 MySql.Data.MySqlClient.MySqlConnection.Throw(Exception ex)
   在 MySql.Data.MySqlClient.MySqlConnection.ChangeDatabase(String databaseName)
   在 CDatabase.ConnectionPool.CreateConnection(MySqlConnection tmp) 位置 F:\workTable\UnityProject\LockStepDemo\LockStepDemo\Server\LockStepDemo\Service\DataBase\ConnectionPool.cs:行号 112
   在 CDatabase.ConnectionPool.getConnection() 位置 F:\workTable\UnityProject\LockStepDemo\LockStepDemo\Server\LockStepDemo\Service\DataBase\ConnectionPool.cs:行号 79
2017-09-22 19:13:01,776 [46564] ERROR SyncService-46104728 - System.InvalidOperationException: The connection is not open.
   在 MySql.Data.MySqlClient.MySqlConnection.Throw(Exception ex)
   在 MySql.Data.MySqlClient.MySqlConnection.ChangeDatabase(String databaseName)
   在 CDatabase.ConnectionPool.CreateConnection(MySqlConnection tmp) 位置 F:\workTable\UnityProject\LockStepDemo\LockStepDemo\Server\LockStepDemo\Service\DataBase\ConnectionPool.cs:行号 112
   在 CDatabase.ConnectionPool.getConnection() 位置 F:\workTable\UnityProject\LockStepDemo\LockStepDemo\Server\LockStepDemo\Service\DataBase\ConnectionPool.cs:行号 79
2017-09-22 19:13:01,802 [46564] ERROR SyncService-46104728 - System.InvalidOperationException: The connection is not open.
   在 MySql.Data.MySqlClient.MySqlConnection.Throw(Exception ex)
   在 MySql.Data.MySqlClient.MySqlConnection.ChangeDatabase(String databaseName)
   在 CDatabase.ConnectionPool.CreateConnection(MySqlConnection tmp) 位置 F:\workTable\UnityProject\LockStepDemo\LockStepDemo\Server\LockStepDemo\Service\DataBase\ConnectionPool.cs:行号 112
   在 CDatabase.ConnectionPool.getConnection() 位置 F:\workTable\UnityProject\LockStepDemo\LockStepDemo\Server\LockStepDemo\Service\DataBase\ConnectionPool.cs:行号 79
2017-09-22 19:13:01,831 [46564] ERROR SyncService-46104728 - System.InvalidOperationException: The connection is not open.
   在 MySql.Data.MySqlClient.MySqlConnection.Throw(Exception ex)
   在 MySql.Data.MySqlClient.MySqlConnection.ChangeDatabase(String databaseName)
   在 CDatabase.ConnectionPool.CreateConnection(MySqlConnection tmp) 位置 F:\workTable\UnityProject\LockStepDemo\LockStepDemo\Server\LockStepDemo\Service\DataBase\ConnectionPool.cs:行号 112
   在 CDatabase.ConnectionPool.getConnection() 位置 F:\workTable\UnityProject\LockStepDemo\LockStepDemo\Server\LockStepDemo\Service\DataBase\ConnectionPool.cs:行号 79
2017-09-22 19:13:01,862 [46564] ERROR SyncService-46104728 - System.InvalidOperationException: The connection is not open.
   在 MySql.Data.MySqlClient.MySqlConnection.Throw(Exception ex)
   在 MySql.Data.MySqlClient.MySqlConnection.ChangeDatabase(String databaseName)
   在 CDatabase.ConnectionPool.CreateConnection(MySqlConnection tmp) 位置 F:\workTable\UnityProject\LockStepDemo\LockStepDemo\Server\LockStepDemo\Service\DataBase\ConnectionPool.cs:行号 112
   在 CDatabase.ConnectionPool.getConnection() 位置 F:\workTable\UnityProject\LockStepDemo\LockStepDemo\Server\LockStepDemo\Service\DataBase\ConnectionPool.cs:行号 79
2017-09-22 19:13:01,895 [46564] ERROR SyncService-46104728 - System.InvalidOperationException: The connection is not open.
   在 MySql.Data.MySqlClient.MySqlConnection.Throw(Exception ex)
   在 MySql.Data.MySqlClient.MySqlConnection.ChangeDatabase(String databaseName)
   在 CDatabase.ConnectionPool.CreateConnection(MySqlConnection tmp) 位置 F:\workTable\UnityProject\LockStepDemo\LockStepDemo\Server\LockStepDemo\Service\DataBase\ConnectionPool.cs:行号 112
   在 CDatabase.ConnectionPool.getConnection() 位置 F:\workTable\UnityProject\LockStepDemo\LockStepDemo\Server\LockStepDemo\Service\DataBase\ConnectionPool.cs:行号 79
2017-09-22 19:13:01,924 [46564] ERROR SyncService-46104728 - System.InvalidOperationException: The connection is not open.
   在 MySql.Data.MySqlClient.MySqlConnection.Throw(Exception ex)
   在 MySql.Data.MySqlClient.MySqlConnection.ChangeDatabase(String databaseName)
   在 CDatabase.ConnectionPool.CreateConnection(MySqlConnection tmp) 位置 F:\workTable\UnityProject\LockStepDemo\LockStepDemo\Server\LockStepDemo\Service\DataBase\ConnectionPool.cs:行号 112
   在 CDatabase.ConnectionPool.getConnection() 位置 F:\workTable\UnityProject\LockStepDemo\LockStepDemo\Server\LockStepDemo\Service\DataBase\ConnectionPool.cs:行号 79
2017-09-22 19:13:01,954 [46564] ERROR SyncService-46104728 - System.InvalidOperationException: The connection is not open.
   在 MySql.Data.MySqlClient.MySqlConnection.Throw(Exception ex)
   在 MySql.Data.MySqlClient.MySqlConnection.ChangeDatabase(String databaseName)
   在 CDatabase.ConnectionPool.CreateConnection(MySqlConnection tmp) 位置 F:\workTable\UnityProject\LockStepDemo\LockStepDemo\Server\LockStepDemo\Service\DataBase\ConnectionPool.cs:行号 112
   在 CDatabase.ConnectionPool.getConnection() 位置 F:\workTable\UnityProject\LockStepDemo\LockStepDemo\Server\LockStepDemo\Service\DataBase\ConnectionPool.cs:行号 79
2017-09-22 19:13:01,985 [46564] ERROR SyncService-46104728 - System.InvalidOperationException: The connection is not open.
   在 MySql.Data.MySqlClient.MySqlConnection.Throw(Exception ex)
   在 MySql.Data.MySqlClient.MySqlConnection.ChangeDatabase(String databaseName)
   在 CDatabase.ConnectionPool.CreateConnection(MySqlConnection tmp) 位置 F:\workTable\UnityProject\LockStepDemo\LockStepDemo\Server\LockStepDemo\Service\DataBase\ConnectionPool.cs:行号 112
   在 CDatabase.ConnectionPool.getConnection() 位置 F:\workTable\UnityProject\LockStepDemo\LockStepDemo\Server\LockStepDemo\Service\DataBase\ConnectionPool.cs:行号 79
2017-09-22 19:13:02,015 [46564] ERROR SyncService-46104728 - System.InvalidOperationException: The connection is not open.
   在 MySql.Data.MySqlClient.MySqlConnection.Throw(Exception ex)
   在 MySql.Data.MySqlClient.MySqlConnection.ChangeDatabase(String databaseName)
   在 CDatabase.ConnectionPool.CreateConnection(MySqlConnection tmp) 位置 F:\workTable\UnityProject\LockStepDemo\LockStepDemo\Server\LockStepDemo\Service\DataBase\ConnectionPool.cs:行号 112
   在 CDatabase.ConnectionPool.getConnection() 位置 F:\workTable\UnityProject\LockStepDemo\LockStepDemo\Server\LockStepDemo\Service\DataBase\ConnectionPool.cs:行号 79
2017-09-22 19:13:02,044 [46564] ERROR SyncService-46104728 - System.InvalidOperationException: The connection is not open.
   在 MySql.Data.MySqlClient.MySqlConnection.Throw(Exception ex)
   在 MySql.Data.MySqlClient.MySqlConnection.ChangeDatabase(String databaseName)
   在 CDatabase.ConnectionPool.CreateConnection(MySqlConnection tmp) 位置 F:\workTable\UnityProject\LockStepDemo\LockStepDemo\Server\LockStepDemo\Service\DataBase\ConnectionPool.cs:行号 112
   在 CDatabase.ConnectionPool.getConnection() 位置 F:\workTable\UnityProject\LockStepDemo\LockStepDemo\Server\LockStepDemo\Service\DataBase\ConnectionPool.cs:行号 79
2017-09-22 19:13:02,074 [46564] ERROR SyncService-46104728 - System.InvalidOperationException: The connection is not open.
   在 MySql.Data.MySqlClient.MySqlConnection.Throw(Exception ex)
   在 MySql.Data.MySqlClient.MySqlConnection.ChangeDatabase(String databaseName)
   在 CDatabase.ConnectionPool.CreateConnection(MySqlConnection tmp) 位置 F:\workTable\UnityProject\LockStepDemo\LockStepDemo\Server\LockStepDemo\Service\DataBase\ConnectionPool.cs:行号 112
   在 CDatabase.ConnectionPool.getConnection() 位置 F:\workTable\UnityProject\LockStepDemo\LockStepDemo\Server\LockStepDemo\Service\DataBase\ConnectionPool.cs:行号 79
2017-09-22 19:13:02,106 [46564] ERROR SyncService-46104728 - System.InvalidOperationException: The connection is not open.
   在 MySql.Data.MySqlClient.MySqlConnection.Throw(Exception ex)
   在 MySql.Data.MySqlClient.MySqlConnection.ChangeDatabase(String databaseName)
   在 CDatabase.ConnectionPool.CreateConnection(MySqlConnection tmp) 位置 F:\workTable\UnityProject\LockStepDemo\LockStepDemo\Server\LockStepDemo\Service\DataBase\ConnectionPool.cs:行号 112
   在 CDatabase.ConnectionPool.getConnection() 位置 F:\workTable\UnityProject\LockStepDemo\LockStepDemo\Server\LockStepDemo\Service\DataBase\ConnectionPool.cs:行号 79
2017-09-22 19:13:02,138 [46564] ERROR SyncService-46104728 - System.InvalidOperationException: The connection is not open.
   在 MySql.Data.MySqlClient.MySqlConnection.Throw(Exception ex)
   在 MySql.Data.MySqlClient.MySqlConnection.ChangeDatabase(String databaseName)
   在 CDatabase.ConnectionPool.CreateConnection(MySqlConnection tmp) 位置 F:\workTable\UnityProject\LockStepDemo\LockStepDemo\Server\LockStepDemo\Service\DataBase\ConnectionPool.cs:行号 112
   在 CDatabase.ConnectionPool.getConnection() 位置 F:\workTable\UnityProject\LockStepDemo\LockStepDemo\Server\LockStepDemo\Service\DataBase\ConnectionPool.cs:行号 79
2017-09-22 19:13:02,167 [46564] ERROR SyncService-46104728 - System.InvalidOperationException: The connection is not open.
   在 MySql.Data.MySqlClient.MySqlConnection.Throw(Exception ex)
   在 MySql.Data.MySqlClient.MySqlConnection.ChangeDatabase(String databaseName)
   在 CDatabase.ConnectionPool.CreateConnection(MySqlConnection tmp) 位置 F:\workTable\UnityProject\LockStepDemo\LockStepDemo\Server\LockStepDemo\Service\DataBase\ConnectionPool.cs:行号 112
   在 CDatabase.ConnectionPool.getConnection() 位置 F:\workTable\UnityProject\LockStepDemo\LockStepDemo\Server\LockStepDemo\Service\DataBase\ConnectionPool.cs:行号 79
2017-09-22 19:13:02,198 [46564] ERROR SyncService-46104728 - System.InvalidOperationException: The connection is not open.
   在 MySql.Data.MySqlClient.MySqlConnection.Throw(Exception ex)
   在 MySql.Data.MySqlClient.MySqlConnection.ChangeDatabase(String databaseName)
   在 CDatabase.ConnectionPool.CreateConnection(MySqlConnection tmp) 位置 F:\workTable\UnityProject\LockStepDemo\LockStepDemo\Server\LockStepDemo\Service\DataBase\ConnectionPool.cs:行号 112
   在 CDatabase.ConnectionPool.getConnection() 位置 F:\workTable\UnityProject\LockStepDemo\LockStepDemo\Server\LockStepDemo\Service\DataBase\ConnectionPool.cs:行号 79
2017-09-22 19:13:02,228 [46564] ERROR SyncService-46104728 - System.InvalidOperationException: The connection is not open.
   在 MySql.Data.MySqlClient.MySqlConnection.Throw(Exception ex)
   在 MySql.Data.MySqlClient.MySqlConnection.ChangeDatabase(String databaseName)
   在 CDatabase.ConnectionPool.CreateConnection(MySqlConnection tmp) 位置 F:\workTable\UnityProject\LockStepDemo\LockStepDemo\Server\LockStepDemo\Service\DataBase\ConnectionPool.cs:行号 112
   在 CDatabase.ConnectionPool.getConnection() 位置 F:\workTable\UnityProject\LockStepDemo\LockStepDemo\Server\LockStepDemo\Service\DataBase\ConnectionPool.cs:行号 79
2017-09-22 19:13:02,259 [46564] ERROR SyncService-46104728 - System.InvalidOperationException: The connection is not open.
   在 MySql.Data.MySqlClient.MySqlConnection.Throw(Exception ex)
   在 MySql.Data.MySqlClient.MySqlConnection.ChangeDatabase(String databaseName)
   在 CDatabase.ConnectionPool.CreateConnection(MySqlConnection tmp) 位置 F:\workTable\UnityProject\LockStepDemo\LockStepDemo\Server\LockStepDemo\Service\DataBase\ConnectionPool.cs:行号 112
   在 CDatabase.ConnectionPool.getConnection() 位置 F:\workTable\UnityProject\LockStepDemo\LockStepDemo\Server\LockStepDemo\Service\DataBase\ConnectionPool.cs:行号 79
2017-09-22 19:13:02,291 [46564] ERROR SyncService-46104728 - System.InvalidOperationException: The connection is not open.
   在 MySql.Data.MySqlClient.MySqlConnection.Throw(Exception ex)
   在 MySql.Data.MySqlClient.MySqlConnection.ChangeDatabase(String databaseName)
   在 CDatabase.ConnectionPool.CreateConnection(MySqlConnection tmp) 位置 F:\workTable\UnityProject\LockStepDemo\LockStepDemo\Server\LockStepDemo\Service\DataBase\ConnectionPool.cs:行号 112
   在 CDatabase.ConnectionPool.getConnection() 位置 F:\workTable\UnityProject\LockStepDemo\LockStepDemo\Server\LockStepDemo\Service\DataBase\ConnectionPool.cs:行号 79
2017-09-22 19:13:02,325 [46564] ERROR SyncService-46104728 - System.InvalidOperationException: The connection is not open.
   在 MySql.Data.MySqlClient.MySqlConnection.Throw(Exception ex)
   在 MySql.Data.MySqlClient.MySqlConnection.ChangeDatabase(String databaseName)
   在 CDatabase.ConnectionPool.CreateConnection(MySqlConnection tmp) 位置 F:\workTable\UnityProject\LockStepDemo\LockStepDemo\Server\LockStepDemo\Service\DataBase\ConnectionPool.cs:行号 112
   在 CDatabase.ConnectionPool.getConnection() 位置 F:\workTable\UnityProject\LockStepDemo\LockStepDemo\Server\LockStepDemo\Service\DataBase\ConnectionPool.cs:行号 79
2017-09-22 19:13:02,357 [46564] ERROR SyncService-46104728 - System.InvalidOperationException: The connection is not open.
   在 MySql.Data.MySqlClient.MySqlConnection.Throw(Exception ex)
   在 MySql.Data.MySqlClient.MySqlConnection.ChangeDatabase(String databaseName)
   在 CDatabase.ConnectionPool.CreateConnection(MySqlConnection tmp) 位置 F:\workTable\UnityProject\LockStepDemo\LockStepDemo\Server\LockStepDemo\Service\DataBase\ConnectionPool.cs:行号 112
   在 CDatabase.ConnectionPool.getConnection() 位置 F:\workTable\UnityProject\LockStepDemo\LockStepDemo\Server\LockStepDemo\Service\DataBase\ConnectionPool.cs:行号 79
2017-09-22 19:13:02,392 [46564] ERROR SyncService-46104728 - System.InvalidOperationException: The connection is not open.
   在 MySql.Data.MySqlClient.MySqlConnection.Throw(Exception ex)
   在 MySql.Data.MySqlClient.MySqlConnection.ChangeDatabase(String databaseName)
   在 CDatabase.ConnectionPool.CreateConnection(MySqlConnection tmp) 位置 F:\workTable\UnityProject\LockStepDemo\LockStepDemo\Server\LockStepDemo\Service\DataBase\ConnectionPool.cs:行号 112
   在 CDatabase.ConnectionPool.getConnection() 位置 F:\workTable\UnityProject\LockStepDemo\LockStepDemo\Server\LockStepDemo\Service\DataBase\ConnectionPool.cs:行号 79
2017-09-22 19:13:02,425 [46564] ERROR SyncService-46104728 - System.InvalidOperationException: The connection is not open.
   在 MySql.Data.MySqlClient.MySqlConnection.Throw(Exception ex)
   在 MySql.Data.MySqlClient.MySqlConnection.ChangeDatabase(String databaseName)
   在 CDatabase.ConnectionPool.CreateConnection(MySqlConnection tmp) 位置 F:\workTable\UnityProject\LockStepDemo\LockStepDemo\Server\LockStepDemo\Service\DataBase\ConnectionPool.cs:行号 112
   在 CDatabase.ConnectionPool.getConnection() 位置 F:\workTable\UnityProject\LockStepDemo\LockStepDemo\Server\LockStepDemo\Service\DataBase\ConnectionPool.cs:行号 79
2017-09-22 19:13:02,458 [46564] ERROR SyncService-46104728 - System.InvalidOperationException: The connection is not open.
   在 MySql.Data.MySqlClient.MySqlConnection.Throw(Exception ex)
   在 MySql.Data.MySqlClient.MySqlConnection.ChangeDatabase(String databaseName)
   在 CDatabase.ConnectionPool.CreateConnection(MySqlConnection tmp) 位置 F:\workTable\UnityProject\LockStepDemo\LockStepDemo\Server\LockStepDemo\Service\DataBase\ConnectionPool.cs:行号 112
   在 CDatabase.ConnectionPool.getConnection() 位置 F:\workTable\UnityProject\LockStepDemo\LockStepDemo\Server\LockStepDemo\Service\DataBase\ConnectionPool.cs:行号 79
2017-09-22 19:13:02,493 [46564] ERROR SyncService-46104728 - System.InvalidOperationException: The connection is not open.
   在 MySql.Data.MySqlClient.MySqlConnection.Throw(Exception ex)
   在 MySql.Data.MySqlClient.MySqlConnection.ChangeDatabase(String databaseName)
   在 CDatabase.ConnectionPool.CreateConnection(MySqlConnection tmp) 位置 F:\workTable\UnityProject\LockStepDemo\LockStepDemo\Server\LockStepDemo\Service\DataBase\ConnectionPool.cs:行号 112
   在 CDatabase.ConnectionPool.getConnection() 位置 F:\workTable\UnityProject\LockStepDemo\LockStepDemo\Server\LockStepDemo\Service\DataBase\ConnectionPool.cs:行号 79
2017-09-22 19:13:02,528 [46564] ERROR SyncService-46104728 - System.InvalidOperationException: The connection is not open.
   在 MySql.Data.MySqlClient.MySqlConnection.Throw(Exception ex)
   在 MySql.Data.MySqlClient.MySqlConnection.ChangeDatabase(String databaseName)
   在 CDatabase.ConnectionPool.CreateConnection(MySqlConnection tmp) 位置 F:\workTable\UnityProject\LockStepDemo\LockStepDemo\Server\LockStepDemo\Service\DataBase\ConnectionPool.cs:行号 112
   在 CDatabase.ConnectionPool.getConnection() 位置 F:\workTable\UnityProject\LockStepDemo\LockStepDemo\Server\LockStepDemo\Service\DataBase\ConnectionPool.cs:行号 79
2017-09-22 19:13:02,560 [46564] ERROR SyncService-46104728 - System.InvalidOperationException: The connection is not open.
   在 MySql.Data.MySqlClient.MySqlConnection.Throw(Exception ex)
   在 MySql.Data.MySqlClient.MySqlConnection.ChangeDatabase(String databaseName)
   在 CDatabase.ConnectionPool.CreateConnection(MySqlConnection tmp) 位置 F:\workTable\UnityProject\LockStepDemo\LockStepDemo\Server\LockStepDemo\Service\DataBase\ConnectionPool.cs:行号 112
   在 CDatabase.ConnectionPool.getConnection() 位置 F:\workTable\UnityProject\LockStepDemo\LockStepDemo\Server\LockStepDemo\Service\DataBase\ConnectionPool.cs:行号 79
2017-09-22 19:13:02,596 [46564] ERROR SyncService-46104728 - System.InvalidOperationException: The connection is not open.
   在 MySql.Data.MySqlClient.MySqlConnection.Throw(Exception ex)
   在 MySql.Data.MySqlClient.MySqlConnection.ChangeDatabase(String databaseName)
   在 CDatabase.ConnectionPool.CreateConnection(MySqlConnection tmp) 位置 F:\workTable\UnityProject\LockStepDemo\LockStepDemo\Server\LockStepDemo\Service\DataBase\ConnectionPool.cs:行号 112
   在 CDatabase.ConnectionPool.getConnection() 位置 F:\workTable\UnityProject\LockStepDemo\LockStepDemo\Server\LockStepDemo\Service\DataBase\ConnectionPool.cs:行号 79
2017-09-22 19:13:02,631 [46564] ERROR SyncService-46104728 - System.InvalidOperationException: The connection is not open.
   在 MySql.Data.MySqlClient.MySqlConnection.Throw(Exception ex)
   在 MySql.Data.MySqlClient.MySqlConnection.ChangeDatabase(String databaseName)
   在 CDatabase.ConnectionPool.CreateConnection(MySqlConnection tmp) 位置 F:\workTable\UnityProject\LockStepDemo\LockStepDemo\Server\LockStepDemo\Service\DataBase\ConnectionPool.cs:行号 112
   在 CDatabase.ConnectionPool.getConnection() 位置 F:\workTable\UnityProject\LockStepDemo\LockStepDemo\Server\LockStepDemo\Service\DataBase\ConnectionPool.cs:行号 79
2017-09-22 19:13:02,674 [46564] ERROR SyncService-46104728 - System.InvalidOperationException: The connection is not open.
   在 MySql.Data.MySqlClient.MySqlConnection.Throw(Exception ex)
   在 MySql.Data.MySqlClient.MySqlConnection.ChangeDatabase(String databaseName)
   在 CDatabase.ConnectionPool.CreateConnection(MySqlConnection tmp) 位置 F:\workTable\UnityProject\LockStepDemo\LockStepDemo\Server\LockStepDemo\Service\DataBase\ConnectionPool.cs:行号 112
   在 CDatabase.ConnectionPool.getConnection() 位置 F:\workTable\UnityProject\LockStepDemo\LockStepDemo\Server\LockStepDemo\Service\DataBase\ConnectionPool.cs:行号 79
2017-09-22 19:13:02,712 [46564] ERROR SyncService-46104728 - System.InvalidOperationException: The connection is not open.
   在 MySql.Data.MySqlClient.MySqlConnection.Throw(Exception ex)
   在 MySql.Data.MySqlClient.MySqlConnection.ChangeDatabase(String databaseName)
   在 CDatabase.ConnectionPool.CreateConnection(MySqlConnection tmp) 位置 F:\workTable\UnityProject\LockStepDemo\LockStepDemo\Server\LockStepDemo\Service\DataBase\ConnectionPool.cs:行号 112
   在 CDatabase.ConnectionPool.getConnection() 位置 F:\workTable\UnityProject\LockStepDemo\LockStepDemo\Server\LockStepDemo\Service\DataBase\ConnectionPool.cs:行号 79
2017-09-22 19:13:02,751 [46564] ERROR SyncService-46104728 - System.InvalidOperationException: The connection is not open.
   在 MySql.Data.MySqlClient.MySqlConnection.Throw(Exception ex)
   在 MySql.Data.MySqlClient.MySqlConnection.ChangeDatabase(String databaseName)
   在 CDatabase.ConnectionPool.CreateConnection(MySqlConnection tmp) 位置 F:\workTable\UnityProject\LockStepDemo\LockStepDemo\Server\LockStepDemo\Service\DataBase\ConnectionPool.cs:行号 112
   在 CDatabase.ConnectionPool.getConnection() 位置 F:\workTable\UnityProject\LockStepDemo\LockStepDemo\Server\LockStepDemo\Service\DataBase\ConnectionPool.cs:行号 79
2017-09-22 19:13:02,789 [46564] ERROR SyncService-46104728 - System.InvalidOperationException: The connection is not open.
   在 MySql.Data.MySqlClient.MySqlConnection.Throw(Exception ex)
   在 MySql.Data.MySqlClient.MySqlConnection.ChangeDatabase(String databaseName)
   在 CDatabase.ConnectionPool.CreateConnection(MySqlConnection tmp) 位置 F:\workTable\UnityProject\LockStepDemo\LockStepDemo\Server\LockStepDemo\Service\DataBase\ConnectionPool.cs:行号 112
   在 CDatabase.ConnectionPool.getConnection() 位置 F:\workTable\UnityProject\LockStepDemo\LockStepDemo\Server\LockStepDemo\Service\DataBase\ConnectionPool.cs:行号 79
2017-09-22 19:13:02,821 [46564] ERROR SyncService-46104728 - System.InvalidOperationException: The connection is not open.
   在 MySql.Data.MySqlClient.MySqlConnection.Throw(Exception ex)
   在 MySql.Data.MySqlClient.MySqlConnection.ChangeDatabase(String databaseName)
   在 CDatabase.ConnectionPool.CreateConnection(MySqlConnection tmp) 位置 F:\workTable\UnityProject\LockStepDemo\LockStepDemo\Server\LockStepDemo\Service\DataBase\ConnectionPool.cs:行号 112
   在 CDatabase.ConnectionPool.getConnection() 位置 F:\workTable\UnityProject\LockStepDemo\LockStepDemo\Server\LockStepDemo\Service\DataBase\ConnectionPool.cs:行号 79
2017-09-22 19:13:02,856 [46564] ERROR SyncService-46104728 - System.InvalidOperationException: The connection is not open.
   在 MySql.Data.MySqlClient.MySqlConnection.Throw(Exception ex)
   在 MySql.Data.MySqlClient.MySqlConnection.ChangeDatabase(String databaseName)
   在 CDatabase.ConnectionPool.CreateConnection(MySqlConnection tmp) 位置 F:\workTable\UnityProject\LockStepDemo\LockStepDemo\Server\LockStepDemo\Service\DataBase\ConnectionPool.cs:行号 112
   在 CDatabase.ConnectionPool.getConnection() 位置 F:\workTable\UnityProject\LockStepDemo\LockStepDemo\Server\LockStepDemo\Service\DataBase\ConnectionPool.cs:行号 79
2017-09-22 19:13:02,892 [46564] ERROR SyncService-46104728 - System.InvalidOperationException: The connection is not open.
   在 MySql.Data.MySqlClient.MySqlConnection.Throw(Exception ex)
   在 MySql.Data.MySqlClient.MySqlConnection.ChangeDatabase(String databaseName)
   在 CDatabase.ConnectionPool.CreateConnection(MySqlConnection tmp) 位置 F:\workTable\UnityProject\LockStepDemo\LockStepDemo\Server\LockStepDemo\Service\DataBase\ConnectionPool.cs:行号 112
   在 CDatabase.ConnectionPool.getConnection() 位置 F:\workTable\UnityProject\LockStepDemo\LockStepDemo\Server\LockStepDemo\Service\DataBase\ConnectionPool.cs:行号 79
2017-09-22 19:13:02,930 [46564] ERROR SyncService-46104728 - System.InvalidOperationException: The connection is not open.
   在 MySql.Data.MySqlClient.MySqlConnection.Throw(Exception ex)
   在 MySql.Data.MySqlClient.MySqlConnection.ChangeDatabase(String databaseName)
   在 CDatabase.ConnectionPool.CreateConnection(MySqlConnection tmp) 位置 F:\workTable\UnityProject\LockStepDemo\LockStepDemo\Server\LockStepDemo\Service\DataBase\ConnectionPool.cs:行号 112
   在 CDatabase.ConnectionPool.getConnection() 位置 F:\workTable\UnityProject\LockStepDemo\LockStepDemo\Server\LockStepDemo\Service\DataBase\ConnectionPool.cs:行号 79
2017-09-22 19:13:02,967 [46564] ERROR SyncService-46104728 - System.InvalidOperationException: The connection is not open.
   在 MySql.Data.MySqlClient.MySqlConnection.Throw(Exception ex)
   在 MySql.Data.MySqlClient.MySqlConnection.ChangeDatabase(String databaseName)
   在 CDatabase.ConnectionPool.CreateConnection(MySqlConnection tmp) 位置 F:\workTable\UnityProject\LockStepDemo\LockStepDemo\Server\LockStepDemo\Service\DataBase\ConnectionPool.cs:行号 112
   在 CDatabase.ConnectionPool.getConnection() 位置 F:\workTable\UnityProject\LockStepDemo\LockStepDemo\Server\LockStepDemo\Service\DataBase\ConnectionPool.cs:行号 79
2017-09-22 19:13:03,003 [46564] ERROR SyncService-46104728 - System.InvalidOperationException: The connection is not open.
   在 MySql.Data.MySqlClient.MySqlConnection.Throw(Exception ex)
   在 MySql.Data.MySqlClient.MySqlConnection.ChangeDatabase(String databaseName)
   在 CDatabase.ConnectionPool.CreateConnection(MySqlConnection tmp) 位置 F:\workTable\UnityProject\LockStepDemo\LockStepDemo\Server\LockStepDemo\Service\DataBase\ConnectionPool.cs:行号 112
   在 CDatabase.ConnectionPool.getConnection() 位置 F:\workTable\UnityProject\LockStepDemo\LockStepDemo\Server\LockStepDemo\Service\DataBase\ConnectionPool.cs:行号 79
2017-09-22 19:13:03,040 [46564] ERROR SyncService-46104728 - System.InvalidOperationException: The connection is not open.
   在 MySql.Data.MySqlClient.MySqlConnection.Throw(Exception ex)
   在 MySql.Data.MySqlClient.MySqlConnection.ChangeDatabase(String databaseName)
   在 CDatabase.ConnectionPool.CreateConnection(MySqlConnection tmp) 位置 F:\workTable\UnityProject\LockStepDemo\LockStepDemo\Server\LockStepDemo\Service\DataBase\ConnectionPool.cs:行号 112
   在 CDatabase.ConnectionPool.getConnection() 位置 F:\workTable\UnityProject\LockStepDemo\LockStepDemo\Server\LockStepDemo\Service\DataBase\ConnectionPool.cs:行号 79
2017-09-22 19:13:03,079 [46564] ERROR SyncService-46104728 - System.InvalidOperationException: The connection is not open.
   在 MySql.Data.MySqlClient.MySqlConnection.Throw(Exception ex)
   在 MySql.Data.MySqlClient.MySqlConnection.ChangeDatabase(String databaseName)
   在 CDatabase.ConnectionPool.CreateConnection(MySqlConnection tmp) 位置 F:\workTable\UnityProject\LockStepDemo\LockStepDemo\Server\LockStepDemo\Service\DataBase\ConnectionPool.cs:行号 112
   在 CDatabase.ConnectionPool.getConnection() 位置 F:\workTable\UnityProject\LockStepDemo\LockStepDemo\Server\LockStepDemo\Service\DataBase\ConnectionPool.cs:行号 79
2017-09-22 19:13:03,119 [46564] ERROR SyncService-46104728 - System.InvalidOperationException: The connection is not open.
   在 MySql.Data.MySqlClient.MySqlConnection.Throw(Exception ex)
   在 MySql.Data.MySqlClient.MySqlConnection.ChangeDatabase(String databaseName)
   在 CDatabase.ConnectionPool.CreateConnection(MySqlConnection tmp) 位置 F:\workTable\UnityProject\LockStepDemo\LockStepDemo\Server\LockStepDemo\Service\DataBase\ConnectionPool.cs:行号 112
   在 CDatabase.ConnectionPool.getConnection() 位置 F:\workTable\UnityProject\LockStepDemo\LockStepDemo\Server\LockStepDemo\Service\DataBase\ConnectionPool.cs:行号 79
2017-09-22 19:13:03,157 [46564] ERROR SyncService-46104728 - System.InvalidOperationException: The connection is not open.
   在 MySql.Data.MySqlClient.MySqlConnection.Throw(Exception ex)
   在 MySql.Data.MySqlClient.MySqlConnection.ChangeDatabase(String databaseName)
   在 CDatabase.ConnectionPool.CreateConnection(MySqlConnection tmp) 位置 F:\workTable\UnityProject\LockStepDemo\LockStepDemo\Server\LockStepDemo\Service\DataBase\ConnectionPool.cs:行号 112
   在 CDatabase.ConnectionPool.getConnection() 位置 F:\workTable\UnityProject\LockStepDemo\LockStepDemo\Server\LockStepDemo\Service\DataBase\ConnectionPool.cs:行号 79
2017-09-22 19:13:03,195 [46564] ERROR SyncService-46104728 - System.InvalidOperationException: The connection is not open.
   在 MySql.Data.MySqlClient.MySqlConnection.Throw(Exception ex)
   在 MySql.Data.MySqlClient.MySqlConnection.ChangeDatabase(String databaseName)
   在 CDatabase.ConnectionPool.CreateConnection(MySqlConnection tmp) 位置 F:\workTable\UnityProject\LockStepDemo\LockStepDemo\Server\LockStepDemo\Service\DataBase\ConnectionPool.cs:行号 112
   在 CDatabase.ConnectionPool.getConnection() 位置 F:\workTable\UnityProject\LockStepDemo\LockStepDemo\Server\LockStepDemo\Service\DataBase\ConnectionPool.cs:行号 79
2017-09-22 19:13:03,232 [46564] ERROR SyncService-46104728 - System.InvalidOperationException: The connection is not open.
   在 MySql.Data.MySqlClient.MySqlConnection.Throw(Exception ex)
   在 MySql.Data.MySqlClient.MySqlConnection.ChangeDatabase(String databaseName)
   在 CDatabase.ConnectionPool.CreateConnection(MySqlConnection tmp) 位置 F:\workTable\UnityProject\LockStepDemo\LockStepDemo\Server\LockStepDemo\Service\DataBase\ConnectionPool.cs:行号 112
   在 CDatabase.ConnectionPool.getConnection() 位置 F:\workTable\UnityProject\LockStepDemo\LockStepDemo\Server\LockStepDemo\Service\DataBase\ConnectionPool.cs:行号 79
2017-09-22 19:13:03,272 [46564] ERROR SyncService-46104728 - System.InvalidOperationException: The connection is not open.
   在 MySql.Data.MySqlClient.MySqlConnection.Throw(Exception ex)
   在 MySql.Data.MySqlClient.MySqlConnection.ChangeDatabase(String databaseName)
   在 CDatabase.ConnectionPool.CreateConnection(MySqlConnection tmp) 位置 F:\workTable\UnityProject\LockStepDemo\LockStepDemo\Server\LockStepDemo\Service\DataBase\ConnectionPool.cs:行号 112
   在 CDatabase.ConnectionPool.getConnection() 位置 F:\workTable\UnityProject\LockStepDemo\LockStepDemo\Server\LockStepDemo\Service\DataBase\ConnectionPool.cs:行号 79
2017-09-22 19:13:03,310 [46564] ERROR SyncService-46104728 - System.InvalidOperationException: The connection is not open.
   在 MySql.Data.MySqlClient.MySqlConnection.Throw(Exception ex)
   在 MySql.Data.MySqlClient.MySqlConnection.ChangeDatabase(String databaseName)
   在 CDatabase.ConnectionPool.CreateConnection(MySqlConnection tmp) 位置 F:\workTable\UnityProject\LockStepDemo\LockStepDemo\Server\LockStepDemo\Service\DataBase\ConnectionPool.cs:行号 112
   在 CDatabase.ConnectionPool.getConnection() 位置 F:\workTable\UnityProject\LockStepDemo\LockStepDemo\Server\LockStepDemo\Service\DataBase\ConnectionPool.cs:行号 79
2017-09-22 19:13:03,352 [46564] ERROR SyncService-46104728 - System.InvalidOperationException: The connection is not open.
   在 MySql.Data.MySqlClient.MySqlConnection.Throw(Exception ex)
   在 MySql.Data.MySqlClient.MySqlConnection.ChangeDatabase(String databaseName)
   在 CDatabase.ConnectionPool.CreateConnection(MySqlConnection tmp) 位置 F:\workTable\UnityProject\LockStepDemo\LockStepDemo\Server\LockStepDemo\Service\DataBase\ConnectionPool.cs:行号 112
   在 CDatabase.ConnectionPool.getConnection() 位置 F:\workTable\UnityProject\LockStepDemo\LockStepDemo\Server\LockStepDemo\Service\DataBase\ConnectionPool.cs:行号 79
2017-09-22 19:13:03,391 [46564] ERROR SyncService-46104728 - System.InvalidOperationException: The connection is not open.
   在 MySql.Data.MySqlClient.MySqlConnection.Throw(Exception ex)
   在 MySql.Data.MySqlClient.MySqlConnection.ChangeDatabase(String databaseName)
   在 CDatabase.ConnectionPool.CreateConnection(MySqlConnection tmp) 位置 F:\workTable\UnityProject\LockStepDemo\LockStepDemo\Server\LockStepDemo\Service\DataBase\ConnectionPool.cs:行号 112
   在 CDatabase.ConnectionPool.getConnection() 位置 F:\workTable\UnityProject\LockStepDemo\LockStepDemo\Server\LockStepDemo\Service\DataBase\ConnectionPool.cs:行号 79
2017-09-22 19:13:03,432 [46564] ERROR SyncService-46104728 - System.InvalidOperationException: The connection is not open.
   在 MySql.Data.MySqlClient.MySqlConnection.Throw(Exception ex)
   在 MySql.Data.MySqlClient.MySqlConnection.ChangeDatabase(String databaseName)
   在 CDatabase.ConnectionPool.CreateConnection(MySqlConnection tmp) 位置 F:\workTable\UnityProject\LockStepDemo\LockStepDemo\Server\LockStepDemo\Service\DataBase\ConnectionPool.cs:行号 112
   在 CDatabase.ConnectionPool.getConnection() 位置 F:\workTable\UnityProject\LockStepDemo\LockStepDemo\Server\LockStepDemo\Service\DataBase\ConnectionPool.cs:行号 79
2017-09-22 19:13:03,473 [46564] ERROR SyncService-46104728 - System.InvalidOperationException: The connection is not open.
   在 MySql.Data.MySqlClient.MySqlConnection.Throw(Exception ex)
   在 MySql.Data.MySqlClient.MySqlConnection.ChangeDatabase(String databaseName)
   在 CDatabase.ConnectionPool.CreateConnection(MySqlConnection tmp) 位置 F:\workTable\UnityProject\LockStepDemo\LockStepDemo\Server\LockStepDemo\Service\DataBase\ConnectionPool.cs:行号 112
   在 CDatabase.ConnectionPool.getConnection() 位置 F:\workTable\UnityProject\LockStepDemo\LockStepDemo\Server\LockStepDemo\Service\DataBase\ConnectionPool.cs:行号 79
2017-09-22 19:13:03,513 [46564] ERROR SyncService-46104728 - System.InvalidOperationException: The connection is not open.
   在 MySql.Data.MySqlClient.MySqlConnection.Throw(Exception ex)
   在 MySql.Data.MySqlClient.MySqlConnection.ChangeDatabase(String databaseName)
   在 CDatabase.ConnectionPool.CreateConnection(MySqlConnection tmp) 位置 F:\workTable\UnityProject\LockStepDemo\LockStepDemo\Server\LockStepDemo\Service\DataBase\ConnectionPool.cs:行号 112
   在 CDatabase.ConnectionPool.getConnection() 位置 F:\workTable\UnityProject\LockStepDemo\LockStepDemo\Server\LockStepDemo\Service\DataBase\ConnectionPool.cs:行号 79
2017-09-22 19:13:03,554 [46564] ERROR SyncService-46104728 - System.InvalidOperationException: The connection is not open.
   在 MySql.Data.MySqlClient.MySqlConnection.Throw(Exception ex)
   在 MySql.Data.MySqlClient.MySqlConnection.ChangeDatabase(String databaseName)
   在 CDatabase.ConnectionPool.CreateConnection(MySqlConnection tmp) 位置 F:\workTable\UnityProject\LockStepDemo\LockStepDemo\Server\LockStepDemo\Service\DataBase\ConnectionPool.cs:行号 112
   在 CDatabase.ConnectionPool.getConnection() 位置 F:\workTable\UnityProject\LockStepDemo\LockStepDemo\Server\LockStepDemo\Service\DataBase\ConnectionPool.cs:行号 79
2017-09-22 19:13:03,595 [46564] ERROR SyncService-46104728 - System.InvalidOperationException: The connection is not open.
   在 MySql.Data.MySqlClient.MySqlConnection.Throw(Exception ex)
   在 MySql.Data.MySqlClient.MySqlConnection.ChangeDatabase(String databaseName)
   在 CDatabase.ConnectionPool.CreateConnection(MySqlConnection tmp) 位置 F:\workTable\UnityProject\LockStepDemo\LockStepDemo\Server\LockStepDemo\Service\DataBase\ConnectionPool.cs:行号 112
   在 CDatabase.ConnectionPool.getConnection() 位置 F:\workTable\UnityProject\LockStepDemo\LockStepDemo\Server\LockStepDemo\Service\DataBase\ConnectionPool.cs:行号 79
2017-09-22 19:13:03,635 [46564] ERROR SyncService-46104728 - System.InvalidOperationException: The connection is not open.
   在 MySql.Data.MySqlClient.MySqlConnection.Throw(Exception ex)
   在 MySql.Data.MySqlClient.MySqlConnection.ChangeDatabase(String databaseName)
   在 CDatabase.ConnectionPool.CreateConnection(MySqlConnection tmp) 位置 F:\workTable\UnityProject\LockStepDemo\LockStepDemo\Server\LockStepDemo\Service\DataBase\ConnectionPool.cs:行号 112
   在 CDatabase.ConnectionPool.getConnection() 位置 F:\workTable\UnityProject\LockStepDemo\LockStepDemo\Server\LockStepDemo\Service\DataBase\ConnectionPool.cs:行号 79
2017-09-22 19:13:03,675 [46564] ERROR SyncService-46104728 - System.InvalidOperationException: The connection is not open.
   在 MySql.Data.MySqlClient.MySqlConnection.Throw(Exception ex)
   在 MySql.Data.MySqlClient.MySqlConnection.ChangeDatabase(String databaseName)
   在 CDatabase.ConnectionPool.CreateConnection(MySqlConnection tmp) 位置 F:\workTable\UnityProject\LockStepDemo\LockStepDemo\Server\LockStepDemo\Service\DataBase\ConnectionPool.cs:行号 112
   在 CDatabase.ConnectionPool.getConnection() 位置 F:\workTable\UnityProject\LockStepDemo\LockStepDemo\Server\LockStepDemo\Service\DataBase\ConnectionPool.cs:行号 79
2017-09-22 19:13:03,717 [46564] ERROR SyncService-46104728 - System.InvalidOperationException: The connection is not open.
   在 MySql.Data.MySqlClient.MySqlConnection.Throw(Exception ex)
   在 MySql.Data.MySqlClient.MySqlConnection.ChangeDatabase(String databaseName)
   在 CDatabase.ConnectionPool.CreateConnection(MySqlConnection tmp) 位置 F:\workTable\UnityProject\LockStepDemo\LockStepDemo\Server\LockStepDemo\Service\DataBase\ConnectionPool.cs:行号 112
   在 CDatabase.ConnectionPool.getConnection() 位置 F:\workTable\UnityProject\LockStepDemo\LockStepDemo\Server\LockStepDemo\Service\DataBase\ConnectionPool.cs:行号 79
2017-09-22 19:13:03,760 [46564] ERROR SyncService-46104728 - System.InvalidOperationException: The connection is not open.
   在 MySql.Data.MySqlClient.MySqlConnection.Throw(Exception ex)
   在 MySql.Data.MySqlClient.MySqlConnection.ChangeDatabase(String databaseName)
   在 CDatabase.ConnectionPool.CreateConnection(MySqlConnection tmp) 位置 F:\workTable\UnityProject\LockStepDemo\LockStepDemo\Server\LockStepDemo\Service\DataBase\ConnectionPool.cs:行号 112
   在 CDatabase.ConnectionPool.getConnection() 位置 F:\workTable\UnityProject\LockStepDemo\LockStepDemo\Server\LockStepDemo\Service\DataBase\ConnectionPool.cs:行号 79
2017-09-22 19:13:03,802 [46564] ERROR SyncService-46104728 - System.InvalidOperationException: The connection is not open.
   在 MySql.Data.MySqlClient.MySqlConnection.Throw(Exception ex)
   在 MySql.Data.MySqlClient.MySqlConnection.ChangeDatabase(String databaseName)
   在 CDatabase.ConnectionPool.CreateConnection(MySqlConnection tmp) 位置 F:\workTable\UnityProject\LockStepDemo\LockStepDemo\Server\LockStepDemo\Service\DataBase\ConnectionPool.cs:行号 112
   在 CDatabase.ConnectionPool.getConnection() 位置 F:\workTable\UnityProject\LockStepDemo\LockStepDemo\Server\LockStepDemo\Service\DataBase\ConnectionPool.cs:行号 79
2017-09-22 19:13:03,846 [46564] ERROR SyncService-46104728 - System.InvalidOperationException: The connection is not open.
   在 MySql.Data.MySqlClient.MySqlConnection.Throw(Exception ex)
   在 MySql.Data.MySqlClient.MySqlConnection.ChangeDatabase(String databaseName)
   在 CDatabase.ConnectionPool.CreateConnection(MySqlConnection tmp) 位置 F:\workTable\UnityProject\LockStepDemo\LockStepDemo\Server\LockStepDemo\Service\DataBase\ConnectionPool.cs:行号 112
   在 CDatabase.ConnectionPool.getConnection() 位置 F:\workTable\UnityProject\LockStepDemo\LockStepDemo\Server\LockStepDemo\Service\DataBase\ConnectionPool.cs:行号 79
2017-09-22 19:13:03,892 [46564] ERROR SyncService-46104728 - System.InvalidOperationException: The connection is not open.
   在 MySql.Data.MySqlClient.MySqlConnection.Throw(Exception ex)
   在 MySql.Data.MySqlClient.MySqlConnection.ChangeDatabase(String databaseName)
   在 CDatabase.ConnectionPool.CreateConnection(MySqlConnection tmp) 位置 F:\workTable\UnityProject\LockStepDemo\LockStepDemo\Server\LockStepDemo\Service\DataBase\ConnectionPool.cs:行号 112
   在 CDatabase.ConnectionPool.getConnection() 位置 F:\workTable\UnityProject\LockStepDemo\LockStepDemo\Server\LockStepDemo\Service\DataBase\ConnectionPool.cs:行号 79
2017-09-22 19:13:03,934 [46564] ERROR SyncService-46104728 - System.InvalidOperationException: The connection is not open.
   在 MySql.Data.MySqlClient.MySqlConnection.Throw(Exception ex)
   在 MySql.Data.MySqlClient.MySqlConnection.ChangeDatabase(String databaseName)
   在 CDatabase.ConnectionPool.CreateConnection(MySqlConnection tmp) 位置 F:\workTable\UnityProject\LockStepDemo\LockStepDemo\Server\LockStepDemo\Service\DataBase\ConnectionPool.cs:行号 112
   在 CDatabase.ConnectionPool.getConnection() 位置 F:\workTable\UnityProject\LockStepDemo\LockStepDemo\Server\LockStepDemo\Service\DataBase\ConnectionPool.cs:行号 79
2017-09-22 19:13:03,980 [46564] ERROR SyncService-46104728 - System.InvalidOperationException: The connection is not open.
   在 MySql.Data.MySqlClient.MySqlConnection.Throw(Exception ex)
   在 MySql.Data.MySqlClient.MySqlConnection.ChangeDatabase(String databaseName)
   在 CDatabase.ConnectionPool.CreateConnection(MySqlConnection tmp) 位置 F:\workTable\UnityProject\LockStepDemo\LockStepDemo\Server\LockStepDemo\Service\DataBase\ConnectionPool.cs:行号 112
   在 CDatabase.ConnectionPool.getConnection() 位置 F:\workTable\UnityProject\LockStepDemo\LockStepDemo\Server\LockStepDemo\Service\DataBase\ConnectionPool.cs:行号 79
2017-09-22 19:13:04,022 [46564] ERROR SyncService-46104728 - System.InvalidOperationException: The connection is not open.
   在 MySql.Data.MySqlClient.MySqlConnection.Throw(Exception ex)
   在 MySql.Data.MySqlClient.MySqlConnection.ChangeDatabase(String databaseName)
   在 CDatabase.ConnectionPool.CreateConnection(MySqlConnection tmp) 位置 F:\workTable\UnityProject\LockStepDemo\LockStepDemo\Server\LockStepDemo\Service\DataBase\ConnectionPool.cs:行号 112
   在 CDatabase.ConnectionPool.getConnection() 位置 F:\workTable\UnityProject\LockStepDemo\LockStepDemo\Server\LockStepDemo\Service\DataBase\ConnectionPool.cs:行号 79
2017-09-22 19:13:04,065 [46564] ERROR SyncService-46104728 - System.InvalidOperationException: The connection is not open.
   在 MySql.Data.MySqlClient.MySqlConnection.Throw(Exception ex)
   在 MySql.Data.MySqlClient.MySqlConnection.ChangeDatabase(String databaseName)
   在 CDatabase.ConnectionPool.CreateConnection(MySqlConnection tmp) 位置 F:\workTable\UnityProject\LockStepDemo\LockStepDemo\Server\LockStepDemo\Service\DataBase\ConnectionPool.cs:行号 112
   在 CDatabase.ConnectionPool.getConnection() 位置 F:\workTable\UnityProject\LockStepDemo\LockStepDemo\Server\LockStepDemo\Service\DataBase\ConnectionPool.cs:行号 79
2017-09-22 19:13:04,108 [46564] ERROR SyncService-46104728 - System.InvalidOperationException: The connection is not open.
   在 MySql.Data.MySqlClient.MySqlConnection.Throw(Exception ex)
   在 MySql.Data.MySqlClient.MySqlConnection.ChangeDatabase(String databaseName)
   在 CDatabase.ConnectionPool.CreateConnection(MySqlConnection tmp) 位置 F:\workTable\UnityProject\LockStepDemo\LockStepDemo\Server\LockStepDemo\Service\DataBase\ConnectionPool.cs:行号 112
   在 CDatabase.ConnectionPool.getConnection() 位置 F:\workTable\UnityProject\LockStepDemo\LockStepDemo\Server\LockStepDemo\Service\DataBase\ConnectionPool.cs:行号 79
2017-09-22 19:13:04,152 [46564] ERROR SyncService-46104728 - System.InvalidOperationException: The connection is not open.
   在 MySql.Data.MySqlClient.MySqlConnection.Throw(Exception ex)
   在 MySql.Data.MySqlClient.MySqlConnection.ChangeDatabase(String databaseName)
   在 CDatabase.ConnectionPool.CreateConnection(MySqlConnection tmp) 位置 F:\workTable\UnityProject\LockStepDemo\LockStepDemo\Server\LockStepDemo\Service\DataBase\ConnectionPool.cs:行号 112
   在 CDatabase.ConnectionPool.getConnection() 位置 F:\workTable\UnityProject\LockStepDemo\LockStepDemo\Server\LockStepDemo\Service\DataBase\ConnectionPool.cs:行号 79
2017-09-22 19:13:04,196 [46564] ERROR SyncService-46104728 - System.InvalidOperationException: The connection is not open.
   在 MySql.Data.MySqlClient.MySqlConnection.Throw(Exception ex)
   在 MySql.Data.MySqlClient.MySqlConnection.ChangeDatabase(String databaseName)
   在 CDatabase.ConnectionPool.CreateConnection(MySqlConnection tmp) 位置 F:\workTable\UnityProject\LockStepDemo\LockStepDemo\Server\LockStepDemo\Service\DataBase\ConnectionPool.cs:行号 112
   在 CDatabase.ConnectionPool.getConnection() 位置 F:\workTable\UnityProject\LockStepDemo\LockStepDemo\Server\LockStepDemo\Service\DataBase\ConnectionPool.cs:行号 79
2017-09-22 19:13:04,239 [46564] ERROR SyncService-46104728 - System.InvalidOperationException: The connection is not open.
   在 MySql.Data.MySqlClient.MySqlConnection.Throw(Exception ex)
   在 MySql.Data.MySqlClient.MySqlConnection.ChangeDatabase(String databaseName)
   在 CDatabase.ConnectionPool.CreateConnection(MySqlConnection tmp) 位置 F:\workTable\UnityProject\LockStepDemo\LockStepDemo\Server\LockStepDemo\Service\DataBase\ConnectionPool.cs:行号 112
   在 CDatabase.ConnectionPool.getConnection() 位置 F:\workTable\UnityProject\LockStepDemo\LockStepDemo\Server\LockStepDemo\Service\DataBase\ConnectionPool.cs:行号 79
2017-09-22 19:13:04,284 [46564] ERROR SyncService-46104728 - System.InvalidOperationException: The connection is not open.
   在 MySql.Data.MySqlClient.MySqlConnection.Throw(Exception ex)
   在 MySql.Data.MySqlClient.MySqlConnection.ChangeDatabase(String databaseName)
   在 CDatabase.ConnectionPool.CreateConnection(MySqlConnection tmp) 位置 F:\workTable\UnityProject\LockStepDemo\LockStepDemo\Server\LockStepDemo\Service\DataBase\ConnectionPool.cs:行号 112
   在 CDatabase.ConnectionPool.getConnection() 位置 F:\workTable\UnityProject\LockStepDemo\LockStepDemo\Server\LockStepDemo\Service\DataBase\ConnectionPool.cs:行号 79
2017-09-22 19:13:04,333 [46564] ERROR SyncService-46104728 - System.InvalidOperationException: The connection is not open.
   在 MySql.Data.MySqlClient.MySqlConnection.Throw(Exception ex)
   在 MySql.Data.MySqlClient.MySqlConnection.ChangeDatabase(String databaseName)
   在 CDatabase.ConnectionPool.CreateConnection(MySqlConnection tmp) 位置 F:\workTable\UnityProject\LockStepDemo\LockStepDemo\Server\LockStepDemo\Service\DataBase\ConnectionPool.cs:行号 112
   在 CDatabase.ConnectionPool.getConnection() 位置 F:\workTable\UnityProject\LockStepDemo\LockStepDemo\Server\LockStepDemo\Service\DataBase\ConnectionPool.cs:行号 79
