2017-09-30 11:49:32,430 Performance - ---------------------------------------------------
CPU Usage: 0.00%, Physical Memory Usage: 46,002,176.00, Total Thread Count: 33
AvailableWorkingThreads: 32766, AvailableCompletionPortThreads: 1000
MaxWorkingThreads: 32767, MaxCompletionPortThreads: 1000
LockStepDemo ----------------------------------
Started Time: 2017/9/30 11:49:32
Is Running: True
Total Connections: 0
Maximum Allowed Connection Number: 100
Total Handled Requests: 0
Request Handling Speed (#/second): 0
Avialable Sending Queue Items: 256
Total Sending Queue Items: 256

2017-09-30 11:50:32,429 Performance - ---------------------------------------------------
CPU Usage: 0.01%, Physical Memory Usage: 47,677,440.00, Total Thread Count: 30
AvailableWorkingThreads: 32766, AvailableCompletionPortThreads: 1000
MaxWorkingThreads: 32767, MaxCompletionPortThreads: 1000
LockStepDemo ----------------------------------
Started Time: 2017/9/30 11:49:32
Is Running: True
Total Connections: 0
Maximum Allowed Connection Number: 100
Total Handled Requests: 0
Request Handling Speed (#/second): 0
Avialable Sending Queue Items: 256
Total Sending Queue Items: 256

2017-09-30 11:51:32,426 Performance - ---------------------------------------------------
CPU Usage: 0.01%, Physical Memory Usage: 48,144,384.00, Total Thread Count: 30
AvailableWorkingThreads: 32766, AvailableCompletionPortThreads: 1000
MaxWorkingThreads: 32767, MaxCompletionPortThreads: 1000
LockStepDemo ----------------------------------
Started Time: 2017/9/30 11:49:32
Is Running: True
Total Connections: 0
Maximum Allowed Connection Number: 100
Total Handled Requests: 0
Request Handling Speed (#/second): 0
Avialable Sending Queue Items: 256
Total Sending Queue Items: 256

2017-09-30 11:52:32,427 Performance - ---------------------------------------------------
CPU Usage: 0.32%, Physical Memory Usage: 54,087,680.00, Total Thread Count: 34
AvailableWorkingThreads: 32766, AvailableCompletionPortThreads: 1000
MaxWorkingThreads: 32767, MaxCompletionPortThreads: 1000
LockStepDemo ----------------------------------
Started Time: 2017/9/30 11:49:32
Is Running: True
Total Connections: 2
Maximum Allowed Connection Number: 100
Total Handled Requests: 352
Request Handling Speed (#/second): 6
Avialable Sending Queue Items: 254
Total Sending Queue Items: 256

2017-09-30 11:53:32,432 Performance - ---------------------------------------------------
CPU Usage: 0.59%, Physical Memory Usage: 55,328,768.00, Total Thread Count: 41
AvailableWorkingThreads: 32766, AvailableCompletionPortThreads: 1000
MaxWorkingThreads: 32767, MaxCompletionPortThreads: 1000
LockStepDemo ----------------------------------
Started Time: 2017/9/30 11:49:32
Is Running: True
Total Connections: 2
Maximum Allowed Connection Number: 100
Total Handled Requests: 1,138
Request Handling Speed (#/second): 13
Avialable Sending Queue Items: 254
Total Sending Queue Items: 256

2017-09-30 11:54:32,431 Performance - ---------------------------------------------------
CPU Usage: 0.46%, Physical Memory Usage: 54,087,680.00, Total Thread Count: 30
AvailableWorkingThreads: 32766, AvailableCompletionPortThreads: 1000
MaxWorkingThreads: 32767, MaxCompletionPortThreads: 1000
LockStepDemo ----------------------------------
Started Time: 2017/9/30 11:49:32
Is Running: True
Total Connections: 2
Maximum Allowed Connection Number: 100
Total Handled Requests: 1,858
Request Handling Speed (#/second): 12
Avialable Sending Queue Items: 254
Total Sending Queue Items: 256

2017-09-30 11:55:32,429 Performance - ---------------------------------------------------
CPU Usage: 0.50%, Physical Memory Usage: 53,641,216.00, Total Thread Count: 31
AvailableWorkingThreads: 32766, AvailableCompletionPortThreads: 1000
MaxWorkingThreads: 32767, MaxCompletionPortThreads: 1000
LockStepDemo ----------------------------------
Started Time: 2017/9/30 11:49:32
Is Running: True
Total Connections: 2
Maximum Allowed Connection Number: 100
Total Handled Requests: 2,578
Request Handling Speed (#/second): 12
Avialable Sending Queue Items: 254
Total Sending Queue Items: 256

2017-09-30 11:56:32,429 Performance - ---------------------------------------------------
CPU Usage: 0.42%, Physical Memory Usage: 54,181,888.00, Total Thread Count: 31
AvailableWorkingThreads: 32766, AvailableCompletionPortThreads: 1000
MaxWorkingThreads: 32767, MaxCompletionPortThreads: 1000
LockStepDemo ----------------------------------
Started Time: 2017/9/30 11:49:32
Is Running: True
Total Connections: 2
Maximum Allowed Connection Number: 100
Total Handled Requests: 3,299
Request Handling Speed (#/second): 12
Avialable Sending Queue Items: 254
Total Sending Queue Items: 256

2017-09-30 11:57:32,430 Performance - ---------------------------------------------------
CPU Usage: 0.53%, Physical Memory Usage: 54,329,344.00, Total Thread Count: 31
AvailableWorkingThreads: 32766, AvailableCompletionPortThreads: 1000
MaxWorkingThreads: 32767, MaxCompletionPortThreads: 1000
LockStepDemo ----------------------------------
Started Time: 2017/9/30 11:49:32
Is Running: True
Total Connections: 2
Maximum Allowed Connection Number: 100
Total Handled Requests: 4,019
Request Handling Speed (#/second): 12
Avialable Sending Queue Items: 254
Total Sending Queue Items: 256

2017-09-30 11:58:32,433 Performance - ---------------------------------------------------
CPU Usage: 0.44%, Physical Memory Usage: 45,056,000.00, Total Thread Count: 32
AvailableWorkingThreads: 32766, AvailableCompletionPortThreads: 1000
MaxWorkingThreads: 32767, MaxCompletionPortThreads: 1000
LockStepDemo ----------------------------------
Started Time: 2017/9/30 11:49:32
Is Running: True
Total Connections: 2
Maximum Allowed Connection Number: 100
Total Handled Requests: 4,739
Request Handling Speed (#/second): 12
Avialable Sending Queue Items: 254
Total Sending Queue Items: 256

2017-09-30 11:59:32,452 Performance - ---------------------------------------------------
CPU Usage: 0.44%, Physical Memory Usage: 44,707,840.00, Total Thread Count: 33
AvailableWorkingThreads: 32766, AvailableCompletionPortThreads: 1000
MaxWorkingThreads: 32767, MaxCompletionPortThreads: 1000
LockStepDemo ----------------------------------
Started Time: 2017/9/30 11:49:32
Is Running: True
Total Connections: 2
Maximum Allowed Connection Number: 100
Total Handled Requests: 5,459
Request Handling Speed (#/second): 12
Avialable Sending Queue Items: 254
Total Sending Queue Items: 256

2017-09-30 12:00:32,454 Performance - ---------------------------------------------------
CPU Usage: 0.44%, Physical Memory Usage: 48,033,792.00, Total Thread Count: 31
AvailableWorkingThreads: 32766, AvailableCompletionPortThreads: 1000
MaxWorkingThreads: 32767, MaxCompletionPortThreads: 1000
LockStepDemo ----------------------------------
Started Time: 2017/9/30 11:49:32
Is Running: True
Total Connections: 2
Maximum Allowed Connection Number: 100
Total Handled Requests: 6,179
Request Handling Speed (#/second): 12
Avialable Sending Queue Items: 254
Total Sending Queue Items: 256

2017-09-30 12:01:32,462 Performance - ---------------------------------------------------
CPU Usage: 0.42%, Physical Memory Usage: 47,964,160.00, Total Thread Count: 31
AvailableWorkingThreads: 32766, AvailableCompletionPortThreads: 1000
MaxWorkingThreads: 32767, MaxCompletionPortThreads: 1000
LockStepDemo ----------------------------------
Started Time: 2017/9/30 11:49:32
Is Running: True
Total Connections: 2
Maximum Allowed Connection Number: 100
Total Handled Requests: 6,899
Request Handling Speed (#/second): 12
Avialable Sending Queue Items: 254
Total Sending Queue Items: 256

2017-09-30 12:02:32,462 Performance - ---------------------------------------------------
CPU Usage: 0.35%, Physical Memory Usage: 47,296,512.00, Total Thread Count: 31
AvailableWorkingThreads: 32766, AvailableCompletionPortThreads: 1000
MaxWorkingThreads: 32767, MaxCompletionPortThreads: 1000
LockStepDemo ----------------------------------
Started Time: 2017/9/30 11:49:32
Is Running: True
Total Connections: 2
Maximum Allowed Connection Number: 100
Total Handled Requests: 7,620
Request Handling Speed (#/second): 12
Avialable Sending Queue Items: 254
Total Sending Queue Items: 256

2017-09-30 12:03:32,462 Performance - ---------------------------------------------------
CPU Usage: 0.44%, Physical Memory Usage: 45,965,312.00, Total Thread Count: 31
AvailableWorkingThreads: 32766, AvailableCompletionPortThreads: 1000
MaxWorkingThreads: 32767, MaxCompletionPortThreads: 1000
LockStepDemo ----------------------------------
Started Time: 2017/9/30 11:49:32
Is Running: True
Total Connections: 2
Maximum Allowed Connection Number: 100
Total Handled Requests: 8,334
Request Handling Speed (#/second): 12
Avialable Sending Queue Items: 254
Total Sending Queue Items: 256

2017-09-30 12:04:32,465 Performance - ---------------------------------------------------
CPU Usage: 0.56%, Physical Memory Usage: 46,403,584.00, Total Thread Count: 33
AvailableWorkingThreads: 32766, AvailableCompletionPortThreads: 1000
MaxWorkingThreads: 32767, MaxCompletionPortThreads: 1000
LockStepDemo ----------------------------------
Started Time: 2017/9/30 11:49:32
Is Running: True
Total Connections: 2
Maximum Allowed Connection Number: 100
Total Handled Requests: 9,006
Request Handling Speed (#/second): 11
Avialable Sending Queue Items: 254
Total Sending Queue Items: 256

2017-09-30 12:05:32,465 Performance - ---------------------------------------------------
CPU Usage: 1.30%, Physical Memory Usage: 54,046,720.00, Total Thread Count: 33
AvailableWorkingThreads: 32766, AvailableCompletionPortThreads: 1000
MaxWorkingThreads: 32767, MaxCompletionPortThreads: 1000
LockStepDemo ----------------------------------
Started Time: 2017/9/30 11:49:32
Is Running: True
Total Connections: 2
Maximum Allowed Connection Number: 100
Total Handled Requests: 9,366
Request Handling Speed (#/second): 6
Avialable Sending Queue Items: 254
Total Sending Queue Items: 256

2017-09-30 12:06:32,464 Performance - ---------------------------------------------------
CPU Usage: 1.93%, Physical Memory Usage: 75,591,680.00, Total Thread Count: 35
AvailableWorkingThreads: 32766, AvailableCompletionPortThreads: 1000
MaxWorkingThreads: 32767, MaxCompletionPortThreads: 1000
LockStepDemo ----------------------------------
Started Time: 2017/9/30 11:49:32
Is Running: True
Total Connections: 2
Maximum Allowed Connection Number: 100
Total Handled Requests: 9,727
Request Handling Speed (#/second): 6
Avialable Sending Queue Items: 254
Total Sending Queue Items: 256

2017-09-30 12:07:32,469 Performance - ---------------------------------------------------
CPU Usage: 2.71%, Physical Memory Usage: 106,491,904.00, Total Thread Count: 34
AvailableWorkingThreads: 32766, AvailableCompletionPortThreads: 1000
MaxWorkingThreads: 32767, MaxCompletionPortThreads: 1000
LockStepDemo ----------------------------------
Started Time: 2017/9/30 11:49:32
Is Running: True
Total Connections: 2
Maximum Allowed Connection Number: 100
Total Handled Requests: 10,088
Request Handling Speed (#/second): 6
Avialable Sending Queue Items: 254
Total Sending Queue Items: 256

2017-09-30 12:08:32,464 Performance - ---------------------------------------------------
CPU Usage: 3.83%, Physical Memory Usage: 147,243,008.00, Total Thread Count: 32
AvailableWorkingThreads: 32766, AvailableCompletionPortThreads: 999
MaxWorkingThreads: 32767, MaxCompletionPortThreads: 1000
LockStepDemo ----------------------------------
Started Time: 2017/9/30 11:49:32
Is Running: True
Total Connections: 2
Maximum Allowed Connection Number: 100
Total Handled Requests: 10,449
Request Handling Speed (#/second): 6
Avialable Sending Queue Items: 254
Total Sending Queue Items: 256

2017-09-30 12:09:32,463 Performance - ---------------------------------------------------
CPU Usage: 4.50%, Physical Memory Usage: 181,530,624.00, Total Thread Count: 28
AvailableWorkingThreads: 32766, AvailableCompletionPortThreads: 1000
MaxWorkingThreads: 32767, MaxCompletionPortThreads: 1000
LockStepDemo ----------------------------------
Started Time: 2017/9/30 11:49:32
Is Running: True
Total Connections: 2
Maximum Allowed Connection Number: 100
Total Handled Requests: 10,809
Request Handling Speed (#/second): 6
Avialable Sending Queue Items: 254
Total Sending Queue Items: 256

2017-09-30 12:10:32,463 Performance - ---------------------------------------------------
CPU Usage: 5.53%, Physical Memory Usage: 259,141,632.00, Total Thread Count: 28
AvailableWorkingThreads: 32766, AvailableCompletionPortThreads: 1000
MaxWorkingThreads: 32767, MaxCompletionPortThreads: 1000
LockStepDemo ----------------------------------
Started Time: 2017/9/30 11:49:32
Is Running: True
Total Connections: 2
Maximum Allowed Connection Number: 100
Total Handled Requests: 11,171
Request Handling Speed (#/second): 6
Avialable Sending Queue Items: 254
Total Sending Queue Items: 256

2017-09-30 12:11:32,463 Performance - ---------------------------------------------------
CPU Usage: 6.43%, Physical Memory Usage: 286,056,448.00, Total Thread Count: 29
AvailableWorkingThreads: 32765, AvailableCompletionPortThreads: 1000
MaxWorkingThreads: 32767, MaxCompletionPortThreads: 1000
LockStepDemo ----------------------------------
Started Time: 2017/9/30 11:49:32
Is Running: True
Total Connections: 2
Maximum Allowed Connection Number: 100
Total Handled Requests: 11,529
Request Handling Speed (#/second): 6
Avialable Sending Queue Items: 253
Total Sending Queue Items: 256

2017-09-30 12:12:32,471 Performance - ---------------------------------------------------
CPU Usage: 7.84%, Physical Memory Usage: 374,562,816.00, Total Thread Count: 27
AvailableWorkingThreads: 32766, AvailableCompletionPortThreads: 1000
MaxWorkingThreads: 32767, MaxCompletionPortThreads: 1000
LockStepDemo ----------------------------------
Started Time: 2017/9/30 11:49:32
Is Running: True
Total Connections: 2
Maximum Allowed Connection Number: 100
Total Handled Requests: 11,896
Request Handling Speed (#/second): 6
Avialable Sending Queue Items: 254
Total Sending Queue Items: 256

2017-09-30 12:13:32,470 Performance - ---------------------------------------------------
CPU Usage: 7.54%, Physical Memory Usage: 496,709,632.00, Total Thread Count: 26
AvailableWorkingThreads: 32766, AvailableCompletionPortThreads: 1000
MaxWorkingThreads: 32767, MaxCompletionPortThreads: 1000
LockStepDemo ----------------------------------
Started Time: 2017/9/30 11:49:32
Is Running: True
Total Connections: 2
Maximum Allowed Connection Number: 100
Total Handled Requests: 11,896
Request Handling Speed (#/second): 0
Avialable Sending Queue Items: 254
Total Sending Queue Items: 256

2017-09-30 12:14:32,471 Performance - ---------------------------------------------------
CPU Usage: 9.31%, Physical Memory Usage: 583,708,672.00, Total Thread Count: 27
AvailableWorkingThreads: 32766, AvailableCompletionPortThreads: 1000
MaxWorkingThreads: 32767, MaxCompletionPortThreads: 1000
LockStepDemo ----------------------------------
Started Time: 2017/9/30 11:49:32
Is Running: True
Total Connections: 2
Maximum Allowed Connection Number: 100
Total Handled Requests: 11,896
Request Handling Speed (#/second): 0
Avialable Sending Queue Items: 254
Total Sending Queue Items: 256

2017-09-30 12:15:32,490 Performance - ---------------------------------------------------
CPU Usage: 9.37%, Physical Memory Usage: 685,391,872.00, Total Thread Count: 27
AvailableWorkingThreads: 32766, AvailableCompletionPortThreads: 1000
MaxWorkingThreads: 32767, MaxCompletionPortThreads: 1000
LockStepDemo ----------------------------------
Started Time: 2017/9/30 11:49:32
Is Running: True
Total Connections: 2
Maximum Allowed Connection Number: 100
Total Handled Requests: 11,896
Request Handling Speed (#/second): 0
Avialable Sending Queue Items: 254
Total Sending Queue Items: 256

2017-09-30 12:16:32,489 Performance - ---------------------------------------------------
CPU Usage: 9.00%, Physical Memory Usage: 893,235,200.00, Total Thread Count: 27
AvailableWorkingThreads: 32766, AvailableCompletionPortThreads: 1000
MaxWorkingThreads: 32767, MaxCompletionPortThreads: 1000
LockStepDemo ----------------------------------
Started Time: 2017/9/30 11:49:32
Is Running: True
Total Connections: 2
Maximum Allowed Connection Number: 100
Total Handled Requests: 11,896
Request Handling Speed (#/second): 0
Avialable Sending Queue Items: 254
Total Sending Queue Items: 256

2017-09-30 12:17:32,501 Performance - ---------------------------------------------------
CPU Usage: 10.06%, Physical Memory Usage: 1,043,554,304.00, Total Thread Count: 27
AvailableWorkingThreads: 32766, AvailableCompletionPortThreads: 1000
MaxWorkingThreads: 32767, MaxCompletionPortThreads: 1000
LockStepDemo ----------------------------------
Started Time: 2017/9/30 11:49:32
Is Running: True
Total Connections: 2
Maximum Allowed Connection Number: 100
Total Handled Requests: 11,896
Request Handling Speed (#/second): 0
Avialable Sending Queue Items: 254
Total Sending Queue Items: 256

2017-09-30 12:18:34,322 Performance - ---------------------------------------------------
CPU Usage: 13.18%, Physical Memory Usage: 1,085,939,712.00, Total Thread Count: 26
AvailableWorkingThreads: 32766, AvailableCompletionPortThreads: 1000
MaxWorkingThreads: 32767, MaxCompletionPortThreads: 1000
LockStepDemo ----------------------------------
Started Time: 2017/9/30 11:49:32
Is Running: True
Total Connections: 2
Maximum Allowed Connection Number: 100
Total Handled Requests: 11,896
Request Handling Speed (#/second): 0
Avialable Sending Queue Items: 253
Total Sending Queue Items: 256

2017-09-30 12:19:33,361 Performance - ---------------------------------------------------
CPU Usage: 18.15%, Physical Memory Usage: 1,170,788,352.00, Total Thread Count: 27
AvailableWorkingThreads: 32766, AvailableCompletionPortThreads: 1000
MaxWorkingThreads: 32767, MaxCompletionPortThreads: 1000
LockStepDemo ----------------------------------
Started Time: 2017/9/30 11:49:32
Is Running: True
Total Connections: 2
Maximum Allowed Connection Number: 100
Total Handled Requests: 11,896
Request Handling Speed (#/second): 0
Avialable Sending Queue Items: 254
Total Sending Queue Items: 256

2017-09-30 12:20:33,347 Performance - ---------------------------------------------------
CPU Usage: 10.89%, Physical Memory Usage: 1,406,517,248.00, Total Thread Count: 27
AvailableWorkingThreads: 32766, AvailableCompletionPortThreads: 1000
MaxWorkingThreads: 32767, MaxCompletionPortThreads: 1000
LockStepDemo ----------------------------------
Started Time: 2017/9/30 11:49:32
Is Running: True
Total Connections: 2
Maximum Allowed Connection Number: 100
Total Handled Requests: 11,896
Request Handling Speed (#/second): 0
Avialable Sending Queue Items: 254
Total Sending Queue Items: 256

2017-09-30 12:21:33,329 Performance - ---------------------------------------------------
CPU Usage: 11.27%, Physical Memory Usage: 1,561,681,920.00, Total Thread Count: 26
AvailableWorkingThreads: 32766, AvailableCompletionPortThreads: 1000
MaxWorkingThreads: 32767, MaxCompletionPortThreads: 1000
LockStepDemo ----------------------------------
Started Time: 2017/9/30 11:49:32
Is Running: True
Total Connections: 2
Maximum Allowed Connection Number: 100
Total Handled Requests: 11,896
Request Handling Speed (#/second): 0
Avialable Sending Queue Items: 253
Total Sending Queue Items: 256

2017-09-30 12:22:33,331 Performance - ---------------------------------------------------
CPU Usage: 11.98%, Physical Memory Usage: 1,934,999,552.00, Total Thread Count: 27
AvailableWorkingThreads: 32766, AvailableCompletionPortThreads: 999
MaxWorkingThreads: 32767, MaxCompletionPortThreads: 1000
LockStepDemo ----------------------------------
Started Time: 2017/9/30 11:49:32
Is Running: True
Total Connections: 2
Maximum Allowed Connection Number: 100
Total Handled Requests: 11,896
Request Handling Speed (#/second): 0
Avialable Sending Queue Items: 254
Total Sending Queue Items: 256

2017-09-30 12:23:33,334 Performance - ---------------------------------------------------
CPU Usage: 14.50%, Physical Memory Usage: 1,972,744,192.00, Total Thread Count: 27
AvailableWorkingThreads: 32766, AvailableCompletionPortThreads: 1000
MaxWorkingThreads: 32767, MaxCompletionPortThreads: 1000
LockStepDemo ----------------------------------
Started Time: 2017/9/30 11:49:32
Is Running: True
Total Connections: 2
Maximum Allowed Connection Number: 100
Total Handled Requests: 11,896
Request Handling Speed (#/second): 0
Avialable Sending Queue Items: 254
Total Sending Queue Items: 256

